Started by user [8mha:////4Fk1k7e+48rHXUzmlNpYSU0RU1syiePVtwyB//KweiJrAAAAmR+LCAAAAAAAAP9b85aBtbiIQTGjNKU4P08vOT+vOD8nVc83PyU1x6OyILUoJzMv2y+/JJUBAhiZGBgqihhk0NSjKDWzXb3RdlLBUSYGJk8GtpzUvPSSDB8G5tKinBIGIZ+sxLJE/ZzEvHT94JKizLx0a6BxUmjGOUNodHsLgAz2EgZe/dLi1CL9rNS87My8YgDGtiJjwgAAAA==[0mjenkins
[EnvInject] - Loading node environment variables.
Building on master in workspace /var/lib/jenkins/workspace/GameOfLife-mvnPackage
[WS-CLEANUP] Deleting project workspace...
[WS-CLEANUP] Deferred wipeout is used...
Cloning the remote Git repository
Cloning repository https://github.com/KS-Organization/game-of-life.git
 > git init /var/lib/jenkins/workspace/GameOfLife-mvnPackage # timeout=10
Fetching upstream changes from https://github.com/KS-Organization/game-of-life.git
 > git --version # timeout=10
 > git fetch --tags --progress https://github.com/KS-Organization/game-of-life.git +refs/heads/*:refs/remotes/origin/*
 > git config remote.origin.url https://github.com/KS-Organization/game-of-life.git # timeout=10
 > git config --add remote.origin.fetch +refs/heads/*:refs/remotes/origin/* # timeout=10
 > git config remote.origin.url https://github.com/KS-Organization/game-of-life.git # timeout=10
Fetching upstream changes from https://github.com/KS-Organization/game-of-life.git
 > git fetch --tags --progress https://github.com/KS-Organization/game-of-life.git +refs/heads/*:refs/remotes/origin/*
 > git rev-parse refs/remotes/origin/master^{commit} # timeout=10
 > git rev-parse refs/remotes/origin/origin/master^{commit} # timeout=10
Checking out Revision c24bb1ae41bfd5980ce9f0aa8b9a636b920c71fd (refs/remotes/origin/master)
 > git config core.sparsecheckout # timeout=10
 > git checkout -f c24bb1ae41bfd5980ce9f0aa8b9a636b920c71fd
Commit message: "Merge pull request #198 from GeraldScott/master"
First time build. Skipping changelog.
[GameOfLife-mvnPackage] $ /bin/sh -xe /tmp/jenkins861175253722863283.sh
+ mvn package
[INFO] Scanning for projects...
[WARNING] 
[WARNING] Some problems were encountered while building the effective model for com.wakaleo.gameoflife:gameoflife-build:jar:1.0-SNAPSHOT
[WARNING] Reporting configuration should be done in <reporting> section, not in maven-site-plugin <configuration> as reportPlugins parameter.
[WARNING] 
[WARNING] Some problems were encountered while building the effective model for com.wakaleo.gameoflife:gameoflife-core:jar:1.0-SNAPSHOT
[WARNING] Reporting configuration should be done in <reporting> section, not in maven-site-plugin <configuration> as reportPlugins parameter.
[WARNING] 
[WARNING] Some problems were encountered while building the effective model for com.wakaleo.gameoflife:gameoflife-web:war:1.0-SNAPSHOT
[WARNING] Reporting configuration should be done in <reporting> section, not in maven-site-plugin <configuration> as reportPlugins parameter.
[WARNING] 
[WARNING] Some problems were encountered while building the effective model for com.wakaleo.gameoflife:gameoflife:pom:1.0-SNAPSHOT
[WARNING] Reporting configuration should be done in <reporting> section, not in maven-site-plugin <configuration> as reportPlugins parameter. @ line 302, column 40
[WARNING] 
[WARNING] It is highly recommended to fix these problems because they threaten the stability of your build.
[WARNING] 
[WARNING] For this reason, future Maven versions might no longer support building such malformed projects.
[WARNING] 
[INFO] ------------------------------------------------------------------------
[INFO] Reactor Build Order:
[INFO] 
[INFO] gameoflife
[INFO] gameoflife-build
[INFO] gameoflife-core
[INFO] gameoflife-web
[INFO] 
[INFO] ------------------------------------------------------------------------
[INFO] Building gameoflife 1.0-SNAPSHOT
[INFO] ------------------------------------------------------------------------
[INFO] 
[INFO] --- maven-enforcer-plugin:1.0:enforce (enforce-versions) @ gameoflife ---
[INFO] 
[INFO] --- jacoco-maven-plugin:0.7.2.201409121644:prepare-agent (jacoco-initialize) @ gameoflife ---
[INFO] argLine set to -javaagent:/var/lib/jenkins/.m2/repository/org/jacoco/org.jacoco.agent/0.7.2.201409121644/org.jacoco.agent-0.7.2.201409121644-runtime.jar=destfile=/var/lib/jenkins/workspace/GameOfLife-mvnPackage/target/jacoco.exec
[INFO] 
[INFO] --- maven-surefire-plugin:2.11:test (unit-tests) @ gameoflife ---
[INFO] No tests to run.
[INFO] Surefire report directory: /var/lib/jenkins/workspace/GameOfLife-mvnPackage/target/surefire-reports

-------------------------------------------------------
 T E S T S
-------------------------------------------------------

Results :

Tests run: 0, Failures: 0, Errors: 0, Skipped: 0

[INFO] 
[INFO] --- maven-easyb-plugin:1.4:test (default) @ gameoflife ---
[INFO] /var/lib/jenkins/workspace/GameOfLife-mvnPackage/src/test/stories does not exists.  Skipping easyb testing
[INFO] 
[INFO] ------------------------------------------------------------------------
[INFO] Building gameoflife-build 1.0-SNAPSHOT
[INFO] ------------------------------------------------------------------------
[INFO] 
[INFO] --- maven-enforcer-plugin:1.0:enforce (enforce-versions) @ gameoflife-build ---
[INFO] 
[INFO] --- maven-resources-plugin:2.6:resources (default-resources) @ gameoflife-build ---
[INFO] Using 'UTF-8' encoding to copy filtered resources.
[INFO] Copying 2 resources
[INFO] 
[INFO] --- jacoco-maven-plugin:0.7.2.201409121644:prepare-agent (jacoco-initialize) @ gameoflife-build ---
[INFO] argLine set to -javaagent:/var/lib/jenkins/.m2/repository/org/jacoco/org.jacoco.agent/0.7.2.201409121644/org.jacoco.agent-0.7.2.201409121644-runtime.jar=destfile=/var/lib/jenkins/workspace/GameOfLife-mvnPackage/gameoflife-build/target/jacoco.exec
[INFO] 
[INFO] --- maven-compiler-plugin:3.1:compile (default-compile) @ gameoflife-build ---
[INFO] No sources to compile
[INFO] 
[INFO] --- maven-resources-plugin:2.6:testResources (default-testResources) @ gameoflife-build ---
[INFO] Using 'UTF-8' encoding to copy filtered resources.
[INFO] skip non existing resourceDirectory /var/lib/jenkins/workspace/GameOfLife-mvnPackage/gameoflife-build/src/test/resources
[INFO] 
[INFO] --- maven-compiler-plugin:3.1:testCompile (default-testCompile) @ gameoflife-build ---
[INFO] No sources to compile
[INFO] 
[INFO] --- maven-surefire-plugin:2.11:test (default-test) @ gameoflife-build ---
[INFO] Tests are skipped.
[INFO] 
[INFO] --- maven-surefire-plugin:2.11:test (unit-tests) @ gameoflife-build ---
[INFO] No tests to run.
[INFO] Surefire report directory: /var/lib/jenkins/workspace/GameOfLife-mvnPackage/gameoflife-build/target/surefire-reports

-------------------------------------------------------
 T E S T S
-------------------------------------------------------

Results :

Tests run: 0, Failures: 0, Errors: 0, Skipped: 0

[INFO] 
[INFO] --- maven-easyb-plugin:1.4:test (default) @ gameoflife-build ---
[INFO] /var/lib/jenkins/workspace/GameOfLife-mvnPackage/gameoflife-build/src/test/stories does not exists.  Skipping easyb testing
[INFO] 
[INFO] --- maven-jar-plugin:2.4:jar (default-jar) @ gameoflife-build ---
[INFO] Building jar: /var/lib/jenkins/workspace/GameOfLife-mvnPackage/gameoflife-build/target/gameoflife-build-1.0-SNAPSHOT.jar
[INFO] 
[INFO] ------------------------------------------------------------------------
[INFO] Building gameoflife-core 1.0-SNAPSHOT
[INFO] ------------------------------------------------------------------------
[INFO] 
[INFO] --- maven-enforcer-plugin:1.0:enforce (enforce-versions) @ gameoflife-core ---
[INFO] 
[INFO] --- maven-resources-plugin:2.6:resources (default-resources) @ gameoflife-core ---
[INFO] Using 'UTF-8' encoding to copy filtered resources.
[INFO] skip non existing resourceDirectory /var/lib/jenkins/workspace/GameOfLife-mvnPackage/gameoflife-core/src/main/resources
[INFO] 
[INFO] --- jacoco-maven-plugin:0.7.2.201409121644:prepare-agent (jacoco-initialize) @ gameoflife-core ---
[INFO] argLine set to -javaagent:/var/lib/jenkins/.m2/repository/org/jacoco/org.jacoco.agent/0.7.2.201409121644/org.jacoco.agent-0.7.2.201409121644-runtime.jar=destfile=/var/lib/jenkins/workspace/GameOfLife-mvnPackage/gameoflife-core/target/jacoco.exec
[INFO] 
[INFO] --- maven-compiler-plugin:3.1:compile (default-compile) @ gameoflife-core ---
[INFO] Changes detected - recompiling the module!
[INFO] Compiling 5 source files to /var/lib/jenkins/workspace/GameOfLife-mvnPackage/gameoflife-core/target/classes
[INFO] 
[INFO] --- maven-resources-plugin:2.6:testResources (default-testResources) @ gameoflife-core ---
[INFO] Using 'UTF-8' encoding to copy filtered resources.
[INFO] skip non existing resourceDirectory /var/lib/jenkins/workspace/GameOfLife-mvnPackage/gameoflife-core/src/test/resources
[INFO] 
[INFO] --- maven-compiler-plugin:3.1:testCompile (default-testCompile) @ gameoflife-core ---
[INFO] Changes detected - recompiling the module!
[INFO] Compiling 10 source files to /var/lib/jenkins/workspace/GameOfLife-mvnPackage/gameoflife-core/target/test-classes
[INFO] 
[INFO] --- maven-surefire-plugin:2.11:test (default-test) @ gameoflife-core ---
[INFO] Tests are skipped.
[INFO] 
[INFO] --- maven-surefire-plugin:2.11:test (unit-tests) @ gameoflife-core ---
[INFO] Surefire report directory: /var/lib/jenkins/workspace/GameOfLife-mvnPackage/gameoflife-core/target/surefire-reports

-------------------------------------------------------
 T E S T S
-------------------------------------------------------
Running com.wakaleo.gameoflife.domain.WhenYouPlayTheGameOfLife
Tests run: 5, Failures: 0, Errors: 0, Skipped: 0, Time elapsed: 0.238 sec
Running com.wakaleo.gameoflife.domain.WhenYouCreateACell
Tests run: 6, Failures: 0, Errors: 0, Skipped: 0, Time elapsed: 0.006 sec
Running com.wakaleo.gameoflife.domain.WhenYouCreateANewUniverse
Tests run: 11, Failures: 0, Errors: 0, Skipped: 0, Time elapsed: 0.023 sec
Running com.wakaleo.gameoflife.domain.WhenYouCreateAGrid
Tests run: 16, Failures: 0, Errors: 0, Skipped: 0, Time elapsed: 0.035 sec
Running com.wakaleo.gameoflife.domain.WhenYouPrintAGrid
Tests run: 3, Failures: 0, Errors: 0, Skipped: 0, Time elapsed: 0.008 sec
Running com.wakaleo.gameoflife.domain.WhenYouReadAGridFromAString
Tests run: 8, Failures: 0, Errors: 0, Skipped: 0, Time elapsed: 0.014 sec

Results :

Tests run: 49, Failures: 0, Errors: 0, Skipped: 0

[INFO] 
[INFO] --- maven-easyb-plugin:1.4:test (default) @ gameoflife-core ---
[INFO] Using easyb dependency org.easyb:easyb-core:jar:1.6:compile
[INFO] Using easyb dependency org.easyb:easyb-composite-groovy:pom:1.2:compile
[INFO] Using easyb dependency org.codehaus.groovy:groovy-all:jar:2.3.6:compile
[INFO] Using easyb dependency org.easyb:easyb-ast:jar:1.1:compile
[INFO] Using easyb dependency commons-cli:commons-cli:jar:1.2:compile
[INFO] Using easyb dependency commons-lang:commons-lang:jar:2.5:compile
     [java] Running counting things story (/var/lib/jenkins/workspace/GameOfLife-mvnPackage/gameoflife-core/src/test/stories/CountingThings.story)
     [java] Scenarios run: 1, Failures: 0, Pending: 0, Time elapsed: 0.844 sec
     [java] Running multiplying things story (/var/lib/jenkins/workspace/GameOfLife-mvnPackage/gameoflife-core/src/test/stories/MultiplyingThings.story)
     [java] Scenarios run: 1, Failures: 0, Pending: 1, Time elapsed: 0.062 sec
     [java] 2 total behaviors ran with no failures
     [java] Writing JUnit report to /var/lib/jenkins/workspace/GameOfLife-mvnPackage/gameoflife-core/target/surefire-reports/TEST-behavior.CountingThings.xml
     [java] JUnit report written to /var/lib/jenkins/workspace/GameOfLife-mvnPackage/gameoflife-core/target/surefire-reports/TEST-behavior.CountingThings.xml
     [java] Writing JUnit report to /var/lib/jenkins/workspace/GameOfLife-mvnPackage/gameoflife-core/target/surefire-reports/TEST-behavior.MultiplyingThings.xml
     [java] JUnit report written to /var/lib/jenkins/workspace/GameOfLife-mvnPackage/gameoflife-core/target/surefire-reports/TEST-behavior.MultiplyingThings.xml
[INFO] 
[INFO] --- maven-jar-plugin:2.4:jar (default-jar) @ gameoflife-core ---
[INFO] Building jar: /var/lib/jenkins/workspace/GameOfLife-mvnPackage/gameoflife-core/target/gameoflife-core-1.0-SNAPSHOT.jar
[INFO] 
[INFO] ------------------------------------------------------------------------
[INFO] Building gameoflife-web 1.0-SNAPSHOT
[INFO] ------------------------------------------------------------------------
[INFO] 
[INFO] --- maven-enforcer-plugin:1.0:enforce (enforce-versions) @ gameoflife-web ---
[INFO] 
[INFO] --- maven-resources-plugin:2.6:resources (default-resources) @ gameoflife-web ---
[INFO] Using 'UTF-8' encoding to copy filtered resources.
[INFO] Copying 1 resource
[INFO] 
[INFO] --- jacoco-maven-plugin:0.7.2.201409121644:prepare-agent (jacoco-initialize) @ gameoflife-web ---
[INFO] argLine set to -javaagent:/var/lib/jenkins/.m2/repository/org/jacoco/org.jacoco.agent/0.7.2.201409121644/org.jacoco.agent-0.7.2.201409121644-runtime.jar=destfile=/var/lib/jenkins/workspace/GameOfLife-mvnPackage/gameoflife-web/target/jacoco.exec
[INFO] 
[INFO] --- maven-compiler-plugin:3.1:compile (default-compile) @ gameoflife-web ---
[INFO] Changes detected - recompiling the module!
[INFO] Compiling 2 source files to /var/lib/jenkins/workspace/GameOfLife-mvnPackage/gameoflife-web/target/classes
[INFO] 
[INFO] --- maven-resources-plugin:2.6:testResources (default-testResources) @ gameoflife-web ---
[INFO] Using 'UTF-8' encoding to copy filtered resources.
[INFO] skip non existing resourceDirectory /var/lib/jenkins/workspace/GameOfLife-mvnPackage/gameoflife-web/src/test/resources
[INFO] 
[INFO] --- maven-compiler-plugin:3.1:testCompile (default-testCompile) @ gameoflife-web ---
[INFO] Changes detected - recompiling the module!
[INFO] Compiling 3 source files to /var/lib/jenkins/workspace/GameOfLife-mvnPackage/gameoflife-web/target/test-classes
[INFO] 
[INFO] --- maven-surefire-plugin:2.11:test (default-test) @ gameoflife-web ---
[INFO] Tests are skipped.
[INFO] 
[INFO] --- maven-surefire-plugin:2.11:test (unit-tests) @ gameoflife-web ---
[INFO] Surefire report directory: /var/lib/jenkins/workspace/GameOfLife-mvnPackage/gameoflife-web/target/surefire-reports

-------------------------------------------------------
 T E S T S
-------------------------------------------------------
Running com.wakaleo.gameoflife.webtests.controllers.WhenDisplayingTheHomePage
Tests run: 2, Failures: 0, Errors: 0, Skipped: 0, Time elapsed: 0.215 sec
Running com.wakaleo.gameoflife.webtests.controllers.WhenSpawningANewGeneration
Tests run: 2, Failures: 0, Errors: 0, Skipped: 0, Time elapsed: 0.516 sec
Running com.wakaleo.gameoflife.webtests.controllers.WhenCreatingANewGame
Tests run: 3, Failures: 0, Errors: 0, Skipped: 0, Time elapsed: 0.103 sec

Results :

Tests run: 7, Failures: 0, Errors: 0, Skipped: 0

[INFO] 
[INFO] --- maven-easyb-plugin:1.4:test (default) @ gameoflife-web ---
[INFO] /var/lib/jenkins/workspace/GameOfLife-mvnPackage/gameoflife-web/src/test/stories does not exists.  Skipping easyb testing
[INFO] 
[INFO] --- maven-war-plugin:2.1.1:war (default-war) @ gameoflife-web ---
[INFO] Packaging webapp
[INFO] Assembling webapp [gameoflife-web] in [/var/lib/jenkins/workspace/GameOfLife-mvnPackage/gameoflife-web/target/gameoflife]
[INFO] Processing war project
[INFO] Copying webapp resources [/var/lib/jenkins/workspace/GameOfLife-mvnPackage/gameoflife-web/src/main/webapp]
[INFO] Webapp assembled in [98 msecs]
[INFO] Building war: /var/lib/jenkins/workspace/GameOfLife-mvnPackage/gameoflife-web/target/gameoflife.war
[INFO] WEB-INF/web.xml already added, skipping
[INFO] ------------------------------------------------------------------------
[INFO] Reactor Summary:
[INFO] 
[INFO] gameoflife ......................................... SUCCESS [  3.655 s]
[INFO] gameoflife-build ................................... SUCCESS [  1.614 s]
[INFO] gameoflife-core .................................... SUCCESS [  7.508 s]
[INFO] gameoflife-web ..................................... SUCCESS [  3.464 s]
[INFO] ------------------------------------------------------------------------
[INFO] BUILD SUCCESS
[INFO] ------------------------------------------------------------------------
[INFO] Total time: 17.095 s
[INFO] Finished at: 2019-01-08T13:11:59Z
[INFO] Final Memory: 25M/59M
[INFO] ------------------------------------------------------------------------
Deploying /var/lib/jenkins/workspace/GameOfLife-mvnPackage/gameoflife-web/target/gameoflife.war to container Tomcat 8.x Remote with context /gof
ERROR: Build step failed with exception
org.codehaus.cargo.container.ContainerException: Failed to redeploy [/var/lib/jenkins/workspace/GameOfLife-mvnPackage/gameoflife-web/target/gameoflife.war]
	at org.codehaus.cargo.container.tomcat.internal.AbstractTomcatManagerDeployer.redeploy(AbstractTomcatManagerDeployer.java:192)
	at hudson.plugins.deploy.CargoContainerAdapter.deploy(CargoContainerAdapter.java:77)
	at hudson.plugins.deploy.CargoContainerAdapter$DeployCallable.invoke(CargoContainerAdapter.java:147)
	at hudson.plugins.deploy.CargoContainerAdapter$DeployCallable.invoke(CargoContainerAdapter.java:117)
	at hudson.FilePath.act(FilePath.java:1078)
	at hudson.FilePath.act(FilePath.java:1061)
	at hudson.plugins.deploy.CargoContainerAdapter.redeploy(CargoContainerAdapter.java:114)
	at hudson.plugins.deploy.PasswordProtectedAdapterCargo.redeploy(PasswordProtectedAdapterCargo.java:93)
	at hudson.plugins.deploy.DeployPublisher.perform(DeployPublisher.java:64)
	at hudson.tasks.BuildStepMonitor$3.perform(BuildStepMonitor.java:45)
	at hudson.model.AbstractBuild$AbstractBuildExecution.perform(AbstractBuild.java:744)
	at hudson.model.AbstractBuild$AbstractBuildExecution.performAllBuildSteps(AbstractBuild.java:690)
	at hudson.model.Build$BuildExecution.post2(Build.java:186)
	at hudson.model.AbstractBuild$AbstractBuildExecution.post(AbstractBuild.java:635)
	at hudson.model.Run.execute(Run.java:1835)
	at hudson.model.FreeStyleBuild.run(FreeStyleBuild.java:43)
	at hudson.model.ResourceController.execute(ResourceController.java:97)
	at hudson.model.Executor.run(Executor.java:429)
Caused by: java.net.ConnectException: Connection refused (Connection refused)
	at java.net.PlainSocketImpl.socketConnect(Native Method)
	at java.net.AbstractPlainSocketImpl.doConnect(AbstractPlainSocketImpl.java:350)
	at java.net.AbstractPlainSocketImpl.connectToAddress(AbstractPlainSocketImpl.java:206)
	at java.net.AbstractPlainSocketImpl.connect(AbstractPlainSocketImpl.java:188)
	at java.net.SocksSocketImpl.connect(SocksSocketImpl.java:392)
	at java.net.Socket.connect(Socket.java:589)
	at java.net.Socket.connect(Socket.java:538)
	at sun.net.NetworkClient.doConnect(NetworkClient.java:180)
	at sun.net.www.http.HttpClient.openServer(HttpClient.java:463)
	at sun.net.www.http.HttpClient.openServer(HttpClient.java:558)
	at sun.net.www.http.HttpClient.<init>(HttpClient.java:242)
	at sun.net.www.http.HttpClient.New(HttpClient.java:339)
	at sun.net.www.http.HttpClient.New(HttpClient.java:357)
	at sun.net.www.protocol.http.HttpURLConnection.getNewHttpClient(HttpURLConnection.java:1220)
	at sun.net.www.protocol.http.HttpURLConnection.plainConnect0(HttpURLConnection.java:1156)
	at sun.net.www.protocol.http.HttpURLConnection.plainConnect(HttpURLConnection.java:1050)
	at sun.net.www.protocol.http.HttpURLConnection.connect(HttpURLConnection.java:984)
	at org.codehaus.cargo.container.tomcat.internal.TomcatManager.invoke(TomcatManager.java:561)
	at org.codehaus.cargo.container.tomcat.internal.TomcatManager.list(TomcatManager.java:876)
	at org.codehaus.cargo.container.tomcat.internal.TomcatManager.getStatus(TomcatManager.java:889)
	at org.codehaus.cargo.container.tomcat.internal.AbstractTomcatManagerDeployer.redeploy(AbstractTomcatManagerDeployer.java:173)
	... 17 more
java.net.ConnectException: Connection refused (Connection refused)
	at java.net.PlainSocketImpl.socketConnect(Native Method)
	at java.net.AbstractPlainSocketImpl.doConnect(AbstractPlainSocketImpl.java:350)
	at java.net.AbstractPlainSocketImpl.connectToAddress(AbstractPlainSocketImpl.java:206)
	at java.net.AbstractPlainSocketImpl.connect(AbstractPlainSocketImpl.java:188)
	at java.net.SocksSocketImpl.connect(SocksSocketImpl.java:392)
	at java.net.Socket.connect(Socket.java:589)
	at java.net.Socket.connect(Socket.java:538)
	at sun.net.NetworkClient.doConnect(NetworkClient.java:180)
	at sun.net.www.http.HttpClient.openServer(HttpClient.java:463)
	at sun.net.www.http.HttpClient.openServer(HttpClient.java:558)
	at sun.net.www.http.HttpClient.<init>(HttpClient.java:242)
	at sun.net.www.http.HttpClient.New(HttpClient.java:339)
	at sun.net.www.http.HttpClient.New(HttpClient.java:357)
	at sun.net.www.protocol.http.HttpURLConnection.getNewHttpClient(HttpURLConnection.java:1220)
	at sun.net.www.protocol.http.HttpURLConnection.plainConnect0(HttpURLConnection.java:1156)
	at sun.net.www.protocol.http.HttpURLConnection.plainConnect(HttpURLConnection.java:1050)
	at sun.net.www.protocol.http.HttpURLConnection.connect(HttpURLConnection.java:984)
	at org.codehaus.cargo.container.tomcat.internal.TomcatManager.invoke(TomcatManager.java:561)
	at org.codehaus.cargo.container.tomcat.internal.TomcatManager.list(TomcatManager.java:876)
	at org.codehaus.cargo.container.tomcat.internal.TomcatManager.getStatus(TomcatManager.java:889)
	at org.codehaus.cargo.container.tomcat.internal.AbstractTomcatManagerDeployer.redeploy(AbstractTomcatManagerDeployer.java:173)
	at hudson.plugins.deploy.CargoContainerAdapter.deploy(CargoContainerAdapter.java:77)
	at hudson.plugins.deploy.CargoContainerAdapter$DeployCallable.invoke(CargoContainerAdapter.java:147)
	at hudson.plugins.deploy.CargoContainerAdapter$DeployCallable.invoke(CargoContainerAdapter.java:117)
	at hudson.FilePath.act(FilePath.java:1078)
	at hudson.FilePath.act(FilePath.java:1061)
	at hudson.plugins.deploy.CargoContainerAdapter.redeploy(CargoContainerAdapter.java:114)
	at hudson.plugins.deploy.PasswordProtectedAdapterCargo.redeploy(PasswordProtectedAdapterCargo.java:93)
	at hudson.plugins.deploy.DeployPublisher.perform(DeployPublisher.java:64)
	at hudson.tasks.BuildStepMonitor$3.perform(BuildStepMonitor.java:45)
	at hudson.model.AbstractBuild$AbstractBuildExecution.perform(AbstractBuild.java:744)
	at hudson.model.AbstractBuild$AbstractBuildExecution.performAllBuildSteps(AbstractBuild.java:690)
	at hudson.model.Build$BuildExecution.post2(Build.java:186)
	at hudson.model.AbstractBuild$AbstractBuildExecution.post(AbstractBuild.java:635)
	at hudson.model.Run.execute(Run.java:1835)
	at hudson.model.FreeStyleBuild.run(FreeStyleBuild.java:43)
	at hudson.model.ResourceController.execute(ResourceController.java:97)
	at hudson.model.Executor.run(Executor.java:429)
Build step 'Deploy war/ear to a container' marked build as failure
Sending e-mails to: knowledgeshare99@gmail.com
Finished: FAILURE
