Started by upstream project "[8mha:////4D+qIXF/Nh8bVu1YWXZ9WMJZW3ANj1R7AM+spNGh3aKZAAAApx+LCAAAAAAAAP9b85aBtbiIQTGjNKU4P08vOT+vOD8nVc83PyU1x6OyILUoJzMv2y+/JJUBAhiZGBgqihhk0NSjKDWzXb3RdlLBUSYGJk8GtpzUvPSSDB8G5tKinBIGIZ+sxLJE/ZzEvHT94JKizLx0a6BxUmjGOUNodHsLgAzREgZp/az8JH33xNxU/zSfzLRU3dyyPOf83ILMnFR9ANnHz73QAAAA[0mGameOfLife-mvnCompile" build number [8mha:////4KckY7NVutVTGCDOCpu46ZsGH6vD5GiDaoEI2au4mMtPAAAApx+LCAAAAAAAAP9b85aBtbiIQTGjNKU4P08vOT+vOD8nVc83PyU1x6OyILUoJzMv2y+/JJUBAhiZGBgqihhk0NSjKDWzXb3RdlLBUSYGJk8GtpzUvPSSDB8G5tKinBIGIZ+sxLJE/ZzEvHT94JKizLx0a6BxUmjGOUNodHsLQIwSBhn9rPwkfffE3FT/NJ/MtFTd3LI85/zcgsycVH1TAGfztuXRAAAA[0m5
originally caused by:
 Started by user [8mha:////4Fk1k7e+48rHXUzmlNpYSU0RU1syiePVtwyB//KweiJrAAAAmR+LCAAAAAAAAP9b85aBtbiIQTGjNKU4P08vOT+vOD8nVc83PyU1x6OyILUoJzMv2y+/JJUBAhiZGBgqihhk0NSjKDWzXb3RdlLBUSYGJk8GtpzUvPSSDB8G5tKinBIGIZ+sxLJE/ZzEvHT94JKizLx0a6BxUmjGOUNodHsLgAz2EgZe/dLi1CL9rNS87My8YgDGtiJjwgAAAA==[0mjenkins
[EnvInject] - Loading node environment variables.
Building remotely on [8mha:////4DJf+k8qCy1S4a5ZKYq9zLhtCWqWT9vTkErxEwG2to2cAAAAnR+LCAAAAAAAAP9b85aBtbiIQTGjNKU4P08vOT+vOD8nVc83PyU1x6OyILUoJzMv2y+/JJUBAhiZGBgqihhk0NSjKDWzXb3RdlLBUSYGJk8GtpzUvPSSDB8G5tKinBIGIZ+sxLJE/ZzEvHT94JKizLx0a6BxUmjGOUNodHsLgAwOoBn6yfm5BaUlqUX6uZXFOYllqYYANV7kNscAAAA=[0mmyslave1 (myslavenode) in workspace /home/jenkins/workspace/GameOfLife-mvnTest
[WS-CLEANUP] Deleting project workspace...
[WS-CLEANUP] Deferred wipeout is used...
Cloning the remote Git repository
Cloning repository https://github.com/KS-Organization/game-of-life.git
 > git init /home/jenkins/workspace/GameOfLife-mvnTest # timeout=10
Fetching upstream changes from https://github.com/KS-Organization/game-of-life.git
 > git --version # timeout=10
 > git fetch --tags --progress https://github.com/KS-Organization/game-of-life.git +refs/heads/*:refs/remotes/origin/*
 > git config remote.origin.url https://github.com/KS-Organization/game-of-life.git # timeout=10
 > git config --add remote.origin.fetch +refs/heads/*:refs/remotes/origin/* # timeout=10
 > git config remote.origin.url https://github.com/KS-Organization/game-of-life.git # timeout=10
Fetching upstream changes from https://github.com/KS-Organization/game-of-life.git
 > git fetch --tags --progress https://github.com/KS-Organization/game-of-life.git +refs/heads/*:refs/remotes/origin/*
 > git rev-parse refs/remotes/origin/master^{commit} # timeout=10
 > git rev-parse refs/remotes/origin/origin/master^{commit} # timeout=10
Checking out Revision c24bb1ae41bfd5980ce9f0aa8b9a636b920c71fd (refs/remotes/origin/master)
 > git config core.sparsecheckout # timeout=10
 > git checkout -f c24bb1ae41bfd5980ce9f0aa8b9a636b920c71fd
Commit message: "Merge pull request #198 from GeraldScott/master"
 > git rev-list --no-walk c24bb1ae41bfd5980ce9f0aa8b9a636b920c71fd # timeout=10
[GameOfLife-mvnTest] $ /home/jenkins/tools/hudson.tasks.Maven_MavenInstallation/LocalMaven/bin/mvn test
[INFO] Scanning for projects...
[8mha:////4B9hiNTi7UKoGwe6I08zfcchzFvqwNxs8N4lFpG4HptVAAAAYx+LCAAAAAAAAP9b85aBtbiIQSWjNKU4P0+vJLE4u1gvPjexLDVPzxdEhicW5WXmpfvll6S2fNly5fzGzauYGBgqihikoFqS8/OK83NS9ZwhNEghAwQwghQWAACwxA+XYgAAAA==[0m[WARNING] 
[8mha:////4B9hiNTi7UKoGwe6I08zfcchzFvqwNxs8N4lFpG4HptVAAAAYx+LCAAAAAAAAP9b85aBtbiIQSWjNKU4P0+vJLE4u1gvPjexLDVPzxdEhicW5WXmpfvll6S2fNly5fzGzauYGBgqihikoFqS8/OK83NS9ZwhNEghAwQwghQWAACwxA+XYgAAAA==[0m[WARNING] Some problems were encountered while building the effective model for com.wakaleo.gameoflife:gameoflife-build:jar:1.0-SNAPSHOT
[8mha:////4B9hiNTi7UKoGwe6I08zfcchzFvqwNxs8N4lFpG4HptVAAAAYx+LCAAAAAAAAP9b85aBtbiIQSWjNKU4P0+vJLE4u1gvPjexLDVPzxdEhicW5WXmpfvll6S2fNly5fzGzauYGBgqihikoFqS8/OK83NS9ZwhNEghAwQwghQWAACwxA+XYgAAAA==[0m[WARNING] Reporting configuration should be done in <reporting> section, not in maven-site-plugin <configuration> as reportPlugins parameter.
[8mha:////4B9hiNTi7UKoGwe6I08zfcchzFvqwNxs8N4lFpG4HptVAAAAYx+LCAAAAAAAAP9b85aBtbiIQSWjNKU4P0+vJLE4u1gvPjexLDVPzxdEhicW5WXmpfvll6S2fNly5fzGzauYGBgqihikoFqS8/OK83NS9ZwhNEghAwQwghQWAACwxA+XYgAAAA==[0m[WARNING] 
[8mha:////4B9hiNTi7UKoGwe6I08zfcchzFvqwNxs8N4lFpG4HptVAAAAYx+LCAAAAAAAAP9b85aBtbiIQSWjNKU4P0+vJLE4u1gvPjexLDVPzxdEhicW5WXmpfvll6S2fNly5fzGzauYGBgqihikoFqS8/OK83NS9ZwhNEghAwQwghQWAACwxA+XYgAAAA==[0m[WARNING] Some problems were encountered while building the effective model for com.wakaleo.gameoflife:gameoflife-core:jar:1.0-SNAPSHOT
[8mha:////4B9hiNTi7UKoGwe6I08zfcchzFvqwNxs8N4lFpG4HptVAAAAYx+LCAAAAAAAAP9b85aBtbiIQSWjNKU4P0+vJLE4u1gvPjexLDVPzxdEhicW5WXmpfvll6S2fNly5fzGzauYGBgqihikoFqS8/OK83NS9ZwhNEghAwQwghQWAACwxA+XYgAAAA==[0m[WARNING] Reporting configuration should be done in <reporting> section, not in maven-site-plugin <configuration> as reportPlugins parameter.
[8mha:////4B9hiNTi7UKoGwe6I08zfcchzFvqwNxs8N4lFpG4HptVAAAAYx+LCAAAAAAAAP9b85aBtbiIQSWjNKU4P0+vJLE4u1gvPjexLDVPzxdEhicW5WXmpfvll6S2fNly5fzGzauYGBgqihikoFqS8/OK83NS9ZwhNEghAwQwghQWAACwxA+XYgAAAA==[0m[WARNING] 
[8mha:////4B9hiNTi7UKoGwe6I08zfcchzFvqwNxs8N4lFpG4HptVAAAAYx+LCAAAAAAAAP9b85aBtbiIQSWjNKU4P0+vJLE4u1gvPjexLDVPzxdEhicW5WXmpfvll6S2fNly5fzGzauYGBgqihikoFqS8/OK83NS9ZwhNEghAwQwghQWAACwxA+XYgAAAA==[0m[WARNING] Some problems were encountered while building the effective model for com.wakaleo.gameoflife:gameoflife-web:war:1.0-SNAPSHOT
[8mha:////4B9hiNTi7UKoGwe6I08zfcchzFvqwNxs8N4lFpG4HptVAAAAYx+LCAAAAAAAAP9b85aBtbiIQSWjNKU4P0+vJLE4u1gvPjexLDVPzxdEhicW5WXmpfvll6S2fNly5fzGzauYGBgqihikoFqS8/OK83NS9ZwhNEghAwQwghQWAACwxA+XYgAAAA==[0m[WARNING] Reporting configuration should be done in <reporting> section, not in maven-site-plugin <configuration> as reportPlugins parameter.
[8mha:////4B9hiNTi7UKoGwe6I08zfcchzFvqwNxs8N4lFpG4HptVAAAAYx+LCAAAAAAAAP9b85aBtbiIQSWjNKU4P0+vJLE4u1gvPjexLDVPzxdEhicW5WXmpfvll6S2fNly5fzGzauYGBgqihikoFqS8/OK83NS9ZwhNEghAwQwghQWAACwxA+XYgAAAA==[0m[WARNING] 
[8mha:////4B9hiNTi7UKoGwe6I08zfcchzFvqwNxs8N4lFpG4HptVAAAAYx+LCAAAAAAAAP9b85aBtbiIQSWjNKU4P0+vJLE4u1gvPjexLDVPzxdEhicW5WXmpfvll6S2fNly5fzGzauYGBgqihikoFqS8/OK83NS9ZwhNEghAwQwghQWAACwxA+XYgAAAA==[0m[WARNING] Some problems were encountered while building the effective model for com.wakaleo.gameoflife:gameoflife:pom:1.0-SNAPSHOT
[8mha:////4B9hiNTi7UKoGwe6I08zfcchzFvqwNxs8N4lFpG4HptVAAAAYx+LCAAAAAAAAP9b85aBtbiIQSWjNKU4P0+vJLE4u1gvPjexLDVPzxdEhicW5WXmpfvll6S2fNly5fzGzauYGBgqihikoFqS8/OK83NS9ZwhNEghAwQwghQWAACwxA+XYgAAAA==[0m[WARNING] Reporting configuration should be done in <reporting> section, not in maven-site-plugin <configuration> as reportPlugins parameter. @ line 302, column 40
[8mha:////4B9hiNTi7UKoGwe6I08zfcchzFvqwNxs8N4lFpG4HptVAAAAYx+LCAAAAAAAAP9b85aBtbiIQSWjNKU4P0+vJLE4u1gvPjexLDVPzxdEhicW5WXmpfvll6S2fNly5fzGzauYGBgqihikoFqS8/OK83NS9ZwhNEghAwQwghQWAACwxA+XYgAAAA==[0m[WARNING] 
[8mha:////4B9hiNTi7UKoGwe6I08zfcchzFvqwNxs8N4lFpG4HptVAAAAYx+LCAAAAAAAAP9b85aBtbiIQSWjNKU4P0+vJLE4u1gvPjexLDVPzxdEhicW5WXmpfvll6S2fNly5fzGzauYGBgqihikoFqS8/OK83NS9ZwhNEghAwQwghQWAACwxA+XYgAAAA==[0m[WARNING] It is highly recommended to fix these problems because they threaten the stability of your build.
[8mha:////4B9hiNTi7UKoGwe6I08zfcchzFvqwNxs8N4lFpG4HptVAAAAYx+LCAAAAAAAAP9b85aBtbiIQSWjNKU4P0+vJLE4u1gvPjexLDVPzxdEhicW5WXmpfvll6S2fNly5fzGzauYGBgqihikoFqS8/OK83NS9ZwhNEghAwQwghQWAACwxA+XYgAAAA==[0m[WARNING] 
[8mha:////4B9hiNTi7UKoGwe6I08zfcchzFvqwNxs8N4lFpG4HptVAAAAYx+LCAAAAAAAAP9b85aBtbiIQSWjNKU4P0+vJLE4u1gvPjexLDVPzxdEhicW5WXmpfvll6S2fNly5fzGzauYGBgqihikoFqS8/OK83NS9ZwhNEghAwQwghQWAACwxA+XYgAAAA==[0m[WARNING] For this reason, future Maven versions might no longer support building such malformed projects.
[8mha:////4B9hiNTi7UKoGwe6I08zfcchzFvqwNxs8N4lFpG4HptVAAAAYx+LCAAAAAAAAP9b85aBtbiIQSWjNKU4P0+vJLE4u1gvPjexLDVPzxdEhicW5WXmpfvll6S2fNly5fzGzauYGBgqihikoFqS8/OK83NS9ZwhNEghAwQwghQWAACwxA+XYgAAAA==[0m[WARNING] 
[INFO] ------------------------------------------------------------------------
[INFO] Reactor Build Order:
[INFO] 
[INFO] gameoflife                                                         [pom]
[INFO] gameoflife-build                                                   [jar]
[INFO] gameoflife-core                                                    [jar]
[INFO] gameoflife-web                                                     [war]
[INFO] 
[INFO] -----------------< com.wakaleo.gameoflife:gameoflife >------------------
[INFO] Building gameoflife 1.0-SNAPSHOT                                   [1/4]
[INFO] --------------------------------[ pom ]---------------------------------
Downloading from central: https://repo.maven.apache.org/maven2/org/apache/maven/plugins/maven-surefire-plugin/2.11/maven-surefire-plugin-2.11.pom
Progress (1): 2.2/11 kBProgress (1): 5.0/11 kBProgress (1): 7.8/11 kBProgress (1): 11/11 kB Progress (1): 11 kB                      Downloaded from central: https://repo.maven.apache.org/maven2/org/apache/maven/plugins/maven-surefire-plugin/2.11/maven-surefire-plugin-2.11.pom (11 kB at 21 kB/s)
Downloading from central: https://repo.maven.apache.org/maven2/org/apache/maven/surefire/surefire/2.11/surefire-2.11.pom
Progress (1): 2.2/12 kBProgress (1): 5.0/12 kBProgress (1): 7.8/12 kBProgress (1): 11/12 kB Progress (1): 12 kB                      Downloaded from central: https://repo.maven.apache.org/maven2/org/apache/maven/surefire/surefire/2.11/surefire-2.11.pom (12 kB at 162 kB/s)
Downloading from central: https://repo.maven.apache.org/maven2/org/apache/maven/maven-parent/20/maven-parent-20.pom
Progress (1): 2.2/25 kBProgress (1): 5.0/25 kBProgress (1): 7.8/25 kBProgress (1): 11/25 kB Progress (1): 13/25 kBProgress (1): 16/25 kBProgress (1): 19/25 kBProgress (1): 21/25 kBProgress (1): 24/25 kBProgress (1): 25 kB                      Downloaded from central: https://repo.maven.apache.org/maven2/org/apache/maven/maven-parent/20/maven-parent-20.pom (25 kB at 259 kB/s)
Downloading from central: https://repo.maven.apache.org/maven2/org/apache/apache/9/apache-9.pom
Downloaded from central: https://repo.maven.apache.org/maven2/org/apache/apache/9/apache-9.pom (0 B at 0 B/s)
Downloading from central: https://repo.maven.apache.org/maven2/org/apache/maven/plugins/maven-surefire-plugin/2.11/maven-surefire-plugin-2.11.jar
Progress (1): 2.2/31 kBProgress (1): 5.0/31 kBProgress (1): 7.7/31 kBProgress (1): 10/31 kB Progress (1): 13/31 kBProgress (1): 16/31 kBProgress (1): 19/31 kBProgress (1): 21/31 kBProgress (1): 24/31 kBProgress (1): 27/31 kBProgress (1): 30/31 kBProgress (1): 31 kB                      Downloaded from central: https://repo.maven.apache.org/maven2/org/apache/maven/plugins/maven-surefire-plugin/2.11/maven-surefire-plugin-2.11.jar (31 kB at 311 kB/s)
[INFO] 
[8mha:////4NK5HW032uYpPQBABfv+KGcywHRcygNvzSr49p5IQPOWAAAAYB+LCAAAAAAAAP9b85aBtbiIQSmjNKU4P0+vJLE4u1gvPjexLDVPzxdEGvvmZ+X75ZekLlOVfvTjc8FPJgaGiiIGKaiG5Py84vycVD1nCA1SyAABjCCFBQCV27OjYAAAAA==[0m[INFO] --- maven-enforcer-plugin:1.0:enforce (enforce-versions) @ gameoflife ---
[INFO] 
[8mha:////4NK5HW032uYpPQBABfv+KGcywHRcygNvzSr49p5IQPOWAAAAYB+LCAAAAAAAAP9b85aBtbiIQSmjNKU4P0+vJLE4u1gvPjexLDVPzxdEGvvmZ+X75ZekLlOVfvTjc8FPJgaGiiIGKaiG5Py84vycVD1nCA1SyAABjCCFBQCV27OjYAAAAA==[0m[INFO] --- jacoco-maven-plugin:0.7.2.201409121644:prepare-agent (jacoco-initialize) @ gameoflife ---
[INFO] argLine set to -javaagent:/home/jenkins/.m2/repository/org/jacoco/org.jacoco.agent/0.7.2.201409121644/org.jacoco.agent-0.7.2.201409121644-runtime.jar=destfile=/home/jenkins/workspace/GameOfLife-mvnTest/target/jacoco.exec
[INFO] 
[8mha:////4NK5HW032uYpPQBABfv+KGcywHRcygNvzSr49p5IQPOWAAAAYB+LCAAAAAAAAP9b85aBtbiIQSmjNKU4P0+vJLE4u1gvPjexLDVPzxdEGvvmZ+X75ZekLlOVfvTjc8FPJgaGiiIGKaiG5Py84vycVD1nCA1SyAABjCCFBQCV27OjYAAAAA==[0m[INFO] --- maven-surefire-plugin:2.11:test (unit-tests) @ gameoflife ---
Downloading from central: https://repo.maven.apache.org/maven2/org/apache/maven/surefire/surefire-booter/2.11/surefire-booter-2.11.pom
Progress (1): 2.2/3.0 kBProgress (1): 3.0 kB                        Downloaded from central: https://repo.maven.apache.org/maven2/org/apache/maven/surefire/surefire-booter/2.11/surefire-booter-2.11.pom (3.0 kB at 82 kB/s)
Downloading from central: https://repo.maven.apache.org/maven2/org/apache/maven/surefire/surefire-api/2.11/surefire-api-2.11.pom
Progress (1): 2.2/2.3 kBProgress (1): 2.3 kB                        Downloaded from central: https://repo.maven.apache.org/maven2/org/apache/maven/surefire/surefire-api/2.11/surefire-api-2.11.pom (2.3 kB at 51 kB/s)
Downloading from central: https://repo.maven.apache.org/maven2/org/apache/maven/surefire/maven-surefire-common/2.11/maven-surefire-common-2.11.pom
Progress (1): 2.8/4.0 kBProgress (1): 4.0 kB                        Downloaded from central: https://repo.maven.apache.org/maven2/org/apache/maven/surefire/maven-surefire-common/2.11/maven-surefire-common-2.11.pom (4.0 kB at 91 kB/s)
Downloading from central: https://repo.maven.apache.org/maven2/org/codehaus/plexus/plexus-utils/2.1/plexus-utils-2.1.pom
Progress (1): 2.8/4.0 kBProgress (1): 4.0 kB                        Downloaded from central: https://repo.maven.apache.org/maven2/org/codehaus/plexus/plexus-utils/2.1/plexus-utils-2.1.pom (4.0 kB at 115 kB/s)
Downloading from central: https://repo.maven.apache.org/maven2/org/apache/maven/maven-toolchain/2.0.9/maven-toolchain-2.0.9.pom
Progress (1): 2.2/3.5 kBProgress (1): 3.5 kB                        Downloaded from central: https://repo.maven.apache.org/maven2/org/apache/maven/maven-toolchain/2.0.9/maven-toolchain-2.0.9.pom (3.5 kB at 87 kB/s)
Downloading from central: https://repo.maven.apache.org/maven2/org/apache/maven/shared/maven-common-artifact-filters/1.3/maven-common-artifact-filters-1.3.pom
Progress (1): 2.2/3.7 kBProgress (1): 3.7 kB                        Downloaded from central: https://repo.maven.apache.org/maven2/org/apache/maven/shared/maven-common-artifact-filters/1.3/maven-common-artifact-filters-1.3.pom (3.7 kB at 103 kB/s)
Downloading from central: https://repo.maven.apache.org/maven2/org/apache/maven/shared/maven-shared-components/12/maven-shared-components-12.pom
Progress (1): 2.2/9.3 kBProgress (1): 5.0/9.3 kBProgress (1): 7.8/9.3 kBProgress (1): 9.3 kB                        Downloaded from central: https://repo.maven.apache.org/maven2/org/apache/maven/shared/maven-shared-components/12/maven-shared-components-12.pom (9.3 kB at 195 kB/s)
Downloading from central: https://repo.maven.apache.org/maven2/org/apache/maven/maven-parent/13/maven-parent-13.pom
Progress (1): 2.2/23 kBProgress (1): 5.0/23 kBProgress (1): 7.8/23 kBProgress (1): 11/23 kB Progress (1): 13/23 kBProgress (1): 16/23 kBProgress (1): 19/23 kBProgress (1): 21/23 kBProgress (1): 23 kB                      Downloaded from central: https://repo.maven.apache.org/maven2/org/apache/maven/maven-parent/13/maven-parent-13.pom (23 kB at 323 kB/s)
Downloading from central: https://repo.maven.apache.org/maven2/org/apache/maven/surefire/surefire-booter/2.11/surefire-booter-2.11.jar
Downloading from central: https://repo.maven.apache.org/maven2/org/apache/maven/surefire/surefire-api/2.11/surefire-api-2.11.jar
Downloading from central: https://repo.maven.apache.org/maven2/org/apache/maven/surefire/maven-surefire-common/2.11/maven-surefire-common-2.11.jar
Downloading from central: https://repo.maven.apache.org/maven2/org/apache/maven/shared/maven-common-artifact-filters/1.3/maven-common-artifact-filters-1.3.jar
Downloading from central: https://repo.maven.apache.org/maven2/org/codehaus/plexus/plexus-utils/2.1/plexus-utils-2.1.jar
Progress (1): 2.2/33 kBProgress (1): 5.0/33 kBProgress (1): 7.7/33 kBProgress (1): 10/33 kB Progress (1): 13/33 kBProgress (1): 16/33 kBProgress (1): 19/33 kBProgress (1): 21/33 kBProgress (1): 24/33 kBProgress (1): 27/33 kBProgress (1): 30/33 kBProgress (2): 30/33 kB | 2.2/160 kBProgress (2): 30/33 kB | 5.0/160 kBProgress (2): 30/33 kB | 7.7/160 kBProgress (2): 30/33 kB | 10/160 kB Progress (2): 30/33 kB | 13/160 kBProgress (3): 30/33 kB | 13/160 kB | 2.2/31 kBProgress (3): 30/33 kB | 13/160 kB | 5.0/31 kBProgress (3): 30/33 kB | 13/160 kB | 7.7/31 kBProgress (4): 30/33 kB | 13/160 kB | 7.7/31 kB | 2.2/84 kBProgress (4): 30/33 kB | 13/160 kB | 7.7/31 kB | 5.0/84 kBProgress (4): 30/33 kB | 13/160 kB | 7.7/31 kB | 7.7/84 kBProgress (4): 30/33 kB | 13/160 kB | 7.7/31 kB | 10/84 kB Progress (4): 30/33 kB | 13/160 kB | 7.7/31 kB | 13/84 kBProgress (4): 30/33 kB | 13/160 kB | 7.7/31 kB | 16/84 kBProgress (4): 30/33 kB | 13/160 kB | 7.7/31 kB | 19/84 kBProgress (4): 30/33 kB | 13/160 kB | 10/31 kB | 19/84 kB Progress (4): 30/33 kB | 13/160 kB | 13/31 kB | 19/84 kBProgress (4): 30/33 kB | 13/160 kB | 16/31 kB | 19/84 kBProgress (4): 30/33 kB | 13/160 kB | 19/31 kB | 19/84 kBProgress (4): 30/33 kB | 13/160 kB | 21/31 kB | 19/84 kBProgress (5): 30/33 kB | 13/160 kB | 21/31 kB | 19/84 kB | 2.2/225 kBProgress (5): 30/33 kB | 13/160 kB | 21/31 kB | 19/84 kB | 5.0/225 kBProgress (5): 30/33 kB | 13/160 kB | 21/31 kB | 19/84 kB | 7.7/225 kBProgress (5): 30/33 kB | 13/160 kB | 21/31 kB | 19/84 kB | 10/225 kB Progress (5): 30/33 kB | 13/160 kB | 21/31 kB | 19/84 kB | 13/225 kBProgress (5): 30/33 kB | 13/160 kB | 21/31 kB | 19/84 kB | 16/225 kBProgress (5): 32/33 kB | 13/160 kB | 21/31 kB | 19/84 kB | 16/225 kBProgress (5): 33 kB | 13/160 kB | 21/31 kB | 19/84 kB | 16/225 kB   Progress (5): 33 kB | 13/160 kB | 24/31 kB | 19/84 kB | 16/225 kBProgress (5): 33 kB | 13/160 kB | 24/31 kB | 21/84 kB | 16/225 kBProgress (5): 33 kB | 13/160 kB | 24/31 kB | 24/84 kB | 16/225 kBProgress (5): 33 kB | 13/160 kB | 24/31 kB | 27/84 kB | 16/225 kBProgress (5): 33 kB | 13/160 kB | 24/31 kB | 30/84 kB | 16/225 kBProgress (5): 33 kB | 13/160 kB | 24/31 kB | 32/84 kB | 16/225 kBProgress (5): 33 kB | 13/160 kB | 24/31 kB | 36/84 kB | 16/225 kBProgress (5): 33 kB | 13/160 kB | 24/31 kB | 40/84 kB | 16/225 kBProgress (5): 33 kB | 13/160 kB | 24/31 kB | 45/84 kB | 16/225 kBProgress (5): 33 kB | 16/160 kB | 24/31 kB | 45/84 kB | 16/225 kBProgress (5): 33 kB | 19/160 kB | 24/31 kB | 45/84 kB | 16/225 kBProgress (5): 33 kB | 21/160 kB | 24/31 kB | 45/84 kB | 16/225 kBProgress (5): 33 kB | 24/160 kB | 24/31 kB | 45/84 kB | 16/225 kBProgress (5): 33 kB | 27/160 kB | 24/31 kB | 45/84 kB | 16/225 kBProgress (5): 33 kB | 30/160 kB | 24/31 kB | 45/84 kB | 16/225 kB                                                                 Downloaded from central: https://repo.maven.apache.org/maven2/org/apache/maven/surefire/surefire-booter/2.11/surefire-booter-2.11.jar (33 kB at 171 kB/s)
Downloading from central: https://repo.maven.apache.org/maven2/org/apache/maven/maven-toolchain/2.0.9/maven-toolchain-2.0.9.jar
Progress (4): 30/160 kB | 24/31 kB | 45/84 kB | 19/225 kBProgress (4): 30/160 kB | 27/31 kB | 45/84 kB | 19/225 kBProgress (4): 30/160 kB | 30/31 kB | 45/84 kB | 19/225 kBProgress (4): 30/160 kB | 31 kB | 45/84 kB | 19/225 kB   Progress (4): 30/160 kB | 31 kB | 45/84 kB | 21/225 kBProgress (4): 30/160 kB | 31 kB | 45/84 kB | 24/225 kBProgress (4): 30/160 kB | 31 kB | 45/84 kB | 27/225 kBProgress (4): 30/160 kB | 31 kB | 45/84 kB | 30/225 kBProgress (4): 30/160 kB | 31 kB | 45/84 kB | 32/225 kBProgress (4): 30/160 kB | 31 kB | 45/84 kB | 36/225 kBProgress (4): 30/160 kB | 31 kB | 45/84 kB | 40/225 kBProgress (4): 30/160 kB | 31 kB | 45/84 kB | 45/225 kBProgress (4): 30/160 kB | 31 kB | 45/84 kB | 49/225 kBProgress (4): 30/160 kB | 31 kB | 45/84 kB | 53/225 kBProgress (4): 30/160 kB | 31 kB | 49/84 kB | 53/225 kBProgress (4): 30/160 kB | 31 kB | 53/84 kB | 53/225 kBProgress (4): 30/160 kB | 31 kB | 57/84 kB | 53/225 kB                                                      Downloaded from central: https://repo.maven.apache.org/maven2/org/apache/maven/shared/maven-common-artifact-filters/1.3/maven-common-artifact-filters-1.3.jar (31 kB at 159 kB/s)
Progress (4): 30/160 kB | 57/84 kB | 53/225 kB | 2.2/38 kBProgress (4): 30/160 kB | 57/84 kB | 53/225 kB | 5.0/38 kBProgress (4): 30/160 kB | 57/84 kB | 53/225 kB | 7.7/38 kBProgress (4): 30/160 kB | 57/84 kB | 53/225 kB | 10/38 kB Progress (4): 30/160 kB | 57/84 kB | 53/225 kB | 13/38 kBProgress (4): 30/160 kB | 57/84 kB | 53/225 kB | 16/38 kBProgress (4): 30/160 kB | 57/84 kB | 53/225 kB | 19/38 kBProgress (4): 30/160 kB | 57/84 kB | 53/225 kB | 21/38 kBProgress (4): 32/160 kB | 57/84 kB | 53/225 kB | 21/38 kBProgress (4): 36/160 kB | 57/84 kB | 53/225 kB | 21/38 kBProgress (4): 40/160 kB | 57/84 kB | 53/225 kB | 21/38 kBProgress (4): 45/160 kB | 57/84 kB | 53/225 kB | 21/38 kBProgress (4): 49/160 kB | 57/84 kB | 53/225 kB | 21/38 kBProgress (4): 49/160 kB | 57/84 kB | 57/225 kB | 21/38 kBProgress (4): 49/160 kB | 61/84 kB | 57/225 kB | 21/38 kBProgress (4): 49/160 kB | 65/84 kB | 57/225 kB | 21/38 kBProgress (4): 49/160 kB | 69/84 kB | 57/225 kB | 21/38 kBProgress (4): 49/160 kB | 73/84 kB | 57/225 kB | 21/38 kBProgress (4): 49/160 kB | 77/84 kB | 57/225 kB | 21/38 kBProgress (4): 49/160 kB | 81/84 kB | 57/225 kB | 21/38 kBProgress (4): 49/160 kB | 84 kB | 57/225 kB | 21/38 kB   Progress (4): 49/160 kB | 84 kB | 61/225 kB | 21/38 kBProgress (4): 49/160 kB | 84 kB | 65/225 kB | 21/38 kBProgress (4): 49/160 kB | 84 kB | 69/225 kB | 21/38 kBProgress (4): 49/160 kB | 84 kB | 73/225 kB | 21/38 kBProgress (4): 49/160 kB | 84 kB | 77/225 kB | 21/38 kBProgress (4): 49/160 kB | 84 kB | 81/225 kB | 21/38 kBProgress (4): 49/160 kB | 84 kB | 85/225 kB | 21/38 kBProgress (4): 49/160 kB | 84 kB | 90/225 kB | 21/38 kBProgress (4): 49/160 kB | 84 kB | 90/225 kB | 24/38 kBProgress (4): 49/160 kB | 84 kB | 90/225 kB | 27/38 kBProgress (4): 49/160 kB | 84 kB | 90/225 kB | 30/38 kB                                                      Downloaded from central: https://repo.maven.apache.org/maven2/org/apache/maven/surefire/maven-surefire-common/2.11/maven-surefire-common-2.11.jar (84 kB at 322 kB/s)
Progress (3): 53/160 kB | 90/225 kB | 30/38 kBProgress (3): 57/160 kB | 90/225 kB | 30/38 kBProgress (3): 61/160 kB | 90/225 kB | 30/38 kBProgress (3): 65/160 kB | 90/225 kB | 30/38 kBProgress (3): 69/160 kB | 90/225 kB | 30/38 kBProgress (3): 73/160 kB | 90/225 kB | 30/38 kBProgress (3): 77/160 kB | 90/225 kB | 30/38 kBProgress (3): 77/160 kB | 94/225 kB | 30/38 kBProgress (3): 77/160 kB | 98/225 kB | 30/38 kBProgress (3): 77/160 kB | 102/225 kB | 30/38 kBProgress (3): 77/160 kB | 106/225 kB | 30/38 kBProgress (3): 77/160 kB | 110/225 kB | 30/38 kBProgress (3): 77/160 kB | 114/225 kB | 30/38 kBProgress (3): 77/160 kB | 118/225 kB | 30/38 kBProgress (3): 77/160 kB | 118/225 kB | 32/38 kBProgress (3): 77/160 kB | 118/225 kB | 35/38 kBProgress (3): 77/160 kB | 118/225 kB | 38/38 kBProgress (3): 77/160 kB | 118/225 kB | 38 kB   Progress (3): 81/160 kB | 118/225 kB | 38 kBProgress (3): 85/160 kB | 118/225 kB | 38 kBProgress (3): 90/160 kB | 118/225 kB | 38 kBProgress (3): 94/160 kB | 118/225 kB | 38 kBProgress (3): 98/160 kB | 118/225 kB | 38 kBProgress (3): 102/160 kB | 118/225 kB | 38 kBProgress (3): 106/160 kB | 118/225 kB | 38 kB                                             Downloaded from central: https://repo.maven.apache.org/maven2/org/apache/maven/maven-toolchain/2.0.9/maven-toolchain-2.0.9.jar (38 kB at 134 kB/s)
Progress (2): 106/160 kB | 122/225 kBProgress (2): 106/160 kB | 126/225 kBProgress (2): 106/160 kB | 131/225 kBProgress (2): 106/160 kB | 135/225 kBProgress (2): 106/160 kB | 139/225 kBProgress (2): 106/160 kB | 143/225 kBProgress (2): 106/160 kB | 147/225 kBProgress (2): 106/160 kB | 151/225 kBProgress (2): 110/160 kB | 151/225 kBProgress (2): 114/160 kB | 151/225 kBProgress (2): 118/160 kB | 151/225 kBProgress (2): 122/160 kB | 151/225 kBProgress (2): 126/160 kB | 151/225 kBProgress (2): 126/160 kB | 155/225 kBProgress (2): 126/160 kB | 159/225 kBProgress (2): 126/160 kB | 163/225 kBProgress (2): 126/160 kB | 167/225 kBProgress (2): 126/160 kB | 171/225 kBProgress (2): 126/160 kB | 176/225 kBProgress (2): 126/160 kB | 180/225 kBProgress (2): 131/160 kB | 180/225 kBProgress (2): 135/160 kB | 180/225 kBProgress (2): 139/160 kB | 180/225 kBProgress (2): 143/160 kB | 180/225 kBProgress (2): 147/160 kB | 180/225 kBProgress (2): 151/160 kB | 180/225 kBProgress (2): 155/160 kB | 180/225 kBProgress (2): 159/160 kB | 180/225 kBProgress (2): 160 kB | 180/225 kB    Progress (2): 160 kB | 184/225 kBProgress (2): 160 kB | 188/225 kBProgress (2): 160 kB | 192/225 kBProgress (2): 160 kB | 196/225 kBProgress (2): 160 kB | 200/225 kBProgress (2): 160 kB | 204/225 kBProgress (2): 160 kB | 208/225 kBProgress (2): 160 kB | 212/225 kBProgress (2): 160 kB | 217/225 kBProgress (2): 160 kB | 221/225 kBProgress (2): 160 kB | 225 kB                                 Downloaded from central: https://repo.maven.apache.org/maven2/org/apache/maven/surefire/surefire-api/2.11/surefire-api-2.11.jar (160 kB at 380 kB/s)
Downloaded from central: https://repo.maven.apache.org/maven2/org/codehaus/plexus/plexus-utils/2.1/plexus-utils-2.1.jar (225 kB at 567 kB/s)
[INFO] No tests to run.
[INFO] Surefire report directory: /home/jenkins/workspace/GameOfLife-mvnTest/target/surefire-reports
Downloading from central: https://repo.maven.apache.org/maven2/org/apache/maven/surefire/surefire-junit4/2.11/surefire-junit4-2.11.pom
Progress (1): 2.6 kB                    Downloaded from central: https://repo.maven.apache.org/maven2/org/apache/maven/surefire/surefire-junit4/2.11/surefire-junit4-2.11.pom (2.6 kB at 62 kB/s)
Downloading from central: https://repo.maven.apache.org/maven2/org/apache/maven/surefire/surefire-providers/2.11/surefire-providers-2.11.pom
Progress (1): 2.2/2.3 kBProgress (1): 2.3 kB                        Downloaded from central: https://repo.maven.apache.org/maven2/org/apache/maven/surefire/surefire-providers/2.11/surefire-providers-2.11.pom (2.3 kB at 55 kB/s)
Downloading from central: https://repo.maven.apache.org/maven2/org/apache/maven/surefire/surefire-junit4/2.11/surefire-junit4-2.11.jar
Progress (1): 2.2/33 kBProgress (1): 5.0/33 kBProgress (1): 7.7/33 kBProgress (1): 10/33 kB Progress (1): 13/33 kBProgress (1): 16/33 kBProgress (1): 19/33 kBProgress (1): 21/33 kBProgress (1): 24/33 kBProgress (1): 27/33 kBProgress (1): 30/33 kBProgress (1): 32/33 kBProgress (1): 33 kB                      Downloaded from central: https://repo.maven.apache.org/maven2/org/apache/maven/surefire/surefire-junit4/2.11/surefire-junit4-2.11.jar (33 kB at 451 kB/s)

-------------------------------------------------------
 T E S T S
-------------------------------------------------------

Results :

Tests run: 0, Failures: 0, Errors: 0, Skipped: 0

[INFO] 
[8mha:////4NK5HW032uYpPQBABfv+KGcywHRcygNvzSr49p5IQPOWAAAAYB+LCAAAAAAAAP9b85aBtbiIQSmjNKU4P0+vJLE4u1gvPjexLDVPzxdEGvvmZ+X75ZekLlOVfvTjc8FPJgaGiiIGKaiG5Py84vycVD1nCA1SyAABjCCFBQCV27OjYAAAAA==[0m[INFO] --- maven-easyb-plugin:1.4:test (default) @ gameoflife ---
Downloading from central: https://repo.maven.apache.org/maven2/org/apache/ant/ant/1.8.1/ant-1.8.1.pom
Progress (1): 2.2/8.8 kBProgress (1): 5.0/8.8 kBProgress (1): 7.8/8.8 kBProgress (1): 8.8 kB                        Downloaded from central: https://repo.maven.apache.org/maven2/org/apache/ant/ant/1.8.1/ant-1.8.1.pom (8.8 kB at 244 kB/s)
Downloading from central: https://repo.maven.apache.org/maven2/org/apache/ant/ant-parent/1.8.1/ant-parent-1.8.1.pom
Progress (1): 2.2/4.3 kBProgress (1): 4.3 kB                        Downloaded from central: https://repo.maven.apache.org/maven2/org/apache/ant/ant-parent/1.8.1/ant-parent-1.8.1.pom (4.3 kB at 107 kB/s)
Downloading from central: https://repo.maven.apache.org/maven2/org/apache/ant/ant-launcher/1.8.1/ant-launcher-1.8.1.pom
Progress (1): 2.2/2.4 kBProgress (1): 2.4 kB                        Downloaded from central: https://repo.maven.apache.org/maven2/org/apache/ant/ant-launcher/1.8.1/ant-launcher-1.8.1.pom (2.4 kB at 68 kB/s)
Downloading from central: https://repo.maven.apache.org/maven2/org/easyb/easyb-core/maven-metadata.xml
Progress (1): 465 B                   Downloaded from central: https://repo.maven.apache.org/maven2/org/easyb/easyb-core/maven-metadata.xml (465 B at 12 kB/s)
Downloading from central: https://repo.maven.apache.org/maven2/org/easyb/easyb-core/1.4/easyb-core-1.4.pom
Progress (1): 2.2/15 kBProgress (1): 5.0/15 kBProgress (1): 7.8/15 kBProgress (1): 11/15 kB Progress (1): 13/15 kBProgress (1): 15 kB                      Downloaded from central: https://repo.maven.apache.org/maven2/org/easyb/easyb-core/1.4/easyb-core-1.4.pom (15 kB at 239 kB/s)
Downloading from central: https://repo.maven.apache.org/maven2/org/codehaus/groovy/groovy-all/1.7.10/groovy-all-1.7.10.pom
Progress (1): 2.2/27 kBProgress (1): 5.0/27 kBProgress (1): 7.8/27 kBProgress (1): 11/27 kB Progress (1): 13/27 kBProgress (1): 16/27 kBProgress (1): 19/27 kBProgress (1): 21/27 kBProgress (1): 24/27 kBProgress (1): 27/27 kBProgress (1): 27 kB                      Downloaded from central: https://repo.maven.apache.org/maven2/org/codehaus/groovy/groovy-all/1.7.10/groovy-all-1.7.10.pom (27 kB at 194 kB/s)
Downloading from central: https://repo.maven.apache.org/maven2/commons-cli/commons-cli/1.2/commons-cli-1.2.pom
Progress (1): 2.2/8.0 kBProgress (1): 5.0/8.0 kBProgress (1): 7.8/8.0 kBProgress (1): 8.0 kB                        Downloaded from central: https://repo.maven.apache.org/maven2/commons-cli/commons-cli/1.2/commons-cli-1.2.pom (8.0 kB at 195 kB/s)
Downloading from central: https://repo.maven.apache.org/maven2/org/apache/commons/commons-parent/11/commons-parent-11.pom
Progress (1): 2.2/25 kBProgress (1): 5.0/25 kBProgress (1): 7.7/25 kBProgress (1): 11/25 kB Progress (1): 13/25 kBProgress (1): 16/25 kBProgress (1): 19/25 kBProgress (1): 21/25 kBProgress (1): 24/25 kBProgress (1): 25 kB                      Downloaded from central: https://repo.maven.apache.org/maven2/org/apache/commons/commons-parent/11/commons-parent-11.pom (25 kB at 362 kB/s)
Downloading from central: https://repo.maven.apache.org/maven2/commons-lang/commons-lang/2.5/commons-lang-2.5.pom
Progress (1): 2.2/17 kBProgress (1): 5.0/17 kBProgress (1): 7.7/17 kBProgress (1): 11/17 kB Progress (1): 13/17 kBProgress (1): 16/17 kBProgress (1): 17 kB                      Downloaded from central: https://repo.maven.apache.org/maven2/commons-lang/commons-lang/2.5/commons-lang-2.5.pom (17 kB at 451 kB/s)
Downloading from central: https://repo.maven.apache.org/maven2/org/apache/commons/commons-parent/12/commons-parent-12.pom
Progress (1): 2.2/27 kBProgress (1): 5.0/27 kBProgress (1): 7.8/27 kBProgress (1): 11/27 kB Progress (1): 13/27 kBProgress (1): 16/27 kBProgress (1): 19/27 kBProgress (1): 21/27 kBProgress (1): 24/27 kBProgress (1): 27/27 kBProgress (1): 27 kB                      Downloaded from central: https://repo.maven.apache.org/maven2/org/apache/commons/commons-parent/12/commons-parent-12.pom (27 kB at 769 kB/s)
Downloading from central: https://repo.maven.apache.org/maven2/ant/ant/1.6.5/ant-1.6.5.pom
Downloaded from central: https://repo.maven.apache.org/maven2/ant/ant/1.6.5/ant-1.6.5.pom (0 B at 0 B/s)
Downloading from central: https://repo.maven.apache.org/maven2/org/easyb/easyb-core/1.5/easyb-core-1.5.pom
Progress (1): 2.2/15 kBProgress (1): 5.0/15 kBProgress (1): 7.8/15 kBProgress (1): 11/15 kB Progress (1): 13/15 kBProgress (1): 15 kB                      Downloaded from central: https://repo.maven.apache.org/maven2/org/easyb/easyb-core/1.5/easyb-core-1.5.pom (15 kB at 567 kB/s)
Downloading from central: https://repo.maven.apache.org/maven2/org/easyb/easyb-core/1.6/easyb-core-1.6.pom
Progress (1): 2.2/15 kBProgress (1): 5.0/15 kBProgress (1): 7.8/15 kBProgress (1): 11/15 kB Progress (1): 13/15 kBProgress (1): 15 kB                      Downloaded from central: https://repo.maven.apache.org/maven2/org/easyb/easyb-core/1.6/easyb-core-1.6.pom (15 kB at 140 kB/s)
Downloading from central: https://repo.maven.apache.org/maven2/org/easyb/easyb-maven-parent/1.5/easyb-maven-parent-1.5.pom
Progress (1): 2.2/4.9 kBProgress (1): 4.9 kB                        Downloaded from central: https://repo.maven.apache.org/maven2/org/easyb/easyb-maven-parent/1.5/easyb-maven-parent-1.5.pom (4.9 kB at 46 kB/s)
Downloading from central: https://repo.maven.apache.org/maven2/org/easyb/easyb-parent/1.1/easyb-parent-1.1.pom
Progress (1): 2.2/4.4 kBProgress (1): 4.4 kB                        Downloaded from central: https://repo.maven.apache.org/maven2/org/easyb/easyb-parent/1.1/easyb-parent-1.1.pom (4.4 kB at 44 kB/s)
Downloading from central: https://repo.maven.apache.org/maven2/org/easyb/easyb-composite-groovy/maven-metadata.xml
Progress (1): 361 B                   Downloaded from central: https://repo.maven.apache.org/maven2/org/easyb/easyb-composite-groovy/maven-metadata.xml (361 B at 10 kB/s)
Downloading from central: https://repo.maven.apache.org/maven2/org/easyb/easyb-composite-groovy/1.2/easyb-composite-groovy-1.2.pom
Progress (1): 1.0 kB                    Downloaded from central: https://repo.maven.apache.org/maven2/org/easyb/easyb-composite-groovy/1.2/easyb-composite-groovy-1.2.pom (1.0 kB at 41 kB/s)
Downloading from central: https://repo.maven.apache.org/maven2/org/codehaus/groovy/groovy-all/2.3.6/groovy-all-2.3.6.pom
Progress (1): 2.8/18 kBProgress (1): 5.5/18 kBProgress (1): 8.3/18 kBProgress (1): 11/18 kB Progress (1): 14/18 kBProgress (1): 16/18 kBProgress (1): 18 kB                      Downloaded from central: https://repo.maven.apache.org/maven2/org/codehaus/groovy/groovy-all/2.3.6/groovy-all-2.3.6.pom (18 kB at 368 kB/s)
Downloading from central: https://repo.maven.apache.org/maven2/org/easyb/easyb-ast/maven-metadata.xml
Progress (1): 319 B                   Downloaded from central: https://repo.maven.apache.org/maven2/org/easyb/easyb-ast/maven-metadata.xml (319 B at 8.2 kB/s)
Downloading from central: https://repo.maven.apache.org/maven2/org/easyb/easyb-ast/1.1/easyb-ast-1.1.pom
Progress (1): 837 B                   Downloaded from central: https://repo.maven.apache.org/maven2/org/easyb/easyb-ast/1.1/easyb-ast-1.1.pom (837 B at 7.7 kB/s)
Downloading from central: https://repo.maven.apache.org/maven2/org/easyb/easyb-composite-groovy/1.1/easyb-composite-groovy-1.1.pom
Progress (1): 989 B                   Downloaded from central: https://repo.maven.apache.org/maven2/org/easyb/easyb-composite-groovy/1.1/easyb-composite-groovy-1.1.pom (989 B at 22 kB/s)
Downloading from central: https://repo.maven.apache.org/maven2/org/easyb/easyb-maven-parent/1.1/easyb-maven-parent-1.1.pom
Progress (1): 2.2/6.2 kBProgress (1): 5.0/6.2 kBProgress (1): 6.2 kB                        Downloaded from central: https://repo.maven.apache.org/maven2/org/easyb/easyb-maven-parent/1.1/easyb-maven-parent-1.1.pom (6.2 kB at 229 kB/s)
Downloading from central: https://repo.maven.apache.org/maven2/org/codehaus/groovy/groovy-all/maven-metadata.xml
Progress (1): 2.2/5.9 kBProgress (1): 5.0/5.9 kBProgress (1): 5.9 kB                        Downloaded from central: https://repo.maven.apache.org/maven2/org/codehaus/groovy/groovy-all/maven-metadata.xml (5.9 kB at 155 kB/s)
Downloading from central: https://repo.maven.apache.org/maven2/org/codehaus/groovy/groovy-all/1.7.4/groovy-all-1.7.4.pom
Progress (1): 2.8/27 kBProgress (1): 5.5/27 kBProgress (1): 8.3/27 kBProgress (1): 11/27 kB Progress (1): 14/27 kBProgress (1): 16/27 kBProgress (1): 19/27 kBProgress (1): 22/27 kBProgress (1): 25/27 kBProgress (1): 27 kB                      Downloaded from central: https://repo.maven.apache.org/maven2/org/codehaus/groovy/groovy-all/1.7.4/groovy-all-1.7.4.pom (27 kB at 391 kB/s)
Downloading from central: https://repo.maven.apache.org/maven2/org/codehaus/groovy/groovy-all/1.7.5/groovy-all-1.7.5.pom
Progress (1): 2.2/27 kBProgress (1): 5.0/27 kBProgress (1): 7.8/27 kBProgress (1): 11/27 kB Progress (1): 13/27 kBProgress (1): 16/27 kBProgress (1): 19/27 kBProgress (1): 21/27 kBProgress (1): 24/27 kBProgress (1): 27/27 kBProgress (1): 27 kB                      Downloaded from central: https://repo.maven.apache.org/maven2/org/codehaus/groovy/groovy-all/1.7.5/groovy-all-1.7.5.pom (27 kB at 464 kB/s)
Downloading from central: https://repo.maven.apache.org/maven2/org/codehaus/groovy/groovy-all/1.7.6/groovy-all-1.7.6.pom
Progress (1): 2.2/27 kBProgress (1): 5.0/27 kBProgress (1): 7.8/27 kBProgress (1): 11/27 kB Progress (1): 13/27 kBProgress (1): 16/27 kBProgress (1): 19/27 kBProgress (1): 21/27 kBProgress (1): 24/27 kBProgress (1): 27/27 kBProgress (1): 27 kB                      Downloaded from central: https://repo.maven.apache.org/maven2/org/codehaus/groovy/groovy-all/1.7.6/groovy-all-1.7.6.pom (27 kB at 482 kB/s)
Downloading from central: https://repo.maven.apache.org/maven2/org/codehaus/groovy/groovy-all/1.7.7/groovy-all-1.7.7.pom
Progress (1): 2.2/27 kBProgress (1): 5.0/27 kBProgress (1): 7.8/27 kBProgress (1): 11/27 kB Progress (1): 13/27 kBProgress (1): 16/27 kBProgress (1): 19/27 kBProgress (1): 21/27 kBProgress (1): 24/27 kBProgress (1): 27/27 kBProgress (1): 27 kB                      Downloaded from central: https://repo.maven.apache.org/maven2/org/codehaus/groovy/groovy-all/1.7.7/groovy-all-1.7.7.pom (27 kB at 513 kB/s)
Downloading from central: https://repo.maven.apache.org/maven2/org/codehaus/groovy/groovy-all/1.7.8/groovy-all-1.7.8.pom
Progress (1): 2.2/27 kBProgress (1): 5.0/27 kBProgress (1): 7.8/27 kBProgress (1): 11/27 kB Progress (1): 13/27 kBProgress (1): 16/27 kBProgress (1): 19/27 kBProgress (1): 21/27 kBProgress (1): 24/27 kBProgress (1): 27/27 kBProgress (1): 27 kB                      Downloaded from central: https://repo.maven.apache.org/maven2/org/codehaus/groovy/groovy-all/1.7.8/groovy-all-1.7.8.pom (27 kB at 211 kB/s)
Downloading from central: https://repo.maven.apache.org/maven2/org/codehaus/groovy/groovy-all/1.7.9/groovy-all-1.7.9.pom
Progress (1): 2.2/27 kBProgress (1): 5.0/27 kBProgress (1): 7.8/27 kBProgress (1): 11/27 kB Progress (1): 13/27 kBProgress (1): 16/27 kBProgress (1): 19/27 kBProgress (1): 21/27 kBProgress (1): 24/27 kBProgress (1): 27/27 kBProgress (1): 27 kB                      Downloaded from central: https://repo.maven.apache.org/maven2/org/codehaus/groovy/groovy-all/1.7.9/groovy-all-1.7.9.pom (27 kB at 446 kB/s)
Downloading from central: https://repo.maven.apache.org/maven2/org/codehaus/groovy/groovy-all/1.7.11/groovy-all-1.7.11.pom
Progress (1): 2.2/27 kBProgress (1): 5.0/27 kBProgress (1): 7.8/27 kBProgress (1): 11/27 kB Progress (1): 13/27 kBProgress (1): 16/27 kBProgress (1): 19/27 kBProgress (1): 21/27 kBProgress (1): 24/27 kBProgress (1): 27/27 kBProgress (1): 27 kB                      Downloaded from central: https://repo.maven.apache.org/maven2/org/codehaus/groovy/groovy-all/1.7.11/groovy-all-1.7.11.pom (27 kB at 450 kB/s)
Downloading from central: https://repo.maven.apache.org/maven2/junit/junit/4.11/junit-4.11.pom
Downloaded from central: https://repo.maven.apache.org/maven2/junit/junit/4.11/junit-4.11.pom (0 B at 0 B/s)
Downloading from central: https://repo.maven.apache.org/maven2/org/codehaus/plexus/plexus-utils/1.5.15/plexus-utils-1.5.15.jar
Downloading from central: https://repo.maven.apache.org/maven2/org/apache/ant/ant-launcher/1.8.1/ant-launcher-1.8.1.jar
Downloading from central: https://repo.maven.apache.org/maven2/org/easyb/easyb-core/1.6/easyb-core-1.6.jar
Downloading from central: https://repo.maven.apache.org/maven2/org/apache/ant/ant/1.8.1/ant-1.8.1.jar
Downloading from central: https://repo.maven.apache.org/maven2/org/codehaus/groovy/groovy-all/2.3.6/groovy-all-2.3.6.jar
Progress (1): 2.2/12 kBProgress (2): 2.2/12 kB | 2.8/228 kBProgress (2): 2.2/12 kB | 5.5/228 kBProgress (2): 2.2/12 kB | 8.3/228 kBProgress (2): 2.2/12 kB | 11/228 kB Progress (2): 2.2/12 kB | 14/228 kBProgress (2): 2.2/12 kB | 16/228 kBProgress (2): 2.2/12 kB | 19/228 kBProgress (2): 2.2/12 kB | 22/228 kBProgress (2): 2.2/12 kB | 25/228 kBProgress (2): 2.2/12 kB | 27/228 kBProgress (3): 2.2/12 kB | 27/228 kB | 0/1.5 MBProgress (3): 2.2/12 kB | 27/228 kB | 0/1.5 MBProgress (3): 2.2/12 kB | 27/228 kB | 0/1.5 MBProgress (3): 2.2/12 kB | 27/228 kB | 0/1.5 MBProgress (3): 2.2/12 kB | 27/228 kB | 0/1.5 MBProgress (3): 2.2/12 kB | 27/228 kB | 0/1.5 MBProgress (3): 2.2/12 kB | 27/228 kB | 0/1.5 MBProgress (3): 2.2/12 kB | 27/228 kB | 0/1.5 MBProgress (3): 2.2/12 kB | 27/228 kB | 0/1.5 MBProgress (3): 2.2/12 kB | 27/228 kB | 0/1.5 MBProgress (3): 2.2/12 kB | 27/228 kB | 0/1.5 MBProgress (3): 2.2/12 kB | 27/228 kB | 0/1.5 MBProgress (3): 2.2/12 kB | 27/228 kB | 0/1.5 MBProgress (3): 2.2/12 kB | 27/228 kB | 0/1.5 MBProgress (3): 2.2/12 kB | 27/228 kB | 0/1.5 MBProgress (3): 2.2/12 kB | 27/228 kB | 0/1.5 MBProgress (4): 2.2/12 kB | 27/228 kB | 0/1.5 MB | 2.2/527 kBProgress (4): 2.2/12 kB | 27/228 kB | 0/1.5 MB | 5.0/527 kBProgress (4): 2.2/12 kB | 27/228 kB | 0/1.5 MB | 7.7/527 kBProgress (4): 2.2/12 kB | 27/228 kB | 0/1.5 MB | 10/527 kB Progress (4): 2.2/12 kB | 27/228 kB | 0/1.5 MB | 13/527 kBProgress (4): 2.2/12 kB | 27/228 kB | 0/1.5 MB | 16/527 kBProgress (4): 5.0/12 kB | 27/228 kB | 0/1.5 MB | 16/527 kBProgress (4): 7.7/12 kB | 27/228 kB | 0/1.5 MB | 16/527 kBProgress (4): 10/12 kB | 27/228 kB | 0/1.5 MB | 16/527 kB Progress (4): 12 kB | 27/228 kB | 0/1.5 MB | 16/527 kB   Progress (4): 12 kB | 30/228 kB | 0/1.5 MB | 16/527 kBProgress (4): 12 kB | 33/228 kB | 0/1.5 MB | 16/527 kBProgress (4): 12 kB | 37/228 kB | 0/1.5 MB | 16/527 kBProgress (4): 12 kB | 41/228 kB | 0/1.5 MB | 16/527 kBProgress (4): 12 kB | 45/228 kB | 0/1.5 MB | 16/527 kBProgress (4): 12 kB | 49/228 kB | 0/1.5 MB | 16/527 kBProgress (4): 12 kB | 53/228 kB | 0/1.5 MB | 16/527 kBProgress (4): 12 kB | 57/228 kB | 0/1.5 MB | 16/527 kBProgress (4): 12 kB | 61/228 kB | 0/1.5 MB | 16/527 kBProgress (4): 12 kB | 66/228 kB | 0/1.5 MB | 16/527 kBProgress (4): 12 kB | 70/228 kB | 0/1.5 MB | 16/527 kBProgress (4): 12 kB | 74/228 kB | 0/1.5 MB | 16/527 kBProgress (4): 12 kB | 78/228 kB | 0/1.5 MB | 16/527 kBProgress (4): 12 kB | 82/228 kB | 0/1.5 MB | 16/527 kBProgress (4): 12 kB | 86/228 kB | 0/1.5 MB | 16/527 kBProgress (4): 12 kB | 90/228 kB | 0/1.5 MB | 16/527 kBProgress (4): 12 kB | 94/228 kB | 0/1.5 MB | 16/527 kBProgress (4): 12 kB | 94/228 kB | 0/1.5 MB | 19/527 kBProgress (4): 12 kB | 94/228 kB | 0/1.5 MB | 21/527 kBProgress (4): 12 kB | 94/228 kB | 0/1.5 MB | 24/527 kBProgress (4): 12 kB | 94/228 kB | 0/1.5 MB | 27/527 kBProgress (4): 12 kB | 94/228 kB | 0/1.5 MB | 30/527 kBProgress (4): 12 kB | 94/228 kB | 0/1.5 MB | 32/527 kBProgress (4): 12 kB | 94/228 kB | 0/1.5 MB | 36/527 kBProgress (4): 12 kB | 94/228 kB | 0.1/1.5 MB | 36/527 kBProgress (4): 12 kB | 94/228 kB | 0.1/1.5 MB | 36/527 kBProgress (4): 12 kB | 94/228 kB | 0.1/1.5 MB | 36/527 kBProgress (4): 12 kB | 94/228 kB | 0.1/1.5 MB | 36/527 kB                                                        Downloaded from central: https://repo.maven.apache.org/maven2/org/apache/ant/ant-launcher/1.8.1/ant-launcher-1.8.1.jar (12 kB at 112 kB/s)
Downloading from central: https://repo.maven.apache.org/maven2/org/easyb/easyb-ast/1.1/easyb-ast-1.1.jar
Progress (3): 94/228 kB | 0.1/1.5 MB | 36/527 kBProgress (3): 94/228 kB | 0.1/1.5 MB | 36/527 kBProgress (3): 94/228 kB | 0.1/1.5 MB | 36/527 kBProgress (3): 94/228 kB | 0.1/1.5 MB | 36/527 kBProgress (3): 94/228 kB | 0.1/1.5 MB | 40/527 kBProgress (3): 94/228 kB | 0.1/1.5 MB | 45/527 kBProgress (3): 94/228 kB | 0.1/1.5 MB | 49/527 kBProgress (4): 94/228 kB | 0.1/1.5 MB | 49/527 kB | 0/7.3 MBProgress (4): 94/228 kB | 0.1/1.5 MB | 49/527 kB | 0/7.3 MBProgress (4): 94/228 kB | 0.1/1.5 MB | 49/527 kB | 0/7.3 MBProgress (4): 94/228 kB | 0.1/1.5 MB | 49/527 kB | 0/7.3 MBProgress (4): 94/228 kB | 0.1/1.5 MB | 49/527 kB | 0/7.3 MBProgress (4): 94/228 kB | 0.1/1.5 MB | 49/527 kB | 0/7.3 MBProgress (4): 94/228 kB | 0.1/1.5 MB | 49/527 kB | 0/7.3 MBProgress (4): 94/228 kB | 0.1/1.5 MB | 49/527 kB | 0/7.3 MBProgress (4): 94/228 kB | 0.1/1.5 MB | 49/527 kB | 0/7.3 MBProgress (4): 94/228 kB | 0.1/1.5 MB | 49/527 kB | 0/7.3 MBProgress (4): 94/228 kB | 0.1/1.5 MB | 49/527 kB | 0/7.3 MBProgress (4): 94/228 kB | 0.1/1.5 MB | 49/527 kB | 0/7.3 MBProgress (4): 98/228 kB | 0.1/1.5 MB | 49/527 kB | 0/7.3 MBProgress (4): 98/228 kB | 0.1/1.5 MB | 49/527 kB | 0/7.3 MBProgress (4): 98/228 kB | 0.1/1.5 MB | 49/527 kB | 0/7.3 MBProgress (4): 98/228 kB | 0.1/1.5 MB | 49/527 kB | 0/7.3 MBProgress (4): 98/228 kB | 0.1/1.5 MB | 49/527 kB | 0/7.3 MBProgress (4): 98/228 kB | 0.1/1.5 MB | 49/527 kB | 0/7.3 MBProgress (4): 98/228 kB | 0.1/1.5 MB | 53/527 kB | 0/7.3 MBProgress (4): 98/228 kB | 0.1/1.5 MB | 57/527 kB | 0/7.3 MBProgress (4): 98/228 kB | 0.1/1.5 MB | 61/527 kB | 0/7.3 MBProgress (4): 98/228 kB | 0.1/1.5 MB | 65/527 kB | 0/7.3 MBProgress (4): 98/228 kB | 0.1/1.5 MB | 69/527 kB | 0/7.3 MBProgress (4): 98/228 kB | 0.1/1.5 MB | 73/527 kB | 0/7.3 MBProgress (4): 98/228 kB | 0.1/1.5 MB | 77/527 kB | 0/7.3 MBProgress (4): 98/228 kB | 0.1/1.5 MB | 81/527 kB | 0/7.3 MBProgress (4): 98/228 kB | 0.1/1.5 MB | 85/527 kB | 0/7.3 MBProgress (4): 98/228 kB | 0.1/1.5 MB | 90/527 kB | 0/7.3 MBProgress (4): 98/228 kB | 0.1/1.5 MB | 94/527 kB | 0/7.3 MBProgress (4): 98/228 kB | 0.1/1.5 MB | 98/527 kB | 0/7.3 MBProgress (4): 98/228 kB | 0.1/1.5 MB | 98/527 kB | 0/7.3 MBProgress (4): 98/228 kB | 0.1/1.5 MB | 98/527 kB | 0/7.3 MBProgress (4): 98/228 kB | 0.1/1.5 MB | 98/527 kB | 0/7.3 MBProgress (4): 98/228 kB | 0.1/1.5 MB | 98/527 kB | 0/7.3 MBProgress (4): 98/228 kB | 0.1/1.5 MB | 98/527 kB | 0.1/7.3 MBProgress (4): 98/228 kB | 0.1/1.5 MB | 98/527 kB | 0.1/7.3 MBProgress (4): 98/228 kB | 0.1/1.5 MB | 98/527 kB | 0.1/7.3 MBProgress (4): 98/228 kB | 0.1/1.5 MB | 98/527 kB | 0.1/7.3 MBProgress (4): 98/228 kB | 0.1/1.5 MB | 98/527 kB | 0.1/7.3 MBProgress (4): 98/228 kB | 0.1/1.5 MB | 98/527 kB | 0.1/7.3 MBProgress (4): 98/228 kB | 0.1/1.5 MB | 98/527 kB | 0.1/7.3 MBProgress (4): 98/228 kB | 0.1/1.5 MB | 98/527 kB | 0.1/7.3 MBProgress (4): 98/228 kB | 0.1/1.5 MB | 98/527 kB | 0.1/7.3 MBProgress (4): 98/228 kB | 0.1/1.5 MB | 98/527 kB | 0.1/7.3 MBProgress (4): 98/228 kB | 0.1/1.5 MB | 98/527 kB | 0.1/7.3 MBProgress (4): 98/228 kB | 0.1/1.5 MB | 98/527 kB | 0.1/7.3 MBProgress (4): 98/228 kB | 0.1/1.5 MB | 98/527 kB | 0.1/7.3 MBProgress (4): 98/228 kB | 0.1/1.5 MB | 98/527 kB | 0.1/7.3 MBProgress (4): 98/228 kB | 0.1/1.5 MB | 98/527 kB | 0.1/7.3 MBProgress (4): 98/228 kB | 0.1/1.5 MB | 98/527 kB | 0.1/7.3 MBProgress (4): 98/228 kB | 0.1/1.5 MB | 102/527 kB | 0.1/7.3 MBProgress (4): 98/228 kB | 0.1/1.5 MB | 106/527 kB | 0.1/7.3 MBProgress (4): 98/228 kB | 0.1/1.5 MB | 110/527 kB | 0.1/7.3 MBProgress (4): 98/228 kB | 0.1/1.5 MB | 114/527 kB | 0.1/7.3 MBProgress (4): 98/228 kB | 0.1/1.5 MB | 118/527 kB | 0.1/7.3 MBProgress (4): 102/228 kB | 0.1/1.5 MB | 118/527 kB | 0.1/7.3 MBProgress (4): 106/228 kB | 0.1/1.5 MB | 118/527 kB | 0.1/7.3 MBProgress (4): 111/228 kB | 0.1/1.5 MB | 118/527 kB | 0.1/7.3 MBProgress (4): 115/228 kB | 0.1/1.5 MB | 118/527 kB | 0.1/7.3 MBProgress (4): 119/228 kB | 0.1/1.5 MB | 118/527 kB | 0.1/7.3 MBProgress (4): 123/228 kB | 0.1/1.5 MB | 118/527 kB | 0.1/7.3 MBProgress (4): 127/228 kB | 0.1/1.5 MB | 118/527 kB | 0.1/7.3 MBProgress (4): 131/228 kB | 0.1/1.5 MB | 118/527 kB | 0.1/7.3 MBProgress (4): 131/228 kB | 0.1/1.5 MB | 118/527 kB | 0.1/7.3 MBProgress (4): 131/228 kB | 0.1/1.5 MB | 118/527 kB | 0.1/7.3 MBProgress (4): 131/228 kB | 0.1/1.5 MB | 118/527 kB | 0.1/7.3 MBProgress (4): 131/228 kB | 0.1/1.5 MB | 118/527 kB | 0.1/7.3 MBProgress (4): 131/228 kB | 0.1/1.5 MB | 118/527 kB | 0.1/7.3 MBProgress (4): 131/228 kB | 0.1/1.5 MB | 118/527 kB | 0.1/7.3 MBProgress (4): 131/228 kB | 0.1/1.5 MB | 118/527 kB | 0.1/7.3 MBProgress (4): 131/228 kB | 0.1/1.5 MB | 118/527 kB | 0.1/7.3 MBProgress (4): 131/228 kB | 0.1/1.5 MB | 118/527 kB | 0.1/7.3 MBProgress (4): 131/228 kB | 0.1/1.5 MB | 118/527 kB | 0.1/7.3 MBProgress (4): 131/228 kB | 0.1/1.5 MB | 118/527 kB | 0.1/7.3 MBProgress (4): 135/228 kB | 0.1/1.5 MB | 118/527 kB | 0.1/7.3 MBProgress (4): 139/228 kB | 0.1/1.5 MB | 118/527 kB | 0.1/7.3 MBProgress (4): 143/228 kB | 0.1/1.5 MB | 118/527 kB | 0.1/7.3 MBProgress (4): 147/228 kB | 0.1/1.5 MB | 118/527 kB | 0.1/7.3 MBProgress (4): 152/228 kB | 0.1/1.5 MB | 118/527 kB | 0.1/7.3 MBProgress (4): 156/228 kB | 0.1/1.5 MB | 118/527 kB | 0.1/7.3 MBProgress (4): 160/228 kB | 0.1/1.5 MB | 118/527 kB | 0.1/7.3 MBProgress (4): 164/228 kB | 0.1/1.5 MB | 118/527 kB | 0.1/7.3 MBProgress (4): 164/228 kB | 0.1/1.5 MB | 122/527 kB | 0.1/7.3 MBProgress (4): 164/228 kB | 0.1/1.5 MB | 126/527 kB | 0.1/7.3 MBProgress (4): 164/228 kB | 0.1/1.5 MB | 131/527 kB | 0.1/7.3 MBProgress (4): 164/228 kB | 0.1/1.5 MB | 135/527 kB | 0.1/7.3 MBProgress (4): 164/228 kB | 0.1/1.5 MB | 139/527 kB | 0.1/7.3 MBProgress (4): 164/228 kB | 0.1/1.5 MB | 143/527 kB | 0.1/7.3 MBProgress (4): 164/228 kB | 0.1/1.5 MB | 147/527 kB | 0.1/7.3 MBProgress (4): 164/228 kB | 0.1/1.5 MB | 151/527 kB | 0.1/7.3 MBProgress (4): 164/228 kB | 0.1/1.5 MB | 155/527 kB | 0.1/7.3 MBProgress (4): 164/228 kB | 0.1/1.5 MB | 159/527 kB | 0.1/7.3 MBProgress (4): 164/228 kB | 0.1/1.5 MB | 163/527 kB | 0.1/7.3 MBProgress (4): 164/228 kB | 0.1/1.5 MB | 167/527 kB | 0.1/7.3 MBProgress (4): 164/228 kB | 0.1/1.5 MB | 171/527 kB | 0.1/7.3 MBProgress (4): 164/228 kB | 0.1/1.5 MB | 176/527 kB | 0.1/7.3 MBProgress (4): 164/228 kB | 0.1/1.5 MB | 180/527 kB | 0.1/7.3 MBProgress (4): 168/228 kB | 0.1/1.5 MB | 180/527 kB | 0.1/7.3 MBProgress (4): 172/228 kB | 0.1/1.5 MB | 180/527 kB | 0.1/7.3 MBProgress (4): 176/228 kB | 0.1/1.5 MB | 180/527 kB | 0.1/7.3 MBProgress (4): 180/228 kB | 0.1/1.5 MB | 180/527 kB | 0.1/7.3 MBProgress (4): 180/228 kB | 0.1/1.5 MB | 180/527 kB | 0.1/7.3 MBProgress (4): 180/228 kB | 0.1/1.5 MB | 180/527 kB | 0.1/7.3 MBProgress (4): 180/228 kB | 0.1/1.5 MB | 180/527 kB | 0.1/7.3 MBProgress (4): 180/228 kB | 0.1/1.5 MB | 180/527 kB | 0.1/7.3 MBProgress (4): 180/228 kB | 0.1/1.5 MB | 180/527 kB | 0.1/7.3 MBProgress (4): 180/228 kB | 0.1/1.5 MB | 180/527 kB | 0.1/7.3 MBProgress (4): 180/228 kB | 0.1/1.5 MB | 180/527 kB | 0.1/7.3 MBProgress (4): 180/228 kB | 0.1/1.5 MB | 180/527 kB | 0.1/7.3 MBProgress (4): 180/228 kB | 0.1/1.5 MB | 180/527 kB | 0.2/7.3 MBProgress (4): 180/228 kB | 0.1/1.5 MB | 180/527 kB | 0.2/7.3 MBProgress (4): 180/228 kB | 0.1/1.5 MB | 180/527 kB | 0.2/7.3 MBProgress (4): 180/228 kB | 0.2/1.5 MB | 180/527 kB | 0.2/7.3 MBProgress (4): 180/228 kB | 0.2/1.5 MB | 180/527 kB | 0.2/7.3 MBProgress (4): 180/228 kB | 0.2/1.5 MB | 180/527 kB | 0.2/7.3 MBProgress (4): 180/228 kB | 0.2/1.5 MB | 180/527 kB | 0.2/7.3 MBProgress (4): 180/228 kB | 0.2/1.5 MB | 180/527 kB | 0.2/7.3 MBProgress (4): 180/228 kB | 0.2/1.5 MB | 180/527 kB | 0.2/7.3 MBProgress (4): 180/228 kB | 0.2/1.5 MB | 180/527 kB | 0.2/7.3 MBProgress (4): 180/228 kB | 0.2/1.5 MB | 180/527 kB | 0.2/7.3 MBProgress (4): 180/228 kB | 0.2/1.5 MB | 180/527 kB | 0.2/7.3 MBProgress (4): 180/228 kB | 0.2/1.5 MB | 180/527 kB | 0.2/7.3 MBProgress (4): 180/228 kB | 0.2/1.5 MB | 180/527 kB | 0.2/7.3 MBProgress (4): 180/228 kB | 0.2/1.5 MB | 180/527 kB | 0.2/7.3 MBProgress (4): 180/228 kB | 0.2/1.5 MB | 180/527 kB | 0.2/7.3 MBProgress (4): 180/228 kB | 0.2/1.5 MB | 180/527 kB | 0.2/7.3 MBProgress (4): 180/228 kB | 0.2/1.5 MB | 180/527 kB | 0.2/7.3 MBProgress (4): 180/228 kB | 0.2/1.5 MB | 180/527 kB | 0.2/7.3 MBProgress (4): 180/228 kB | 0.2/1.5 MB | 184/527 kB | 0.2/7.3 MBProgress (4): 184/228 kB | 0.2/1.5 MB | 184/527 kB | 0.2/7.3 MBProgress (4): 188/228 kB | 0.2/1.5 MB | 184/527 kB | 0.2/7.3 MBProgress (4): 193/228 kB | 0.2/1.5 MB | 184/527 kB | 0.2/7.3 MBProgress (4): 197/228 kB | 0.2/1.5 MB | 184/527 kB | 0.2/7.3 MBProgress (4): 201/228 kB | 0.2/1.5 MB | 184/527 kB | 0.2/7.3 MBProgress (4): 205/228 kB | 0.2/1.5 MB | 184/527 kB | 0.2/7.3 MBProgress (4): 209/228 kB | 0.2/1.5 MB | 184/527 kB | 0.2/7.3 MBProgress (4): 209/228 kB | 0.2/1.5 MB | 184/527 kB | 0.2/7.3 MBProgress (4): 209/228 kB | 0.2/1.5 MB | 184/527 kB | 0.2/7.3 MBProgress (4): 209/228 kB | 0.2/1.5 MB | 184/527 kB | 0.2/7.3 MBProgress (4): 209/228 kB | 0.2/1.5 MB | 184/527 kB | 0.2/7.3 MBProgress (4): 209/228 kB | 0.2/1.5 MB | 184/527 kB | 0.2/7.3 MBProgress (4): 213/228 kB | 0.2/1.5 MB | 184/527 kB | 0.2/7.3 MBProgress (4): 217/228 kB | 0.2/1.5 MB | 184/527 kB | 0.2/7.3 MBProgress (4): 221/228 kB | 0.2/1.5 MB | 184/527 kB | 0.2/7.3 MBProgress (4): 225/228 kB | 0.2/1.5 MB | 184/527 kB | 0.2/7.3 MBProgress (4): 228 kB | 0.2/1.5 MB | 184/527 kB | 0.2/7.3 MB    Progress (4): 228 kB | 0.2/1.5 MB | 188/527 kB | 0.2/7.3 MBProgress (5): 228 kB | 0.2/1.5 MB | 188/527 kB | 0.2/7.3 MB | 2.2/8.9 kBProgress (5): 228 kB | 0.2/1.5 MB | 188/527 kB | 0.2/7.3 MB | 5.0/8.9 kBProgress (5): 228 kB | 0.2/1.5 MB | 188/527 kB | 0.2/7.3 MB | 7.7/8.9 kBProgress (5): 228 kB | 0.2/1.5 MB | 188/527 kB | 0.2/7.3 MB | 8.9 kB    Progress (5): 228 kB | 0.2/1.5 MB | 192/527 kB | 0.2/7.3 MB | 8.9 kBProgress (5): 228 kB | 0.2/1.5 MB | 196/527 kB | 0.2/7.3 MB | 8.9 kBProgress (5): 228 kB | 0.2/1.5 MB | 200/527 kB | 0.2/7.3 MB | 8.9 kBProgress (5): 228 kB | 0.2/1.5 MB | 204/527 kB | 0.2/7.3 MB | 8.9 kBProgress (5): 228 kB | 0.2/1.5 MB | 208/527 kB | 0.2/7.3 MB | 8.9 kBProgress (5): 228 kB | 0.2/1.5 MB | 212/527 kB | 0.2/7.3 MB | 8.9 kBProgress (5): 228 kB | 0.2/1.5 MB | 217/527 kB | 0.2/7.3 MB | 8.9 kBProgress (5): 228 kB | 0.2/1.5 MB | 219/527 kB | 0.2/7.3 MB | 8.9 kBProgress (5): 228 kB | 0.2/1.5 MB | 219/527 kB | 0.2/7.3 MB | 8.9 kBProgress (5): 228 kB | 0.2/1.5 MB | 219/527 kB | 0.2/7.3 MB | 8.9 kBProgress (5): 228 kB | 0.2/1.5 MB | 219/527 kB | 0.2/7.3 MB | 8.9 kBProgress (5): 228 kB | 0.2/1.5 MB | 219/527 kB | 0.2/7.3 MB | 8.9 kBProgress (5): 228 kB | 0.2/1.5 MB | 219/527 kB | 0.2/7.3 MB | 8.9 kB                                                                    Downloaded from central: https://repo.maven.apache.org/maven2/org/easyb/easyb-ast/1.1/easyb-ast-1.1.jar (8.9 kB at 38 kB/s)
Downloading from central: https://repo.maven.apache.org/maven2/commons-cli/commons-cli/1.2/commons-cli-1.2.jar
Progress (4): 228 kB | 0.2/1.5 MB | 219/527 kB | 0.2/7.3 MBProgress (4): 228 kB | 0.2/1.5 MB | 219/527 kB | 0.2/7.3 MBProgress (4): 228 kB | 0.2/1.5 MB | 219/527 kB | 0.2/7.3 MBProgress (4): 228 kB | 0.2/1.5 MB | 219/527 kB | 0.2/7.3 MBProgress (4): 228 kB | 0.2/1.5 MB | 219/527 kB | 0.2/7.3 MBProgress (4): 228 kB | 0.2/1.5 MB | 219/527 kB | 0.2/7.3 MBProgress (4): 228 kB | 0.2/1.5 MB | 219/527 kB | 0.2/7.3 MBProgress (5): 228 kB | 0.2/1.5 MB | 219/527 kB | 0.2/7.3 MB | 4.1/41 kBProgress (5): 228 kB | 0.2/1.5 MB | 219/527 kB | 0.2/7.3 MB | 7.6/41 kBProgress (5): 228 kB | 0.2/1.5 MB | 219/527 kB | 0.2/7.3 MB | 12/41 kB Progress (5): 228 kB | 0.2/1.5 MB | 219/527 kB | 0.2/7.3 MB | 16/41 kBProgress (5): 228 kB | 0.2/1.5 MB | 219/527 kB | 0.2/7.3 MB | 20/41 kBProgress (5): 228 kB | 0.2/1.5 MB | 219/527 kB | 0.2/7.3 MB | 24/41 kBProgress (5): 228 kB | 0.2/1.5 MB | 219/527 kB | 0.2/7.3 MB | 28/41 kB                                                                      Downloaded from central: https://repo.maven.apache.org/maven2/org/codehaus/plexus/plexus-utils/1.5.15/plexus-utils-1.5.15.jar (228 kB at 776 kB/s)
Downloading from central: https://repo.maven.apache.org/maven2/commons-lang/commons-lang/2.5/commons-lang-2.5.jar
Progress (4): 0.2/1.5 MB | 223/527 kB | 0.2/7.3 MB | 28/41 kBProgress (4): 0.2/1.5 MB | 227/527 kB | 0.2/7.3 MB | 28/41 kBProgress (4): 0.2/1.5 MB | 231/527 kB | 0.2/7.3 MB | 28/41 kBProgress (4): 0.2/1.5 MB | 235/527 kB | 0.2/7.3 MB | 28/41 kBProgress (4): 0.2/1.5 MB | 239/527 kB | 0.2/7.3 MB | 28/41 kBProgress (4): 0.2/1.5 MB | 243/527 kB | 0.2/7.3 MB | 28/41 kBProgress (4): 0.2/1.5 MB | 247/527 kB | 0.2/7.3 MB | 28/41 kBProgress (4): 0.2/1.5 MB | 251/527 kB | 0.2/7.3 MB | 28/41 kBProgress (4): 0.2/1.5 MB | 256/527 kB | 0.2/7.3 MB | 28/41 kBProgress (4): 0.2/1.5 MB | 260/527 kB | 0.2/7.3 MB | 28/41 kBProgress (4): 0.2/1.5 MB | 264/527 kB | 0.2/7.3 MB | 28/41 kBProgress (4): 0.2/1.5 MB | 268/527 kB | 0.2/7.3 MB | 28/41 kBProgress (4): 0.2/1.5 MB | 272/527 kB | 0.2/7.3 MB | 28/41 kBProgress (4): 0.2/1.5 MB | 276/527 kB | 0.2/7.3 MB | 28/41 kBProgress (4): 0.2/1.5 MB | 280/527 kB | 0.2/7.3 MB | 28/41 kBProgress (4): 0.2/1.5 MB | 280/527 kB | 0.2/7.3 MB | 28/41 kBProgress (4): 0.2/1.5 MB | 280/527 kB | 0.2/7.3 MB | 28/41 kBProgress (4): 0.2/1.5 MB | 280/527 kB | 0.2/7.3 MB | 28/41 kBProgress (4): 0.2/1.5 MB | 280/527 kB | 0.2/7.3 MB | 28/41 kBProgress (4): 0.2/1.5 MB | 280/527 kB | 0.2/7.3 MB | 28/41 kBProgress (4): 0.3/1.5 MB | 280/527 kB | 0.2/7.3 MB | 28/41 kBProgress (4): 0.3/1.5 MB | 280/527 kB | 0.2/7.3 MB | 28/41 kBProgress (4): 0.3/1.5 MB | 280/527 kB | 0.2/7.3 MB | 28/41 kBProgress (4): 0.3/1.5 MB | 280/527 kB | 0.2/7.3 MB | 28/41 kBProgress (4): 0.3/1.5 MB | 280/527 kB | 0.2/7.3 MB | 28/41 kBProgress (4): 0.3/1.5 MB | 280/527 kB | 0.2/7.3 MB | 28/41 kBProgress (4): 0.3/1.5 MB | 280/527 kB | 0.2/7.3 MB | 28/41 kBProgress (4): 0.3/1.5 MB | 280/527 kB | 0.2/7.3 MB | 28/41 kBProgress (4): 0.3/1.5 MB | 280/527 kB | 0.2/7.3 MB | 28/41 kBProgress (4): 0.3/1.5 MB | 280/527 kB | 0.2/7.3 MB | 28/41 kBProgress (4): 0.3/1.5 MB | 280/527 kB | 0.2/7.3 MB | 28/41 kBProgress (5): 0.3/1.5 MB | 280/527 kB | 0.2/7.3 MB | 28/41 kB | 2.8/279 kBProgress (5): 0.3/1.5 MB | 280/527 kB | 0.2/7.3 MB | 28/41 kB | 5.5/279 kBProgress (5): 0.3/1.5 MB | 280/527 kB | 0.2/7.3 MB | 28/41 kB | 8.3/279 kBProgress (5): 0.3/1.5 MB | 280/527 kB | 0.2/7.3 MB | 28/41 kB | 11/279 kB Progress (5): 0.3/1.5 MB | 280/527 kB | 0.2/7.3 MB | 28/41 kB | 14/279 kBProgress (5): 0.3/1.5 MB | 280/527 kB | 0.2/7.3 MB | 28/41 kB | 16/279 kBProgress (5): 0.3/1.5 MB | 280/527 kB | 0.2/7.3 MB | 32/41 kB | 16/279 kBProgress (5): 0.3/1.5 MB | 280/527 kB | 0.2/7.3 MB | 36/41 kB | 16/279 kBProgress (5): 0.3/1.5 MB | 280/527 kB | 0.2/7.3 MB | 40/41 kB | 16/279 kBProgress (5): 0.3/1.5 MB | 280/527 kB | 0.2/7.3 MB | 41 kB | 16/279 kB   Progress (5): 0.3/1.5 MB | 280/527 kB | 0.2/7.3 MB | 41 kB | 16/279 kBProgress (5): 0.3/1.5 MB | 280/527 kB | 0.2/7.3 MB | 41 kB | 16/279 kBProgress (5): 0.3/1.5 MB | 280/527 kB | 0.2/7.3 MB | 41 kB | 16/279 kBProgress (5): 0.3/1.5 MB | 280/527 kB | 0.2/7.3 MB | 41 kB | 16/279 kBProgress (5): 0.3/1.5 MB | 280/527 kB | 0.2/7.3 MB | 41 kB | 16/279 kBProgress (5): 0.3/1.5 MB | 280/527 kB | 0.2/7.3 MB | 41 kB | 16/279 kBProgress (5): 0.3/1.5 MB | 280/527 kB | 0.2/7.3 MB | 41 kB | 16/279 kBProgress (5): 0.3/1.5 MB | 280/527 kB | 0.2/7.3 MB | 41 kB | 16/279 kBProgress (5): 0.3/1.5 MB | 280/527 kB | 0.2/7.3 MB | 41 kB | 16/279 kBProgress (5): 0.3/1.5 MB | 280/527 kB | 0.3/7.3 MB | 41 kB | 16/279 kBProgress (5): 0.3/1.5 MB | 280/527 kB | 0.3/7.3 MB | 41 kB | 16/279 kBProgress (5): 0.3/1.5 MB | 280/527 kB | 0.3/7.3 MB | 41 kB | 16/279 kBProgress (5): 0.3/1.5 MB | 280/527 kB | 0.3/7.3 MB | 41 kB | 16/279 kBProgress (5): 0.3/1.5 MB | 280/527 kB | 0.3/7.3 MB | 41 kB | 16/279 kBProgress (5): 0.3/1.5 MB | 280/527 kB | 0.3/7.3 MB | 41 kB | 16/279 kBProgress (5): 0.3/1.5 MB | 280/527 kB | 0.3/7.3 MB | 41 kB | 16/279 kBProgress (5): 0.3/1.5 MB | 284/527 kB | 0.3/7.3 MB | 41 kB | 16/279 kBProgress (5): 0.3/1.5 MB | 288/527 kB | 0.3/7.3 MB | 41 kB | 16/279 kBProgress (5): 0.3/1.5 MB | 292/527 kB | 0.3/7.3 MB | 41 kB | 16/279 kBProgress (5): 0.3/1.5 MB | 297/527 kB | 0.3/7.3 MB | 41 kB | 16/279 kBProgress (5): 0.3/1.5 MB | 301/527 kB | 0.3/7.3 MB | 41 kB | 16/279 kBProgress (5): 0.3/1.5 MB | 305/527 kB | 0.3/7.3 MB | 41 kB | 16/279 kBProgress (5): 0.3/1.5 MB | 309/527 kB | 0.3/7.3 MB | 41 kB | 16/279 kBProgress (5): 0.3/1.5 MB | 313/527 kB | 0.3/7.3 MB | 41 kB | 16/279 kBProgress (5): 0.3/1.5 MB | 317/527 kB | 0.3/7.3 MB | 41 kB | 16/279 kBProgress (5): 0.3/1.5 MB | 321/527 kB | 0.3/7.3 MB | 41 kB | 16/279 kBProgress (5): 0.3/1.5 MB | 325/527 kB | 0.3/7.3 MB | 41 kB | 16/279 kBProgress (5): 0.3/1.5 MB | 329/527 kB | 0.3/7.3 MB | 41 kB | 16/279 kBProgress (5): 0.3/1.5 MB | 333/527 kB | 0.3/7.3 MB | 41 kB | 16/279 kBProgress (5): 0.3/1.5 MB | 338/527 kB | 0.3/7.3 MB | 41 kB | 16/279 kBProgress (5): 0.3/1.5 MB | 342/527 kB | 0.3/7.3 MB | 41 kB | 16/279 kBProgress (5): 0.3/1.5 MB | 346/527 kB | 0.3/7.3 MB | 41 kB | 16/279 kBProgress (5): 0.3/1.5 MB | 350/527 kB | 0.3/7.3 MB | 41 kB | 16/279 kBProgress (5): 0.3/1.5 MB | 354/527 kB | 0.3/7.3 MB | 41 kB | 16/279 kBProgress (5): 0.3/1.5 MB | 358/527 kB | 0.3/7.3 MB | 41 kB | 16/279 kBProgress (5): 0.3/1.5 MB | 362/527 kB | 0.3/7.3 MB | 41 kB | 16/279 kBProgress (5): 0.3/1.5 MB | 362/527 kB | 0.3/7.3 MB | 41 kB | 16/279 kBProgress (5): 0.3/1.5 MB | 362/527 kB | 0.3/7.3 MB | 41 kB | 16/279 kBProgress (5): 0.3/1.5 MB | 362/527 kB | 0.3/7.3 MB | 41 kB | 16/279 kBProgress (5): 0.3/1.5 MB | 362/527 kB | 0.3/7.3 MB | 41 kB | 16/279 kBProgress (5): 0.3/1.5 MB | 362/527 kB | 0.3/7.3 MB | 41 kB | 16/279 kBProgress (5): 0.3/1.5 MB | 362/527 kB | 0.3/7.3 MB | 41 kB | 16/279 kBProgress (5): 0.3/1.5 MB | 362/527 kB | 0.3/7.3 MB | 41 kB | 16/279 kBProgress (5): 0.3/1.5 MB | 362/527 kB | 0.3/7.3 MB | 41 kB | 16/279 kB                                                                      Downloaded from central: https://repo.maven.apache.org/maven2/commons-cli/commons-cli/1.2/commons-cli-1.2.jar (41 kB at 128 kB/s)
Downloading from central: https://repo.maven.apache.org/maven2/junit/junit/4.11/junit-4.11.jar
Progress (4): 0.3/1.5 MB | 362/527 kB | 0.3/7.3 MB | 19/279 kBProgress (4): 0.3/1.5 MB | 362/527 kB | 0.3/7.3 MB | 22/279 kBProgress (4): 0.3/1.5 MB | 362/527 kB | 0.3/7.3 MB | 25/279 kBProgress (4): 0.3/1.5 MB | 362/527 kB | 0.3/7.3 MB | 27/279 kBProgress (4): 0.3/1.5 MB | 362/527 kB | 0.3/7.3 MB | 30/279 kBProgress (4): 0.3/1.5 MB | 362/527 kB | 0.3/7.3 MB | 33/279 kBProgress (4): 0.3/1.5 MB | 362/527 kB | 0.3/7.3 MB | 37/279 kBProgress (4): 0.3/1.5 MB | 362/527 kB | 0.3/7.3 MB | 41/279 kBProgress (4): 0.3/1.5 MB | 362/527 kB | 0.3/7.3 MB | 45/279 kBProgress (4): 0.3/1.5 MB | 362/527 kB | 0.3/7.3 MB | 49/279 kBProgress (4): 0.3/1.5 MB | 362/527 kB | 0.3/7.3 MB | 53/279 kBProgress (4): 0.3/1.5 MB | 362/527 kB | 0.3/7.3 MB | 57/279 kBProgress (4): 0.3/1.5 MB | 362/527 kB | 0.3/7.3 MB | 61/279 kBProgress (4): 0.3/1.5 MB | 362/527 kB | 0.3/7.3 MB | 66/279 kBProgress (4): 0.3/1.5 MB | 362/527 kB | 0.3/7.3 MB | 70/279 kBProgress (4): 0.3/1.5 MB | 362/527 kB | 0.3/7.3 MB | 74/279 kBProgress (4): 0.3/1.5 MB | 362/527 kB | 0.3/7.3 MB | 78/279 kBProgress (4): 0.3/1.5 MB | 362/527 kB | 0.3/7.3 MB | 82/279 kBProgress (4): 0.3/1.5 MB | 362/527 kB | 0.3/7.3 MB | 82/279 kBProgress (4): 0.3/1.5 MB | 362/527 kB | 0.3/7.3 MB | 82/279 kBProgress (4): 0.3/1.5 MB | 362/527 kB | 0.3/7.3 MB | 82/279 kBProgress (4): 0.3/1.5 MB | 362/527 kB | 0.3/7.3 MB | 82/279 kBProgress (4): 0.3/1.5 MB | 362/527 kB | 0.3/7.3 MB | 82/279 kBProgress (4): 0.3/1.5 MB | 362/527 kB | 0.3/7.3 MB | 82/279 kBProgress (4): 0.3/1.5 MB | 362/527 kB | 0.3/7.3 MB | 82/279 kBProgress (4): 0.3/1.5 MB | 362/527 kB | 0.3/7.3 MB | 82/279 kBProgress (4): 0.3/1.5 MB | 362/527 kB | 0.3/7.3 MB | 82/279 kBProgress (4): 0.3/1.5 MB | 362/527 kB | 0.3/7.3 MB | 82/279 kBProgress (4): 0.3/1.5 MB | 362/527 kB | 0.3/7.3 MB | 82/279 kBProgress (4): 0.3/1.5 MB | 362/527 kB | 0.3/7.3 MB | 82/279 kBProgress (4): 0.3/1.5 MB | 362/527 kB | 0.3/7.3 MB | 82/279 kBProgress (4): 0.3/1.5 MB | 362/527 kB | 0.3/7.3 MB | 82/279 kBProgress (4): 0.3/1.5 MB | 362/527 kB | 0.3/7.3 MB | 82/279 kBProgress (4): 0.3/1.5 MB | 362/527 kB | 0.3/7.3 MB | 82/279 kBProgress (4): 0.3/1.5 MB | 362/527 kB | 0.3/7.3 MB | 82/279 kBProgress (4): 0.3/1.5 MB | 362/527 kB | 0.4/7.3 MB | 82/279 kBProgress (4): 0.3/1.5 MB | 362/527 kB | 0.4/7.3 MB | 82/279 kBProgress (4): 0.3/1.5 MB | 362/527 kB | 0.4/7.3 MB | 82/279 kBProgress (4): 0.3/1.5 MB | 362/527 kB | 0.4/7.3 MB | 82/279 kBProgress (4): 0.3/1.5 MB | 362/527 kB | 0.4/7.3 MB | 82/279 kBProgress (4): 0.3/1.5 MB | 362/527 kB | 0.4/7.3 MB | 82/279 kBProgress (4): 0.3/1.5 MB | 362/527 kB | 0.4/7.3 MB | 82/279 kBProgress (4): 0.3/1.5 MB | 362/527 kB | 0.4/7.3 MB | 82/279 kBProgress (4): 0.3/1.5 MB | 362/527 kB | 0.4/7.3 MB | 82/279 kBProgress (4): 0.3/1.5 MB | 362/527 kB | 0.4/7.3 MB | 82/279 kBProgress (4): 0.3/1.5 MB | 362/527 kB | 0.4/7.3 MB | 82/279 kBProgress (4): 0.3/1.5 MB | 362/527 kB | 0.4/7.3 MB | 82/279 kBProgress (4): 0.3/1.5 MB | 362/527 kB | 0.4/7.3 MB | 82/279 kBProgress (4): 0.3/1.5 MB | 362/527 kB | 0.4/7.3 MB | 82/279 kBProgress (4): 0.3/1.5 MB | 362/527 kB | 0.4/7.3 MB | 82/279 kBProgress (4): 0.3/1.5 MB | 362/527 kB | 0.4/7.3 MB | 86/279 kBProgress (4): 0.3/1.5 MB | 362/527 kB | 0.4/7.3 MB | 90/279 kBProgress (4): 0.3/1.5 MB | 362/527 kB | 0.4/7.3 MB | 94/279 kBProgress (4): 0.3/1.5 MB | 362/527 kB | 0.4/7.3 MB | 98/279 kBProgress (4): 0.3/1.5 MB | 362/527 kB | 0.4/7.3 MB | 102/279 kBProgress (4): 0.3/1.5 MB | 362/527 kB | 0.4/7.3 MB | 106/279 kBProgress (4): 0.3/1.5 MB | 362/527 kB | 0.4/7.3 MB | 111/279 kBProgress (4): 0.3/1.5 MB | 362/527 kB | 0.4/7.3 MB | 115/279 kBProgress (4): 0.3/1.5 MB | 362/527 kB | 0.4/7.3 MB | 119/279 kBProgress (4): 0.3/1.5 MB | 362/527 kB | 0.4/7.3 MB | 123/279 kBProgress (4): 0.3/1.5 MB | 362/527 kB | 0.4/7.3 MB | 127/279 kBProgress (4): 0.3/1.5 MB | 362/527 kB | 0.4/7.3 MB | 131/279 kBProgress (4): 0.3/1.5 MB | 362/527 kB | 0.4/7.3 MB | 135/279 kBProgress (4): 0.3/1.5 MB | 362/527 kB | 0.4/7.3 MB | 139/279 kBProgress (4): 0.3/1.5 MB | 362/527 kB | 0.4/7.3 MB | 143/279 kBProgress (4): 0.3/1.5 MB | 362/527 kB | 0.4/7.3 MB | 147/279 kBProgress (4): 0.3/1.5 MB | 366/527 kB | 0.4/7.3 MB | 147/279 kBProgress (4): 0.3/1.5 MB | 370/527 kB | 0.4/7.3 MB | 147/279 kBProgress (4): 0.3/1.5 MB | 374/527 kB | 0.4/7.3 MB | 147/279 kBProgress (4): 0.3/1.5 MB | 378/527 kB | 0.4/7.3 MB | 147/279 kBProgress (4): 0.3/1.5 MB | 383/527 kB | 0.4/7.3 MB | 147/279 kBProgress (4): 0.3/1.5 MB | 387/527 kB | 0.4/7.3 MB | 147/279 kBProgress (4): 0.3/1.5 MB | 391/527 kB | 0.4/7.3 MB | 147/279 kBProgress (4): 0.3/1.5 MB | 395/527 kB | 0.4/7.3 MB | 147/279 kBProgress (4): 0.3/1.5 MB | 399/527 kB | 0.4/7.3 MB | 147/279 kBProgress (4): 0.3/1.5 MB | 403/527 kB | 0.4/7.3 MB | 147/279 kBProgress (4): 0.3/1.5 MB | 407/527 kB | 0.4/7.3 MB | 147/279 kBProgress (4): 0.3/1.5 MB | 411/527 kB | 0.4/7.3 MB | 147/279 kBProgress (4): 0.3/1.5 MB | 415/527 kB | 0.4/7.3 MB | 147/279 kBProgress (4): 0.3/1.5 MB | 419/527 kB | 0.4/7.3 MB | 147/279 kBProgress (4): 0.3/1.5 MB | 424/527 kB | 0.4/7.3 MB | 147/279 kBProgress (4): 0.3/1.5 MB | 428/527 kB | 0.4/7.3 MB | 147/279 kBProgress (4): 0.3/1.5 MB | 432/527 kB | 0.4/7.3 MB | 147/279 kBProgress (4): 0.3/1.5 MB | 436/527 kB | 0.4/7.3 MB | 147/279 kBProgress (4): 0.3/1.5 MB | 436/527 kB | 0.4/7.3 MB | 147/279 kBProgress (4): 0.3/1.5 MB | 436/527 kB | 0.4/7.3 MB | 147/279 kBProgress (4): 0.3/1.5 MB | 436/527 kB | 0.4/7.3 MB | 147/279 kBProgress (4): 0.3/1.5 MB | 436/527 kB | 0.4/7.3 MB | 147/279 kBProgress (4): 0.3/1.5 MB | 436/527 kB | 0.4/7.3 MB | 147/279 kBProgress (4): 0.4/1.5 MB | 436/527 kB | 0.4/7.3 MB | 147/279 kBProgress (4): 0.4/1.5 MB | 436/527 kB | 0.4/7.3 MB | 147/279 kBProgress (4): 0.4/1.5 MB | 436/527 kB | 0.4/7.3 MB | 147/279 kBProgress (4): 0.4/1.5 MB | 436/527 kB | 0.4/7.3 MB | 147/279 kBProgress (4): 0.4/1.5 MB | 436/527 kB | 0.4/7.3 MB | 147/279 kBProgress (4): 0.4/1.5 MB | 436/527 kB | 0.4/7.3 MB | 147/279 kBProgress (4): 0.4/1.5 MB | 436/527 kB | 0.4/7.3 MB | 147/279 kB                                                               Downloaded from central: https://repo.maven.apache.org/maven2/junit/junit/4.11/junit-4.11.jar (0 B at 0 B/s)
Progress (4): 0.4/1.5 MB | 436/527 kB | 0.4/7.3 MB | 152/279 kBProgress (4): 0.4/1.5 MB | 436/527 kB | 0.4/7.3 MB | 156/279 kBProgress (4): 0.4/1.5 MB | 436/527 kB | 0.4/7.3 MB | 160/279 kBProgress (4): 0.4/1.5 MB | 436/527 kB | 0.4/7.3 MB | 164/279 kBProgress (4): 0.4/1.5 MB | 436/527 kB | 0.4/7.3 MB | 168/279 kBProgress (4): 0.4/1.5 MB | 436/527 kB | 0.4/7.3 MB | 172/279 kBProgress (4): 0.4/1.5 MB | 436/527 kB | 0.4/7.3 MB | 176/279 kBProgress (4): 0.4/1.5 MB | 436/527 kB | 0.4/7.3 MB | 180/279 kBProgress (4): 0.4/1.5 MB | 436/527 kB | 0.4/7.3 MB | 184/279 kBProgress (4): 0.4/1.5 MB | 436/527 kB | 0.4/7.3 MB | 188/279 kBProgress (4): 0.4/1.5 MB | 436/527 kB | 0.4/7.3 MB | 193/279 kBProgress (4): 0.4/1.5 MB | 436/527 kB | 0.4/7.3 MB | 197/279 kBProgress (4): 0.4/1.5 MB | 436/527 kB | 0.4/7.3 MB | 197/279 kBProgress (4): 0.4/1.5 MB | 436/527 kB | 0.4/7.3 MB | 197/279 kBProgress (4): 0.4/1.5 MB | 436/527 kB | 0.4/7.3 MB | 197/279 kBProgress (4): 0.4/1.5 MB | 436/527 kB | 0.4/7.3 MB | 197/279 kBProgress (4): 0.4/1.5 MB | 436/527 kB | 0.4/7.3 MB | 197/279 kBProgress (4): 0.4/1.5 MB | 436/527 kB | 0.4/7.3 MB | 197/279 kBProgress (4): 0.4/1.5 MB | 436/527 kB | 0.4/7.3 MB | 197/279 kBProgress (4): 0.4/1.5 MB | 436/527 kB | 0.4/7.3 MB | 197/279 kBProgress (4): 0.4/1.5 MB | 436/527 kB | 0.4/7.3 MB | 197/279 kBProgress (4): 0.4/1.5 MB | 436/527 kB | 0.4/7.3 MB | 197/279 kBProgress (4): 0.4/1.5 MB | 436/527 kB | 0.5/7.3 MB | 197/279 kBProgress (4): 0.4/1.5 MB | 436/527 kB | 0.5/7.3 MB | 197/279 kBProgress (4): 0.4/1.5 MB | 436/527 kB | 0.5/7.3 MB | 197/279 kBProgress (4): 0.4/1.5 MB | 436/527 kB | 0.5/7.3 MB | 197/279 kBProgress (4): 0.4/1.5 MB | 436/527 kB | 0.5/7.3 MB | 197/279 kBProgress (4): 0.4/1.5 MB | 436/527 kB | 0.5/7.3 MB | 197/279 kBProgress (4): 0.4/1.5 MB | 436/527 kB | 0.5/7.3 MB | 197/279 kBProgress (4): 0.4/1.5 MB | 436/527 kB | 0.5/7.3 MB | 197/279 kBProgress (4): 0.4/1.5 MB | 440/527 kB | 0.5/7.3 MB | 197/279 kBProgress (4): 0.4/1.5 MB | 444/527 kB | 0.5/7.3 MB | 197/279 kBProgress (4): 0.4/1.5 MB | 448/527 kB | 0.5/7.3 MB | 197/279 kBProgress (4): 0.4/1.5 MB | 452/527 kB | 0.5/7.3 MB | 197/279 kBProgress (4): 0.4/1.5 MB | 456/527 kB | 0.5/7.3 MB | 197/279 kBProgress (4): 0.4/1.5 MB | 460/527 kB | 0.5/7.3 MB | 197/279 kBProgress (4): 0.4/1.5 MB | 464/527 kB | 0.5/7.3 MB | 197/279 kBProgress (4): 0.4/1.5 MB | 469/527 kB | 0.5/7.3 MB | 197/279 kBProgress (4): 0.4/1.5 MB | 473/527 kB | 0.5/7.3 MB | 197/279 kBProgress (4): 0.4/1.5 MB | 477/527 kB | 0.5/7.3 MB | 197/279 kBProgress (4): 0.4/1.5 MB | 481/527 kB | 0.5/7.3 MB | 197/279 kBProgress (4): 0.4/1.5 MB | 481/527 kB | 0.5/7.3 MB | 197/279 kBProgress (4): 0.4/1.5 MB | 481/527 kB | 0.5/7.3 MB | 197/279 kBProgress (4): 0.4/1.5 MB | 481/527 kB | 0.5/7.3 MB | 197/279 kBProgress (4): 0.4/1.5 MB | 481/527 kB | 0.5/7.3 MB | 197/279 kBProgress (4): 0.4/1.5 MB | 481/527 kB | 0.5/7.3 MB | 197/279 kBProgress (4): 0.4/1.5 MB | 481/527 kB | 0.5/7.3 MB | 197/279 kBProgress (4): 0.4/1.5 MB | 481/527 kB | 0.5/7.3 MB | 197/279 kBProgress (4): 0.4/1.5 MB | 481/527 kB | 0.5/7.3 MB | 197/279 kBProgress (4): 0.4/1.5 MB | 481/527 kB | 0.5/7.3 MB | 197/279 kBProgress (4): 0.4/1.5 MB | 481/527 kB | 0.5/7.3 MB | 197/279 kBProgress (4): 0.4/1.5 MB | 481/527 kB | 0.5/7.3 MB | 197/279 kBProgress (4): 0.4/1.5 MB | 481/527 kB | 0.5/7.3 MB | 197/279 kBProgress (4): 0.4/1.5 MB | 481/527 kB | 0.5/7.3 MB | 197/279 kBProgress (4): 0.4/1.5 MB | 481/527 kB | 0.5/7.3 MB | 197/279 kBProgress (4): 0.4/1.5 MB | 481/527 kB | 0.5/7.3 MB | 201/279 kBProgress (4): 0.4/1.5 MB | 481/527 kB | 0.5/7.3 MB | 205/279 kBProgress (4): 0.4/1.5 MB | 481/527 kB | 0.5/7.3 MB | 209/279 kBProgress (4): 0.4/1.5 MB | 481/527 kB | 0.5/7.3 MB | 213/279 kBProgress (4): 0.4/1.5 MB | 481/527 kB | 0.5/7.3 MB | 217/279 kBProgress (4): 0.4/1.5 MB | 481/527 kB | 0.5/7.3 MB | 221/279 kBProgress (4): 0.4/1.5 MB | 481/527 kB | 0.5/7.3 MB | 225/279 kBProgress (4): 0.4/1.5 MB | 481/527 kB | 0.5/7.3 MB | 229/279 kBProgress (4): 0.4/1.5 MB | 481/527 kB | 0.5/7.3 MB | 233/279 kBProgress (4): 0.4/1.5 MB | 481/527 kB | 0.5/7.3 MB | 238/279 kBProgress (4): 0.4/1.5 MB | 481/527 kB | 0.5/7.3 MB | 242/279 kBProgress (4): 0.4/1.5 MB | 481/527 kB | 0.5/7.3 MB | 242/279 kBProgress (4): 0.4/1.5 MB | 481/527 kB | 0.5/7.3 MB | 242/279 kBProgress (4): 0.4/1.5 MB | 481/527 kB | 0.5/7.3 MB | 242/279 kBProgress (4): 0.4/1.5 MB | 485/527 kB | 0.5/7.3 MB | 242/279 kBProgress (4): 0.4/1.5 MB | 489/527 kB | 0.5/7.3 MB | 242/279 kBProgress (4): 0.4/1.5 MB | 493/527 kB | 0.5/7.3 MB | 242/279 kBProgress (4): 0.4/1.5 MB | 497/527 kB | 0.5/7.3 MB | 242/279 kBProgress (4): 0.4/1.5 MB | 501/527 kB | 0.5/7.3 MB | 242/279 kBProgress (4): 0.4/1.5 MB | 505/527 kB | 0.5/7.3 MB | 242/279 kBProgress (4): 0.4/1.5 MB | 510/527 kB | 0.5/7.3 MB | 242/279 kBProgress (4): 0.4/1.5 MB | 514/527 kB | 0.5/7.3 MB | 242/279 kBProgress (4): 0.4/1.5 MB | 518/527 kB | 0.5/7.3 MB | 242/279 kBProgress (4): 0.4/1.5 MB | 522/527 kB | 0.5/7.3 MB | 242/279 kBProgress (4): 0.4/1.5 MB | 526/527 kB | 0.5/7.3 MB | 242/279 kBProgress (4): 0.4/1.5 MB | 527 kB | 0.5/7.3 MB | 242/279 kB    Progress (4): 0.4/1.5 MB | 527 kB | 0.5/7.3 MB | 242/279 kBProgress (4): 0.4/1.5 MB | 527 kB | 0.5/7.3 MB | 242/279 kBProgress (4): 0.4/1.5 MB | 527 kB | 0.5/7.3 MB | 242/279 kBProgress (4): 0.4/1.5 MB | 527 kB | 0.5/7.3 MB | 242/279 kBProgress (4): 0.4/1.5 MB | 527 kB | 0.5/7.3 MB | 242/279 kBProgress (4): 0.4/1.5 MB | 527 kB | 0.5/7.3 MB | 242/279 kBProgress (4): 0.4/1.5 MB | 527 kB | 0.5/7.3 MB | 242/279 kBProgress (4): 0.4/1.5 MB | 527 kB | 0.5/7.3 MB | 242/279 kBProgress (4): 0.4/1.5 MB | 527 kB | 0.5/7.3 MB | 242/279 kBProgress (4): 0.4/1.5 MB | 527 kB | 0.5/7.3 MB | 242/279 kBProgress (4): 0.4/1.5 MB | 527 kB | 0.5/7.3 MB | 242/279 kBProgress (4): 0.4/1.5 MB | 527 kB | 0.5/7.3 MB | 242/279 kBProgress (4): 0.4/1.5 MB | 527 kB | 0.5/7.3 MB | 242/279 kBProgress (4): 0.4/1.5 MB | 527 kB | 0.6/7.3 MB | 242/279 kBProgress (4): 0.4/1.5 MB | 527 kB | 0.6/7.3 MB | 242/279 kBProgress (4): 0.4/1.5 MB | 527 kB | 0.6/7.3 MB | 242/279 kBProgress (4): 0.4/1.5 MB | 527 kB | 0.6/7.3 MB | 242/279 kBProgress (4): 0.4/1.5 MB | 527 kB | 0.6/7.3 MB | 242/279 kBProgress (4): 0.4/1.5 MB | 527 kB | 0.6/7.3 MB | 242/279 kBProgress (4): 0.4/1.5 MB | 527 kB | 0.6/7.3 MB | 246/279 kBProgress (4): 0.4/1.5 MB | 527 kB | 0.6/7.3 MB | 250/279 kBProgress (4): 0.4/1.5 MB | 527 kB | 0.6/7.3 MB | 254/279 kBProgress (4): 0.4/1.5 MB | 527 kB | 0.6/7.3 MB | 258/279 kBProgress (4): 0.4/1.5 MB | 527 kB | 0.6/7.3 MB | 262/279 kBProgress (4): 0.4/1.5 MB | 527 kB | 0.6/7.3 MB | 266/279 kBProgress (4): 0.4/1.5 MB | 527 kB | 0.6/7.3 MB | 270/279 kBProgress (4): 0.4/1.5 MB | 527 kB | 0.6/7.3 MB | 274/279 kBProgress (4): 0.4/1.5 MB | 527 kB | 0.6/7.3 MB | 276/279 kBProgress (4): 0.4/1.5 MB | 527 kB | 0.6/7.3 MB | 279 kB    Progress (4): 0.4/1.5 MB | 527 kB | 0.6/7.3 MB | 279 kBProgress (4): 0.4/1.5 MB | 527 kB | 0.6/7.3 MB | 279 kBProgress (4): 0.4/1.5 MB | 527 kB | 0.6/7.3 MB | 279 kBProgress (4): 0.5/1.5 MB | 527 kB | 0.6/7.3 MB | 279 kBProgress (4): 0.5/1.5 MB | 527 kB | 0.6/7.3 MB | 279 kBProgress (4): 0.5/1.5 MB | 527 kB | 0.6/7.3 MB | 279 kBProgress (4): 0.5/1.5 MB | 527 kB | 0.6/7.3 MB | 279 kBProgress (4): 0.5/1.5 MB | 527 kB | 0.6/7.3 MB | 279 kBProgress (4): 0.5/1.5 MB | 527 kB | 0.6/7.3 MB | 279 kBProgress (4): 0.5/1.5 MB | 527 kB | 0.6/7.3 MB | 279 kBProgress (4): 0.5/1.5 MB | 527 kB | 0.6/7.3 MB | 279 kBProgress (4): 0.5/1.5 MB | 527 kB | 0.6/7.3 MB | 279 kBProgress (4): 0.5/1.5 MB | 527 kB | 0.6/7.3 MB | 279 kBProgress (4): 0.5/1.5 MB | 527 kB | 0.6/7.3 MB | 279 kBProgress (4): 0.5/1.5 MB | 527 kB | 0.6/7.3 MB | 279 kBProgress (4): 0.5/1.5 MB | 527 kB | 0.6/7.3 MB | 279 kBProgress (4): 0.5/1.5 MB | 527 kB | 0.6/7.3 MB | 279 kBProgress (4): 0.5/1.5 MB | 527 kB | 0.6/7.3 MB | 279 kBProgress (4): 0.5/1.5 MB | 527 kB | 0.6/7.3 MB | 279 kB                                                       Downloaded from central: https://repo.maven.apache.org/maven2/org/easyb/easyb-core/1.6/easyb-core-1.6.jar (527 kB at 1.0 MB/s)
Downloaded from central: https://repo.maven.apache.org/maven2/commons-lang/commons-lang/2.5/commons-lang-2.5.jar (279 kB at 577 kB/s)
Progress (2): 0.5/1.5 MB | 0.6/7.3 MBProgress (2): 0.5/1.5 MB | 0.6/7.3 MBProgress (2): 0.5/1.5 MB | 0.6/7.3 MBProgress (2): 0.5/1.5 MB | 0.6/7.3 MBProgress (2): 0.5/1.5 MB | 0.6/7.3 MBProgress (2): 0.5/1.5 MB | 0.6/7.3 MBProgress (2): 0.5/1.5 MB | 0.6/7.3 MBProgress (2): 0.5/1.5 MB | 0.6/7.3 MBProgress (2): 0.5/1.5 MB | 0.6/7.3 MBProgress (2): 0.5/1.5 MB | 0.6/7.3 MBProgress (2): 0.5/1.5 MB | 0.6/7.3 MBProgress (2): 0.5/1.5 MB | 0.6/7.3 MBProgress (2): 0.5/1.5 MB | 0.6/7.3 MBProgress (2): 0.5/1.5 MB | 0.6/7.3 MBProgress (2): 0.5/1.5 MB | 0.6/7.3 MBProgress (2): 0.5/1.5 MB | 0.6/7.3 MBProgress (2): 0.5/1.5 MB | 0.6/7.3 MBProgress (2): 0.5/1.5 MB | 0.6/7.3 MBProgress (2): 0.5/1.5 MB | 0.6/7.3 MBProgress (2): 0.5/1.5 MB | 0.6/7.3 MBProgress (2): 0.5/1.5 MB | 0.6/7.3 MBProgress (2): 0.6/1.5 MB | 0.6/7.3 MBProgress (2): 0.6/1.5 MB | 0.6/7.3 MBProgress (2): 0.6/1.5 MB | 0.6/7.3 MBProgress (2): 0.6/1.5 MB | 0.6/7.3 MBProgress (2): 0.6/1.5 MB | 0.6/7.3 MBProgress (2): 0.6/1.5 MB | 0.6/7.3 MBProgress (2): 0.6/1.5 MB | 0.6/7.3 MBProgress (2): 0.6/1.5 MB | 0.6/7.3 MBProgress (2): 0.6/1.5 MB | 0.6/7.3 MBProgress (2): 0.6/1.5 MB | 0.6/7.3 MBProgress (2): 0.6/1.5 MB | 0.6/7.3 MBProgress (2): 0.6/1.5 MB | 0.6/7.3 MBProgress (2): 0.6/1.5 MB | 0.6/7.3 MBProgress (2): 0.6/1.5 MB | 0.6/7.3 MBProgress (2): 0.6/1.5 MB | 0.6/7.3 MBProgress (2): 0.6/1.5 MB | 0.6/7.3 MBProgress (2): 0.6/1.5 MB | 0.6/7.3 MBProgress (2): 0.6/1.5 MB | 0.6/7.3 MBProgress (2): 0.6/1.5 MB | 0.7/7.3 MBProgress (2): 0.6/1.5 MB | 0.7/7.3 MBProgress (2): 0.6/1.5 MB | 0.7/7.3 MBProgress (2): 0.6/1.5 MB | 0.7/7.3 MBProgress (2): 0.6/1.5 MB | 0.7/7.3 MBProgress (2): 0.6/1.5 MB | 0.7/7.3 MBProgress (2): 0.6/1.5 MB | 0.7/7.3 MBProgress (2): 0.6/1.5 MB | 0.7/7.3 MBProgress (2): 0.6/1.5 MB | 0.7/7.3 MBProgress (2): 0.6/1.5 MB | 0.7/7.3 MBProgress (2): 0.6/1.5 MB | 0.7/7.3 MBProgress (2): 0.6/1.5 MB | 0.7/7.3 MBProgress (2): 0.6/1.5 MB | 0.7/7.3 MBProgress (2): 0.6/1.5 MB | 0.7/7.3 MBProgress (2): 0.6/1.5 MB | 0.7/7.3 MBProgress (2): 0.6/1.5 MB | 0.7/7.3 MBProgress (2): 0.6/1.5 MB | 0.7/7.3 MBProgress (2): 0.6/1.5 MB | 0.7/7.3 MBProgress (2): 0.6/1.5 MB | 0.7/7.3 MBProgress (2): 0.6/1.5 MB | 0.7/7.3 MBProgress (2): 0.6/1.5 MB | 0.7/7.3 MBProgress (2): 0.6/1.5 MB | 0.7/7.3 MBProgress (2): 0.6/1.5 MB | 0.7/7.3 MBProgress (2): 0.6/1.5 MB | 0.7/7.3 MBProgress (2): 0.6/1.5 MB | 0.7/7.3 MBProgress (2): 0.6/1.5 MB | 0.7/7.3 MBProgress (2): 0.6/1.5 MB | 0.7/7.3 MBProgress (2): 0.6/1.5 MB | 0.7/7.3 MBProgress (2): 0.6/1.5 MB | 0.7/7.3 MBProgress (2): 0.6/1.5 MB | 0.7/7.3 MBProgress (2): 0.6/1.5 MB | 0.7/7.3 MBProgress (2): 0.6/1.5 MB | 0.7/7.3 MBProgress (2): 0.6/1.5 MB | 0.7/7.3 MBProgress (2): 0.6/1.5 MB | 0.7/7.3 MBProgress (2): 0.6/1.5 MB | 0.7/7.3 MBProgress (2): 0.6/1.5 MB | 0.8/7.3 MBProgress (2): 0.6/1.5 MB | 0.8/7.3 MBProgress (2): 0.6/1.5 MB | 0.8/7.3 MBProgress (2): 0.6/1.5 MB | 0.8/7.3 MBProgress (2): 0.6/1.5 MB | 0.8/7.3 MBProgress (2): 0.6/1.5 MB | 0.8/7.3 MBProgress (2): 0.6/1.5 MB | 0.8/7.3 MBProgress (2): 0.7/1.5 MB | 0.8/7.3 MBProgress (2): 0.7/1.5 MB | 0.8/7.3 MBProgress (2): 0.7/1.5 MB | 0.8/7.3 MBProgress (2): 0.7/1.5 MB | 0.8/7.3 MBProgress (2): 0.7/1.5 MB | 0.8/7.3 MBProgress (2): 0.7/1.5 MB | 0.8/7.3 MBProgress (2): 0.7/1.5 MB | 0.8/7.3 MBProgress (2): 0.7/1.5 MB | 0.8/7.3 MBProgress (2): 0.7/1.5 MB | 0.8/7.3 MBProgress (2): 0.7/1.5 MB | 0.8/7.3 MBProgress (2): 0.7/1.5 MB | 0.8/7.3 MBProgress (2): 0.7/1.5 MB | 0.8/7.3 MBProgress (2): 0.7/1.5 MB | 0.8/7.3 MBProgress (2): 0.7/1.5 MB | 0.8/7.3 MBProgress (2): 0.7/1.5 MB | 0.8/7.3 MBProgress (2): 0.7/1.5 MB | 0.8/7.3 MBProgress (2): 0.7/1.5 MB | 0.8/7.3 MBProgress (2): 0.7/1.5 MB | 0.8/7.3 MBProgress (2): 0.7/1.5 MB | 0.8/7.3 MBProgress (2): 0.7/1.5 MB | 0.8/7.3 MBProgress (2): 0.7/1.5 MB | 0.8/7.3 MBProgress (2): 0.7/1.5 MB | 0.8/7.3 MBProgress (2): 0.7/1.5 MB | 0.8/7.3 MBProgress (2): 0.7/1.5 MB | 0.8/7.3 MBProgress (2): 0.7/1.5 MB | 0.8/7.3 MBProgress (2): 0.7/1.5 MB | 0.8/7.3 MBProgress (2): 0.7/1.5 MB | 0.8/7.3 MBProgress (2): 0.7/1.5 MB | 0.8/7.3 MBProgress (2): 0.7/1.5 MB | 0.8/7.3 MBProgress (2): 0.7/1.5 MB | 0.8/7.3 MBProgress (2): 0.7/1.5 MB | 0.8/7.3 MBProgress (2): 0.7/1.5 MB | 0.8/7.3 MBProgress (2): 0.7/1.5 MB | 0.8/7.3 MBProgress (2): 0.7/1.5 MB | 0.8/7.3 MBProgress (2): 0.7/1.5 MB | 0.8/7.3 MBProgress (2): 0.7/1.5 MB | 0.8/7.3 MBProgress (2): 0.7/1.5 MB | 0.8/7.3 MBProgress (2): 0.7/1.5 MB | 0.8/7.3 MBProgress (2): 0.7/1.5 MB | 0.8/7.3 MBProgress (2): 0.7/1.5 MB | 0.8/7.3 MBProgress (2): 0.7/1.5 MB | 0.8/7.3 MBProgress (2): 0.7/1.5 MB | 0.8/7.3 MBProgress (2): 0.7/1.5 MB | 0.8/7.3 MBProgress (2): 0.7/1.5 MB | 0.8/7.3 MBProgress (2): 0.8/1.5 MB | 0.8/7.3 MBProgress (2): 0.8/1.5 MB | 0.8/7.3 MBProgress (2): 0.8/1.5 MB | 0.8/7.3 MBProgress (2): 0.8/1.5 MB | 0.8/7.3 MBProgress (2): 0.8/1.5 MB | 0.8/7.3 MBProgress (2): 0.8/1.5 MB | 0.8/7.3 MBProgress (2): 0.8/1.5 MB | 0.8/7.3 MBProgress (2): 0.8/1.5 MB | 0.8/7.3 MBProgress (2): 0.8/1.5 MB | 0.9/7.3 MBProgress (2): 0.8/1.5 MB | 0.9/7.3 MBProgress (2): 0.8/1.5 MB | 0.9/7.3 MBProgress (2): 0.8/1.5 MB | 0.9/7.3 MBProgress (2): 0.8/1.5 MB | 0.9/7.3 MBProgress (2): 0.8/1.5 MB | 0.9/7.3 MBProgress (2): 0.8/1.5 MB | 0.9/7.3 MBProgress (2): 0.8/1.5 MB | 0.9/7.3 MBProgress (2): 0.8/1.5 MB | 0.9/7.3 MBProgress (2): 0.8/1.5 MB | 0.9/7.3 MBProgress (2): 0.8/1.5 MB | 0.9/7.3 MBProgress (2): 0.8/1.5 MB | 0.9/7.3 MBProgress (2): 0.8/1.5 MB | 0.9/7.3 MBProgress (2): 0.8/1.5 MB | 0.9/7.3 MBProgress (2): 0.8/1.5 MB | 0.9/7.3 MBProgress (2): 0.8/1.5 MB | 0.9/7.3 MBProgress (2): 0.8/1.5 MB | 0.9/7.3 MBProgress (2): 0.8/1.5 MB | 0.9/7.3 MBProgress (2): 0.8/1.5 MB | 0.9/7.3 MBProgress (2): 0.8/1.5 MB | 0.9/7.3 MBProgress (2): 0.8/1.5 MB | 0.9/7.3 MBProgress (2): 0.8/1.5 MB | 0.9/7.3 MBProgress (2): 0.8/1.5 MB | 0.9/7.3 MBProgress (2): 0.8/1.5 MB | 0.9/7.3 MBProgress (2): 0.8/1.5 MB | 0.9/7.3 MBProgress (2): 0.8/1.5 MB | 0.9/7.3 MBProgress (2): 0.8/1.5 MB | 0.9/7.3 MBProgress (2): 0.8/1.5 MB | 0.9/7.3 MBProgress (2): 0.8/1.5 MB | 0.9/7.3 MBProgress (2): 0.8/1.5 MB | 0.9/7.3 MBProgress (2): 0.8/1.5 MB | 0.9/7.3 MBProgress (2): 0.8/1.5 MB | 0.9/7.3 MBProgress (2): 0.8/1.5 MB | 0.9/7.3 MBProgress (2): 0.8/1.5 MB | 0.9/7.3 MBProgress (2): 0.8/1.5 MB | 0.9/7.3 MBProgress (2): 0.9/1.5 MB | 0.9/7.3 MBProgress (2): 0.9/1.5 MB | 0.9/7.3 MBProgress (2): 0.9/1.5 MB | 0.9/7.3 MBProgress (2): 0.9/1.5 MB | 0.9/7.3 MBProgress (2): 0.9/1.5 MB | 0.9/7.3 MBProgress (2): 0.9/1.5 MB | 0.9/7.3 MBProgress (2): 0.9/1.5 MB | 0.9/7.3 MBProgress (2): 0.9/1.5 MB | 0.9/7.3 MBProgress (2): 0.9/1.5 MB | 0.9/7.3 MBProgress (2): 0.9/1.5 MB | 0.9/7.3 MBProgress (2): 0.9/1.5 MB | 0.9/7.3 MBProgress (2): 0.9/1.5 MB | 0.9/7.3 MBProgress (2): 0.9/1.5 MB | 1.0/7.3 MBProgress (2): 0.9/1.5 MB | 1.0/7.3 MBProgress (2): 0.9/1.5 MB | 1.0/7.3 MBProgress (2): 0.9/1.5 MB | 1.0/7.3 MBProgress (2): 0.9/1.5 MB | 1.0/7.3 MBProgress (2): 0.9/1.5 MB | 1.0/7.3 MBProgress (2): 0.9/1.5 MB | 1.0/7.3 MBProgress (2): 0.9/1.5 MB | 1.0/7.3 MBProgress (2): 0.9/1.5 MB | 1.0/7.3 MBProgress (2): 0.9/1.5 MB | 1.0/7.3 MBProgress (2): 0.9/1.5 MB | 1.0/7.3 MBProgress (2): 0.9/1.5 MB | 1.0/7.3 MBProgress (2): 0.9/1.5 MB | 1.0/7.3 MBProgress (2): 0.9/1.5 MB | 1.0/7.3 MBProgress (2): 0.9/1.5 MB | 1.0/7.3 MBProgress (2): 0.9/1.5 MB | 1.0/7.3 MBProgress (2): 0.9/1.5 MB | 1.0/7.3 MBProgress (2): 0.9/1.5 MB | 1.0/7.3 MBProgress (2): 0.9/1.5 MB | 1.0/7.3 MBProgress (2): 0.9/1.5 MB | 1.0/7.3 MBProgress (2): 0.9/1.5 MB | 1.0/7.3 MBProgress (2): 0.9/1.5 MB | 1.0/7.3 MBProgress (2): 0.9/1.5 MB | 1.0/7.3 MBProgress (2): 0.9/1.5 MB | 1.0/7.3 MBProgress (2): 0.9/1.5 MB | 1.0/7.3 MBProgress (2): 0.9/1.5 MB | 1.0/7.3 MBProgress (2): 0.9/1.5 MB | 1.0/7.3 MBProgress (2): 0.9/1.5 MB | 1.0/7.3 MBProgress (2): 0.9/1.5 MB | 1.0/7.3 MBProgress (2): 0.9/1.5 MB | 1.0/7.3 MBProgress (2): 0.9/1.5 MB | 1.0/7.3 MBProgress (2): 0.9/1.5 MB | 1.0/7.3 MBProgress (2): 0.9/1.5 MB | 1.0/7.3 MBProgress (2): 0.9/1.5 MB | 1.0/7.3 MBProgress (2): 0.9/1.5 MB | 1.0/7.3 MBProgress (2): 0.9/1.5 MB | 1.0/7.3 MBProgress (2): 0.9/1.5 MB | 1.0/7.3 MBProgress (2): 0.9/1.5 MB | 1.0/7.3 MBProgress (2): 0.9/1.5 MB | 1.0/7.3 MBProgress (2): 0.9/1.5 MB | 1.0/7.3 MBProgress (2): 0.9/1.5 MB | 1.0/7.3 MBProgress (2): 0.9/1.5 MB | 1.0/7.3 MBProgress (2): 0.9/1.5 MB | 1.0/7.3 MBProgress (2): 1.0/1.5 MB | 1.0/7.3 MBProgress (2): 1.0/1.5 MB | 1.0/7.3 MBProgress (2): 1.0/1.5 MB | 1.0/7.3 MBProgress (2): 1.0/1.5 MB | 1.0/7.3 MBProgress (2): 1.0/1.5 MB | 1.1/7.3 MBProgress (2): 1.0/1.5 MB | 1.1/7.3 MBProgress (2): 1.0/1.5 MB | 1.1/7.3 MBProgress (2): 1.0/1.5 MB | 1.1/7.3 MBProgress (2): 1.0/1.5 MB | 1.1/7.3 MBProgress (2): 1.0/1.5 MB | 1.1/7.3 MBProgress (2): 1.0/1.5 MB | 1.1/7.3 MBProgress (2): 1.0/1.5 MB | 1.1/7.3 MBProgress (2): 1.0/1.5 MB | 1.1/7.3 MBProgress (2): 1.0/1.5 MB | 1.1/7.3 MBProgress (2): 1.0/1.5 MB | 1.1/7.3 MBProgress (2): 1.0/1.5 MB | 1.1/7.3 MBProgress (2): 1.0/1.5 MB | 1.1/7.3 MBProgress (2): 1.0/1.5 MB | 1.1/7.3 MBProgress (2): 1.0/1.5 MB | 1.1/7.3 MBProgress (2): 1.0/1.5 MB | 1.1/7.3 MBProgress (2): 1.0/1.5 MB | 1.1/7.3 MBProgress (2): 1.0/1.5 MB | 1.1/7.3 MBProgress (2): 1.0/1.5 MB | 1.1/7.3 MBProgress (2): 1.0/1.5 MB | 1.1/7.3 MBProgress (2): 1.0/1.5 MB | 1.1/7.3 MBProgress (2): 1.0/1.5 MB | 1.1/7.3 MBProgress (2): 1.0/1.5 MB | 1.1/7.3 MBProgress (2): 1.0/1.5 MB | 1.1/7.3 MBProgress (2): 1.0/1.5 MB | 1.1/7.3 MBProgress (2): 1.0/1.5 MB | 1.1/7.3 MBProgress (2): 1.0/1.5 MB | 1.1/7.3 MBProgress (2): 1.0/1.5 MB | 1.1/7.3 MBProgress (2): 1.0/1.5 MB | 1.1/7.3 MBProgress (2): 1.0/1.5 MB | 1.1/7.3 MBProgress (2): 1.0/1.5 MB | 1.1/7.3 MBProgress (2): 1.0/1.5 MB | 1.1/7.3 MBProgress (2): 1.0/1.5 MB | 1.1/7.3 MBProgress (2): 1.0/1.5 MB | 1.1/7.3 MBProgress (2): 1.0/1.5 MB | 1.1/7.3 MBProgress (2): 1.0/1.5 MB | 1.1/7.3 MBProgress (2): 1.0/1.5 MB | 1.1/7.3 MBProgress (2): 1.0/1.5 MB | 1.1/7.3 MBProgress (2): 1.0/1.5 MB | 1.1/7.3 MBProgress (2): 1.0/1.5 MB | 1.1/7.3 MBProgress (2): 1.0/1.5 MB | 1.1/7.3 MBProgress (2): 1.0/1.5 MB | 1.1/7.3 MBProgress (2): 1.0/1.5 MB | 1.1/7.3 MBProgress (2): 1.1/1.5 MB | 1.1/7.3 MBProgress (2): 1.1/1.5 MB | 1.1/7.3 MBProgress (2): 1.1/1.5 MB | 1.1/7.3 MBProgress (2): 1.1/1.5 MB | 1.1/7.3 MBProgress (2): 1.1/1.5 MB | 1.1/7.3 MBProgress (2): 1.1/1.5 MB | 1.1/7.3 MBProgress (2): 1.1/1.5 MB | 1.1/7.3 MBProgress (2): 1.1/1.5 MB | 1.2/7.3 MBProgress (2): 1.1/1.5 MB | 1.2/7.3 MBProgress (2): 1.1/1.5 MB | 1.2/7.3 MBProgress (2): 1.1/1.5 MB | 1.2/7.3 MBProgress (2): 1.1/1.5 MB | 1.2/7.3 MBProgress (2): 1.1/1.5 MB | 1.2/7.3 MBProgress (2): 1.1/1.5 MB | 1.2/7.3 MBProgress (2): 1.1/1.5 MB | 1.2/7.3 MBProgress (2): 1.1/1.5 MB | 1.2/7.3 MBProgress (2): 1.1/1.5 MB | 1.2/7.3 MBProgress (2): 1.1/1.5 MB | 1.2/7.3 MBProgress (2): 1.1/1.5 MB | 1.2/7.3 MBProgress (2): 1.1/1.5 MB | 1.2/7.3 MBProgress (2): 1.1/1.5 MB | 1.2/7.3 MBProgress (2): 1.1/1.5 MB | 1.2/7.3 MBProgress (2): 1.1/1.5 MB | 1.2/7.3 MBProgress (2): 1.1/1.5 MB | 1.2/7.3 MBProgress (2): 1.1/1.5 MB | 1.2/7.3 MBProgress (2): 1.1/1.5 MB | 1.2/7.3 MBProgress (2): 1.1/1.5 MB | 1.2/7.3 MBProgress (2): 1.1/1.5 MB | 1.2/7.3 MBProgress (2): 1.1/1.5 MB | 1.2/7.3 MBProgress (2): 1.1/1.5 MB | 1.2/7.3 MBProgress (2): 1.1/1.5 MB | 1.2/7.3 MBProgress (2): 1.1/1.5 MB | 1.2/7.3 MBProgress (2): 1.1/1.5 MB | 1.2/7.3 MBProgress (2): 1.1/1.5 MB | 1.2/7.3 MBProgress (2): 1.1/1.5 MB | 1.2/7.3 MBProgress (2): 1.1/1.5 MB | 1.2/7.3 MBProgress (2): 1.1/1.5 MB | 1.2/7.3 MBProgress (2): 1.1/1.5 MB | 1.2/7.3 MBProgress (2): 1.1/1.5 MB | 1.2/7.3 MBProgress (2): 1.1/1.5 MB | 1.2/7.3 MBProgress (2): 1.1/1.5 MB | 1.2/7.3 MBProgress (2): 1.1/1.5 MB | 1.2/7.3 MBProgress (2): 1.1/1.5 MB | 1.2/7.3 MBProgress (2): 1.1/1.5 MB | 1.2/7.3 MBProgress (2): 1.1/1.5 MB | 1.2/7.3 MBProgress (2): 1.1/1.5 MB | 1.2/7.3 MBProgress (2): 1.1/1.5 MB | 1.2/7.3 MBProgress (2): 1.1/1.5 MB | 1.2/7.3 MBProgress (2): 1.1/1.5 MB | 1.2/7.3 MBProgress (2): 1.1/1.5 MB | 1.3/7.3 MBProgress (2): 1.1/1.5 MB | 1.3/7.3 MBProgress (2): 1.1/1.5 MB | 1.3/7.3 MBProgress (2): 1.1/1.5 MB | 1.3/7.3 MBProgress (2): 1.2/1.5 MB | 1.3/7.3 MBProgress (2): 1.2/1.5 MB | 1.3/7.3 MBProgress (2): 1.2/1.5 MB | 1.3/7.3 MBProgress (2): 1.2/1.5 MB | 1.3/7.3 MBProgress (2): 1.2/1.5 MB | 1.3/7.3 MBProgress (2): 1.2/1.5 MB | 1.3/7.3 MBProgress (2): 1.2/1.5 MB | 1.3/7.3 MBProgress (2): 1.2/1.5 MB | 1.3/7.3 MBProgress (2): 1.2/1.5 MB | 1.3/7.3 MBProgress (2): 1.2/1.5 MB | 1.3/7.3 MBProgress (2): 1.2/1.5 MB | 1.3/7.3 MBProgress (2): 1.2/1.5 MB | 1.3/7.3 MBProgress (2): 1.2/1.5 MB | 1.3/7.3 MBProgress (2): 1.2/1.5 MB | 1.3/7.3 MBProgress (2): 1.2/1.5 MB | 1.3/7.3 MBProgress (2): 1.2/1.5 MB | 1.3/7.3 MBProgress (2): 1.2/1.5 MB | 1.3/7.3 MBProgress (2): 1.2/1.5 MB | 1.3/7.3 MBProgress (2): 1.2/1.5 MB | 1.3/7.3 MBProgress (2): 1.2/1.5 MB | 1.3/7.3 MBProgress (2): 1.2/1.5 MB | 1.3/7.3 MBProgress (2): 1.2/1.5 MB | 1.3/7.3 MBProgress (2): 1.2/1.5 MB | 1.3/7.3 MBProgress (2): 1.2/1.5 MB | 1.3/7.3 MBProgress (2): 1.2/1.5 MB | 1.3/7.3 MBProgress (2): 1.2/1.5 MB | 1.3/7.3 MBProgress (2): 1.2/1.5 MB | 1.3/7.3 MBProgress (2): 1.2/1.5 MB | 1.3/7.3 MBProgress (2): 1.2/1.5 MB | 1.3/7.3 MBProgress (2): 1.2/1.5 MB | 1.3/7.3 MBProgress (2): 1.2/1.5 MB | 1.3/7.3 MBProgress (2): 1.2/1.5 MB | 1.3/7.3 MBProgress (2): 1.2/1.5 MB | 1.3/7.3 MBProgress (2): 1.2/1.5 MB | 1.3/7.3 MBProgress (2): 1.2/1.5 MB | 1.3/7.3 MBProgress (2): 1.2/1.5 MB | 1.3/7.3 MBProgress (2): 1.2/1.5 MB | 1.3/7.3 MBProgress (2): 1.2/1.5 MB | 1.3/7.3 MBProgress (2): 1.2/1.5 MB | 1.3/7.3 MBProgress (2): 1.2/1.5 MB | 1.3/7.3 MBProgress (2): 1.2/1.5 MB | 1.3/7.3 MBProgress (2): 1.3/1.5 MB | 1.3/7.3 MBProgress (2): 1.3/1.5 MB | 1.3/7.3 MBProgress (2): 1.3/1.5 MB | 1.3/7.3 MBProgress (2): 1.3/1.5 MB | 1.3/7.3 MBProgress (2): 1.3/1.5 MB | 1.3/7.3 MBProgress (2): 1.3/1.5 MB | 1.3/7.3 MBProgress (2): 1.3/1.5 MB | 1.3/7.3 MBProgress (2): 1.3/1.5 MB | 1.3/7.3 MBProgress (2): 1.3/1.5 MB | 1.3/7.3 MBProgress (2): 1.3/1.5 MB | 1.3/7.3 MBProgress (2): 1.3/1.5 MB | 1.3/7.3 MBProgress (2): 1.3/1.5 MB | 1.3/7.3 MBProgress (2): 1.3/1.5 MB | 1.3/7.3 MBProgress (2): 1.3/1.5 MB | 1.3/7.3 MBProgress (2): 1.3/1.5 MB | 1.3/7.3 MBProgress (2): 1.3/1.5 MB | 1.3/7.3 MBProgress (2): 1.3/1.5 MB | 1.3/7.3 MBProgress (2): 1.3/1.5 MB | 1.3/7.3 MBProgress (2): 1.3/1.5 MB | 1.3/7.3 MBProgress (2): 1.3/1.5 MB | 1.3/7.3 MBProgress (2): 1.3/1.5 MB | 1.4/7.3 MBProgress (2): 1.3/1.5 MB | 1.4/7.3 MBProgress (2): 1.3/1.5 MB | 1.4/7.3 MBProgress (2): 1.3/1.5 MB | 1.4/7.3 MBProgress (2): 1.3/1.5 MB | 1.4/7.3 MBProgress (2): 1.3/1.5 MB | 1.4/7.3 MBProgress (2): 1.3/1.5 MB | 1.4/7.3 MBProgress (2): 1.3/1.5 MB | 1.4/7.3 MBProgress (2): 1.3/1.5 MB | 1.4/7.3 MBProgress (2): 1.3/1.5 MB | 1.4/7.3 MBProgress (2): 1.3/1.5 MB | 1.4/7.3 MBProgress (2): 1.3/1.5 MB | 1.4/7.3 MBProgress (2): 1.3/1.5 MB | 1.4/7.3 MBProgress (2): 1.3/1.5 MB | 1.4/7.3 MBProgress (2): 1.3/1.5 MB | 1.4/7.3 MBProgress (2): 1.3/1.5 MB | 1.4/7.3 MBProgress (2): 1.4/1.5 MB | 1.4/7.3 MBProgress (2): 1.4/1.5 MB | 1.4/7.3 MBProgress (2): 1.4/1.5 MB | 1.4/7.3 MBProgress (2): 1.4/1.5 MB | 1.4/7.3 MBProgress (2): 1.4/1.5 MB | 1.4/7.3 MBProgress (2): 1.4/1.5 MB | 1.4/7.3 MBProgress (2): 1.4/1.5 MB | 1.4/7.3 MBProgress (2): 1.4/1.5 MB | 1.4/7.3 MBProgress (2): 1.4/1.5 MB | 1.4/7.3 MBProgress (2): 1.4/1.5 MB | 1.4/7.3 MBProgress (2): 1.4/1.5 MB | 1.4/7.3 MBProgress (2): 1.4/1.5 MB | 1.4/7.3 MBProgress (2): 1.4/1.5 MB | 1.4/7.3 MBProgress (2): 1.4/1.5 MB | 1.4/7.3 MBProgress (2): 1.4/1.5 MB | 1.4/7.3 MBProgress (2): 1.4/1.5 MB | 1.4/7.3 MBProgress (2): 1.4/1.5 MB | 1.4/7.3 MBProgress (2): 1.4/1.5 MB | 1.4/7.3 MBProgress (2): 1.4/1.5 MB | 1.4/7.3 MBProgress (2): 1.4/1.5 MB | 1.4/7.3 MBProgress (2): 1.4/1.5 MB | 1.4/7.3 MBProgress (2): 1.4/1.5 MB | 1.4/7.3 MBProgress (2): 1.4/1.5 MB | 1.4/7.3 MBProgress (2): 1.4/1.5 MB | 1.4/7.3 MBProgress (2): 1.4/1.5 MB | 1.4/7.3 MBProgress (2): 1.4/1.5 MB | 1.4/7.3 MBProgress (2): 1.4/1.5 MB | 1.4/7.3 MBProgress (2): 1.4/1.5 MB | 1.4/7.3 MBProgress (2): 1.4/1.5 MB | 1.4/7.3 MBProgress (2): 1.4/1.5 MB | 1.5/7.3 MBProgress (2): 1.4/1.5 MB | 1.5/7.3 MBProgress (2): 1.4/1.5 MB | 1.5/7.3 MBProgress (2): 1.4/1.5 MB | 1.5/7.3 MBProgress (2): 1.4/1.5 MB | 1.5/7.3 MBProgress (2): 1.4/1.5 MB | 1.5/7.3 MBProgress (2): 1.4/1.5 MB | 1.5/7.3 MBProgress (2): 1.4/1.5 MB | 1.5/7.3 MBProgress (2): 1.4/1.5 MB | 1.5/7.3 MBProgress (2): 1.4/1.5 MB | 1.5/7.3 MBProgress (2): 1.4/1.5 MB | 1.5/7.3 MBProgress (2): 1.4/1.5 MB | 1.5/7.3 MBProgress (2): 1.4/1.5 MB | 1.5/7.3 MBProgress (2): 1.4/1.5 MB | 1.5/7.3 MBProgress (2): 1.4/1.5 MB | 1.5/7.3 MBProgress (2): 1.4/1.5 MB | 1.5/7.3 MBProgress (2): 1.5/1.5 MB | 1.5/7.3 MBProgress (2): 1.5/1.5 MB | 1.5/7.3 MBProgress (2): 1.5/1.5 MB | 1.5/7.3 MBProgress (2): 1.5/1.5 MB | 1.5/7.3 MBProgress (2): 1.5/1.5 MB | 1.5/7.3 MBProgress (2): 1.5/1.5 MB | 1.5/7.3 MBProgress (2): 1.5/1.5 MB | 1.5/7.3 MBProgress (2): 1.5/1.5 MB | 1.5/7.3 MBProgress (2): 1.5/1.5 MB | 1.5/7.3 MBProgress (2): 1.5/1.5 MB | 1.5/7.3 MBProgress (2): 1.5/1.5 MB | 1.5/7.3 MBProgress (2): 1.5/1.5 MB | 1.5/7.3 MBProgress (2): 1.5/1.5 MB | 1.5/7.3 MBProgress (2): 1.5/1.5 MB | 1.5/7.3 MBProgress (2): 1.5/1.5 MB | 1.5/7.3 MBProgress (2): 1.5/1.5 MB | 1.5/7.3 MBProgress (2): 1.5/1.5 MB | 1.5/7.3 MBProgress (2): 1.5/1.5 MB | 1.5/7.3 MBProgress (2): 1.5/1.5 MB | 1.5/7.3 MBProgress (2): 1.5/1.5 MB | 1.5/7.3 MBProgress (2): 1.5/1.5 MB | 1.5/7.3 MBProgress (2): 1.5/1.5 MB | 1.5/7.3 MBProgress (2): 1.5/1.5 MB | 1.5/7.3 MBProgress (2): 1.5/1.5 MB | 1.5/7.3 MBProgress (2): 1.5/1.5 MB | 1.5/7.3 MBProgress (2): 1.5/1.5 MB | 1.5/7.3 MBProgress (2): 1.5/1.5 MB | 1.5/7.3 MBProgress (2): 1.5/1.5 MB | 1.5/7.3 MBProgress (2): 1.5/1.5 MB | 1.5/7.3 MBProgress (2): 1.5/1.5 MB | 1.5/7.3 MBProgress (2): 1.5/1.5 MB | 1.5/7.3 MBProgress (2): 1.5 MB | 1.5/7.3 MB    Progress (2): 1.5 MB | 1.5/7.3 MBProgress (2): 1.5 MB | 1.5/7.3 MBProgress (2): 1.5 MB | 1.5/7.3 MBProgress (2): 1.5 MB | 1.5/7.3 MBProgress (2): 1.5 MB | 1.5/7.3 MBProgress (2): 1.5 MB | 1.5/7.3 MBProgress (2): 1.5 MB | 1.6/7.3 MBProgress (2): 1.5 MB | 1.6/7.3 MBProgress (2): 1.5 MB | 1.6/7.3 MBProgress (2): 1.5 MB | 1.6/7.3 MBProgress (2): 1.5 MB | 1.6/7.3 MBProgress (2): 1.5 MB | 1.6/7.3 MBProgress (2): 1.5 MB | 1.6/7.3 MBProgress (2): 1.5 MB | 1.6/7.3 MBProgress (2): 1.5 MB | 1.6/7.3 MBProgress (2): 1.5 MB | 1.6/7.3 MB                                 Downloaded from central: https://repo.maven.apache.org/maven2/org/apache/ant/ant/1.8.1/ant-1.8.1.jar (1.5 MB at 1.5 MB/s)
Progress (1): 1.6/7.3 MBProgress (1): 1.6/7.3 MBProgress (1): 1.6/7.3 MBProgress (1): 1.6/7.3 MBProgress (1): 1.6/7.3 MBProgress (1): 1.6/7.3 MBProgress (1): 1.6/7.3 MBProgress (1): 1.6/7.3 MBProgress (1): 1.6/7.3 MBProgress (1): 1.6/7.3 MBProgress (1): 1.6/7.3 MBProgress (1): 1.6/7.3 MBProgress (1): 1.6/7.3 MBProgress (1): 1.6/7.3 MBProgress (1): 1.7/7.3 MBProgress (1): 1.7/7.3 MBProgress (1): 1.7/7.3 MBProgress (1): 1.7/7.3 MBProgress (1): 1.7/7.3 MBProgress (1): 1.7/7.3 MBProgress (1): 1.7/7.3 MBProgress (1): 1.7/7.3 MBProgress (1): 1.7/7.3 MBProgress (1): 1.7/7.3 MBProgress (1): 1.7/7.3 MBProgress (1): 1.7/7.3 MBProgress (1): 1.7/7.3 MBProgress (1): 1.7/7.3 MBProgress (1): 1.7/7.3 MBProgress (1): 1.7/7.3 MBProgress (1): 1.7/7.3 MBProgress (1): 1.7/7.3 MBProgress (1): 1.7/7.3 MBProgress (1): 1.7/7.3 MBProgress (1): 1.7/7.3 MBProgress (1): 1.7/7.3 MBProgress (1): 1.7/7.3 MBProgress (1): 1.7/7.3 MBProgress (1): 1.7/7.3 MBProgress (1): 1.8/7.3 MBProgress (1): 1.8/7.3 MBProgress (1): 1.8/7.3 MBProgress (1): 1.8/7.3 MBProgress (1): 1.8/7.3 MBProgress (1): 1.8/7.3 MBProgress (1): 1.8/7.3 MBProgress (1): 1.8/7.3 MBProgress (1): 1.8/7.3 MBProgress (1): 1.8/7.3 MBProgress (1): 1.8/7.3 MBProgress (1): 1.8/7.3 MBProgress (1): 1.8/7.3 MBProgress (1): 1.8/7.3 MBProgress (1): 1.8/7.3 MBProgress (1): 1.8/7.3 MBProgress (1): 1.8/7.3 MBProgress (1): 1.8/7.3 MBProgress (1): 1.8/7.3 MBProgress (1): 1.8/7.3 MBProgress (1): 1.8/7.3 MBProgress (1): 1.8/7.3 MBProgress (1): 1.8/7.3 MBProgress (1): 1.8/7.3 MBProgress (1): 1.9/7.3 MBProgress (1): 1.9/7.3 MBProgress (1): 1.9/7.3 MBProgress (1): 1.9/7.3 MBProgress (1): 1.9/7.3 MBProgress (1): 1.9/7.3 MBProgress (1): 1.9/7.3 MBProgress (1): 1.9/7.3 MBProgress (1): 1.9/7.3 MBProgress (1): 1.9/7.3 MBProgress (1): 1.9/7.3 MBProgress (1): 1.9/7.3 MBProgress (1): 1.9/7.3 MBProgress (1): 1.9/7.3 MBProgress (1): 1.9/7.3 MBProgress (1): 1.9/7.3 MBProgress (1): 1.9/7.3 MBProgress (1): 1.9/7.3 MBProgress (1): 1.9/7.3 MBProgress (1): 1.9/7.3 MBProgress (1): 1.9/7.3 MBProgress (1): 1.9/7.3 MBProgress (1): 1.9/7.3 MBProgress (1): 1.9/7.3 MBProgress (1): 1.9/7.3 MBProgress (1): 2.0/7.3 MBProgress (1): 2.0/7.3 MBProgress (1): 2.0/7.3 MBProgress (1): 2.0/7.3 MBProgress (1): 2.0/7.3 MBProgress (1): 2.0/7.3 MBProgress (1): 2.0/7.3 MBProgress (1): 2.0/7.3 MBProgress (1): 2.0/7.3 MBProgress (1): 2.0/7.3 MBProgress (1): 2.0/7.3 MBProgress (1): 2.0/7.3 MBProgress (1): 2.0/7.3 MBProgress (1): 2.0/7.3 MBProgress (1): 2.0/7.3 MBProgress (1): 2.0/7.3 MBProgress (1): 2.0/7.3 MBProgress (1): 2.0/7.3 MBProgress (1): 2.0/7.3 MBProgress (1): 2.0/7.3 MBProgress (1): 2.0/7.3 MBProgress (1): 2.0/7.3 MBProgress (1): 2.0/7.3 MBProgress (1): 2.0/7.3 MBProgress (1): 2.1/7.3 MBProgress (1): 2.1/7.3 MBProgress (1): 2.1/7.3 MBProgress (1): 2.1/7.3 MBProgress (1): 2.1/7.3 MBProgress (1): 2.1/7.3 MBProgress (1): 2.1/7.3 MBProgress (1): 2.1/7.3 MBProgress (1): 2.1/7.3 MBProgress (1): 2.1/7.3 MBProgress (1): 2.1/7.3 MBProgress (1): 2.1/7.3 MBProgress (1): 2.1/7.3 MBProgress (1): 2.1/7.3 MBProgress (1): 2.1/7.3 MBProgress (1): 2.1/7.3 MBProgress (1): 2.1/7.3 MBProgress (1): 2.1/7.3 MBProgress (1): 2.1/7.3 MBProgress (1): 2.1/7.3 MBProgress (1): 2.1/7.3 MBProgress (1): 2.1/7.3 MBProgress (1): 2.1/7.3 MBProgress (1): 2.1/7.3 MBProgress (1): 2.1/7.3 MBProgress (1): 2.2/7.3 MBProgress (1): 2.2/7.3 MBProgress (1): 2.2/7.3 MBProgress (1): 2.2/7.3 MBProgress (1): 2.2/7.3 MBProgress (1): 2.2/7.3 MBProgress (1): 2.2/7.3 MBProgress (1): 2.2/7.3 MBProgress (1): 2.2/7.3 MBProgress (1): 2.2/7.3 MBProgress (1): 2.2/7.3 MBProgress (1): 2.2/7.3 MBProgress (1): 2.2/7.3 MBProgress (1): 2.2/7.3 MBProgress (1): 2.2/7.3 MBProgress (1): 2.2/7.3 MBProgress (1): 2.2/7.3 MBProgress (1): 2.2/7.3 MBProgress (1): 2.2/7.3 MBProgress (1): 2.2/7.3 MBProgress (1): 2.2/7.3 MBProgress (1): 2.2/7.3 MBProgress (1): 2.2/7.3 MBProgress (1): 2.2/7.3 MBProgress (1): 2.2/7.3 MBProgress (1): 2.3/7.3 MBProgress (1): 2.3/7.3 MBProgress (1): 2.3/7.3 MBProgress (1): 2.3/7.3 MBProgress (1): 2.3/7.3 MBProgress (1): 2.3/7.3 MBProgress (1): 2.3/7.3 MBProgress (1): 2.3/7.3 MBProgress (1): 2.3/7.3 MBProgress (1): 2.3/7.3 MBProgress (1): 2.3/7.3 MBProgress (1): 2.3/7.3 MBProgress (1): 2.3/7.3 MBProgress (1): 2.3/7.3 MBProgress (1): 2.3/7.3 MBProgress (1): 2.3/7.3 MBProgress (1): 2.3/7.3 MBProgress (1): 2.3/7.3 MBProgress (1): 2.3/7.3 MBProgress (1): 2.3/7.3 MBProgress (1): 2.3/7.3 MBProgress (1): 2.3/7.3 MBProgress (1): 2.3/7.3 MBProgress (1): 2.3/7.3 MBProgress (1): 2.4/7.3 MBProgress (1): 2.4/7.3 MBProgress (1): 2.4/7.3 MBProgress (1): 2.4/7.3 MBProgress (1): 2.4/7.3 MBProgress (1): 2.4/7.3 MBProgress (1): 2.4/7.3 MBProgress (1): 2.4/7.3 MBProgress (1): 2.4/7.3 MBProgress (1): 2.4/7.3 MBProgress (1): 2.4/7.3 MBProgress (1): 2.4/7.3 MBProgress (1): 2.4/7.3 MBProgress (1): 2.4/7.3 MBProgress (1): 2.4/7.3 MBProgress (1): 2.4/7.3 MBProgress (1): 2.4/7.3 MBProgress (1): 2.4/7.3 MBProgress (1): 2.4/7.3 MBProgress (1): 2.4/7.3 MBProgress (1): 2.4/7.3 MBProgress (1): 2.4/7.3 MBProgress (1): 2.4/7.3 MBProgress (1): 2.4/7.3 MBProgress (1): 2.4/7.3 MBProgress (1): 2.5/7.3 MBProgress (1): 2.5/7.3 MBProgress (1): 2.5/7.3 MBProgress (1): 2.5/7.3 MBProgress (1): 2.5/7.3 MBProgress (1): 2.5/7.3 MBProgress (1): 2.5/7.3 MBProgress (1): 2.5/7.3 MBProgress (1): 2.5/7.3 MBProgress (1): 2.5/7.3 MBProgress (1): 2.5/7.3 MBProgress (1): 2.5/7.3 MBProgress (1): 2.5/7.3 MBProgress (1): 2.5/7.3 MBProgress (1): 2.5/7.3 MBProgress (1): 2.5/7.3 MBProgress (1): 2.5/7.3 MBProgress (1): 2.5/7.3 MBProgress (1): 2.5/7.3 MBProgress (1): 2.5/7.3 MBProgress (1): 2.5/7.3 MBProgress (1): 2.5/7.3 MBProgress (1): 2.5/7.3 MBProgress (1): 2.5/7.3 MBProgress (1): 2.6/7.3 MBProgress (1): 2.6/7.3 MBProgress (1): 2.6/7.3 MBProgress (1): 2.6/7.3 MBProgress (1): 2.6/7.3 MBProgress (1): 2.6/7.3 MBProgress (1): 2.6/7.3 MBProgress (1): 2.6/7.3 MBProgress (1): 2.6/7.3 MBProgress (1): 2.6/7.3 MBProgress (1): 2.6/7.3 MBProgress (1): 2.6/7.3 MBProgress (1): 2.6/7.3 MBProgress (1): 2.6/7.3 MBProgress (1): 2.6/7.3 MBProgress (1): 2.6/7.3 MBProgress (1): 2.6/7.3 MBProgress (1): 2.6/7.3 MBProgress (1): 2.6/7.3 MBProgress (1): 2.6/7.3 MBProgress (1): 2.6/7.3 MBProgress (1): 2.6/7.3 MBProgress (1): 2.6/7.3 MBProgress (1): 2.6/7.3 MBProgress (1): 2.7/7.3 MBProgress (1): 2.7/7.3 MBProgress (1): 2.7/7.3 MBProgress (1): 2.7/7.3 MBProgress (1): 2.7/7.3 MBProgress (1): 2.7/7.3 MBProgress (1): 2.7/7.3 MBProgress (1): 2.7/7.3 MBProgress (1): 2.7/7.3 MBProgress (1): 2.7/7.3 MBProgress (1): 2.7/7.3 MBProgress (1): 2.7/7.3 MBProgress (1): 2.7/7.3 MBProgress (1): 2.7/7.3 MBProgress (1): 2.7/7.3 MBProgress (1): 2.7/7.3 MBProgress (1): 2.7/7.3 MBProgress (1): 2.7/7.3 MBProgress (1): 2.7/7.3 MBProgress (1): 2.7/7.3 MBProgress (1): 2.7/7.3 MBProgress (1): 2.7/7.3 MBProgress (1): 2.7/7.3 MBProgress (1): 2.7/7.3 MBProgress (1): 2.7/7.3 MBProgress (1): 2.8/7.3 MBProgress (1): 2.8/7.3 MBProgress (1): 2.8/7.3 MBProgress (1): 2.8/7.3 MBProgress (1): 2.8/7.3 MBProgress (1): 2.8/7.3 MBProgress (1): 2.8/7.3 MBProgress (1): 2.8/7.3 MBProgress (1): 2.8/7.3 MBProgress (1): 2.8/7.3 MBProgress (1): 2.8/7.3 MBProgress (1): 2.8/7.3 MBProgress (1): 2.8/7.3 MBProgress (1): 2.8/7.3 MBProgress (1): 2.8/7.3 MBProgress (1): 2.8/7.3 MBProgress (1): 2.8/7.3 MBProgress (1): 2.8/7.3 MBProgress (1): 2.8/7.3 MBProgress (1): 2.8/7.3 MBProgress (1): 2.8/7.3 MBProgress (1): 2.8/7.3 MBProgress (1): 2.8/7.3 MBProgress (1): 2.8/7.3 MBProgress (1): 2.9/7.3 MBProgress (1): 2.9/7.3 MBProgress (1): 2.9/7.3 MBProgress (1): 2.9/7.3 MBProgress (1): 2.9/7.3 MBProgress (1): 2.9/7.3 MBProgress (1): 2.9/7.3 MBProgress (1): 2.9/7.3 MBProgress (1): 2.9/7.3 MBProgress (1): 2.9/7.3 MBProgress (1): 2.9/7.3 MBProgress (1): 2.9/7.3 MBProgress (1): 2.9/7.3 MBProgress (1): 2.9/7.3 MBProgress (1): 2.9/7.3 MBProgress (1): 2.9/7.3 MBProgress (1): 2.9/7.3 MBProgress (1): 2.9/7.3 MBProgress (1): 2.9/7.3 MBProgress (1): 2.9/7.3 MBProgress (1): 2.9/7.3 MBProgress (1): 2.9/7.3 MBProgress (1): 2.9/7.3 MBProgress (1): 2.9/7.3 MBProgress (1): 2.9/7.3 MBProgress (1): 3.0/7.3 MBProgress (1): 3.0/7.3 MBProgress (1): 3.0/7.3 MBProgress (1): 3.0/7.3 MBProgress (1): 3.0/7.3 MBProgress (1): 3.0/7.3 MBProgress (1): 3.0/7.3 MBProgress (1): 3.0/7.3 MBProgress (1): 3.0/7.3 MBProgress (1): 3.0/7.3 MBProgress (1): 3.0/7.3 MBProgress (1): 3.0/7.3 MBProgress (1): 3.0/7.3 MBProgress (1): 3.0/7.3 MBProgress (1): 3.0/7.3 MBProgress (1): 3.0/7.3 MBProgress (1): 3.0/7.3 MBProgress (1): 3.0/7.3 MBProgress (1): 3.0/7.3 MBProgress (1): 3.0/7.3 MBProgress (1): 3.0/7.3 MBProgress (1): 3.0/7.3 MBProgress (1): 3.0/7.3 MBProgress (1): 3.0/7.3 MBProgress (1): 3.1/7.3 MBProgress (1): 3.1/7.3 MBProgress (1): 3.1/7.3 MBProgress (1): 3.1/7.3 MBProgress (1): 3.1/7.3 MBProgress (1): 3.1/7.3 MBProgress (1): 3.1/7.3 MBProgress (1): 3.1/7.3 MBProgress (1): 3.1/7.3 MBProgress (1): 3.1/7.3 MBProgress (1): 3.1/7.3 MBProgress (1): 3.1/7.3 MBProgress (1): 3.1/7.3 MBProgress (1): 3.1/7.3 MBProgress (1): 3.1/7.3 MBProgress (1): 3.1/7.3 MBProgress (1): 3.1/7.3 MBProgress (1): 3.1/7.3 MBProgress (1): 3.1/7.3 MBProgress (1): 3.1/7.3 MBProgress (1): 3.1/7.3 MBProgress (1): 3.1/7.3 MBProgress (1): 3.1/7.3 MBProgress (1): 3.1/7.3 MBProgress (1): 3.1/7.3 MBProgress (1): 3.2/7.3 MBProgress (1): 3.2/7.3 MBProgress (1): 3.2/7.3 MBProgress (1): 3.2/7.3 MBProgress (1): 3.2/7.3 MBProgress (1): 3.2/7.3 MBProgress (1): 3.2/7.3 MBProgress (1): 3.2/7.3 MBProgress (1): 3.2/7.3 MBProgress (1): 3.2/7.3 MBProgress (1): 3.2/7.3 MBProgress (1): 3.2/7.3 MBProgress (1): 3.2/7.3 MBProgress (1): 3.2/7.3 MBProgress (1): 3.2/7.3 MBProgress (1): 3.2/7.3 MBProgress (1): 3.2/7.3 MBProgress (1): 3.2/7.3 MBProgress (1): 3.2/7.3 MBProgress (1): 3.2/7.3 MBProgress (1): 3.2/7.3 MBProgress (1): 3.2/7.3 MBProgress (1): 3.2/7.3 MBProgress (1): 3.2/7.3 MBProgress (1): 3.3/7.3 MBProgress (1): 3.3/7.3 MBProgress (1): 3.3/7.3 MBProgress (1): 3.3/7.3 MBProgress (1): 3.3/7.3 MBProgress (1): 3.3/7.3 MBProgress (1): 3.3/7.3 MBProgress (1): 3.3/7.3 MBProgress (1): 3.3/7.3 MBProgress (1): 3.3/7.3 MBProgress (1): 3.3/7.3 MBProgress (1): 3.3/7.3 MBProgress (1): 3.3/7.3 MBProgress (1): 3.3/7.3 MBProgress (1): 3.3/7.3 MBProgress (1): 3.3/7.3 MBProgress (1): 3.3/7.3 MBProgress (1): 3.3/7.3 MBProgress (1): 3.3/7.3 MBProgress (1): 3.3/7.3 MBProgress (1): 3.3/7.3 MBProgress (1): 3.3/7.3 MBProgress (1): 3.3/7.3 MBProgress (1): 3.3/7.3 MBProgress (1): 3.4/7.3 MBProgress (1): 3.4/7.3 MBProgress (1): 3.4/7.3 MBProgress (1): 3.4/7.3 MBProgress (1): 3.4/7.3 MBProgress (1): 3.4/7.3 MBProgress (1): 3.4/7.3 MBProgress (1): 3.4/7.3 MBProgress (1): 3.4/7.3 MBProgress (1): 3.4/7.3 MBProgress (1): 3.4/7.3 MBProgress (1): 3.4/7.3 MBProgress (1): 3.4/7.3 MBProgress (1): 3.4/7.3 MBProgress (1): 3.4/7.3 MBProgress (1): 3.4/7.3 MBProgress (1): 3.4/7.3 MBProgress (1): 3.4/7.3 MBProgress (1): 3.4/7.3 MBProgress (1): 3.4/7.3 MBProgress (1): 3.4/7.3 MBProgress (1): 3.4/7.3 MBProgress (1): 3.4/7.3 MBProgress (1): 3.4/7.3 MBProgress (1): 3.4/7.3 MBProgress (1): 3.5/7.3 MBProgress (1): 3.5/7.3 MBProgress (1): 3.5/7.3 MBProgress (1): 3.5/7.3 MBProgress (1): 3.5/7.3 MBProgress (1): 3.5/7.3 MBProgress (1): 3.5/7.3 MBProgress (1): 3.5/7.3 MBProgress (1): 3.5/7.3 MBProgress (1): 3.5/7.3 MBProgress (1): 3.5/7.3 MBProgress (1): 3.5/7.3 MBProgress (1): 3.5/7.3 MBProgress (1): 3.5/7.3 MBProgress (1): 3.5/7.3 MBProgress (1): 3.5/7.3 MBProgress (1): 3.5/7.3 MBProgress (1): 3.5/7.3 MBProgress (1): 3.5/7.3 MBProgress (1): 3.5/7.3 MBProgress (1): 3.5/7.3 MBProgress (1): 3.5/7.3 MBProgress (1): 3.5/7.3 MBProgress (1): 3.5/7.3 MBProgress (1): 3.6/7.3 MBProgress (1): 3.6/7.3 MBProgress (1): 3.6/7.3 MBProgress (1): 3.6/7.3 MBProgress (1): 3.6/7.3 MBProgress (1): 3.6/7.3 MBProgress (1): 3.6/7.3 MBProgress (1): 3.6/7.3 MBProgress (1): 3.6/7.3 MBProgress (1): 3.6/7.3 MBProgress (1): 3.6/7.3 MBProgress (1): 3.6/7.3 MBProgress (1): 3.6/7.3 MBProgress (1): 3.6/7.3 MBProgress (1): 3.6/7.3 MBProgress (1): 3.6/7.3 MBProgress (1): 3.6/7.3 MBProgress (1): 3.6/7.3 MBProgress (1): 3.6/7.3 MBProgress (1): 3.6/7.3 MBProgress (1): 3.6/7.3 MBProgress (1): 3.6/7.3 MBProgress (1): 3.6/7.3 MBProgress (1): 3.6/7.3 MBProgress (1): 3.6/7.3 MBProgress (1): 3.7/7.3 MBProgress (1): 3.7/7.3 MBProgress (1): 3.7/7.3 MBProgress (1): 3.7/7.3 MBProgress (1): 3.7/7.3 MBProgress (1): 3.7/7.3 MBProgress (1): 3.7/7.3 MBProgress (1): 3.7/7.3 MBProgress (1): 3.7/7.3 MBProgress (1): 3.7/7.3 MBProgress (1): 3.7/7.3 MBProgress (1): 3.7/7.3 MBProgress (1): 3.7/7.3 MBProgress (1): 3.7/7.3 MBProgress (1): 3.7/7.3 MBProgress (1): 3.7/7.3 MBProgress (1): 3.7/7.3 MBProgress (1): 3.7/7.3 MBProgress (1): 3.7/7.3 MBProgress (1): 3.7/7.3 MBProgress (1): 3.7/7.3 MBProgress (1): 3.7/7.3 MBProgress (1): 3.7/7.3 MBProgress (1): 3.7/7.3 MBProgress (1): 3.8/7.3 MBProgress (1): 3.8/7.3 MBProgress (1): 3.8/7.3 MBProgress (1): 3.8/7.3 MBProgress (1): 3.8/7.3 MBProgress (1): 3.8/7.3 MBProgress (1): 3.8/7.3 MBProgress (1): 3.8/7.3 MBProgress (1): 3.8/7.3 MBProgress (1): 3.8/7.3 MBProgress (1): 3.8/7.3 MBProgress (1): 3.8/7.3 MBProgress (1): 3.8/7.3 MBProgress (1): 3.8/7.3 MBProgress (1): 3.8/7.3 MBProgress (1): 3.8/7.3 MBProgress (1): 3.8/7.3 MBProgress (1): 3.8/7.3 MBProgress (1): 3.8/7.3 MBProgress (1): 3.8/7.3 MBProgress (1): 3.8/7.3 MBProgress (1): 3.8/7.3 MBProgress (1): 3.8/7.3 MBProgress (1): 3.8/7.3 MBProgress (1): 3.9/7.3 MBProgress (1): 3.9/7.3 MBProgress (1): 3.9/7.3 MBProgress (1): 3.9/7.3 MBProgress (1): 3.9/7.3 MBProgress (1): 3.9/7.3 MBProgress (1): 3.9/7.3 MBProgress (1): 3.9/7.3 MBProgress (1): 3.9/7.3 MBProgress (1): 3.9/7.3 MBProgress (1): 3.9/7.3 MBProgress (1): 3.9/7.3 MBProgress (1): 3.9/7.3 MBProgress (1): 3.9/7.3 MBProgress (1): 3.9/7.3 MBProgress (1): 3.9/7.3 MBProgress (1): 3.9/7.3 MBProgress (1): 3.9/7.3 MBProgress (1): 3.9/7.3 MBProgress (1): 3.9/7.3 MBProgress (1): 3.9/7.3 MBProgress (1): 3.9/7.3 MBProgress (1): 3.9/7.3 MBProgress (1): 3.9/7.3 MBProgress (1): 3.9/7.3 MBProgress (1): 4.0/7.3 MBProgress (1): 4.0/7.3 MBProgress (1): 4.0/7.3 MBProgress (1): 4.0/7.3 MBProgress (1): 4.0/7.3 MBProgress (1): 4.0/7.3 MBProgress (1): 4.0/7.3 MBProgress (1): 4.0/7.3 MBProgress (1): 4.0/7.3 MBProgress (1): 4.0/7.3 MBProgress (1): 4.0/7.3 MBProgress (1): 4.0/7.3 MBProgress (1): 4.0/7.3 MBProgress (1): 4.0/7.3 MBProgress (1): 4.0/7.3 MBProgress (1): 4.0/7.3 MBProgress (1): 4.0/7.3 MBProgress (1): 4.0/7.3 MBProgress (1): 4.0/7.3 MBProgress (1): 4.0/7.3 MBProgress (1): 4.0/7.3 MBProgress (1): 4.0/7.3 MBProgress (1): 4.0/7.3 MBProgress (1): 4.0/7.3 MBProgress (1): 4.1/7.3 MBProgress (1): 4.1/7.3 MBProgress (1): 4.1/7.3 MBProgress (1): 4.1/7.3 MBProgress (1): 4.1/7.3 MBProgress (1): 4.1/7.3 MBProgress (1): 4.1/7.3 MBProgress (1): 4.1/7.3 MBProgress (1): 4.1/7.3 MBProgress (1): 4.1/7.3 MBProgress (1): 4.1/7.3 MBProgress (1): 4.1/7.3 MBProgress (1): 4.1/7.3 MBProgress (1): 4.1/7.3 MBProgress (1): 4.1/7.3 MBProgress (1): 4.1/7.3 MBProgress (1): 4.1/7.3 MBProgress (1): 4.1/7.3 MBProgress (1): 4.1/7.3 MBProgress (1): 4.1/7.3 MBProgress (1): 4.1/7.3 MBProgress (1): 4.1/7.3 MBProgress (1): 4.1/7.3 MBProgress (1): 4.1/7.3 MBProgress (1): 4.1/7.3 MBProgress (1): 4.2/7.3 MBProgress (1): 4.2/7.3 MBProgress (1): 4.2/7.3 MBProgress (1): 4.2/7.3 MBProgress (1): 4.2/7.3 MBProgress (1): 4.2/7.3 MBProgress (1): 4.2/7.3 MBProgress (1): 4.2/7.3 MBProgress (1): 4.2/7.3 MBProgress (1): 4.2/7.3 MBProgress (1): 4.2/7.3 MBProgress (1): 4.2/7.3 MBProgress (1): 4.2/7.3 MBProgress (1): 4.2/7.3 MBProgress (1): 4.2/7.3 MBProgress (1): 4.2/7.3 MBProgress (1): 4.2/7.3 MBProgress (1): 4.2/7.3 MBProgress (1): 4.2/7.3 MBProgress (1): 4.2/7.3 MBProgress (1): 4.2/7.3 MBProgress (1): 4.2/7.3 MBProgress (1): 4.2/7.3 MBProgress (1): 4.2/7.3 MBProgress (1): 4.3/7.3 MBProgress (1): 4.3/7.3 MBProgress (1): 4.3/7.3 MBProgress (1): 4.3/7.3 MBProgress (1): 4.3/7.3 MBProgress (1): 4.3/7.3 MBProgress (1): 4.3/7.3 MBProgress (1): 4.3/7.3 MBProgress (1): 4.3/7.3 MBProgress (1): 4.3/7.3 MBProgress (1): 4.3/7.3 MBProgress (1): 4.3/7.3 MBProgress (1): 4.3/7.3 MBProgress (1): 4.3/7.3 MBProgress (1): 4.3/7.3 MBProgress (1): 4.3/7.3 MBProgress (1): 4.3/7.3 MBProgress (1): 4.3/7.3 MBProgress (1): 4.3/7.3 MBProgress (1): 4.3/7.3 MBProgress (1): 4.3/7.3 MBProgress (1): 4.3/7.3 MBProgress (1): 4.3/7.3 MBProgress (1): 4.3/7.3 MBProgress (1): 4.3/7.3 MBProgress (1): 4.4/7.3 MBProgress (1): 4.4/7.3 MBProgress (1): 4.4/7.3 MBProgress (1): 4.4/7.3 MBProgress (1): 4.4/7.3 MBProgress (1): 4.4/7.3 MBProgress (1): 4.4/7.3 MBProgress (1): 4.4/7.3 MBProgress (1): 4.4/7.3 MBProgress (1): 4.4/7.3 MBProgress (1): 4.4/7.3 MBProgress (1): 4.4/7.3 MBProgress (1): 4.4/7.3 MBProgress (1): 4.4/7.3 MBProgress (1): 4.4/7.3 MBProgress (1): 4.4/7.3 MBProgress (1): 4.4/7.3 MBProgress (1): 4.4/7.3 MBProgress (1): 4.4/7.3 MBProgress (1): 4.4/7.3 MBProgress (1): 4.4/7.3 MBProgress (1): 4.4/7.3 MBProgress (1): 4.4/7.3 MBProgress (1): 4.4/7.3 MBProgress (1): 4.5/7.3 MBProgress (1): 4.5/7.3 MBProgress (1): 4.5/7.3 MBProgress (1): 4.5/7.3 MBProgress (1): 4.5/7.3 MBProgress (1): 4.5/7.3 MBProgress (1): 4.5/7.3 MBProgress (1): 4.5/7.3 MBProgress (1): 4.5/7.3 MBProgress (1): 4.5/7.3 MBProgress (1): 4.5/7.3 MBProgress (1): 4.5/7.3 MBProgress (1): 4.5/7.3 MBProgress (1): 4.5/7.3 MBProgress (1): 4.5/7.3 MBProgress (1): 4.5/7.3 MBProgress (1): 4.5/7.3 MBProgress (1): 4.5/7.3 MBProgress (1): 4.5/7.3 MBProgress (1): 4.5/7.3 MBProgress (1): 4.5/7.3 MBProgress (1): 4.5/7.3 MBProgress (1): 4.5/7.3 MBProgress (1): 4.5/7.3 MBProgress (1): 4.6/7.3 MBProgress (1): 4.6/7.3 MBProgress (1): 4.6/7.3 MBProgress (1): 4.6/7.3 MBProgress (1): 4.6/7.3 MBProgress (1): 4.6/7.3 MBProgress (1): 4.6/7.3 MBProgress (1): 4.6/7.3 MBProgress (1): 4.6/7.3 MBProgress (1): 4.6/7.3 MBProgress (1): 4.6/7.3 MBProgress (1): 4.6/7.3 MBProgress (1): 4.6/7.3 MBProgress (1): 4.6/7.3 MBProgress (1): 4.6/7.3 MBProgress (1): 4.6/7.3 MBProgress (1): 4.6/7.3 MBProgress (1): 4.6/7.3 MBProgress (1): 4.6/7.3 MBProgress (1): 4.6/7.3 MBProgress (1): 4.6/7.3 MBProgress (1): 4.6/7.3 MBProgress (1): 4.6/7.3 MBProgress (1): 4.6/7.3 MBProgress (1): 4.6/7.3 MBProgress (1): 4.7/7.3 MBProgress (1): 4.7/7.3 MBProgress (1): 4.7/7.3 MBProgress (1): 4.7/7.3 MBProgress (1): 4.7/7.3 MBProgress (1): 4.7/7.3 MBProgress (1): 4.7/7.3 MBProgress (1): 4.7/7.3 MBProgress (1): 4.7/7.3 MBProgress (1): 4.7/7.3 MBProgress (1): 4.7/7.3 MBProgress (1): 4.7/7.3 MBProgress (1): 4.7/7.3 MBProgress (1): 4.7/7.3 MBProgress (1): 4.7/7.3 MBProgress (1): 4.7/7.3 MBProgress (1): 4.7/7.3 MBProgress (1): 4.7/7.3 MBProgress (1): 4.7/7.3 MBProgress (1): 4.7/7.3 MBProgress (1): 4.7/7.3 MBProgress (1): 4.7/7.3 MBProgress (1): 4.7/7.3 MBProgress (1): 4.7/7.3 MBProgress (1): 4.8/7.3 MBProgress (1): 4.8/7.3 MBProgress (1): 4.8/7.3 MBProgress (1): 4.8/7.3 MBProgress (1): 4.8/7.3 MBProgress (1): 4.8/7.3 MBProgress (1): 4.8/7.3 MBProgress (1): 4.8/7.3 MBProgress (1): 4.8/7.3 MBProgress (1): 4.8/7.3 MBProgress (1): 4.8/7.3 MBProgress (1): 4.8/7.3 MBProgress (1): 4.8/7.3 MBProgress (1): 4.8/7.3 MBProgress (1): 4.8/7.3 MBProgress (1): 4.8/7.3 MBProgress (1): 4.8/7.3 MBProgress (1): 4.8/7.3 MBProgress (1): 4.8/7.3 MBProgress (1): 4.8/7.3 MBProgress (1): 4.8/7.3 MBProgress (1): 4.8/7.3 MBProgress (1): 4.8/7.3 MBProgress (1): 4.8/7.3 MBProgress (1): 4.8/7.3 MBProgress (1): 4.9/7.3 MBProgress (1): 4.9/7.3 MBProgress (1): 4.9/7.3 MBProgress (1): 4.9/7.3 MBProgress (1): 4.9/7.3 MBProgress (1): 4.9/7.3 MBProgress (1): 4.9/7.3 MBProgress (1): 4.9/7.3 MBProgress (1): 4.9/7.3 MBProgress (1): 4.9/7.3 MBProgress (1): 4.9/7.3 MBProgress (1): 4.9/7.3 MBProgress (1): 4.9/7.3 MBProgress (1): 4.9/7.3 MBProgress (1): 4.9/7.3 MBProgress (1): 4.9/7.3 MBProgress (1): 4.9/7.3 MBProgress (1): 4.9/7.3 MBProgress (1): 4.9/7.3 MBProgress (1): 4.9/7.3 MBProgress (1): 4.9/7.3 MBProgress (1): 4.9/7.3 MBProgress (1): 4.9/7.3 MBProgress (1): 4.9/7.3 MBProgress (1): 5.0/7.3 MBProgress (1): 5.0/7.3 MBProgress (1): 5.0/7.3 MBProgress (1): 5.0/7.3 MBProgress (1): 5.0/7.3 MBProgress (1): 5.0/7.3 MBProgress (1): 5.0/7.3 MBProgress (1): 5.0/7.3 MBProgress (1): 5.0/7.3 MBProgress (1): 5.0/7.3 MBProgress (1): 5.0/7.3 MBProgress (1): 5.0/7.3 MBProgress (1): 5.0/7.3 MBProgress (1): 5.0/7.3 MBProgress (1): 5.0/7.3 MBProgress (1): 5.0/7.3 MBProgress (1): 5.0/7.3 MBProgress (1): 5.0/7.3 MBProgress (1): 5.0/7.3 MBProgress (1): 5.0/7.3 MBProgress (1): 5.0/7.3 MBProgress (1): 5.0/7.3 MBProgress (1): 5.0/7.3 MBProgress (1): 5.0/7.3 MBProgress (1): 5.1/7.3 MBProgress (1): 5.1/7.3 MBProgress (1): 5.1/7.3 MBProgress (1): 5.1/7.3 MBProgress (1): 5.1/7.3 MBProgress (1): 5.1/7.3 MBProgress (1): 5.1/7.3 MBProgress (1): 5.1/7.3 MBProgress (1): 5.1/7.3 MBProgress (1): 5.1/7.3 MBProgress (1): 5.1/7.3 MBProgress (1): 5.1/7.3 MBProgress (1): 5.1/7.3 MBProgress (1): 5.1/7.3 MBProgress (1): 5.1/7.3 MBProgress (1): 5.1/7.3 MBProgress (1): 5.1/7.3 MBProgress (1): 5.1/7.3 MBProgress (1): 5.1/7.3 MBProgress (1): 5.1/7.3 MBProgress (1): 5.1/7.3 MBProgress (1): 5.1/7.3 MBProgress (1): 5.1/7.3 MBProgress (1): 5.1/7.3 MBProgress (1): 5.1/7.3 MBProgress (1): 5.2/7.3 MBProgress (1): 5.2/7.3 MBProgress (1): 5.2/7.3 MBProgress (1): 5.2/7.3 MBProgress (1): 5.2/7.3 MBProgress (1): 5.2/7.3 MBProgress (1): 5.2/7.3 MBProgress (1): 5.2/7.3 MBProgress (1): 5.2/7.3 MBProgress (1): 5.2/7.3 MBProgress (1): 5.2/7.3 MBProgress (1): 5.2/7.3 MBProgress (1): 5.2/7.3 MBProgress (1): 5.2/7.3 MBProgress (1): 5.2/7.3 MBProgress (1): 5.2/7.3 MBProgress (1): 5.2/7.3 MBProgress (1): 5.2/7.3 MBProgress (1): 5.2/7.3 MBProgress (1): 5.2/7.3 MBProgress (1): 5.2/7.3 MBProgress (1): 5.2/7.3 MBProgress (1): 5.2/7.3 MBProgress (1): 5.2/7.3 MBProgress (1): 5.3/7.3 MBProgress (1): 5.3/7.3 MBProgress (1): 5.3/7.3 MBProgress (1): 5.3/7.3 MBProgress (1): 5.3/7.3 MBProgress (1): 5.3/7.3 MBProgress (1): 5.3/7.3 MBProgress (1): 5.3/7.3 MBProgress (1): 5.3/7.3 MBProgress (1): 5.3/7.3 MBProgress (1): 5.3/7.3 MBProgress (1): 5.3/7.3 MBProgress (1): 5.3/7.3 MBProgress (1): 5.3/7.3 MBProgress (1): 5.3/7.3 MBProgress (1): 5.3/7.3 MBProgress (1): 5.3/7.3 MBProgress (1): 5.3/7.3 MBProgress (1): 5.3/7.3 MBProgress (1): 5.3/7.3 MBProgress (1): 5.3/7.3 MBProgress (1): 5.3/7.3 MBProgress (1): 5.3/7.3 MBProgress (1): 5.3/7.3 MBProgress (1): 5.3/7.3 MBProgress (1): 5.4/7.3 MBProgress (1): 5.4/7.3 MBProgress (1): 5.4/7.3 MBProgress (1): 5.4/7.3 MBProgress (1): 5.4/7.3 MBProgress (1): 5.4/7.3 MBProgress (1): 5.4/7.3 MBProgress (1): 5.4/7.3 MBProgress (1): 5.4/7.3 MBProgress (1): 5.4/7.3 MBProgress (1): 5.4/7.3 MBProgress (1): 5.4/7.3 MBProgress (1): 5.4/7.3 MBProgress (1): 5.4/7.3 MBProgress (1): 5.4/7.3 MBProgress (1): 5.4/7.3 MBProgress (1): 5.4/7.3 MBProgress (1): 5.4/7.3 MBProgress (1): 5.4/7.3 MBProgress (1): 5.4/7.3 MBProgress (1): 5.4/7.3 MBProgress (1): 5.4/7.3 MBProgress (1): 5.4/7.3 MBProgress (1): 5.4/7.3 MBProgress (1): 5.5/7.3 MBProgress (1): 5.5/7.3 MBProgress (1): 5.5/7.3 MBProgress (1): 5.5/7.3 MBProgress (1): 5.5/7.3 MBProgress (1): 5.5/7.3 MBProgress (1): 5.5/7.3 MBProgress (1): 5.5/7.3 MBProgress (1): 5.5/7.3 MBProgress (1): 5.5/7.3 MBProgress (1): 5.5/7.3 MBProgress (1): 5.5/7.3 MBProgress (1): 5.5/7.3 MBProgress (1): 5.5/7.3 MBProgress (1): 5.5/7.3 MBProgress (1): 5.5/7.3 MBProgress (1): 5.5/7.3 MBProgress (1): 5.5/7.3 MBProgress (1): 5.5/7.3 MBProgress (1): 5.5/7.3 MBProgress (1): 5.5/7.3 MBProgress (1): 5.5/7.3 MBProgress (1): 5.5/7.3 MBProgress (1): 5.5/7.3 MBProgress (1): 5.6/7.3 MBProgress (1): 5.6/7.3 MBProgress (1): 5.6/7.3 MBProgress (1): 5.6/7.3 MBProgress (1): 5.6/7.3 MBProgress (1): 5.6/7.3 MBProgress (1): 5.6/7.3 MBProgress (1): 5.6/7.3 MBProgress (1): 5.6/7.3 MBProgress (1): 5.6/7.3 MBProgress (1): 5.6/7.3 MBProgress (1): 5.6/7.3 MBProgress (1): 5.6/7.3 MBProgress (1): 5.6/7.3 MBProgress (1): 5.6/7.3 MBProgress (1): 5.6/7.3 MBProgress (1): 5.6/7.3 MBProgress (1): 5.6/7.3 MBProgress (1): 5.6/7.3 MBProgress (1): 5.6/7.3 MBProgress (1): 5.6/7.3 MBProgress (1): 5.6/7.3 MBProgress (1): 5.6/7.3 MBProgress (1): 5.6/7.3 MBProgress (1): 5.6/7.3 MBProgress (1): 5.7/7.3 MBProgress (1): 5.7/7.3 MBProgress (1): 5.7/7.3 MBProgress (1): 5.7/7.3 MBProgress (1): 5.7/7.3 MBProgress (1): 5.7/7.3 MBProgress (1): 5.7/7.3 MBProgress (1): 5.7/7.3 MBProgress (1): 5.7/7.3 MBProgress (1): 5.7/7.3 MBProgress (1): 5.7/7.3 MBProgress (1): 5.7/7.3 MBProgress (1): 5.7/7.3 MBProgress (1): 5.7/7.3 MBProgress (1): 5.7/7.3 MBProgress (1): 5.7/7.3 MBProgress (1): 5.7/7.3 MBProgress (1): 5.7/7.3 MBProgress (1): 5.7/7.3 MBProgress (1): 5.7/7.3 MBProgress (1): 5.7/7.3 MBProgress (1): 5.7/7.3 MBProgress (1): 5.7/7.3 MBProgress (1): 5.7/7.3 MBProgress (1): 5.8/7.3 MBProgress (1): 5.8/7.3 MBProgress (1): 5.8/7.3 MBProgress (1): 5.8/7.3 MBProgress (1): 5.8/7.3 MBProgress (1): 5.8/7.3 MBProgress (1): 5.8/7.3 MBProgress (1): 5.8/7.3 MBProgress (1): 5.8/7.3 MBProgress (1): 5.8/7.3 MBProgress (1): 5.8/7.3 MBProgress (1): 5.8/7.3 MBProgress (1): 5.8/7.3 MBProgress (1): 5.8/7.3 MBProgress (1): 5.8/7.3 MBProgress (1): 5.8/7.3 MBProgress (1): 5.8/7.3 MBProgress (1): 5.8/7.3 MBProgress (1): 5.8/7.3 MBProgress (1): 5.8/7.3 MBProgress (1): 5.8/7.3 MBProgress (1): 5.8/7.3 MBProgress (1): 5.8/7.3 MBProgress (1): 5.8/7.3 MBProgress (1): 5.8/7.3 MBProgress (1): 5.9/7.3 MBProgress (1): 5.9/7.3 MBProgress (1): 5.9/7.3 MBProgress (1): 5.9/7.3 MBProgress (1): 5.9/7.3 MBProgress (1): 5.9/7.3 MBProgress (1): 5.9/7.3 MBProgress (1): 5.9/7.3 MBProgress (1): 5.9/7.3 MBProgress (1): 5.9/7.3 MBProgress (1): 5.9/7.3 MBProgress (1): 5.9/7.3 MBProgress (1): 5.9/7.3 MBProgress (1): 5.9/7.3 MBProgress (1): 5.9/7.3 MBProgress (1): 5.9/7.3 MBProgress (1): 5.9/7.3 MBProgress (1): 5.9/7.3 MBProgress (1): 5.9/7.3 MBProgress (1): 5.9/7.3 MBProgress (1): 5.9/7.3 MBProgress (1): 5.9/7.3 MBProgress (1): 5.9/7.3 MBProgress (1): 5.9/7.3 MBProgress (1): 6.0/7.3 MBProgress (1): 6.0/7.3 MBProgress (1): 6.0/7.3 MBProgress (1): 6.0/7.3 MBProgress (1): 6.0/7.3 MBProgress (1): 6.0/7.3 MBProgress (1): 6.0/7.3 MBProgress (1): 6.0/7.3 MBProgress (1): 6.0/7.3 MBProgress (1): 6.0/7.3 MBProgress (1): 6.0/7.3 MBProgress (1): 6.0/7.3 MBProgress (1): 6.0/7.3 MBProgress (1): 6.0/7.3 MBProgress (1): 6.0/7.3 MBProgress (1): 6.0/7.3 MBProgress (1): 6.0/7.3 MBProgress (1): 6.0/7.3 MBProgress (1): 6.0/7.3 MBProgress (1): 6.0/7.3 MBProgress (1): 6.0/7.3 MBProgress (1): 6.0/7.3 MBProgress (1): 6.0/7.3 MBProgress (1): 6.0/7.3 MBProgress (1): 6.0/7.3 MBProgress (1): 6.1/7.3 MBProgress (1): 6.1/7.3 MBProgress (1): 6.1/7.3 MBProgress (1): 6.1/7.3 MBProgress (1): 6.1/7.3 MBProgress (1): 6.1/7.3 MBProgress (1): 6.1/7.3 MBProgress (1): 6.1/7.3 MBProgress (1): 6.1/7.3 MBProgress (1): 6.1/7.3 MBProgress (1): 6.1/7.3 MBProgress (1): 6.1/7.3 MBProgress (1): 6.1/7.3 MBProgress (1): 6.1/7.3 MBProgress (1): 6.1/7.3 MBProgress (1): 6.1/7.3 MBProgress (1): 6.1/7.3 MBProgress (1): 6.1/7.3 MBProgress (1): 6.1/7.3 MBProgress (1): 6.1/7.3 MBProgress (1): 6.1/7.3 MBProgress (1): 6.1/7.3 MBProgress (1): 6.1/7.3 MBProgress (1): 6.1/7.3 MBProgress (1): 6.2/7.3 MBProgress (1): 6.2/7.3 MBProgress (1): 6.2/7.3 MBProgress (1): 6.2/7.3 MBProgress (1): 6.2/7.3 MBProgress (1): 6.2/7.3 MBProgress (1): 6.2/7.3 MBProgress (1): 6.2/7.3 MBProgress (1): 6.2/7.3 MBProgress (1): 6.2/7.3 MBProgress (1): 6.2/7.3 MBProgress (1): 6.2/7.3 MBProgress (1): 6.2/7.3 MBProgress (1): 6.2/7.3 MBProgress (1): 6.2/7.3 MBProgress (1): 6.2/7.3 MBProgress (1): 6.2/7.3 MBProgress (1): 6.2/7.3 MBProgress (1): 6.2/7.3 MBProgress (1): 6.2/7.3 MBProgress (1): 6.2/7.3 MBProgress (1): 6.2/7.3 MBProgress (1): 6.2/7.3 MBProgress (1): 6.2/7.3 MBProgress (1): 6.3/7.3 MBProgress (1): 6.3/7.3 MBProgress (1): 6.3/7.3 MBProgress (1): 6.3/7.3 MBProgress (1): 6.3/7.3 MBProgress (1): 6.3/7.3 MBProgress (1): 6.3/7.3 MBProgress (1): 6.3/7.3 MBProgress (1): 6.3/7.3 MBProgress (1): 6.3/7.3 MBProgress (1): 6.3/7.3 MBProgress (1): 6.3/7.3 MBProgress (1): 6.3/7.3 MBProgress (1): 6.3/7.3 MBProgress (1): 6.3/7.3 MBProgress (1): 6.3/7.3 MBProgress (1): 6.3/7.3 MBProgress (1): 6.3/7.3 MBProgress (1): 6.3/7.3 MBProgress (1): 6.3/7.3 MBProgress (1): 6.3/7.3 MBProgress (1): 6.3/7.3 MBProgress (1): 6.3/7.3 MBProgress (1): 6.3/7.3 MBProgress (1): 6.3/7.3 MBProgress (1): 6.4/7.3 MBProgress (1): 6.4/7.3 MBProgress (1): 6.4/7.3 MBProgress (1): 6.4/7.3 MBProgress (1): 6.4/7.3 MBProgress (1): 6.4/7.3 MBProgress (1): 6.4/7.3 MBProgress (1): 6.4/7.3 MBProgress (1): 6.4/7.3 MBProgress (1): 6.4/7.3 MBProgress (1): 6.4/7.3 MBProgress (1): 6.4/7.3 MBProgress (1): 6.4/7.3 MBProgress (1): 6.4/7.3 MBProgress (1): 6.4/7.3 MBProgress (1): 6.4/7.3 MBProgress (1): 6.4/7.3 MBProgress (1): 6.4/7.3 MBProgress (1): 6.4/7.3 MBProgress (1): 6.4/7.3 MBProgress (1): 6.4/7.3 MBProgress (1): 6.4/7.3 MBProgress (1): 6.4/7.3 MBProgress (1): 6.4/7.3 MBProgress (1): 6.5/7.3 MBProgress (1): 6.5/7.3 MBProgress (1): 6.5/7.3 MBProgress (1): 6.5/7.3 MBProgress (1): 6.5/7.3 MBProgress (1): 6.5/7.3 MBProgress (1): 6.5/7.3 MBProgress (1): 6.5/7.3 MBProgress (1): 6.5/7.3 MBProgress (1): 6.5/7.3 MBProgress (1): 6.5/7.3 MBProgress (1): 6.5/7.3 MBProgress (1): 6.5/7.3 MBProgress (1): 6.5/7.3 MBProgress (1): 6.5/7.3 MBProgress (1): 6.5/7.3 MBProgress (1): 6.5/7.3 MBProgress (1): 6.5/7.3 MBProgress (1): 6.5/7.3 MBProgress (1): 6.5/7.3 MBProgress (1): 6.5/7.3 MBProgress (1): 6.5/7.3 MBProgress (1): 6.5/7.3 MBProgress (1): 6.5/7.3 MBProgress (1): 6.5/7.3 MBProgress (1): 6.6/7.3 MBProgress (1): 6.6/7.3 MBProgress (1): 6.6/7.3 MBProgress (1): 6.6/7.3 MBProgress (1): 6.6/7.3 MBProgress (1): 6.6/7.3 MBProgress (1): 6.6/7.3 MBProgress (1): 6.6/7.3 MBProgress (1): 6.6/7.3 MBProgress (1): 6.6/7.3 MBProgress (1): 6.6/7.3 MBProgress (1): 6.6/7.3 MBProgress (1): 6.6/7.3 MBProgress (1): 6.6/7.3 MBProgress (1): 6.6/7.3 MBProgress (1): 6.6/7.3 MBProgress (1): 6.6/7.3 MBProgress (1): 6.6/7.3 MBProgress (1): 6.6/7.3 MBProgress (1): 6.6/7.3 MBProgress (1): 6.6/7.3 MBProgress (1): 6.6/7.3 MBProgress (1): 6.6/7.3 MBProgress (1): 6.6/7.3 MBProgress (1): 6.7/7.3 MBProgress (1): 6.7/7.3 MBProgress (1): 6.7/7.3 MBProgress (1): 6.7/7.3 MBProgress (1): 6.7/7.3 MBProgress (1): 6.7/7.3 MBProgress (1): 6.7/7.3 MBProgress (1): 6.7/7.3 MBProgress (1): 6.7/7.3 MBProgress (1): 6.7/7.3 MBProgress (1): 6.7/7.3 MBProgress (1): 6.7/7.3 MBProgress (1): 6.7/7.3 MBProgress (1): 6.7/7.3 MBProgress (1): 6.7/7.3 MBProgress (1): 6.7/7.3 MBProgress (1): 6.7/7.3 MBProgress (1): 6.7/7.3 MBProgress (1): 6.7/7.3 MBProgress (1): 6.7/7.3 MBProgress (1): 6.7/7.3 MBProgress (1): 6.7/7.3 MBProgress (1): 6.7/7.3 MBProgress (1): 6.7/7.3 MBProgress (1): 6.8/7.3 MBProgress (1): 6.8/7.3 MBProgress (1): 6.8/7.3 MBProgress (1): 6.8/7.3 MBProgress (1): 6.8/7.3 MBProgress (1): 6.8/7.3 MBProgress (1): 6.8/7.3 MBProgress (1): 6.8/7.3 MBProgress (1): 6.8/7.3 MBProgress (1): 6.8/7.3 MBProgress (1): 6.8/7.3 MBProgress (1): 6.8/7.3 MBProgress (1): 6.8/7.3 MBProgress (1): 6.8/7.3 MBProgress (1): 6.8/7.3 MBProgress (1): 6.8/7.3 MBProgress (1): 6.8/7.3 MBProgress (1): 6.8/7.3 MBProgress (1): 6.8/7.3 MBProgress (1): 6.8/7.3 MBProgress (1): 6.8/7.3 MBProgress (1): 6.8/7.3 MBProgress (1): 6.8/7.3 MBProgress (1): 6.8/7.3 MBProgress (1): 6.8/7.3 MBProgress (1): 6.9/7.3 MBProgress (1): 6.9/7.3 MBProgress (1): 6.9/7.3 MBProgress (1): 6.9/7.3 MBProgress (1): 6.9/7.3 MBProgress (1): 6.9/7.3 MBProgress (1): 6.9/7.3 MBProgress (1): 6.9/7.3 MBProgress (1): 6.9/7.3 MBProgress (1): 6.9/7.3 MBProgress (1): 6.9/7.3 MBProgress (1): 6.9/7.3 MBProgress (1): 6.9/7.3 MBProgress (1): 6.9/7.3 MBProgress (1): 6.9/7.3 MBProgress (1): 6.9/7.3 MBProgress (1): 6.9/7.3 MBProgress (1): 6.9/7.3 MBProgress (1): 6.9/7.3 MBProgress (1): 6.9/7.3 MBProgress (1): 6.9/7.3 MBProgress (1): 6.9/7.3 MBProgress (1): 6.9/7.3 MBProgress (1): 6.9/7.3 MBProgress (1): 7.0/7.3 MBProgress (1): 7.0/7.3 MBProgress (1): 7.0/7.3 MBProgress (1): 7.0/7.3 MBProgress (1): 7.0/7.3 MBProgress (1): 7.0/7.3 MBProgress (1): 7.0/7.3 MBProgress (1): 7.0/7.3 MBProgress (1): 7.0/7.3 MBProgress (1): 7.0/7.3 MBProgress (1): 7.0/7.3 MBProgress (1): 7.0/7.3 MBProgress (1): 7.0/7.3 MBProgress (1): 7.0/7.3 MBProgress (1): 7.0/7.3 MBProgress (1): 7.0/7.3 MBProgress (1): 7.0/7.3 MBProgress (1): 7.0/7.3 MBProgress (1): 7.0/7.3 MBProgress (1): 7.0/7.3 MBProgress (1): 7.0/7.3 MBProgress (1): 7.0/7.3 MBProgress (1): 7.0/7.3 MBProgress (1): 7.0/7.3 MBProgress (1): 7.0/7.3 MBProgress (1): 7.1/7.3 MBProgress (1): 7.1/7.3 MBProgress (1): 7.1/7.3 MBProgress (1): 7.1/7.3 MBProgress (1): 7.1/7.3 MBProgress (1): 7.1/7.3 MBProgress (1): 7.1/7.3 MBProgress (1): 7.1/7.3 MBProgress (1): 7.1/7.3 MBProgress (1): 7.1/7.3 MBProgress (1): 7.1/7.3 MBProgress (1): 7.1/7.3 MBProgress (1): 7.1/7.3 MBProgress (1): 7.1/7.3 MBProgress (1): 7.1/7.3 MBProgress (1): 7.1/7.3 MBProgress (1): 7.1/7.3 MBProgress (1): 7.1/7.3 MBProgress (1): 7.1/7.3 MBProgress (1): 7.1/7.3 MBProgress (1): 7.1/7.3 MBProgress (1): 7.1/7.3 MBProgress (1): 7.1/7.3 MBProgress (1): 7.1/7.3 MBProgress (1): 7.2/7.3 MBProgress (1): 7.2/7.3 MBProgress (1): 7.2/7.3 MBProgress (1): 7.2/7.3 MBProgress (1): 7.2/7.3 MBProgress (1): 7.2/7.3 MBProgress (1): 7.2/7.3 MBProgress (1): 7.2/7.3 MBProgress (1): 7.2/7.3 MBProgress (1): 7.2/7.3 MBProgress (1): 7.2/7.3 MBProgress (1): 7.2/7.3 MBProgress (1): 7.2/7.3 MBProgress (1): 7.2/7.3 MBProgress (1): 7.2/7.3 MBProgress (1): 7.2/7.3 MBProgress (1): 7.2/7.3 MBProgress (1): 7.2/7.3 MBProgress (1): 7.2/7.3 MBProgress (1): 7.2/7.3 MBProgress (1): 7.2/7.3 MBProgress (1): 7.2/7.3 MBProgress (1): 7.2/7.3 MBProgress (1): 7.2/7.3 MBProgress (1): 7.2/7.3 MBProgress (1): 7.3/7.3 MBProgress (1): 7.3/7.3 MBProgress (1): 7.3/7.3 MBProgress (1): 7.3/7.3 MBProgress (1): 7.3/7.3 MBProgress (1): 7.3 MB                        Downloaded from central: https://repo.maven.apache.org/maven2/org/codehaus/groovy/groovy-all/2.3.6/groovy-all-2.3.6.jar (7.3 MB at 2.4 MB/s)
[INFO] /home/jenkins/workspace/GameOfLife-mvnTest/src/test/stories does not exists.  Skipping easyb testing
[INFO] 
[INFO] --------------< com.wakaleo.gameoflife:gameoflife-build >---------------
[INFO] Building gameoflife-build 1.0-SNAPSHOT                             [2/4]
[INFO] --------------------------------[ jar ]---------------------------------
[INFO] 
[8mha:////4NK5HW032uYpPQBABfv+KGcywHRcygNvzSr49p5IQPOWAAAAYB+LCAAAAAAAAP9b85aBtbiIQSmjNKU4P0+vJLE4u1gvPjexLDVPzxdEGvvmZ+X75ZekLlOVfvTjc8FPJgaGiiIGKaiG5Py84vycVD1nCA1SyAABjCCFBQCV27OjYAAAAA==[0m[INFO] --- maven-enforcer-plugin:1.0:enforce (enforce-versions) @ gameoflife-build ---
[INFO] 
[8mha:////4NK5HW032uYpPQBABfv+KGcywHRcygNvzSr49p5IQPOWAAAAYB+LCAAAAAAAAP9b85aBtbiIQSmjNKU4P0+vJLE4u1gvPjexLDVPzxdEGvvmZ+X75ZekLlOVfvTjc8FPJgaGiiIGKaiG5Py84vycVD1nCA1SyAABjCCFBQCV27OjYAAAAA==[0m[INFO] --- maven-resources-plugin:2.6:resources (default-resources) @ gameoflife-build ---
[INFO] Using 'UTF-8' encoding to copy filtered resources.
[INFO] Copying 2 resources
[INFO] 
[8mha:////4NK5HW032uYpPQBABfv+KGcywHRcygNvzSr49p5IQPOWAAAAYB+LCAAAAAAAAP9b85aBtbiIQSmjNKU4P0+vJLE4u1gvPjexLDVPzxdEGvvmZ+X75ZekLlOVfvTjc8FPJgaGiiIGKaiG5Py84vycVD1nCA1SyAABjCCFBQCV27OjYAAAAA==[0m[INFO] --- jacoco-maven-plugin:0.7.2.201409121644:prepare-agent (jacoco-initialize) @ gameoflife-build ---
[INFO] argLine set to -javaagent:/home/jenkins/.m2/repository/org/jacoco/org.jacoco.agent/0.7.2.201409121644/org.jacoco.agent-0.7.2.201409121644-runtime.jar=destfile=/home/jenkins/workspace/GameOfLife-mvnTest/gameoflife-build/target/jacoco.exec
[INFO] 
[8mha:////4NK5HW032uYpPQBABfv+KGcywHRcygNvzSr49p5IQPOWAAAAYB+LCAAAAAAAAP9b85aBtbiIQSmjNKU4P0+vJLE4u1gvPjexLDVPzxdEGvvmZ+X75ZekLlOVfvTjc8FPJgaGiiIGKaiG5Py84vycVD1nCA1SyAABjCCFBQCV27OjYAAAAA==[0m[INFO] --- maven-compiler-plugin:3.1:compile (default-compile) @ gameoflife-build ---
[INFO] No sources to compile
[INFO] 
[8mha:////4NK5HW032uYpPQBABfv+KGcywHRcygNvzSr49p5IQPOWAAAAYB+LCAAAAAAAAP9b85aBtbiIQSmjNKU4P0+vJLE4u1gvPjexLDVPzxdEGvvmZ+X75ZekLlOVfvTjc8FPJgaGiiIGKaiG5Py84vycVD1nCA1SyAABjCCFBQCV27OjYAAAAA==[0m[INFO] --- maven-resources-plugin:2.6:testResources (default-testResources) @ gameoflife-build ---
[INFO] Using 'UTF-8' encoding to copy filtered resources.
[INFO] skip non existing resourceDirectory /home/jenkins/workspace/GameOfLife-mvnTest/gameoflife-build/src/test/resources
[INFO] 
[8mha:////4NK5HW032uYpPQBABfv+KGcywHRcygNvzSr49p5IQPOWAAAAYB+LCAAAAAAAAP9b85aBtbiIQSmjNKU4P0+vJLE4u1gvPjexLDVPzxdEGvvmZ+X75ZekLlOVfvTjc8FPJgaGiiIGKaiG5Py84vycVD1nCA1SyAABjCCFBQCV27OjYAAAAA==[0m[INFO] --- maven-compiler-plugin:3.1:testCompile (default-testCompile) @ gameoflife-build ---
[INFO] No sources to compile
[INFO] 
[8mha:////4NK5HW032uYpPQBABfv+KGcywHRcygNvzSr49p5IQPOWAAAAYB+LCAAAAAAAAP9b85aBtbiIQSmjNKU4P0+vJLE4u1gvPjexLDVPzxdEGvvmZ+X75ZekLlOVfvTjc8FPJgaGiiIGKaiG5Py84vycVD1nCA1SyAABjCCFBQCV27OjYAAAAA==[0m[INFO] --- maven-surefire-plugin:2.11:test (default-test) @ gameoflife-build ---
[INFO] Tests are skipped.
[INFO] 
[8mha:////4NK5HW032uYpPQBABfv+KGcywHRcygNvzSr49p5IQPOWAAAAYB+LCAAAAAAAAP9b85aBtbiIQSmjNKU4P0+vJLE4u1gvPjexLDVPzxdEGvvmZ+X75ZekLlOVfvTjc8FPJgaGiiIGKaiG5Py84vycVD1nCA1SyAABjCCFBQCV27OjYAAAAA==[0m[INFO] --- maven-surefire-plugin:2.11:test (unit-tests) @ gameoflife-build ---
[INFO] No tests to run.
[INFO] Surefire report directory: /home/jenkins/workspace/GameOfLife-mvnTest/gameoflife-build/target/surefire-reports

-------------------------------------------------------
 T E S T S
-------------------------------------------------------

Results :

Tests run: 0, Failures: 0, Errors: 0, Skipped: 0

[INFO] 
[8mha:////4NK5HW032uYpPQBABfv+KGcywHRcygNvzSr49p5IQPOWAAAAYB+LCAAAAAAAAP9b85aBtbiIQSmjNKU4P0+vJLE4u1gvPjexLDVPzxdEGvvmZ+X75ZekLlOVfvTjc8FPJgaGiiIGKaiG5Py84vycVD1nCA1SyAABjCCFBQCV27OjYAAAAA==[0m[INFO] --- maven-easyb-plugin:1.4:test (default) @ gameoflife-build ---
[INFO] /home/jenkins/workspace/GameOfLife-mvnTest/gameoflife-build/src/test/stories does not exists.  Skipping easyb testing
[INFO] 
[INFO] ---------------< com.wakaleo.gameoflife:gameoflife-core >---------------
[INFO] Building gameoflife-core 1.0-SNAPSHOT                              [3/4]
[INFO] --------------------------------[ jar ]---------------------------------
[INFO] 
[8mha:////4NK5HW032uYpPQBABfv+KGcywHRcygNvzSr49p5IQPOWAAAAYB+LCAAAAAAAAP9b85aBtbiIQSmjNKU4P0+vJLE4u1gvPjexLDVPzxdEGvvmZ+X75ZekLlOVfvTjc8FPJgaGiiIGKaiG5Py84vycVD1nCA1SyAABjCCFBQCV27OjYAAAAA==[0m[INFO] --- maven-enforcer-plugin:1.0:enforce (enforce-versions) @ gameoflife-core ---
[INFO] 
[8mha:////4NK5HW032uYpPQBABfv+KGcywHRcygNvzSr49p5IQPOWAAAAYB+LCAAAAAAAAP9b85aBtbiIQSmjNKU4P0+vJLE4u1gvPjexLDVPzxdEGvvmZ+X75ZekLlOVfvTjc8FPJgaGiiIGKaiG5Py84vycVD1nCA1SyAABjCCFBQCV27OjYAAAAA==[0m[INFO] --- maven-resources-plugin:2.6:resources (default-resources) @ gameoflife-core ---
[INFO] Using 'UTF-8' encoding to copy filtered resources.
[INFO] skip non existing resourceDirectory /home/jenkins/workspace/GameOfLife-mvnTest/gameoflife-core/src/main/resources
[INFO] 
[8mha:////4NK5HW032uYpPQBABfv+KGcywHRcygNvzSr49p5IQPOWAAAAYB+LCAAAAAAAAP9b85aBtbiIQSmjNKU4P0+vJLE4u1gvPjexLDVPzxdEGvvmZ+X75ZekLlOVfvTjc8FPJgaGiiIGKaiG5Py84vycVD1nCA1SyAABjCCFBQCV27OjYAAAAA==[0m[INFO] --- jacoco-maven-plugin:0.7.2.201409121644:prepare-agent (jacoco-initialize) @ gameoflife-core ---
[INFO] argLine set to -javaagent:/home/jenkins/.m2/repository/org/jacoco/org.jacoco.agent/0.7.2.201409121644/org.jacoco.agent-0.7.2.201409121644-runtime.jar=destfile=/home/jenkins/workspace/GameOfLife-mvnTest/gameoflife-core/target/jacoco.exec
[INFO] 
[8mha:////4NK5HW032uYpPQBABfv+KGcywHRcygNvzSr49p5IQPOWAAAAYB+LCAAAAAAAAP9b85aBtbiIQSmjNKU4P0+vJLE4u1gvPjexLDVPzxdEGvvmZ+X75ZekLlOVfvTjc8FPJgaGiiIGKaiG5Py84vycVD1nCA1SyAABjCCFBQCV27OjYAAAAA==[0m[INFO] --- maven-compiler-plugin:3.1:compile (default-compile) @ gameoflife-core ---
[INFO] Changes detected - recompiling the module!
[INFO] Compiling 5 source files to /home/jenkins/workspace/GameOfLife-mvnTest/gameoflife-core/target/classes
[INFO] 
[8mha:////4NK5HW032uYpPQBABfv+KGcywHRcygNvzSr49p5IQPOWAAAAYB+LCAAAAAAAAP9b85aBtbiIQSmjNKU4P0+vJLE4u1gvPjexLDVPzxdEGvvmZ+X75ZekLlOVfvTjc8FPJgaGiiIGKaiG5Py84vycVD1nCA1SyAABjCCFBQCV27OjYAAAAA==[0m[INFO] --- maven-resources-plugin:2.6:testResources (default-testResources) @ gameoflife-core ---
[INFO] Using 'UTF-8' encoding to copy filtered resources.
[INFO] skip non existing resourceDirectory /home/jenkins/workspace/GameOfLife-mvnTest/gameoflife-core/src/test/resources
[INFO] 
[8mha:////4NK5HW032uYpPQBABfv+KGcywHRcygNvzSr49p5IQPOWAAAAYB+LCAAAAAAAAP9b85aBtbiIQSmjNKU4P0+vJLE4u1gvPjexLDVPzxdEGvvmZ+X75ZekLlOVfvTjc8FPJgaGiiIGKaiG5Py84vycVD1nCA1SyAABjCCFBQCV27OjYAAAAA==[0m[INFO] --- maven-compiler-plugin:3.1:testCompile (default-testCompile) @ gameoflife-core ---
[INFO] Changes detected - recompiling the module!
[INFO] Compiling 10 source files to /home/jenkins/workspace/GameOfLife-mvnTest/gameoflife-core/target/test-classes
[INFO] 
[8mha:////4NK5HW032uYpPQBABfv+KGcywHRcygNvzSr49p5IQPOWAAAAYB+LCAAAAAAAAP9b85aBtbiIQSmjNKU4P0+vJLE4u1gvPjexLDVPzxdEGvvmZ+X75ZekLlOVfvTjc8FPJgaGiiIGKaiG5Py84vycVD1nCA1SyAABjCCFBQCV27OjYAAAAA==[0m[INFO] --- maven-surefire-plugin:2.11:test (default-test) @ gameoflife-core ---
[INFO] Tests are skipped.
[INFO] 
[8mha:////4NK5HW032uYpPQBABfv+KGcywHRcygNvzSr49p5IQPOWAAAAYB+LCAAAAAAAAP9b85aBtbiIQSmjNKU4P0+vJLE4u1gvPjexLDVPzxdEGvvmZ+X75ZekLlOVfvTjc8FPJgaGiiIGKaiG5Py84vycVD1nCA1SyAABjCCFBQCV27OjYAAAAA==[0m[INFO] --- maven-surefire-plugin:2.11:test (unit-tests) @ gameoflife-core ---
[INFO] Surefire report directory: /home/jenkins/workspace/GameOfLife-mvnTest/gameoflife-core/target/surefire-reports

-------------------------------------------------------
 T E S T S
-------------------------------------------------------
Running com.wakaleo.gameoflife.domain.WhenYouPlayTheGameOfLife
Tests run: 5, Failures: 0, Errors: 0, Skipped: 0, Time elapsed: 0.247 sec
Running com.wakaleo.gameoflife.domain.WhenYouCreateANewUniverse
Tests run: 11, Failures: 0, Errors: 0, Skipped: 0, Time elapsed: 0.024 sec
Running com.wakaleo.gameoflife.domain.WhenYouPrintAGrid
Tests run: 3, Failures: 0, Errors: 0, Skipped: 0, Time elapsed: 0.011 sec
Running com.wakaleo.gameoflife.domain.WhenYouCreateAGrid
Tests run: 16, Failures: 0, Errors: 0, Skipped: 0, Time elapsed: 0.043 sec
Running com.wakaleo.gameoflife.domain.WhenYouReadAGridFromAString
Tests run: 8, Failures: 0, Errors: 0, Skipped: 0, Time elapsed: 0.021 sec
Running com.wakaleo.gameoflife.domain.WhenYouCreateACell
Tests run: 6, Failures: 0, Errors: 0, Skipped: 0, Time elapsed: 0.008 sec

Results :

Tests run: 49, Failures: 0, Errors: 0, Skipped: 0

[INFO] 
[8mha:////4NK5HW032uYpPQBABfv+KGcywHRcygNvzSr49p5IQPOWAAAAYB+LCAAAAAAAAP9b85aBtbiIQSmjNKU4P0+vJLE4u1gvPjexLDVPzxdEGvvmZ+X75ZekLlOVfvTjc8FPJgaGiiIGKaiG5Py84vycVD1nCA1SyAABjCCFBQCV27OjYAAAAA==[0m[INFO] --- maven-easyb-plugin:1.4:test (default) @ gameoflife-core ---
[INFO] artifact org.easyb:easyb-composite-groovy: checking for updates from central
[INFO] artifact org.easyb:easyb-ast: checking for updates from central
[INFO] Using easyb dependency org.easyb:easyb-core:jar:1.6:compile
[INFO] Using easyb dependency org.easyb:easyb-composite-groovy:pom:1.2:compile
[INFO] Using easyb dependency org.codehaus.groovy:groovy-all:jar:2.3.6:compile
[INFO] Using easyb dependency org.easyb:easyb-ast:jar:1.1:compile
[INFO] Using easyb dependency commons-cli:commons-cli:jar:1.2:compile
[INFO] Using easyb dependency commons-lang:commons-lang:jar:2.5:compile
     [java] Running counting things story (/home/jenkins/workspace/GameOfLife-mvnTest/gameoflife-core/src/test/stories/CountingThings.story)
     [java] Scenarios run: 1, Failures: 0, Pending: 0, Time elapsed: 0.931 sec
     [java] Running multiplying things story (/home/jenkins/workspace/GameOfLife-mvnTest/gameoflife-core/src/test/stories/MultiplyingThings.story)
     [java] Scenarios run: 1, Failures: 0, Pending: 1, Time elapsed: 0.065 sec
     [java] 2 total behaviors ran with no failures
     [java] Writing JUnit report to /home/jenkins/workspace/GameOfLife-mvnTest/gameoflife-core/target/surefire-reports/TEST-behavior.CountingThings.xml
     [java] JUnit report written to /home/jenkins/workspace/GameOfLife-mvnTest/gameoflife-core/target/surefire-reports/TEST-behavior.CountingThings.xml
     [java] Writing JUnit report to /home/jenkins/workspace/GameOfLife-mvnTest/gameoflife-core/target/surefire-reports/TEST-behavior.MultiplyingThings.xml
     [java] JUnit report written to /home/jenkins/workspace/GameOfLife-mvnTest/gameoflife-core/target/surefire-reports/TEST-behavior.MultiplyingThings.xml
[INFO] 
[INFO] ---------------< com.wakaleo.gameoflife:gameoflife-web >----------------
[INFO] Building gameoflife-web 1.0-SNAPSHOT                               [4/4]
[INFO] --------------------------------[ war ]---------------------------------
[INFO] 
[8mha:////4NK5HW032uYpPQBABfv+KGcywHRcygNvzSr49p5IQPOWAAAAYB+LCAAAAAAAAP9b85aBtbiIQSmjNKU4P0+vJLE4u1gvPjexLDVPzxdEGvvmZ+X75ZekLlOVfvTjc8FPJgaGiiIGKaiG5Py84vycVD1nCA1SyAABjCCFBQCV27OjYAAAAA==[0m[INFO] --- maven-enforcer-plugin:1.0:enforce (enforce-versions) @ gameoflife-web ---
[INFO] 
[8mha:////4NK5HW032uYpPQBABfv+KGcywHRcygNvzSr49p5IQPOWAAAAYB+LCAAAAAAAAP9b85aBtbiIQSmjNKU4P0+vJLE4u1gvPjexLDVPzxdEGvvmZ+X75ZekLlOVfvTjc8FPJgaGiiIGKaiG5Py84vycVD1nCA1SyAABjCCFBQCV27OjYAAAAA==[0m[INFO] --- maven-resources-plugin:2.6:resources (default-resources) @ gameoflife-web ---
[INFO] Using 'UTF-8' encoding to copy filtered resources.
[INFO] Copying 1 resource
[INFO] 
[8mha:////4NK5HW032uYpPQBABfv+KGcywHRcygNvzSr49p5IQPOWAAAAYB+LCAAAAAAAAP9b85aBtbiIQSmjNKU4P0+vJLE4u1gvPjexLDVPzxdEGvvmZ+X75ZekLlOVfvTjc8FPJgaGiiIGKaiG5Py84vycVD1nCA1SyAABjCCFBQCV27OjYAAAAA==[0m[INFO] --- jacoco-maven-plugin:0.7.2.201409121644:prepare-agent (jacoco-initialize) @ gameoflife-web ---
[INFO] argLine set to -javaagent:/home/jenkins/.m2/repository/org/jacoco/org.jacoco.agent/0.7.2.201409121644/org.jacoco.agent-0.7.2.201409121644-runtime.jar=destfile=/home/jenkins/workspace/GameOfLife-mvnTest/gameoflife-web/target/jacoco.exec
[INFO] 
[8mha:////4NK5HW032uYpPQBABfv+KGcywHRcygNvzSr49p5IQPOWAAAAYB+LCAAAAAAAAP9b85aBtbiIQSmjNKU4P0+vJLE4u1gvPjexLDVPzxdEGvvmZ+X75ZekLlOVfvTjc8FPJgaGiiIGKaiG5Py84vycVD1nCA1SyAABjCCFBQCV27OjYAAAAA==[0m[INFO] --- maven-compiler-plugin:3.1:compile (default-compile) @ gameoflife-web ---
[INFO] Changes detected - recompiling the module!
[INFO] Compiling 2 source files to /home/jenkins/workspace/GameOfLife-mvnTest/gameoflife-web/target/classes
[INFO] 
[8mha:////4NK5HW032uYpPQBABfv+KGcywHRcygNvzSr49p5IQPOWAAAAYB+LCAAAAAAAAP9b85aBtbiIQSmjNKU4P0+vJLE4u1gvPjexLDVPzxdEGvvmZ+X75ZekLlOVfvTjc8FPJgaGiiIGKaiG5Py84vycVD1nCA1SyAABjCCFBQCV27OjYAAAAA==[0m[INFO] --- maven-resources-plugin:2.6:testResources (default-testResources) @ gameoflife-web ---
[INFO] Using 'UTF-8' encoding to copy filtered resources.
[INFO] skip non existing resourceDirectory /home/jenkins/workspace/GameOfLife-mvnTest/gameoflife-web/src/test/resources
[INFO] 
[8mha:////4NK5HW032uYpPQBABfv+KGcywHRcygNvzSr49p5IQPOWAAAAYB+LCAAAAAAAAP9b85aBtbiIQSmjNKU4P0+vJLE4u1gvPjexLDVPzxdEGvvmZ+X75ZekLlOVfvTjc8FPJgaGiiIGKaiG5Py84vycVD1nCA1SyAABjCCFBQCV27OjYAAAAA==[0m[INFO] --- maven-compiler-plugin:3.1:testCompile (default-testCompile) @ gameoflife-web ---
[INFO] Changes detected - recompiling the module!
[INFO] Compiling 3 source files to /home/jenkins/workspace/GameOfLife-mvnTest/gameoflife-web/target/test-classes
[INFO] 
[8mha:////4NK5HW032uYpPQBABfv+KGcywHRcygNvzSr49p5IQPOWAAAAYB+LCAAAAAAAAP9b85aBtbiIQSmjNKU4P0+vJLE4u1gvPjexLDVPzxdEGvvmZ+X75ZekLlOVfvTjc8FPJgaGiiIGKaiG5Py84vycVD1nCA1SyAABjCCFBQCV27OjYAAAAA==[0m[INFO] --- maven-surefire-plugin:2.11:test (default-test) @ gameoflife-web ---
[INFO] Tests are skipped.
[INFO] 
[8mha:////4NK5HW032uYpPQBABfv+KGcywHRcygNvzSr49p5IQPOWAAAAYB+LCAAAAAAAAP9b85aBtbiIQSmjNKU4P0+vJLE4u1gvPjexLDVPzxdEGvvmZ+X75ZekLlOVfvTjc8FPJgaGiiIGKaiG5Py84vycVD1nCA1SyAABjCCFBQCV27OjYAAAAA==[0m[INFO] --- maven-surefire-plugin:2.11:test (unit-tests) @ gameoflife-web ---
[INFO] Surefire report directory: /home/jenkins/workspace/GameOfLife-mvnTest/gameoflife-web/target/surefire-reports

-------------------------------------------------------
 T E S T S
-------------------------------------------------------
Running com.wakaleo.gameoflife.webtests.controllers.WhenCreatingANewGame
Tests run: 3, Failures: 0, Errors: 0, Skipped: 0, Time elapsed: 0.826 sec
Running com.wakaleo.gameoflife.webtests.controllers.WhenSpawningANewGeneration
Tests run: 2, Failures: 0, Errors: 0, Skipped: 0, Time elapsed: 0.062 sec
Running com.wakaleo.gameoflife.webtests.controllers.WhenDisplayingTheHomePage
Tests run: 2, Failures: 0, Errors: 0, Skipped: 0, Time elapsed: 0 sec

Results :

Tests run: 7, Failures: 0, Errors: 0, Skipped: 0

[INFO] 
[8mha:////4NK5HW032uYpPQBABfv+KGcywHRcygNvzSr49p5IQPOWAAAAYB+LCAAAAAAAAP9b85aBtbiIQSmjNKU4P0+vJLE4u1gvPjexLDVPzxdEGvvmZ+X75ZekLlOVfvTjc8FPJgaGiiIGKaiG5Py84vycVD1nCA1SyAABjCCFBQCV27OjYAAAAA==[0m[INFO] --- maven-easyb-plugin:1.4:test (default) @ gameoflife-web ---
[INFO] /home/jenkins/workspace/GameOfLife-mvnTest/gameoflife-web/src/test/stories does not exists.  Skipping easyb testing
[INFO] ------------------------------------------------------------------------
[INFO] Reactor Summary for gameoflife 1.0-SNAPSHOT:
[INFO] 
[INFO] gameoflife ......................................... SUCCESS [ 11.369 s]
[INFO] gameoflife-build ................................... SUCCESS [  1.461 s]
[INFO] gameoflife-core .................................... SUCCESS [  8.346 s]
[INFO] gameoflife-web ..................................... SUCCESS [  2.579 s]
[INFO] ------------------------------------------------------------------------
[INFO] BUILD SUCCESS
[INFO] ------------------------------------------------------------------------
[INFO] Total time:  24.643 s
[INFO] Finished at: 2019-01-10T13:17:41Z
[INFO] ------------------------------------------------------------------------
Recording test results
Triggering a new build of [8mha:////4FG06EHPl3ULGY4jArix2vj3HUIFv1cuHtVBz+rP2N1BAAAAsx+LCAAAAAAAAP9b85aBtbiIQTGjNKU4P08vOT+vOD8nVc83PyU1x6OyILUoJzMv2y+/JJUBAhiZGBgqihhk0NSjKDWzXb3RdlLBUSYGJk8GtpzUvPSSDB8G5tKinBIGIZ+sxLJE/ZzEvHT94JKizLx0a6BxUmjGOUNodHsLgAzFEgZ1/az8JH33xNxU/zSfzLRU3dyyvIDE5OzE9FTfxLzSxJyQ/NzkxBJ9APFmWI3cAAAA[0mGameOfLife-mvnPackageManualTomcat
Finished: SUCCESS
