Started by user [8mha:////4MQJZdb9I5lNO70uCvhLqfOxAhh+dtd14bnc2zQ1tHvAAAAAmR+LCAAAAAAAAP9b85aBtbiIQTGjNKU4P08vOT+vOD8nVc83PyU1x6OyILUoJzMv2y+/JJUBAhiZGBgqihhk0NSjKDWzXb3RdlLBUSYGJk8GtpzUvPSSDB8G5tKinBIGIZ+sxLJE/ZzEvHT94JKizLx0a6BxUmjGOUNodHsLgAz2EgZe/dLi1CL9rNS87My8YgDGtiJjwgAAAA==[0mjenkins
Running as SYSTEM
[EnvInject] - Loading node environment variables.
Building on master in workspace /var/lib/jenkins/workspace/1_mvn_GameOfLife_Build_Package-PublishS3
[WS-CLEANUP] Deleting project workspace...
[WS-CLEANUP] Deferred wipeout is used...
using credential 2576fb98-9a6b-4dc4-b51c-f8bc467c52cb
Cloning the remote Git repository
Cloning repository https://github.com/ksgroup-org/game-of-life
 > git init /var/lib/jenkins/workspace/1_mvn_GameOfLife_Build_Package-PublishS3 # timeout=10
Fetching upstream changes from https://github.com/ksgroup-org/game-of-life
 > git --version # timeout=10
using GIT_ASKPASS to set credentials this is my API-AuthToken for knowledgeshare99/class github
 > git fetch --tags --force --progress -- https://github.com/ksgroup-org/game-of-life +refs/heads/*:refs/remotes/origin/* # timeout=10
 > git config remote.origin.url https://github.com/ksgroup-org/game-of-life # timeout=10
 > git config --add remote.origin.fetch +refs/heads/*:refs/remotes/origin/* # timeout=10
 > git config remote.origin.url https://github.com/ksgroup-org/game-of-life # timeout=10
Fetching upstream changes from https://github.com/ksgroup-org/game-of-life
using GIT_ASKPASS to set credentials this is my API-AuthToken for knowledgeshare99/class github
 > git fetch --tags --force --progress -- https://github.com/ksgroup-org/game-of-life +refs/heads/*:refs/remotes/origin/* # timeout=10
 > git rev-parse refs/remotes/origin/master^{commit} # timeout=10
 > git rev-parse refs/remotes/origin/origin/master^{commit} # timeout=10
Checking out Revision 7d8bf3366020fb876a7757ffcc8a84b5409c77a4 (refs/remotes/origin/master)
 > git config core.sparsecheckout # timeout=10
 > git checkout -f 7d8bf3366020fb876a7757ffcc8a84b5409c77a4 # timeout=10
Commit message: "Merge pull request #6 from purusotham/patch-1"
 > git rev-list --no-walk 7d8bf3366020fb876a7757ffcc8a84b5409c77a4 # timeout=10
Unpacking https://repo.maven.apache.org/maven2/org/apache/maven/apache-maven/3.6.2/apache-maven-3.6.2-bin.zip to /var/lib/jenkins/tools/hudson.tasks.Maven_MavenInstallation/MAVEN_AUTO_3.6 on Jenkins
[1_mvn_GameOfLife_Build_Package-PublishS3] $ /var/lib/jenkins/tools/hudson.tasks.Maven_MavenInstallation/MAVEN_AUTO_3.6/bin/mvn clean compile package
[INFO] Scanning for projects...
Downloading from central: https://repo.maven.apache.org/maven2/org/apache/maven/wagon/wagon-provider-api/2.2/wagon-provider-api-2.2.jar
Progress (1): 2.2/53 kBProgress (1): 5.0/53 kBProgress (1): 7.7/53 kBProgress (1): 10/53 kB Progress (1): 13/53 kBProgress (1): 16/53 kBProgress (1): 19/53 kBProgress (1): 21/53 kBProgress (1): 24/53 kBProgress (1): 27/53 kBProgress (1): 30/53 kBProgress (1): 32/53 kBProgress (1): 36/53 kBProgress (1): 40/53 kBProgress (1): 45/53 kBProgress (1): 49/53 kBProgress (1): 53 kB                      Downloaded from central: https://repo.maven.apache.org/maven2/org/apache/maven/wagon/wagon-provider-api/2.2/wagon-provider-api-2.2.jar (53 kB at 95 kB/s)
[8mha:////4DzDYLrz42H9Qmsc/vaLnzc4BSBnnjYDa3PV0RCGbQdRAAAAYx+LCAAAAAAAAP9b85aBtbiIQSWjNKU4P0+vJLE4u1gvPjexLDVPzxdEhicW5WXmpfvll6S2fNly5fzGzauYGBgqihikoFqS8/OK83NS9ZwhNEghAwQwghQWAACwxA+XYgAAAA==[0m[WARNING] 
[8mha:////4DzDYLrz42H9Qmsc/vaLnzc4BSBnnjYDa3PV0RCGbQdRAAAAYx+LCAAAAAAAAP9b85aBtbiIQSWjNKU4P0+vJLE4u1gvPjexLDVPzxdEhicW5WXmpfvll6S2fNly5fzGzauYGBgqihikoFqS8/OK83NS9ZwhNEghAwQwghQWAACwxA+XYgAAAA==[0m[WARNING] Some problems were encountered while building the effective model for com.wakaleo.gameoflife:gameoflife-build:jar:1.0-SNAPSHOT
[8mha:////4DzDYLrz42H9Qmsc/vaLnzc4BSBnnjYDa3PV0RCGbQdRAAAAYx+LCAAAAAAAAP9b85aBtbiIQSWjNKU4P0+vJLE4u1gvPjexLDVPzxdEhicW5WXmpfvll6S2fNly5fzGzauYGBgqihikoFqS8/OK83NS9ZwhNEghAwQwghQWAACwxA+XYgAAAA==[0m[WARNING] Reporting configuration should be done in <reporting> section, not in maven-site-plugin <configuration> as reportPlugins parameter.
[8mha:////4DzDYLrz42H9Qmsc/vaLnzc4BSBnnjYDa3PV0RCGbQdRAAAAYx+LCAAAAAAAAP9b85aBtbiIQSWjNKU4P0+vJLE4u1gvPjexLDVPzxdEhicW5WXmpfvll6S2fNly5fzGzauYGBgqihikoFqS8/OK83NS9ZwhNEghAwQwghQWAACwxA+XYgAAAA==[0m[WARNING] 
[8mha:////4DzDYLrz42H9Qmsc/vaLnzc4BSBnnjYDa3PV0RCGbQdRAAAAYx+LCAAAAAAAAP9b85aBtbiIQSWjNKU4P0+vJLE4u1gvPjexLDVPzxdEhicW5WXmpfvll6S2fNly5fzGzauYGBgqihikoFqS8/OK83NS9ZwhNEghAwQwghQWAACwxA+XYgAAAA==[0m[WARNING] Some problems were encountered while building the effective model for com.wakaleo.gameoflife:gameoflife-core:jar:1.0-SNAPSHOT
[8mha:////4DzDYLrz42H9Qmsc/vaLnzc4BSBnnjYDa3PV0RCGbQdRAAAAYx+LCAAAAAAAAP9b85aBtbiIQSWjNKU4P0+vJLE4u1gvPjexLDVPzxdEhicW5WXmpfvll6S2fNly5fzGzauYGBgqihikoFqS8/OK83NS9ZwhNEghAwQwghQWAACwxA+XYgAAAA==[0m[WARNING] Reporting configuration should be done in <reporting> section, not in maven-site-plugin <configuration> as reportPlugins parameter.
[8mha:////4DzDYLrz42H9Qmsc/vaLnzc4BSBnnjYDa3PV0RCGbQdRAAAAYx+LCAAAAAAAAP9b85aBtbiIQSWjNKU4P0+vJLE4u1gvPjexLDVPzxdEhicW5WXmpfvll6S2fNly5fzGzauYGBgqihikoFqS8/OK83NS9ZwhNEghAwQwghQWAACwxA+XYgAAAA==[0m[WARNING] 
[8mha:////4DzDYLrz42H9Qmsc/vaLnzc4BSBnnjYDa3PV0RCGbQdRAAAAYx+LCAAAAAAAAP9b85aBtbiIQSWjNKU4P0+vJLE4u1gvPjexLDVPzxdEhicW5WXmpfvll6S2fNly5fzGzauYGBgqihikoFqS8/OK83NS9ZwhNEghAwQwghQWAACwxA+XYgAAAA==[0m[WARNING] Some problems were encountered while building the effective model for com.wakaleo.gameoflife:gameoflife-web:war:1.0-SNAPSHOT
[8mha:////4DzDYLrz42H9Qmsc/vaLnzc4BSBnnjYDa3PV0RCGbQdRAAAAYx+LCAAAAAAAAP9b85aBtbiIQSWjNKU4P0+vJLE4u1gvPjexLDVPzxdEhicW5WXmpfvll6S2fNly5fzGzauYGBgqihikoFqS8/OK83NS9ZwhNEghAwQwghQWAACwxA+XYgAAAA==[0m[WARNING] Reporting configuration should be done in <reporting> section, not in maven-site-plugin <configuration> as reportPlugins parameter.
[8mha:////4DzDYLrz42H9Qmsc/vaLnzc4BSBnnjYDa3PV0RCGbQdRAAAAYx+LCAAAAAAAAP9b85aBtbiIQSWjNKU4P0+vJLE4u1gvPjexLDVPzxdEhicW5WXmpfvll6S2fNly5fzGzauYGBgqihikoFqS8/OK83NS9ZwhNEghAwQwghQWAACwxA+XYgAAAA==[0m[WARNING] 
[8mha:////4DzDYLrz42H9Qmsc/vaLnzc4BSBnnjYDa3PV0RCGbQdRAAAAYx+LCAAAAAAAAP9b85aBtbiIQSWjNKU4P0+vJLE4u1gvPjexLDVPzxdEhicW5WXmpfvll6S2fNly5fzGzauYGBgqihikoFqS8/OK83NS9ZwhNEghAwQwghQWAACwxA+XYgAAAA==[0m[WARNING] Some problems were encountered while building the effective model for com.wakaleo.gameoflife:gameoflife:pom:1.0-SNAPSHOT
[8mha:////4DzDYLrz42H9Qmsc/vaLnzc4BSBnnjYDa3PV0RCGbQdRAAAAYx+LCAAAAAAAAP9b85aBtbiIQSWjNKU4P0+vJLE4u1gvPjexLDVPzxdEhicW5WXmpfvll6S2fNly5fzGzauYGBgqihikoFqS8/OK83NS9ZwhNEghAwQwghQWAACwxA+XYgAAAA==[0m[WARNING] Reporting configuration should be done in <reporting> section, not in maven-site-plugin <configuration> as reportPlugins parameter. @ line 302, column 40
[8mha:////4DzDYLrz42H9Qmsc/vaLnzc4BSBnnjYDa3PV0RCGbQdRAAAAYx+LCAAAAAAAAP9b85aBtbiIQSWjNKU4P0+vJLE4u1gvPjexLDVPzxdEhicW5WXmpfvll6S2fNly5fzGzauYGBgqihikoFqS8/OK83NS9ZwhNEghAwQwghQWAACwxA+XYgAAAA==[0m[WARNING] 
[8mha:////4DzDYLrz42H9Qmsc/vaLnzc4BSBnnjYDa3PV0RCGbQdRAAAAYx+LCAAAAAAAAP9b85aBtbiIQSWjNKU4P0+vJLE4u1gvPjexLDVPzxdEhicW5WXmpfvll6S2fNly5fzGzauYGBgqihikoFqS8/OK83NS9ZwhNEghAwQwghQWAACwxA+XYgAAAA==[0m[WARNING] It is highly recommended to fix these problems because they threaten the stability of your build.
[8mha:////4DzDYLrz42H9Qmsc/vaLnzc4BSBnnjYDa3PV0RCGbQdRAAAAYx+LCAAAAAAAAP9b85aBtbiIQSWjNKU4P0+vJLE4u1gvPjexLDVPzxdEhicW5WXmpfvll6S2fNly5fzGzauYGBgqihikoFqS8/OK83NS9ZwhNEghAwQwghQWAACwxA+XYgAAAA==[0m[WARNING] 
[8mha:////4DzDYLrz42H9Qmsc/vaLnzc4BSBnnjYDa3PV0RCGbQdRAAAAYx+LCAAAAAAAAP9b85aBtbiIQSWjNKU4P0+vJLE4u1gvPjexLDVPzxdEhicW5WXmpfvll6S2fNly5fzGzauYGBgqihikoFqS8/OK83NS9ZwhNEghAwQwghQWAACwxA+XYgAAAA==[0m[WARNING] For this reason, future Maven versions might no longer support building such malformed projects.
[8mha:////4DzDYLrz42H9Qmsc/vaLnzc4BSBnnjYDa3PV0RCGbQdRAAAAYx+LCAAAAAAAAP9b85aBtbiIQSWjNKU4P0+vJLE4u1gvPjexLDVPzxdEhicW5WXmpfvll6S2fNly5fzGzauYGBgqihikoFqS8/OK83NS9ZwhNEghAwQwghQWAACwxA+XYgAAAA==[0m[WARNING] 
[INFO] ------------------------------------------------------------------------
[INFO] Reactor Build Order:
[INFO] 
[INFO] gameoflife                                                         [pom]
[INFO] gameoflife-build                                                   [jar]
[INFO] gameoflife-core                                                    [jar]
[INFO] gameoflife-web                                                     [war]
[INFO] 
[INFO] -----------------< com.wakaleo.gameoflife:gameoflife >------------------
[INFO] Building gameoflife 1.0-SNAPSHOT                                   [1/4]
[INFO] --------------------------------[ pom ]---------------------------------
Downloading from central: https://repo.maven.apache.org/maven2/org/apache/maven/plugins/maven-clean-plugin/2.5/maven-clean-plugin-2.5.pom
Progress (1): 2.2/3.9 kBProgress (1): 3.9 kB                        Downloaded from central: https://repo.maven.apache.org/maven2/org/apache/maven/plugins/maven-clean-plugin/2.5/maven-clean-plugin-2.5.pom (3.9 kB at 151 kB/s)
Downloading from central: https://repo.maven.apache.org/maven2/org/apache/maven/plugins/maven-plugins/22/maven-plugins-22.pom
Progress (1): 2.2/13 kBProgress (1): 5.0/13 kBProgress (1): 7.8/13 kBProgress (1): 11/13 kB Progress (1): 13 kB                      Downloaded from central: https://repo.maven.apache.org/maven2/org/apache/maven/plugins/maven-plugins/22/maven-plugins-22.pom (13 kB at 502 kB/s)
Downloading from central: https://repo.maven.apache.org/maven2/org/apache/maven/plugins/maven-clean-plugin/2.5/maven-clean-plugin-2.5.jar
Progress (1): 2.2/25 kBProgress (1): 5.0/25 kBProgress (1): 7.7/25 kBProgress (1): 10/25 kB Progress (1): 13/25 kBProgress (1): 16/25 kBProgress (1): 19/25 kBProgress (1): 21/25 kBProgress (1): 24/25 kBProgress (1): 25 kB                      Downloaded from central: https://repo.maven.apache.org/maven2/org/apache/maven/plugins/maven-clean-plugin/2.5/maven-clean-plugin-2.5.jar (25 kB at 632 kB/s)
[INFO] 
[8mha:////4I7OkuK2YxHRoXTPSGVv5puu/rO5ZsjsQ8OiEgeZY1PEAAAAYB+LCAAAAAAAAP9b85aBtbiIQSmjNKU4P0+vJLE4u1gvPjexLDVPzxdEGvvmZ+X75ZekLlOVfvTjc8FPJgaGiiIGKaiG5Py84vycVD1nCA1SyAABjCCFBQCV27OjYAAAAA==[0m[INFO] --- maven-clean-plugin:2.5:clean (default-clean) @ gameoflife ---
Downloading from central: https://repo.maven.apache.org/maven2/org/apache/maven/maven-plugin-api/2.0.6/maven-plugin-api-2.0.6.jar
Progress (1): 2.2/13 kBProgress (1): 5.0/13 kBProgress (1): 7.7/13 kBProgress (1): 10/13 kB Progress (1): 13 kB                      Downloaded from central: https://repo.maven.apache.org/maven2/org/apache/maven/maven-plugin-api/2.0.6/maven-plugin-api-2.0.6.jar (13 kB at 348 kB/s)
[INFO] 
[8mha:////4I7OkuK2YxHRoXTPSGVv5puu/rO5ZsjsQ8OiEgeZY1PEAAAAYB+LCAAAAAAAAP9b85aBtbiIQSmjNKU4P0+vJLE4u1gvPjexLDVPzxdEGvvmZ+X75ZekLlOVfvTjc8FPJgaGiiIGKaiG5Py84vycVD1nCA1SyAABjCCFBQCV27OjYAAAAA==[0m[INFO] --- maven-enforcer-plugin:1.0:enforce (enforce-versions) @ gameoflife ---
Downloading from central: https://repo.maven.apache.org/maven2/org/apache/maven/maven-artifact/2.0.9/maven-artifact-2.0.9.jar
Downloading from central: https://repo.maven.apache.org/maven2/org/apache/maven/maven-plugin-api/2.0.9/maven-plugin-api-2.0.9.jar
Downloading from central: https://repo.maven.apache.org/maven2/org/apache/maven/maven-project/2.0.9/maven-project-2.0.9.jar
Downloading from central: https://repo.maven.apache.org/maven2/org/apache/maven/maven-settings/2.0.9/maven-settings-2.0.9.jar
Downloading from central: https://repo.maven.apache.org/maven2/org/apache/maven/maven-profile/2.0.9/maven-profile-2.0.9.jar
Progress (1): 2.8/89 kBProgress (1): 5.5/89 kBProgress (1): 8.3/89 kBProgress (1): 11/89 kB Progress (1): 14/89 kBProgress (1): 16/89 kBProgress (1): 19/89 kBProgress (1): 22/89 kBProgress (2): 22/89 kB | 2.8/13 kBProgress (2): 22/89 kB | 5.5/13 kBProgress (2): 22/89 kB | 8.3/13 kBProgress (2): 22/89 kB | 11/13 kB Progress (2): 22/89 kB | 13 kB   Progress (2): 25/89 kB | 13 kBProgress (2): 27/89 kB | 13 kBProgress (3): 27/89 kB | 13 kB | 2.2/49 kBProgress (3): 27/89 kB | 13 kB | 5.0/49 kBProgress (3): 27/89 kB | 13 kB | 7.7/49 kBProgress (3): 27/89 kB | 13 kB | 10/49 kB Progress (3): 27/89 kB | 13 kB | 13/49 kBProgress (3): 30/89 kB | 13 kB | 13/49 kBProgress (4): 30/89 kB | 13 kB | 13/49 kB | 2.2/122 kBProgress (4): 30/89 kB | 13 kB | 13/49 kB | 5.0/122 kBProgress (5): 30/89 kB | 13 kB | 13/49 kB | 5.0/122 kB | 2.2/35 kBProgress (5): 30/89 kB | 13 kB | 13/49 kB | 5.0/122 kB | 5.0/35 kBProgress (5): 30/89 kB | 13 kB | 13/49 kB | 5.0/122 kB | 7.7/35 kBProgress (5): 33/89 kB | 13 kB | 13/49 kB | 5.0/122 kB | 7.7/35 kBProgress (5): 37/89 kB | 13 kB | 13/49 kB | 5.0/122 kB | 7.7/35 kBProgress (5): 37/89 kB | 13 kB | 13/49 kB | 7.7/122 kB | 7.7/35 kBProgress (5): 37/89 kB | 13 kB | 13/49 kB | 10/122 kB | 7.7/35 kB Progress (5): 37/89 kB | 13 kB | 13/49 kB | 13/122 kB | 7.7/35 kBProgress (5): 37/89 kB | 13 kB | 13/49 kB | 16/122 kB | 7.7/35 kB                                                                 Downloaded from central: https://repo.maven.apache.org/maven2/org/apache/maven/maven-plugin-api/2.0.9/maven-plugin-api-2.0.9.jar (13 kB at 148 kB/s)
Progress (4): 37/89 kB | 13/49 kB | 16/122 kB | 10/35 kBProgress (4): 37/89 kB | 13/49 kB | 16/122 kB | 13/35 kBProgress (4): 37/89 kB | 16/49 kB | 16/122 kB | 13/35 kBProgress (4): 37/89 kB | 19/49 kB | 16/122 kB | 13/35 kBProgress (4): 37/89 kB | 21/49 kB | 16/122 kB | 13/35 kBProgress (4): 37/89 kB | 24/49 kB | 16/122 kB | 13/35 kBProgress (4): 37/89 kB | 27/49 kB | 16/122 kB | 13/35 kBProgress (4): 37/89 kB | 30/49 kB | 16/122 kB | 13/35 kBProgress (4): 37/89 kB | 32/49 kB | 16/122 kB | 13/35 kBProgress (4): 37/89 kB | 32/49 kB | 16/122 kB | 16/35 kBProgress (4): 37/89 kB | 32/49 kB | 16/122 kB | 19/35 kBProgress (4): 41/89 kB | 32/49 kB | 16/122 kB | 19/35 kBProgress (4): 45/89 kB | 32/49 kB | 16/122 kB | 19/35 kBProgress (4): 49/89 kB | 32/49 kB | 16/122 kB | 19/35 kBProgress (4): 53/89 kB | 32/49 kB | 16/122 kB | 19/35 kBProgress (4): 53/89 kB | 32/49 kB | 19/122 kB | 19/35 kB                                                        Downloading from central: https://repo.maven.apache.org/maven2/org/apache/maven/maven-model/2.0.9/maven-model-2.0.9.jar
Progress (4): 53/89 kB | 32/49 kB | 19/122 kB | 21/35 kBProgress (4): 53/89 kB | 32/49 kB | 19/122 kB | 24/35 kBProgress (4): 53/89 kB | 32/49 kB | 19/122 kB | 27/35 kBProgress (4): 53/89 kB | 32/49 kB | 21/122 kB | 27/35 kBProgress (4): 53/89 kB | 32/49 kB | 24/122 kB | 27/35 kBProgress (4): 53/89 kB | 32/49 kB | 27/122 kB | 27/35 kBProgress (4): 53/89 kB | 32/49 kB | 30/122 kB | 27/35 kBProgress (4): 53/89 kB | 32/49 kB | 32/122 kB | 27/35 kBProgress (4): 53/89 kB | 36/49 kB | 32/122 kB | 27/35 kBProgress (4): 57/89 kB | 36/49 kB | 32/122 kB | 27/35 kBProgress (4): 61/89 kB | 36/49 kB | 32/122 kB | 27/35 kBProgress (4): 66/89 kB | 36/49 kB | 32/122 kB | 27/35 kBProgress (4): 70/89 kB | 36/49 kB | 32/122 kB | 27/35 kBProgress (5): 70/89 kB | 36/49 kB | 32/122 kB | 27/35 kB | 2.2/87 kBProgress (5): 70/89 kB | 36/49 kB | 32/122 kB | 27/35 kB | 5.0/87 kBProgress (5): 70/89 kB | 36/49 kB | 32/122 kB | 27/35 kB | 7.7/87 kBProgress (5): 70/89 kB | 36/49 kB | 32/122 kB | 27/35 kB | 10/87 kB Progress (5): 70/89 kB | 36/49 kB | 32/122 kB | 27/35 kB | 13/87 kBProgress (5): 70/89 kB | 36/49 kB | 32/122 kB | 27/35 kB | 16/87 kBProgress (5): 70/89 kB | 36/49 kB | 32/122 kB | 27/35 kB | 19/87 kBProgress (5): 70/89 kB | 36/49 kB | 32/122 kB | 30/35 kB | 19/87 kBProgress (5): 70/89 kB | 36/49 kB | 32/122 kB | 32/35 kB | 19/87 kBProgress (5): 70/89 kB | 36/49 kB | 32/122 kB | 35/35 kB | 19/87 kBProgress (5): 70/89 kB | 40/49 kB | 32/122 kB | 35/35 kB | 19/87 kBProgress (5): 70/89 kB | 45/49 kB | 32/122 kB | 35/35 kB | 19/87 kBProgress (5): 70/89 kB | 49/49 kB | 32/122 kB | 35/35 kB | 19/87 kBProgress (5): 74/89 kB | 49/49 kB | 32/122 kB | 35/35 kB | 19/87 kBProgress (5): 78/89 kB | 49/49 kB | 32/122 kB | 35/35 kB | 19/87 kBProgress (5): 82/89 kB | 49/49 kB | 32/122 kB | 35/35 kB | 19/87 kBProgress (5): 86/89 kB | 49/49 kB | 32/122 kB | 35/35 kB | 19/87 kBProgress (5): 89 kB | 49/49 kB | 32/122 kB | 35/35 kB | 19/87 kB   Progress (5): 89 kB | 49 kB | 32/122 kB | 35/35 kB | 19/87 kB   Progress (5): 89 kB | 49 kB | 32/122 kB | 35 kB | 19/87 kB   Progress (5): 89 kB | 49 kB | 36/122 kB | 35 kB | 19/87 kBProgress (5): 89 kB | 49 kB | 40/122 kB | 35 kB | 19/87 kBProgress (5): 89 kB | 49 kB | 45/122 kB | 35 kB | 19/87 kBProgress (5): 89 kB | 49 kB | 49/122 kB | 35 kB | 19/87 kBProgress (5): 89 kB | 49 kB | 53/122 kB | 35 kB | 19/87 kBProgress (5): 89 kB | 49 kB | 53/122 kB | 35 kB | 21/87 kBProgress (5): 89 kB | 49 kB | 53/122 kB | 35 kB | 24/87 kBProgress (5): 89 kB | 49 kB | 53/122 kB | 35 kB | 27/87 kBProgress (5): 89 kB | 49 kB | 53/122 kB | 35 kB | 30/87 kB                                                          Downloaded from central: https://repo.maven.apache.org/maven2/org/apache/maven/maven-settings/2.0.9/maven-settings-2.0.9.jar (49 kB at 294 kB/s)
Downloaded from central: https://repo.maven.apache.org/maven2/org/apache/maven/maven-profile/2.0.9/maven-profile-2.0.9.jar (35 kB at 212 kB/s)
Downloading from central: https://repo.maven.apache.org/maven2/org/apache/maven/maven-artifact-manager/2.0.9/maven-artifact-manager-2.0.9.jar
Downloading from central: https://repo.maven.apache.org/maven2/org/apache/maven/maven-plugin-registry/2.0.9/maven-plugin-registry-2.0.9.jar
Downloaded from central: https://repo.maven.apache.org/maven2/org/apache/maven/maven-artifact/2.0.9/maven-artifact-2.0.9.jar (89 kB at 497 kB/s)
Progress (2): 57/122 kB | 30/87 kBProgress (2): 61/122 kB | 30/87 kBProgress (2): 65/122 kB | 30/87 kBProgress (2): 69/122 kB | 30/87 kBProgress (2): 73/122 kB | 30/87 kBProgress (2): 77/122 kB | 30/87 kBProgress (2): 81/122 kB | 30/87 kB                                  Downloading from central: https://repo.maven.apache.org/maven2/org/codehaus/plexus/plexus-container-default/1.0-alpha-9-stable-1/plexus-container-default-1.0-alpha-9-stable-1.jar
Progress (3): 81/122 kB | 30/87 kB | 2.2/58 kBProgress (3): 81/122 kB | 30/87 kB | 5.0/58 kBProgress (3): 81/122 kB | 32/87 kB | 5.0/58 kBProgress (3): 81/122 kB | 36/87 kB | 5.0/58 kBProgress (3): 81/122 kB | 40/87 kB | 5.0/58 kBProgress (3): 81/122 kB | 45/87 kB | 5.0/58 kBProgress (3): 81/122 kB | 49/87 kB | 5.0/58 kBProgress (4): 81/122 kB | 49/87 kB | 5.0/58 kB | 2.2/29 kBProgress (4): 81/122 kB | 49/87 kB | 5.0/58 kB | 5.0/29 kBProgress (4): 81/122 kB | 49/87 kB | 5.0/58 kB | 7.7/29 kBProgress (4): 85/122 kB | 49/87 kB | 5.0/58 kB | 7.7/29 kBProgress (4): 90/122 kB | 49/87 kB | 5.0/58 kB | 7.7/29 kBProgress (4): 94/122 kB | 49/87 kB | 5.0/58 kB | 7.7/29 kBProgress (4): 98/122 kB | 49/87 kB | 5.0/58 kB | 7.7/29 kBProgress (4): 98/122 kB | 49/87 kB | 7.7/58 kB | 7.7/29 kBProgress (4): 98/122 kB | 49/87 kB | 10/58 kB | 7.7/29 kB Progress (4): 98/122 kB | 49/87 kB | 13/58 kB | 7.7/29 kBProgress (4): 98/122 kB | 49/87 kB | 16/58 kB | 7.7/29 kBProgress (4): 98/122 kB | 49/87 kB | 19/58 kB | 7.7/29 kBProgress (4): 98/122 kB | 53/87 kB | 19/58 kB | 7.7/29 kBProgress (4): 98/122 kB | 57/87 kB | 19/58 kB | 7.7/29 kBProgress (4): 98/122 kB | 61/87 kB | 19/58 kB | 7.7/29 kBProgress (5): 98/122 kB | 61/87 kB | 19/58 kB | 7.7/29 kB | 4.1/194 kBProgress (5): 98/122 kB | 61/87 kB | 19/58 kB | 7.7/29 kB | 7.7/194 kBProgress (5): 98/122 kB | 61/87 kB | 19/58 kB | 7.7/29 kB | 12/194 kB Progress (5): 98/122 kB | 61/87 kB | 19/58 kB | 7.7/29 kB | 16/194 kBProgress (5): 98/122 kB | 61/87 kB | 19/58 kB | 7.7/29 kB | 20/194 kBProgress (5): 98/122 kB | 61/87 kB | 21/58 kB | 7.7/29 kB | 20/194 kBProgress (5): 98/122 kB | 61/87 kB | 24/58 kB | 7.7/29 kB | 20/194 kBProgress (5): 102/122 kB | 61/87 kB | 24/58 kB | 7.7/29 kB | 20/194 kBProgress (5): 106/122 kB | 61/87 kB | 24/58 kB | 7.7/29 kB | 20/194 kBProgress (5): 110/122 kB | 61/87 kB | 24/58 kB | 7.7/29 kB | 20/194 kBProgress (5): 114/122 kB | 61/87 kB | 24/58 kB | 7.7/29 kB | 20/194 kBProgress (5): 118/122 kB | 61/87 kB | 24/58 kB | 7.7/29 kB | 20/194 kBProgress (5): 122 kB | 61/87 kB | 24/58 kB | 7.7/29 kB | 20/194 kB    Progress (5): 122 kB | 61/87 kB | 24/58 kB | 10/29 kB | 20/194 kB Progress (5): 122 kB | 61/87 kB | 24/58 kB | 13/29 kB | 20/194 kBProgress (5): 122 kB | 61/87 kB | 24/58 kB | 16/29 kB | 20/194 kBProgress (5): 122 kB | 61/87 kB | 24/58 kB | 19/29 kB | 20/194 kBProgress (5): 122 kB | 61/87 kB | 24/58 kB | 21/29 kB | 20/194 kBProgress (5): 122 kB | 61/87 kB | 24/58 kB | 24/29 kB | 20/194 kBProgress (5): 122 kB | 61/87 kB | 24/58 kB | 27/29 kB | 20/194 kBProgress (5): 122 kB | 61/87 kB | 24/58 kB | 29 kB | 20/194 kB   Progress (5): 122 kB | 61/87 kB | 24/58 kB | 29 kB | 24/194 kBProgress (5): 122 kB | 61/87 kB | 24/58 kB | 29 kB | 28/194 kBProgress (5): 122 kB | 61/87 kB | 24/58 kB | 29 kB | 32/194 kBProgress (5): 122 kB | 61/87 kB | 24/58 kB | 29 kB | 36/194 kBProgress (5): 122 kB | 61/87 kB | 24/58 kB | 29 kB | 40/194 kBProgress (5): 122 kB | 61/87 kB | 24/58 kB | 29 kB | 45/194 kBProgress (5): 122 kB | 61/87 kB | 24/58 kB | 29 kB | 49/194 kBProgress (5): 122 kB | 61/87 kB | 24/58 kB | 29 kB | 53/194 kBProgress (5): 122 kB | 61/87 kB | 24/58 kB | 29 kB | 57/194 kBProgress (5): 122 kB | 61/87 kB | 27/58 kB | 29 kB | 57/194 kBProgress (5): 122 kB | 61/87 kB | 30/58 kB | 29 kB | 57/194 kBProgress (5): 122 kB | 61/87 kB | 32/58 kB | 29 kB | 57/194 kBProgress (5): 122 kB | 61/87 kB | 36/58 kB | 29 kB | 57/194 kBProgress (5): 122 kB | 61/87 kB | 40/58 kB | 29 kB | 57/194 kBProgress (5): 122 kB | 65/87 kB | 40/58 kB | 29 kB | 57/194 kBProgress (5): 122 kB | 69/87 kB | 40/58 kB | 29 kB | 57/194 kBProgress (5): 122 kB | 73/87 kB | 40/58 kB | 29 kB | 57/194 kBProgress (5): 122 kB | 77/87 kB | 40/58 kB | 29 kB | 57/194 kBProgress (5): 122 kB | 81/87 kB | 40/58 kB | 29 kB | 57/194 kBProgress (5): 122 kB | 85/87 kB | 40/58 kB | 29 kB | 57/194 kBProgress (5): 122 kB | 87 kB | 40/58 kB | 29 kB | 57/194 kB   Progress (5): 122 kB | 87 kB | 45/58 kB | 29 kB | 57/194 kBProgress (5): 122 kB | 87 kB | 49/58 kB | 29 kB | 57/194 kBProgress (5): 122 kB | 87 kB | 53/58 kB | 29 kB | 57/194 kBProgress (5): 122 kB | 87 kB | 57/58 kB | 29 kB | 57/194 kBProgress (5): 122 kB | 87 kB | 57/58 kB | 29 kB | 61/194 kBProgress (5): 122 kB | 87 kB | 57/58 kB | 29 kB | 65/194 kBProgress (5): 122 kB | 87 kB | 57/58 kB | 29 kB | 69/194 kBProgress (5): 122 kB | 87 kB | 57/58 kB | 29 kB | 73/194 kBProgress (5): 122 kB | 87 kB | 57/58 kB | 29 kB | 77/194 kB                                                           Downloaded from central: https://repo.maven.apache.org/maven2/org/apache/maven/maven-project/2.0.9/maven-project-2.0.9.jar (122 kB at 474 kB/s)
Downloading from central: https://repo.maven.apache.org/maven2/org/apache/maven/maven-core/2.0.9/maven-core-2.0.9.jar
Downloaded from central: https://repo.maven.apache.org/maven2/org/apache/maven/maven-model/2.0.9/maven-model-2.0.9.jar (87 kB at 345 kB/s)
Downloaded from central: https://repo.maven.apache.org/maven2/org/apache/maven/maven-plugin-registry/2.0.9/maven-plugin-registry-2.0.9.jar (29 kB at 115 kB/s)
Downloading from central: https://repo.maven.apache.org/maven2/org/apache/maven/maven-plugin-parameter-documenter/2.0.9/maven-plugin-parameter-documenter-2.0.9.jar
Progress (2): 58 kB | 77/194 kB                               Downloading from central: https://repo.maven.apache.org/maven2/org/apache/maven/maven-repository-metadata/2.0.9/maven-repository-metadata-2.0.9.jar
Progress (2): 58 kB | 81/194 kBProgress (2): 58 kB | 85/194 kBProgress (2): 58 kB | 90/194 kBProgress (2): 58 kB | 94/194 kBProgress (2): 58 kB | 98/194 kBProgress (2): 58 kB | 102/194 kBProgress (2): 58 kB | 106/194 kBProgress (2): 58 kB | 110/194 kBProgress (2): 58 kB | 114/194 kBProgress (2): 58 kB | 118/194 kBProgress (2): 58 kB | 122/194 kBProgress (2): 58 kB | 126/194 kBProgress (2): 58 kB | 131/194 kBProgress (2): 58 kB | 135/194 kBProgress (2): 58 kB | 139/194 kBProgress (2): 58 kB | 143/194 kBProgress (2): 58 kB | 147/194 kB                                Downloaded from central: https://repo.maven.apache.org/maven2/org/apache/maven/maven-artifact-manager/2.0.9/maven-artifact-manager-2.0.9.jar (58 kB at 210 kB/s)
Downloading from central: https://repo.maven.apache.org/maven2/org/apache/maven/maven-error-diagnostics/2.0.9/maven-error-diagnostics-2.0.9.jar
Progress (2): 147/194 kB | 4.1/160 kBProgress (2): 147/194 kB | 7.7/160 kBProgress (2): 147/194 kB | 12/160 kB Progress (2): 147/194 kB | 16/160 kBProgress (3): 147/194 kB | 16/160 kB | 4.1/25 kBProgress (3): 147/194 kB | 16/160 kB | 7.7/25 kBProgress (3): 147/194 kB | 16/160 kB | 12/25 kB Progress (3): 147/194 kB | 16/160 kB | 16/25 kBProgress (3): 147/194 kB | 16/160 kB | 20/25 kBProgress (3): 151/194 kB | 16/160 kB | 20/25 kBProgress (3): 155/194 kB | 16/160 kB | 20/25 kBProgress (3): 159/194 kB | 16/160 kB | 20/25 kBProgress (3): 163/194 kB | 16/160 kB | 20/25 kBProgress (4): 163/194 kB | 16/160 kB | 20/25 kB | 2.2/14 kBProgress (4): 163/194 kB | 16/160 kB | 20/25 kB | 5.0/14 kBProgress (4): 163/194 kB | 16/160 kB | 20/25 kB | 7.7/14 kBProgress (4): 163/194 kB | 16/160 kB | 20/25 kB | 10/14 kB Progress (4): 163/194 kB | 16/160 kB | 20/25 kB | 13/14 kBProgress (4): 163/194 kB | 16/160 kB | 20/25 kB | 14 kB   Progress (4): 163/194 kB | 20/160 kB | 20/25 kB | 14 kBProgress (4): 163/194 kB | 24/160 kB | 20/25 kB | 14 kBProgress (4): 163/194 kB | 28/160 kB | 20/25 kB | 14 kBProgress (4): 163/194 kB | 32/160 kB | 20/25 kB | 14 kBProgress (4): 163/194 kB | 36/160 kB | 20/25 kB | 14 kBProgress (5): 163/194 kB | 36/160 kB | 20/25 kB | 14 kB | 4.1/21 kBProgress (5): 163/194 kB | 36/160 kB | 20/25 kB | 14 kB | 7.7/21 kBProgress (5): 163/194 kB | 36/160 kB | 20/25 kB | 14 kB | 12/21 kB Progress (5): 163/194 kB | 36/160 kB | 20/25 kB | 14 kB | 16/21 kBProgress (5): 163/194 kB | 36/160 kB | 20/25 kB | 14 kB | 20/21 kBProgress (5): 163/194 kB | 36/160 kB | 20/25 kB | 14 kB | 21 kB   Progress (5): 163/194 kB | 36/160 kB | 24/25 kB | 14 kB | 21 kBProgress (5): 163/194 kB | 36/160 kB | 25 kB | 14 kB | 21 kB   Progress (5): 167/194 kB | 36/160 kB | 25 kB | 14 kB | 21 kBProgress (5): 171/194 kB | 36/160 kB | 25 kB | 14 kB | 21 kBProgress (5): 176/194 kB | 36/160 kB | 25 kB | 14 kB | 21 kBProgress (5): 180/194 kB | 36/160 kB | 25 kB | 14 kB | 21 kBProgress (5): 184/194 kB | 36/160 kB | 25 kB | 14 kB | 21 kBProgress (5): 188/194 kB | 36/160 kB | 25 kB | 14 kB | 21 kBProgress (5): 192/194 kB | 36/160 kB | 25 kB | 14 kB | 21 kBProgress (5): 194 kB | 36/160 kB | 25 kB | 14 kB | 21 kB    Progress (5): 194 kB | 40/160 kB | 25 kB | 14 kB | 21 kBProgress (5): 194 kB | 45/160 kB | 25 kB | 14 kB | 21 kBProgress (5): 194 kB | 49/160 kB | 25 kB | 14 kB | 21 kBProgress (5): 194 kB | 53/160 kB | 25 kB | 14 kB | 21 kBProgress (5): 194 kB | 57/160 kB | 25 kB | 14 kB | 21 kBProgress (5): 194 kB | 61/160 kB | 25 kB | 14 kB | 21 kB                                                        Downloaded from central: https://repo.maven.apache.org/maven2/org/apache/maven/maven-error-diagnostics/2.0.9/maven-error-diagnostics-2.0.9.jar (14 kB at 43 kB/s)
Downloaded from central: https://repo.maven.apache.org/maven2/org/apache/maven/maven-plugin-parameter-documenter/2.0.9/maven-plugin-parameter-documenter-2.0.9.jar (21 kB at 64 kB/s)
Downloading from central: https://repo.maven.apache.org/maven2/org/apache/maven/maven-plugin-descriptor/2.0.9/maven-plugin-descriptor-2.0.9.jar
Progress (3): 194 kB | 65/160 kB | 25 kBProgress (3): 194 kB | 69/160 kB | 25 kBProgress (3): 194 kB | 73/160 kB | 25 kBProgress (3): 194 kB | 77/160 kB | 25 kB                                        Downloaded from central: https://repo.maven.apache.org/maven2/org/codehaus/plexus/plexus-container-default/1.0-alpha-9-stable-1/plexus-container-default-1.0-alpha-9-stable-1.jar (194 kB at 569 kB/s)
Downloading from central: https://repo.maven.apache.org/maven2/classworlds/classworlds/1.1/classworlds-1.1.jar
Progress (2): 81/160 kB | 25 kBProgress (2): 85/160 kB | 25 kBProgress (3): 85/160 kB | 25 kB | 4.1/37 kB                                           Downloading from central: https://repo.maven.apache.org/maven2/org/apache/maven/maven-monitor/2.0.9/maven-monitor-2.0.9.jar
Downloaded from central: https://repo.maven.apache.org/maven2/org/apache/maven/maven-repository-metadata/2.0.9/maven-repository-metadata-2.0.9.jar (25 kB at 71 kB/s)
Progress (2): 85/160 kB | 7.7/37 kBProgress (2): 85/160 kB | 12/37 kB Progress (2): 85/160 kB | 16/37 kBProgress (2): 85/160 kB | 20/37 kBProgress (2): 85/160 kB | 24/37 kBProgress (2): 90/160 kB | 24/37 kBProgress (2): 94/160 kB | 24/37 kBProgress (2): 98/160 kB | 24/37 kBProgress (2): 102/160 kB | 24/37 kBProgress (2): 106/160 kB | 24/37 kBProgress (2): 110/160 kB | 24/37 kBProgress (2): 114/160 kB | 24/37 kBProgress (2): 118/160 kB | 24/37 kBProgress (2): 118/160 kB | 28/37 kBProgress (2): 118/160 kB | 32/37 kBProgress (3): 118/160 kB | 32/37 kB | 4.1/38 kBProgress (3): 118/160 kB | 32/37 kB | 8.2/38 kBProgress (3): 118/160 kB | 32/37 kB | 12/38 kB Progress (3): 118/160 kB | 32/37 kB | 16/38 kBProgress (3): 118/160 kB | 32/37 kB | 20/38 kBProgress (3): 118/160 kB | 32/37 kB | 25/38 kBProgress (3): 118/160 kB | 32/37 kB | 29/38 kBProgress (3): 118/160 kB | 32/37 kB | 33/38 kBProgress (3): 118/160 kB | 32/37 kB | 37/38 kBProgress (3): 118/160 kB | 32/37 kB | 38 kB   Progress (3): 118/160 kB | 36/37 kB | 38 kBProgress (3): 118/160 kB | 37 kB | 38 kB   Progress (4): 118/160 kB | 37 kB | 38 kB | 4.1/10 kBProgress (4): 118/160 kB | 37 kB | 38 kB | 7.7/10 kBProgress (4): 118/160 kB | 37 kB | 38 kB | 10 kB    Progress (4): 122/160 kB | 37 kB | 38 kB | 10 kBProgress (4): 126/160 kB | 37 kB | 38 kB | 10 kBProgress (4): 131/160 kB | 37 kB | 38 kB | 10 kBProgress (4): 135/160 kB | 37 kB | 38 kB | 10 kBProgress (4): 139/160 kB | 37 kB | 38 kB | 10 kBProgress (4): 143/160 kB | 37 kB | 38 kB | 10 kBProgress (4): 147/160 kB | 37 kB | 38 kB | 10 kB                                                Downloaded from central: https://repo.maven.apache.org/maven2/org/apache/maven/maven-monitor/2.0.9/maven-monitor-2.0.9.jar (10 kB at 27 kB/s)
Downloaded from central: https://repo.maven.apache.org/maven2/org/apache/maven/maven-plugin-descriptor/2.0.9/maven-plugin-descriptor-2.0.9.jar (37 kB at 99 kB/s)
Downloaded from central: https://repo.maven.apache.org/maven2/classworlds/classworlds/1.1/classworlds-1.1.jar (38 kB at 100 kB/s)
Progress (1): 151/160 kBProgress (1): 155/160 kBProgress (1): 159/160 kBProgress (1): 160 kB                        Downloaded from central: https://repo.maven.apache.org/maven2/org/apache/maven/maven-core/2.0.9/maven-core-2.0.9.jar (160 kB at 405 kB/s)
[INFO] 
[8mha:////4I7OkuK2YxHRoXTPSGVv5puu/rO5ZsjsQ8OiEgeZY1PEAAAAYB+LCAAAAAAAAP9b85aBtbiIQSmjNKU4P0+vJLE4u1gvPjexLDVPzxdEGvvmZ+X75ZekLlOVfvTjc8FPJgaGiiIGKaiG5Py84vycVD1nCA1SyAABjCCFBQCV27OjYAAAAA==[0m[INFO] --- jacoco-maven-plugin:0.7.2.201409121644:prepare-agent (jacoco-initialize) @ gameoflife ---
Downloading from central: https://repo.maven.apache.org/maven2/org/apache/maven/maven-plugin-api/2.2.1/maven-plugin-api-2.2.1.jar
Downloading from central: https://repo.maven.apache.org/maven2/org/apache/maven/maven-project/2.2.1/maven-project-2.2.1.jar
Downloading from central: https://repo.maven.apache.org/maven2/org/apache/maven/maven-settings/2.2.1/maven-settings-2.2.1.jar
Downloading from central: https://repo.maven.apache.org/maven2/org/apache/maven/maven-profile/2.2.1/maven-profile-2.2.1.jar
Downloading from central: https://repo.maven.apache.org/maven2/org/apache/maven/maven-model/2.2.1/maven-model-2.2.1.jar
Progress (1): 4.1/12 kBProgress (1): 7.7/12 kBProgress (2): 7.7/12 kB | 4.1/156 kBProgress (2): 7.7/12 kB | 7.7/156 kBProgress (2): 7.7/12 kB | 12/156 kB Progress (2): 7.7/12 kB | 16/156 kBProgress (3): 7.7/12 kB | 16/156 kB | 4.1/35 kBProgress (3): 7.7/12 kB | 16/156 kB | 7.7/35 kBProgress (3): 7.7/12 kB | 16/156 kB | 12/35 kB Progress (3): 7.7/12 kB | 16/156 kB | 16/35 kBProgress (4): 7.7/12 kB | 16/156 kB | 16/35 kB | 4.1/49 kBProgress (4): 7.7/12 kB | 16/156 kB | 16/35 kB | 7.7/49 kBProgress (4): 7.7/12 kB | 16/156 kB | 16/35 kB | 12/49 kB Progress (4): 7.7/12 kB | 16/156 kB | 16/35 kB | 16/49 kBProgress (4): 7.7/12 kB | 16/156 kB | 16/35 kB | 20/49 kBProgress (4): 7.7/12 kB | 16/156 kB | 16/35 kB | 24/49 kBProgress (4): 7.7/12 kB | 16/156 kB | 16/35 kB | 28/49 kBProgress (4): 7.7/12 kB | 16/156 kB | 16/35 kB | 32/49 kBProgress (4): 7.7/12 kB | 16/156 kB | 16/35 kB | 36/49 kBProgress (4): 7.7/12 kB | 16/156 kB | 16/35 kB | 40/49 kBProgress (4): 7.7/12 kB | 16/156 kB | 16/35 kB | 45/49 kBProgress (4): 7.7/12 kB | 16/156 kB | 16/35 kB | 49/49 kBProgress (4): 7.7/12 kB | 16/156 kB | 16/35 kB | 49 kB   Progress (4): 12/12 kB | 16/156 kB | 16/35 kB | 49 kB Progress (4): 12 kB | 16/156 kB | 16/35 kB | 49 kB   Progress (4): 12 kB | 20/156 kB | 16/35 kB | 49 kBProgress (4): 12 kB | 24/156 kB | 16/35 kB | 49 kBProgress (4): 12 kB | 28/156 kB | 16/35 kB | 49 kBProgress (4): 12 kB | 32/156 kB | 16/35 kB | 49 kBProgress (5): 12 kB | 32/156 kB | 16/35 kB | 49 kB | 2.2/88 kBProgress (5): 12 kB | 32/156 kB | 16/35 kB | 49 kB | 5.0/88 kBProgress (5): 12 kB | 32/156 kB | 16/35 kB | 49 kB | 7.7/88 kBProgress (5): 12 kB | 32/156 kB | 16/35 kB | 49 kB | 10/88 kB Progress (5): 12 kB | 32/156 kB | 16/35 kB | 49 kB | 13/88 kBProgress (5): 12 kB | 32/156 kB | 20/35 kB | 49 kB | 13/88 kBProgress (5): 12 kB | 32/156 kB | 24/35 kB | 49 kB | 13/88 kBProgress (5): 12 kB | 32/156 kB | 28/35 kB | 49 kB | 13/88 kBProgress (5): 12 kB | 32/156 kB | 32/35 kB | 49 kB | 13/88 kBProgress (5): 12 kB | 32/156 kB | 35 kB | 49 kB | 13/88 kB   Progress (5): 12 kB | 36/156 kB | 35 kB | 49 kB | 13/88 kBProgress (5): 12 kB | 40/156 kB | 35 kB | 49 kB | 13/88 kBProgress (5): 12 kB | 45/156 kB | 35 kB | 49 kB | 13/88 kBProgress (5): 12 kB | 49/156 kB | 35 kB | 49 kB | 13/88 kB                                                          Downloaded from central: https://repo.maven.apache.org/maven2/org/apache/maven/maven-plugin-api/2.2.1/maven-plugin-api-2.2.1.jar (12 kB at 144 kB/s)
Downloading from central: https://repo.maven.apache.org/maven2/org/apache/maven/maven-artifact-manager/2.2.1/maven-artifact-manager-2.2.1.jar
Progress (4): 49/156 kB | 35 kB | 49 kB | 16/88 kBProgress (4): 49/156 kB | 35 kB | 49 kB | 19/88 kBProgress (4): 49/156 kB | 35 kB | 49 kB | 21/88 kBProgress (4): 49/156 kB | 35 kB | 49 kB | 24/88 kBProgress (4): 49/156 kB | 35 kB | 49 kB | 27/88 kBProgress (4): 49/156 kB | 35 kB | 49 kB | 30/88 kBProgress (4): 53/156 kB | 35 kB | 49 kB | 30/88 kBProgress (4): 57/156 kB | 35 kB | 49 kB | 30/88 kBProgress (4): 61/156 kB | 35 kB | 49 kB | 30/88 kBProgress (4): 65/156 kB | 35 kB | 49 kB | 30/88 kBProgress (4): 69/156 kB | 35 kB | 49 kB | 30/88 kB                                                  Downloaded from central: https://repo.maven.apache.org/maven2/org/apache/maven/maven-settings/2.2.1/maven-settings-2.2.1.jar (49 kB at 527 kB/s)
Downloaded from central: https://repo.maven.apache.org/maven2/org/apache/maven/maven-profile/2.2.1/maven-profile-2.2.1.jar (35 kB at 380 kB/s)
Downloading from central: https://repo.maven.apache.org/maven2/org/apache/maven/maven-repository-metadata/2.2.1/maven-repository-metadata-2.2.1.jar
Progress (2): 69/156 kB | 32/88 kBProgress (2): 69/156 kB | 36/88 kBProgress (3): 69/156 kB | 36/88 kB | 4.1/68 kBProgress (3): 69/156 kB | 36/88 kB | 7.7/68 kBProgress (3): 69/156 kB | 36/88 kB | 12/68 kB Progress (3): 69/156 kB | 36/88 kB | 16/68 kBProgress (3): 69/156 kB | 36/88 kB | 20/68 kBProgress (3): 69/156 kB | 36/88 kB | 24/68 kBProgress (3): 69/156 kB | 36/88 kB | 28/68 kBProgress (3): 69/156 kB | 36/88 kB | 32/68 kBProgress (3): 69/156 kB | 36/88 kB | 36/68 kBProgress (3): 69/156 kB | 36/88 kB | 40/68 kBProgress (3): 69/156 kB | 36/88 kB | 45/68 kBProgress (3): 69/156 kB | 36/88 kB | 49/68 kBProgress (3): 69/156 kB | 36/88 kB | 53/68 kBProgress (3): 69/156 kB | 36/88 kB | 57/68 kBProgress (3): 69/156 kB | 36/88 kB | 61/68 kBProgress (3): 69/156 kB | 36/88 kB | 65/68 kBProgress (3): 69/156 kB | 36/88 kB | 68 kB                                             Downloading from central: https://repo.maven.apache.org/maven2/org/apache/maven/maven-plugin-registry/2.2.1/maven-plugin-registry-2.2.1.jar
Progress (4): 69/156 kB | 36/88 kB | 68 kB | 4.1/26 kBProgress (4): 69/156 kB | 36/88 kB | 68 kB | 7.7/26 kBProgress (4): 69/156 kB | 36/88 kB | 68 kB | 12/26 kB Progress (4): 69/156 kB | 36/88 kB | 68 kB | 16/26 kBProgress (4): 69/156 kB | 36/88 kB | 68 kB | 20/26 kBProgress (4): 69/156 kB | 36/88 kB | 68 kB | 24/26 kBProgress (4): 69/156 kB | 36/88 kB | 68 kB | 26 kB   Progress (4): 73/156 kB | 36/88 kB | 68 kB | 26 kBProgress (4): 77/156 kB | 36/88 kB | 68 kB | 26 kBProgress (4): 81/156 kB | 36/88 kB | 68 kB | 26 kBProgress (4): 85/156 kB | 36/88 kB | 68 kB | 26 kBProgress (4): 90/156 kB | 36/88 kB | 68 kB | 26 kBProgress (4): 90/156 kB | 40/88 kB | 68 kB | 26 kBProgress (4): 90/156 kB | 45/88 kB | 68 kB | 26 kBProgress (4): 90/156 kB | 49/88 kB | 68 kB | 26 kBProgress (4): 90/156 kB | 53/88 kB | 68 kB | 26 kBProgress (4): 90/156 kB | 57/88 kB | 68 kB | 26 kBProgress (4): 90/156 kB | 61/88 kB | 68 kB | 26 kBProgress (4): 90/156 kB | 65/88 kB | 68 kB | 26 kBProgress (4): 90/156 kB | 69/88 kB | 68 kB | 26 kBProgress (4): 90/156 kB | 73/88 kB | 68 kB | 26 kBProgress (4): 90/156 kB | 77/88 kB | 68 kB | 26 kBProgress (4): 90/156 kB | 81/88 kB | 68 kB | 26 kBProgress (4): 90/156 kB | 85/88 kB | 68 kB | 26 kBProgress (4): 90/156 kB | 88 kB | 68 kB | 26 kB   Progress (5): 90/156 kB | 88 kB | 68 kB | 26 kB | 4.1/30 kBProgress (5): 94/156 kB | 88 kB | 68 kB | 26 kB | 4.1/30 kBProgress (5): 98/156 kB | 88 kB | 68 kB | 26 kB | 4.1/30 kBProgress (5): 102/156 kB | 88 kB | 68 kB | 26 kB | 4.1/30 kBProgress (5): 106/156 kB | 88 kB | 68 kB | 26 kB | 4.1/30 kBProgress (5): 110/156 kB | 88 kB | 68 kB | 26 kB | 4.1/30 kBProgress (5): 114/156 kB | 88 kB | 68 kB | 26 kB | 4.1/30 kBProgress (5): 118/156 kB | 88 kB | 68 kB | 26 kB | 4.1/30 kBProgress (5): 118/156 kB | 88 kB | 68 kB | 26 kB | 7.7/30 kBProgress (5): 118/156 kB | 88 kB | 68 kB | 26 kB | 12/30 kB Progress (5): 118/156 kB | 88 kB | 68 kB | 26 kB | 16/30 kBProgress (5): 118/156 kB | 88 kB | 68 kB | 26 kB | 20/30 kBProgress (5): 118/156 kB | 88 kB | 68 kB | 26 kB | 24/30 kBProgress (5): 118/156 kB | 88 kB | 68 kB | 26 kB | 28/30 kBProgress (5): 118/156 kB | 88 kB | 68 kB | 26 kB | 30 kB                                                           Downloaded from central: https://repo.maven.apache.org/maven2/org/apache/maven/maven-repository-metadata/2.2.1/maven-repository-metadata-2.2.1.jar (26 kB at 207 kB/s)
Downloading from central: https://repo.maven.apache.org/maven2/org/apache/maven/maven-artifact/2.2.1/maven-artifact-2.2.1.jar
Progress (4): 122/156 kB | 88 kB | 68 kB | 30 kBProgress (4): 126/156 kB | 88 kB | 68 kB | 30 kBProgress (4): 131/156 kB | 88 kB | 68 kB | 30 kBProgress (4): 135/156 kB | 88 kB | 68 kB | 30 kBProgress (4): 139/156 kB | 88 kB | 68 kB | 30 kBProgress (4): 143/156 kB | 88 kB | 68 kB | 30 kBProgress (4): 147/156 kB | 88 kB | 68 kB | 30 kB                                                Downloaded from central: https://repo.maven.apache.org/maven2/org/apache/maven/maven-artifact-manager/2.2.1/maven-artifact-manager-2.2.1.jar (68 kB at 493 kB/s)
Downloading from central: https://repo.maven.apache.org/maven2/classworlds/classworlds/1.1-alpha-2/classworlds-1.1-alpha-2.jar
Downloaded from central: https://repo.maven.apache.org/maven2/org/apache/maven/maven-model/2.2.1/maven-model-2.2.1.jar (88 kB at 565 kB/s)
Downloading from central: https://repo.maven.apache.org/maven2/org/apache/maven/wagon/wagon-provider-api/1.0-alpha-6/wagon-provider-api-1.0-alpha-6.jar
Progress (2): 151/156 kB | 30 kBProgress (2): 155/156 kB | 30 kBProgress (2): 156 kB | 30 kB    Progress (3): 156 kB | 30 kB | 4.1/38 kBProgress (3): 156 kB | 30 kB | 7.7/38 kBProgress (3): 156 kB | 30 kB | 12/38 kB Progress (3): 156 kB | 30 kB | 16/38 kBProgress (4): 156 kB | 30 kB | 16/38 kB | 4.1/43 kBProgress (4): 156 kB | 30 kB | 16/38 kB | 7.7/43 kBProgress (5): 156 kB | 30 kB | 16/38 kB | 7.7/43 kB | 4.1/80 kBProgress (5): 156 kB | 30 kB | 16/38 kB | 7.7/43 kB | 7.7/80 kBProgress (5): 156 kB | 30 kB | 16/38 kB | 7.7/43 kB | 12/80 kB Progress (5): 156 kB | 30 kB | 16/38 kB | 7.7/43 kB | 16/80 kBProgress (5): 156 kB | 30 kB | 16/38 kB | 7.7/43 kB | 20/80 kBProgress (5): 156 kB | 30 kB | 16/38 kB | 7.7/43 kB | 24/80 kBProgress (5): 156 kB | 30 kB | 16/38 kB | 7.7/43 kB | 28/80 kBProgress (5): 156 kB | 30 kB | 16/38 kB | 7.7/43 kB | 32/80 kBProgress (5): 156 kB | 30 kB | 16/38 kB | 7.7/43 kB | 36/80 kBProgress (5): 156 kB | 30 kB | 16/38 kB | 7.7/43 kB | 40/80 kBProgress (5): 156 kB | 30 kB | 16/38 kB | 7.7/43 kB | 45/80 kB                                                              Downloaded from central: https://repo.maven.apache.org/maven2/org/apache/maven/maven-plugin-registry/2.2.1/maven-plugin-registry-2.2.1.jar (30 kB at 173 kB/s)
Progress (4): 156 kB | 16/38 kB | 12/43 kB | 45/80 kBProgress (4): 156 kB | 16/38 kB | 16/43 kB | 45/80 kBProgress (4): 156 kB | 16/38 kB | 20/43 kB | 45/80 kBProgress (4): 156 kB | 16/38 kB | 24/43 kB | 45/80 kB                                                     Downloaded from central: https://repo.maven.apache.org/maven2/org/apache/maven/maven-project/2.2.1/maven-project-2.2.1.jar (156 kB at 818 kB/s)
Progress (3): 20/38 kB | 24/43 kB | 45/80 kBProgress (3): 24/38 kB | 24/43 kB | 45/80 kBProgress (3): 28/38 kB | 24/43 kB | 45/80 kBProgress (3): 32/38 kB | 24/43 kB | 45/80 kBProgress (3): 36/38 kB | 24/43 kB | 45/80 kBProgress (3): 38 kB | 24/43 kB | 45/80 kB   Progress (3): 38 kB | 24/43 kB | 49/80 kBProgress (3): 38 kB | 24/43 kB | 53/80 kBProgress (3): 38 kB | 28/43 kB | 53/80 kBProgress (3): 38 kB | 32/43 kB | 53/80 kBProgress (3): 38 kB | 36/43 kB | 53/80 kBProgress (3): 38 kB | 40/43 kB | 53/80 kBProgress (3): 38 kB | 43 kB | 53/80 kB   Progress (3): 38 kB | 43 kB | 57/80 kBProgress (3): 38 kB | 43 kB | 61/80 kBProgress (3): 38 kB | 43 kB | 65/80 kBProgress (3): 38 kB | 43 kB | 69/80 kBProgress (3): 38 kB | 43 kB | 73/80 kBProgress (3): 38 kB | 43 kB | 77/80 kBProgress (3): 38 kB | 43 kB | 80 kB                                      Downloaded from central: https://repo.maven.apache.org/maven2/classworlds/classworlds/1.1-alpha-2/classworlds-1.1-alpha-2.jar (38 kB at 177 kB/s)
Downloaded from central: https://repo.maven.apache.org/maven2/org/apache/maven/wagon/wagon-provider-api/1.0-alpha-6/wagon-provider-api-1.0-alpha-6.jar (43 kB at 202 kB/s)
Downloaded from central: https://repo.maven.apache.org/maven2/org/apache/maven/maven-artifact/2.2.1/maven-artifact-2.2.1.jar (80 kB at 357 kB/s)
[INFO] argLine set to -javaagent:/home/jenkins/.m2/repository/org/jacoco/org.jacoco.agent/0.7.2.201409121644/org.jacoco.agent-0.7.2.201409121644-runtime.jar=destfile=/var/lib/jenkins/workspace/1_mvn_GameOfLife_Build_Package-PublishS3/target/jacoco.exec
[INFO] 
[8mha:////4I7OkuK2YxHRoXTPSGVv5puu/rO5ZsjsQ8OiEgeZY1PEAAAAYB+LCAAAAAAAAP9b85aBtbiIQSmjNKU4P0+vJLE4u1gvPjexLDVPzxdEGvvmZ+X75ZekLlOVfvTjc8FPJgaGiiIGKaiG5Py84vycVD1nCA1SyAABjCCFBQCV27OjYAAAAA==[0m[INFO] --- maven-enforcer-plugin:1.0:enforce (enforce-versions) @ gameoflife ---
[INFO] 
[8mha:////4I7OkuK2YxHRoXTPSGVv5puu/rO5ZsjsQ8OiEgeZY1PEAAAAYB+LCAAAAAAAAP9b85aBtbiIQSmjNKU4P0+vJLE4u1gvPjexLDVPzxdEGvvmZ+X75ZekLlOVfvTjc8FPJgaGiiIGKaiG5Py84vycVD1nCA1SyAABjCCFBQCV27OjYAAAAA==[0m[INFO] --- jacoco-maven-plugin:0.7.2.201409121644:prepare-agent (jacoco-initialize) @ gameoflife ---
[INFO] argLine set to -javaagent:/home/jenkins/.m2/repository/org/jacoco/org.jacoco.agent/0.7.2.201409121644/org.jacoco.agent-0.7.2.201409121644-runtime.jar=destfile=/var/lib/jenkins/workspace/1_mvn_GameOfLife_Build_Package-PublishS3/target/jacoco.exec
[INFO] 
[8mha:////4I7OkuK2YxHRoXTPSGVv5puu/rO5ZsjsQ8OiEgeZY1PEAAAAYB+LCAAAAAAAAP9b85aBtbiIQSmjNKU4P0+vJLE4u1gvPjexLDVPzxdEGvvmZ+X75ZekLlOVfvTjc8FPJgaGiiIGKaiG5Py84vycVD1nCA1SyAABjCCFBQCV27OjYAAAAA==[0m[INFO] --- maven-surefire-plugin:2.11:test (unit-tests) @ gameoflife ---
Downloading from central: https://repo.maven.apache.org/maven2/org/apache/maven/maven-toolchain/2.0.9/maven-toolchain-2.0.9.jar
Progress (1): 4.1/38 kBProgress (1): 7.7/38 kBProgress (1): 12/38 kB Progress (1): 16/38 kBProgress (1): 20/38 kBProgress (1): 24/38 kBProgress (1): 28/38 kBProgress (1): 32/38 kBProgress (1): 36/38 kBProgress (1): 38 kB                      Downloaded from central: https://repo.maven.apache.org/maven2/org/apache/maven/maven-toolchain/2.0.9/maven-toolchain-2.0.9.jar (38 kB at 391 kB/s)
[INFO] No tests to run.
[INFO] Surefire report directory: /var/lib/jenkins/workspace/1_mvn_GameOfLife_Build_Package-PublishS3/target/surefire-reports

-------------------------------------------------------
 T E S T S
-------------------------------------------------------

Results :

Tests run: 0, Failures: 0, Errors: 0, Skipped: 0

[INFO] 
[8mha:////4I7OkuK2YxHRoXTPSGVv5puu/rO5ZsjsQ8OiEgeZY1PEAAAAYB+LCAAAAAAAAP9b85aBtbiIQSmjNKU4P0+vJLE4u1gvPjexLDVPzxdEGvvmZ+X75ZekLlOVfvTjc8FPJgaGiiIGKaiG5Py84vycVD1nCA1SyAABjCCFBQCV27OjYAAAAA==[0m[INFO] --- maven-easyb-plugin:1.4:test (default) @ gameoflife ---
[INFO] /var/lib/jenkins/workspace/1_mvn_GameOfLife_Build_Package-PublishS3/src/test/stories does not exists.  Skipping easyb testing
[INFO] 
[INFO] --------------< com.wakaleo.gameoflife:gameoflife-build >---------------
[INFO] Building gameoflife-build 1.0-SNAPSHOT                             [2/4]
[INFO] --------------------------------[ jar ]---------------------------------
Downloading from central: https://repo.maven.apache.org/maven2/org/apache/maven/plugins/maven-resources-plugin/2.6/maven-resources-plugin-2.6.pom
Progress (1): 2.2/8.1 kBProgress (1): 5.0/8.1 kBProgress (1): 7.8/8.1 kBProgress (1): 8.1 kB                        Downloaded from central: https://repo.maven.apache.org/maven2/org/apache/maven/plugins/maven-resources-plugin/2.6/maven-resources-plugin-2.6.pom (8.1 kB at 246 kB/s)
Downloading from central: https://repo.maven.apache.org/maven2/org/apache/maven/plugins/maven-plugins/23/maven-plugins-23.pom
Progress (1): 2.2/9.2 kBProgress (1): 5.0/9.2 kBProgress (1): 7.8/9.2 kBProgress (1): 9.2 kB                        Downloaded from central: https://repo.maven.apache.org/maven2/org/apache/maven/plugins/maven-plugins/23/maven-plugins-23.pom (9.2 kB at 279 kB/s)
Downloading from central: https://repo.maven.apache.org/maven2/org/apache/maven/plugins/maven-resources-plugin/2.6/maven-resources-plugin-2.6.jar
Progress (1): 2.2/30 kBProgress (1): 5.0/30 kBProgress (1): 7.7/30 kBProgress (1): 10/30 kB Progress (1): 13/30 kBProgress (1): 16/30 kBProgress (1): 19/30 kBProgress (1): 21/30 kBProgress (1): 24/30 kBProgress (1): 27/30 kBProgress (1): 30 kB                      Downloaded from central: https://repo.maven.apache.org/maven2/org/apache/maven/plugins/maven-resources-plugin/2.6/maven-resources-plugin-2.6.jar (30 kB at 895 kB/s)
Downloading from central: https://repo.maven.apache.org/maven2/org/apache/maven/plugins/maven-jar-plugin/2.4/maven-jar-plugin-2.4.pom
Progress (1): 2.2/5.8 kBProgress (1): 5.0/5.8 kBProgress (1): 5.8 kB                        Downloaded from central: https://repo.maven.apache.org/maven2/org/apache/maven/plugins/maven-jar-plugin/2.4/maven-jar-plugin-2.4.pom (5.8 kB at 243 kB/s)
Downloading from central: https://repo.maven.apache.org/maven2/org/apache/maven/plugins/maven-jar-plugin/2.4/maven-jar-plugin-2.4.jar
Progress (1): 2.2/34 kBProgress (1): 5.0/34 kBProgress (1): 7.7/34 kBProgress (1): 10/34 kB Progress (1): 13/34 kBProgress (1): 16/34 kBProgress (1): 19/34 kBProgress (1): 21/34 kBProgress (1): 24/34 kBProgress (1): 27/34 kBProgress (1): 30/34 kBProgress (1): 32/34 kBProgress (1): 34 kB                      Downloaded from central: https://repo.maven.apache.org/maven2/org/apache/maven/plugins/maven-jar-plugin/2.4/maven-jar-plugin-2.4.jar (34 kB at 1.0 MB/s)
[INFO] 
[8mha:////4I7OkuK2YxHRoXTPSGVv5puu/rO5ZsjsQ8OiEgeZY1PEAAAAYB+LCAAAAAAAAP9b85aBtbiIQSmjNKU4P0+vJLE4u1gvPjexLDVPzxdEGvvmZ+X75ZekLlOVfvTjc8FPJgaGiiIGKaiG5Py84vycVD1nCA1SyAABjCCFBQCV27OjYAAAAA==[0m[INFO] --- maven-clean-plugin:2.5:clean (default-clean) @ gameoflife-build ---
[INFO] 
[8mha:////4I7OkuK2YxHRoXTPSGVv5puu/rO5ZsjsQ8OiEgeZY1PEAAAAYB+LCAAAAAAAAP9b85aBtbiIQSmjNKU4P0+vJLE4u1gvPjexLDVPzxdEGvvmZ+X75ZekLlOVfvTjc8FPJgaGiiIGKaiG5Py84vycVD1nCA1SyAABjCCFBQCV27OjYAAAAA==[0m[INFO] --- maven-enforcer-plugin:1.0:enforce (enforce-versions) @ gameoflife-build ---
[INFO] 
[8mha:////4I7OkuK2YxHRoXTPSGVv5puu/rO5ZsjsQ8OiEgeZY1PEAAAAYB+LCAAAAAAAAP9b85aBtbiIQSmjNKU4P0+vJLE4u1gvPjexLDVPzxdEGvvmZ+X75ZekLlOVfvTjc8FPJgaGiiIGKaiG5Py84vycVD1nCA1SyAABjCCFBQCV27OjYAAAAA==[0m[INFO] --- maven-resources-plugin:2.6:resources (default-resources) @ gameoflife-build ---
Downloading from central: https://repo.maven.apache.org/maven2/org/apache/maven/shared/maven-filtering/1.1/maven-filtering-1.1.pom
Progress (1): 2.2/5.8 kBProgress (1): 5.0/5.8 kBProgress (1): 5.8 kB                        Downloaded from central: https://repo.maven.apache.org/maven2/org/apache/maven/shared/maven-filtering/1.1/maven-filtering-1.1.pom (5.8 kB at 305 kB/s)
Downloading from central: https://repo.maven.apache.org/maven2/org/apache/maven/shared/maven-shared-components/17/maven-shared-components-17.pom
Progress (1): 2.2/8.7 kBProgress (1): 5.0/8.7 kBProgress (1): 7.8/8.7 kBProgress (1): 8.7 kB                        Downloaded from central: https://repo.maven.apache.org/maven2/org/apache/maven/shared/maven-shared-components/17/maven-shared-components-17.pom (8.7 kB at 414 kB/s)
Downloading from central: https://repo.maven.apache.org/maven2/org/apache/maven/maven-project/2.0.6/maven-project-2.0.6.jar
Downloading from central: https://repo.maven.apache.org/maven2/org/apache/maven/maven-artifact-manager/2.0.6/maven-artifact-manager-2.0.6.jar
Downloading from central: https://repo.maven.apache.org/maven2/org/apache/maven/maven-plugin-registry/2.0.6/maven-plugin-registry-2.0.6.jar
Downloading from central: https://repo.maven.apache.org/maven2/org/apache/maven/maven-profile/2.0.6/maven-profile-2.0.6.jar
Downloading from central: https://repo.maven.apache.org/maven2/org/apache/maven/maven-core/2.0.6/maven-core-2.0.6.jar
Progress (1): 2.2/116 kBProgress (1): 5.0/116 kBProgress (1): 7.7/116 kBProgress (1): 10/116 kB Progress (1): 13/116 kBProgress (1): 16/116 kBProgress (1): 19/116 kBProgress (1): 21/116 kBProgress (1): 24/116 kBProgress (1): 27/116 kBProgress (1): 30/116 kBProgress (2): 30/116 kB | 2.2/35 kBProgress (2): 30/116 kB | 5.0/35 kBProgress (2): 30/116 kB | 7.7/35 kBProgress (2): 30/116 kB | 10/35 kB Progress (2): 30/116 kB | 13/35 kBProgress (2): 30/116 kB | 16/35 kBProgress (2): 30/116 kB | 19/35 kBProgress (3): 30/116 kB | 19/35 kB | 2.2/29 kBProgress (3): 30/116 kB | 19/35 kB | 5.0/29 kBProgress (3): 30/116 kB | 19/35 kB | 7.7/29 kBProgress (3): 30/116 kB | 19/35 kB | 10/29 kB Progress (3): 30/116 kB | 19/35 kB | 13/29 kBProgress (3): 30/116 kB | 19/35 kB | 16/29 kBProgress (3): 30/116 kB | 19/35 kB | 19/29 kBProgress (4): 30/116 kB | 19/35 kB | 19/29 kB | 2.2/57 kBProgress (4): 30/116 kB | 19/35 kB | 19/29 kB | 5.0/57 kBProgress (4): 30/116 kB | 19/35 kB | 19/29 kB | 7.7/57 kBProgress (4): 30/116 kB | 19/35 kB | 19/29 kB | 10/57 kB Progress (4): 30/116 kB | 19/35 kB | 19/29 kB | 13/57 kBProgress (4): 30/116 kB | 19/35 kB | 19/29 kB | 16/57 kBProgress (4): 30/116 kB | 19/35 kB | 19/29 kB | 19/57 kBProgress (4): 30/116 kB | 19/35 kB | 19/29 kB | 21/57 kBProgress (4): 30/116 kB | 19/35 kB | 19/29 kB | 24/57 kBProgress (4): 30/116 kB | 19/35 kB | 19/29 kB | 27/57 kBProgress (4): 30/116 kB | 19/35 kB | 19/29 kB | 30/57 kBProgress (4): 30/116 kB | 19/35 kB | 19/29 kB | 32/57 kBProgress (5): 30/116 kB | 19/35 kB | 19/29 kB | 32/57 kB | 2.2/152 kBProgress (5): 30/116 kB | 19/35 kB | 19/29 kB | 32/57 kB | 5.0/152 kBProgress (5): 30/116 kB | 19/35 kB | 19/29 kB | 32/57 kB | 7.7/152 kBProgress (5): 30/116 kB | 19/35 kB | 19/29 kB | 32/57 kB | 10/152 kB Progress (5): 30/116 kB | 19/35 kB | 19/29 kB | 32/57 kB | 13/152 kBProgress (5): 30/116 kB | 19/35 kB | 19/29 kB | 32/57 kB | 16/152 kBProgress (5): 30/116 kB | 19/35 kB | 19/29 kB | 32/57 kB | 19/152 kBProgress (5): 30/116 kB | 19/35 kB | 19/29 kB | 32/57 kB | 21/152 kBProgress (5): 30/116 kB | 19/35 kB | 19/29 kB | 32/57 kB | 24/152 kBProgress (5): 30/116 kB | 19/35 kB | 19/29 kB | 32/57 kB | 27/152 kBProgress (5): 30/116 kB | 19/35 kB | 19/29 kB | 32/57 kB | 30/152 kBProgress (5): 30/116 kB | 19/35 kB | 19/29 kB | 32/57 kB | 32/152 kBProgress (5): 30/116 kB | 19/35 kB | 19/29 kB | 32/57 kB | 36/152 kBProgress (5): 30/116 kB | 19/35 kB | 19/29 kB | 32/57 kB | 40/152 kBProgress (5): 30/116 kB | 19/35 kB | 19/29 kB | 32/57 kB | 45/152 kBProgress (5): 30/116 kB | 19/35 kB | 19/29 kB | 32/57 kB | 49/152 kBProgress (5): 32/116 kB | 19/35 kB | 19/29 kB | 32/57 kB | 49/152 kBProgress (5): 36/116 kB | 19/35 kB | 19/29 kB | 32/57 kB | 49/152 kBProgress (5): 40/116 kB | 19/35 kB | 19/29 kB | 32/57 kB | 49/152 kBProgress (5): 45/116 kB | 19/35 kB | 19/29 kB | 32/57 kB | 49/152 kBProgress (5): 49/116 kB | 19/35 kB | 19/29 kB | 32/57 kB | 49/152 kBProgress (5): 53/116 kB | 19/35 kB | 19/29 kB | 32/57 kB | 49/152 kBProgress (5): 57/116 kB | 19/35 kB | 19/29 kB | 32/57 kB | 49/152 kBProgress (5): 61/116 kB | 19/35 kB | 19/29 kB | 32/57 kB | 49/152 kBProgress (5): 65/116 kB | 19/35 kB | 19/29 kB | 32/57 kB | 49/152 kBProgress (5): 69/116 kB | 19/35 kB | 19/29 kB | 32/57 kB | 49/152 kBProgress (5): 73/116 kB | 19/35 kB | 19/29 kB | 32/57 kB | 49/152 kBProgress (5): 77/116 kB | 19/35 kB | 19/29 kB | 32/57 kB | 49/152 kBProgress (5): 81/116 kB | 19/35 kB | 19/29 kB | 32/57 kB | 49/152 kBProgress (5): 85/116 kB | 19/35 kB | 19/29 kB | 32/57 kB | 49/152 kBProgress (5): 85/116 kB | 21/35 kB | 19/29 kB | 32/57 kB | 49/152 kBProgress (5): 85/116 kB | 24/35 kB | 19/29 kB | 32/57 kB | 49/152 kBProgress (5): 85/116 kB | 27/35 kB | 19/29 kB | 32/57 kB | 49/152 kBProgress (5): 85/116 kB | 30/35 kB | 19/29 kB | 32/57 kB | 49/152 kBProgress (5): 85/116 kB | 32/35 kB | 19/29 kB | 32/57 kB | 49/152 kBProgress (5): 85/116 kB | 35/35 kB | 19/29 kB | 32/57 kB | 49/152 kBProgress (5): 85/116 kB | 35 kB | 19/29 kB | 32/57 kB | 49/152 kB   Progress (5): 85/116 kB | 35 kB | 19/29 kB | 32/57 kB | 53/152 kBProgress (5): 85/116 kB | 35 kB | 19/29 kB | 36/57 kB | 53/152 kBProgress (5): 85/116 kB | 35 kB | 19/29 kB | 40/57 kB | 53/152 kBProgress (5): 85/116 kB | 35 kB | 19/29 kB | 45/57 kB | 53/152 kBProgress (5): 85/116 kB | 35 kB | 19/29 kB | 49/57 kB | 53/152 kBProgress (5): 85/116 kB | 35 kB | 21/29 kB | 49/57 kB | 53/152 kBProgress (5): 85/116 kB | 35 kB | 24/29 kB | 49/57 kB | 53/152 kBProgress (5): 85/116 kB | 35 kB | 27/29 kB | 49/57 kB | 53/152 kBProgress (5): 85/116 kB | 35 kB | 29 kB | 49/57 kB | 53/152 kB   Progress (5): 85/116 kB | 35 kB | 29 kB | 53/57 kB | 53/152 kBProgress (5): 85/116 kB | 35 kB | 29 kB | 57 kB | 53/152 kB   Progress (5): 85/116 kB | 35 kB | 29 kB | 57 kB | 57/152 kBProgress (5): 85/116 kB | 35 kB | 29 kB | 57 kB | 61/152 kBProgress (5): 85/116 kB | 35 kB | 29 kB | 57 kB | 65/152 kBProgress (5): 85/116 kB | 35 kB | 29 kB | 57 kB | 69/152 kBProgress (5): 85/116 kB | 35 kB | 29 kB | 57 kB | 73/152 kBProgress (5): 90/116 kB | 35 kB | 29 kB | 57 kB | 73/152 kBProgress (5): 94/116 kB | 35 kB | 29 kB | 57 kB | 73/152 kBProgress (5): 98/116 kB | 35 kB | 29 kB | 57 kB | 73/152 kBProgress (5): 102/116 kB | 35 kB | 29 kB | 57 kB | 73/152 kB                                                            Downloaded from central: https://repo.maven.apache.org/maven2/org/apache/maven/maven-profile/2.0.6/maven-profile-2.0.6.jar (35 kB at 470 kB/s)
Downloading from central: https://repo.maven.apache.org/maven2/org/apache/maven/maven-plugin-parameter-documenter/2.0.6/maven-plugin-parameter-documenter-2.0.6.jar
Progress (4): 102/116 kB | 29 kB | 57 kB | 77/152 kB                                                    Downloaded from central: https://repo.maven.apache.org/maven2/org/apache/maven/maven-plugin-registry/2.0.6/maven-plugin-registry-2.0.6.jar (29 kB at 419 kB/s)
Downloading from central: https://repo.maven.apache.org/maven2/org/apache/maven/maven-repository-metadata/2.0.6/maven-repository-metadata-2.0.6.jar
Progress (3): 102/116 kB | 57 kB | 81/152 kBProgress (3): 102/116 kB | 57 kB | 85/152 kBProgress (3): 102/116 kB | 57 kB | 90/152 kBProgress (3): 102/116 kB | 57 kB | 94/152 kBProgress (3): 106/116 kB | 57 kB | 94/152 kB                                            Downloaded from central: https://repo.maven.apache.org/maven2/org/apache/maven/maven-artifact-manager/2.0.6/maven-artifact-manager-2.0.6.jar (57 kB at 724 kB/s)
Downloading from central: https://repo.maven.apache.org/maven2/org/apache/maven/maven-error-diagnostics/2.0.6/maven-error-diagnostics-2.0.6.jar
Progress (2): 110/116 kB | 94/152 kBProgress (2): 114/116 kB | 94/152 kBProgress (2): 116 kB | 94/152 kB    Progress (3): 116 kB | 94/152 kB | 2.2/21 kBProgress (3): 116 kB | 94/152 kB | 5.0/21 kBProgress (3): 116 kB | 94/152 kB | 7.7/21 kBProgress (3): 116 kB | 94/152 kB | 10/21 kB Progress (3): 116 kB | 94/152 kB | 13/21 kBProgress (3): 116 kB | 94/152 kB | 16/21 kBProgress (3): 116 kB | 98/152 kB | 16/21 kBProgress (4): 116 kB | 98/152 kB | 16/21 kB | 2.2/24 kBProgress (4): 116 kB | 98/152 kB | 16/21 kB | 5.0/24 kBProgress (4): 116 kB | 98/152 kB | 16/21 kB | 7.7/24 kBProgress (4): 116 kB | 98/152 kB | 16/21 kB | 10/24 kB Progress (4): 116 kB | 98/152 kB | 16/21 kB | 13/24 kBProgress (5): 116 kB | 98/152 kB | 16/21 kB | 13/24 kB | 4.1/14 kBProgress (5): 116 kB | 98/152 kB | 16/21 kB | 13/24 kB | 7.7/14 kBProgress (5): 116 kB | 98/152 kB | 16/21 kB | 13/24 kB | 12/14 kB Progress (5): 116 kB | 98/152 kB | 16/21 kB | 13/24 kB | 14 kB                                                                 Downloaded from central: https://repo.maven.apache.org/maven2/org/apache/maven/maven-project/2.0.6/maven-project-2.0.6.jar (116 kB at 1.1 MB/s)
Downloading from central: https://repo.maven.apache.org/maven2/org/apache/maven/maven-plugin-descriptor/2.0.6/maven-plugin-descriptor-2.0.6.jar
Progress (4): 98/152 kB | 19/21 kB | 13/24 kB | 14 kBProgress (4): 98/152 kB | 21 kB | 13/24 kB | 14 kB   Progress (4): 102/152 kB | 21 kB | 13/24 kB | 14 kBProgress (4): 106/152 kB | 21 kB | 13/24 kB | 14 kBProgress (4): 110/152 kB | 21 kB | 13/24 kB | 14 kBProgress (4): 114/152 kB | 21 kB | 13/24 kB | 14 kBProgress (4): 118/152 kB | 21 kB | 13/24 kB | 14 kBProgress (4): 122/152 kB | 21 kB | 13/24 kB | 14 kBProgress (4): 126/152 kB | 21 kB | 13/24 kB | 14 kBProgress (4): 131/152 kB | 21 kB | 13/24 kB | 14 kBProgress (4): 135/152 kB | 21 kB | 13/24 kB | 14 kBProgress (4): 139/152 kB | 21 kB | 13/24 kB | 14 kBProgress (4): 143/152 kB | 21 kB | 13/24 kB | 14 kBProgress (4): 147/152 kB | 21 kB | 13/24 kB | 14 kBProgress (4): 147/152 kB | 21 kB | 16/24 kB | 14 kBProgress (4): 147/152 kB | 21 kB | 19/24 kB | 14 kBProgress (4): 147/152 kB | 21 kB | 21/24 kB | 14 kBProgress (4): 147/152 kB | 21 kB | 24/24 kB | 14 kBProgress (4): 147/152 kB | 21 kB | 24 kB | 14 kB                                                   Downloaded from central: https://repo.maven.apache.org/maven2/org/apache/maven/maven-error-diagnostics/2.0.6/maven-error-diagnostics-2.0.6.jar (14 kB at 148 kB/s)
Downloading from central: https://repo.maven.apache.org/maven2/org/apache/maven/maven-artifact/2.0.6/maven-artifact-2.0.6.jar
Downloaded from central: https://repo.maven.apache.org/maven2/org/apache/maven/maven-repository-metadata/2.0.6/maven-repository-metadata-2.0.6.jar (24 kB at 245 kB/s)
Downloading from central: https://repo.maven.apache.org/maven2/org/apache/maven/maven-settings/2.0.6/maven-settings-2.0.6.jar
Progress (2): 151/152 kB | 21 kBProgress (2): 152 kB | 21 kB                                Downloaded from central: https://repo.maven.apache.org/maven2/org/apache/maven/maven-plugin-parameter-documenter/2.0.6/maven-plugin-parameter-documenter-2.0.6.jar (21 kB at 190 kB/s)
Progress (2): 152 kB | 4.1/37 kBProgress (2): 152 kB | 7.7/37 kBProgress (2): 152 kB | 12/37 kB Progress (2): 152 kB | 16/37 kBProgress (2): 152 kB | 20/37 kBProgress (2): 152 kB | 24/37 kBProgress (2): 152 kB | 28/37 kBProgress (3): 152 kB | 28/37 kB | 4.1/87 kBProgress (3): 152 kB | 28/37 kB | 7.7/87 kBProgress (3): 152 kB | 28/37 kB | 12/87 kB Progress (3): 152 kB | 28/37 kB | 16/87 kBProgress (3): 152 kB | 28/37 kB | 20/87 kBProgress (3): 152 kB | 28/37 kB | 24/87 kBProgress (3): 152 kB | 28/37 kB | 28/87 kBProgress (3): 152 kB | 28/37 kB | 32/87 kBProgress (3): 152 kB | 28/37 kB | 36/87 kBProgress (3): 152 kB | 28/37 kB | 40/87 kBProgress (3): 152 kB | 28/37 kB | 45/87 kBProgress (3): 152 kB | 28/37 kB | 49/87 kBProgress (3): 152 kB | 28/37 kB | 53/87 kBProgress (3): 152 kB | 28/37 kB | 57/87 kBProgress (3): 152 kB | 28/37 kB | 61/87 kBProgress (3): 152 kB | 28/37 kB | 65/87 kBProgress (3): 152 kB | 28/37 kB | 69/87 kBProgress (3): 152 kB | 28/37 kB | 73/87 kBProgress (3): 152 kB | 28/37 kB | 77/87 kBProgress (3): 152 kB | 28/37 kB | 81/87 kB                                          Downloaded from central: https://repo.maven.apache.org/maven2/org/apache/maven/maven-core/2.0.6/maven-core-2.0.6.jar (152 kB at 1.2 MB/s)
Downloading from central: https://repo.maven.apache.org/maven2/org/apache/maven/maven-monitor/2.0.6/maven-monitor-2.0.6.jar
Downloading from central: https://repo.maven.apache.org/maven2/org/apache/maven/maven-model/2.0.6/maven-model-2.0.6.jar
Progress (3): 28/37 kB | 81/87 kB | 2.2/49 kBProgress (3): 28/37 kB | 81/87 kB | 5.0/49 kBProgress (3): 28/37 kB | 81/87 kB | 7.7/49 kBProgress (3): 28/37 kB | 81/87 kB | 10/49 kB Progress (3): 28/37 kB | 81/87 kB | 13/49 kBProgress (3): 28/37 kB | 81/87 kB | 16/49 kBProgress (3): 28/37 kB | 81/87 kB | 19/49 kBProgress (3): 32/37 kB | 81/87 kB | 19/49 kBProgress (3): 36/37 kB | 81/87 kB | 19/49 kBProgress (3): 37 kB | 81/87 kB | 19/49 kB   Progress (3): 37 kB | 81/87 kB | 21/49 kBProgress (3): 37 kB | 81/87 kB | 24/49 kBProgress (3): 37 kB | 81/87 kB | 27/49 kBProgress (3): 37 kB | 81/87 kB | 30/49 kBProgress (3): 37 kB | 81/87 kB | 32/49 kBProgress (3): 37 kB | 81/87 kB | 36/49 kBProgress (3): 37 kB | 81/87 kB | 40/49 kBProgress (3): 37 kB | 81/87 kB | 45/49 kBProgress (3): 37 kB | 81/87 kB | 49/49 kBProgress (3): 37 kB | 81/87 kB | 49 kB   Progress (3): 37 kB | 85/87 kB | 49 kBProgress (4): 37 kB | 85/87 kB | 49 kB | 2.1/86 kBProgress (4): 37 kB | 85/87 kB | 49 kB | 4.8/86 kBProgress (4): 37 kB | 85/87 kB | 49 kB | 7.6/86 kBProgress (4): 37 kB | 85/87 kB | 49 kB | 10/86 kB Progress (4): 37 kB | 85/87 kB | 49 kB | 13/86 kBProgress (4): 37 kB | 85/87 kB | 49 kB | 16/86 kBProgress (4): 37 kB | 85/87 kB | 49 kB | 18/86 kBProgress (4): 37 kB | 85/87 kB | 49 kB | 21/86 kBProgress (4): 37 kB | 85/87 kB | 49 kB | 24/86 kBProgress (4): 37 kB | 85/87 kB | 49 kB | 27/86 kB                                                 Downloaded from central: https://repo.maven.apache.org/maven2/org/apache/maven/maven-plugin-descriptor/2.0.6/maven-plugin-descriptor-2.0.6.jar (37 kB at 265 kB/s)
Progress (4): 85/87 kB | 49 kB | 27/86 kB | 2.2/10 kBProgress (4): 85/87 kB | 49 kB | 27/86 kB | 5.0/10 kBProgress (4): 85/87 kB | 49 kB | 27/86 kB | 7.7/10 kBProgress (4): 85/87 kB | 49 kB | 27/86 kB | 10 kB                                                     Downloading from central: https://repo.maven.apache.org/maven2/org/apache/maven/shared/maven-filtering/1.1/maven-filtering-1.1.jar
Progress (4): 85/87 kB | 49 kB | 29/86 kB | 10 kBProgress (4): 85/87 kB | 49 kB | 32/86 kB | 10 kBProgress (4): 85/87 kB | 49 kB | 35/86 kB | 10 kBProgress (4): 85/87 kB | 49 kB | 39/86 kB | 10 kBProgress (4): 87 kB | 49 kB | 39/86 kB | 10 kB   Progress (4): 87 kB | 49 kB | 43/86 kB | 10 kBProgress (4): 87 kB | 49 kB | 47/86 kB | 10 kBProgress (4): 87 kB | 49 kB | 51/86 kB | 10 kBProgress (4): 87 kB | 49 kB | 55/86 kB | 10 kBProgress (4): 87 kB | 49 kB | 59/86 kB | 10 kBProgress (4): 87 kB | 49 kB | 63/86 kB | 10 kB                                              Downloaded from central: https://repo.maven.apache.org/maven2/org/apache/maven/maven-settings/2.0.6/maven-settings-2.0.6.jar (49 kB at 315 kB/s)
Downloaded from central: https://repo.maven.apache.org/maven2/org/apache/maven/maven-artifact/2.0.6/maven-artifact-2.0.6.jar (87 kB at 553 kB/s)
Progress (3): 63/86 kB | 10 kB | 2.2/43 kBProgress (3): 63/86 kB | 10 kB | 5.0/43 kBProgress (3): 63/86 kB | 10 kB | 7.7/43 kBProgress (3): 63/86 kB | 10 kB | 10/43 kB Progress (3): 63/86 kB | 10 kB | 13/43 kBProgress (3): 63/86 kB | 10 kB | 16/43 kB                                         Downloaded from central: https://repo.maven.apache.org/maven2/org/apache/maven/maven-monitor/2.0.6/maven-monitor-2.0.6.jar (10 kB at 64 kB/s)
Progress (2): 63/86 kB | 20/43 kBProgress (2): 63/86 kB | 24/43 kBProgress (2): 63/86 kB | 28/43 kBProgress (2): 63/86 kB | 32/43 kBProgress (2): 63/86 kB | 36/43 kBProgress (2): 63/86 kB | 40/43 kBProgress (2): 63/86 kB | 43 kB   Progress (2): 68/86 kB | 43 kBProgress (2): 72/86 kB | 43 kBProgress (2): 76/86 kB | 43 kBProgress (2): 80/86 kB | 43 kBProgress (2): 84/86 kB | 43 kBProgress (2): 86 kB | 43 kB                              Downloaded from central: https://repo.maven.apache.org/maven2/org/apache/maven/shared/maven-filtering/1.1/maven-filtering-1.1.jar (43 kB at 254 kB/s)
Downloaded from central: https://repo.maven.apache.org/maven2/org/apache/maven/maven-model/2.0.6/maven-model-2.0.6.jar (86 kB at 488 kB/s)
[INFO] Using 'UTF-8' encoding to copy filtered resources.
[INFO] Copying 2 resources
[INFO] 
[8mha:////4I7OkuK2YxHRoXTPSGVv5puu/rO5ZsjsQ8OiEgeZY1PEAAAAYB+LCAAAAAAAAP9b85aBtbiIQSmjNKU4P0+vJLE4u1gvPjexLDVPzxdEGvvmZ+X75ZekLlOVfvTjc8FPJgaGiiIGKaiG5Py84vycVD1nCA1SyAABjCCFBQCV27OjYAAAAA==[0m[INFO] --- jacoco-maven-plugin:0.7.2.201409121644:prepare-agent (jacoco-initialize) @ gameoflife-build ---
[INFO] argLine set to -javaagent:/home/jenkins/.m2/repository/org/jacoco/org.jacoco.agent/0.7.2.201409121644/org.jacoco.agent-0.7.2.201409121644-runtime.jar=destfile=/var/lib/jenkins/workspace/1_mvn_GameOfLife_Build_Package-PublishS3/gameoflife-build/target/jacoco.exec
[INFO] 
[8mha:////4I7OkuK2YxHRoXTPSGVv5puu/rO5ZsjsQ8OiEgeZY1PEAAAAYB+LCAAAAAAAAP9b85aBtbiIQSmjNKU4P0+vJLE4u1gvPjexLDVPzxdEGvvmZ+X75ZekLlOVfvTjc8FPJgaGiiIGKaiG5Py84vycVD1nCA1SyAABjCCFBQCV27OjYAAAAA==[0m[INFO] --- maven-compiler-plugin:3.1:compile (default-compile) @ gameoflife-build ---
Downloading from central: https://repo.maven.apache.org/maven2/org/apache/maven/maven-toolchain/1.0/maven-toolchain-1.0.jar
Downloading from central: https://repo.maven.apache.org/maven2/org/codehaus/plexus/plexus-container-default/1.5.5/plexus-container-default-1.5.5.jar
Downloading from central: https://repo.maven.apache.org/maven2/org/codehaus/plexus/plexus-classworlds/2.2.2/plexus-classworlds-2.2.2.jar
Progress (1): 4.1/33 kBProgress (1): 7.7/33 kBProgress (1): 12/33 kB Progress (1): 16/33 kBProgress (1): 20/33 kBProgress (1): 24/33 kBProgress (1): 28/33 kBProgress (1): 32/33 kBProgress (1): 33 kB   Progress (2): 33 kB | 4.1/217 kBProgress (2): 33 kB | 7.7/217 kBProgress (2): 33 kB | 12/217 kB Progress (2): 33 kB | 16/217 kBProgress (2): 33 kB | 20/217 kBProgress (2): 33 kB | 24/217 kBProgress (3): 33 kB | 24/217 kB | 2.2/46 kBProgress (3): 33 kB | 24/217 kB | 5.0/46 kBProgress (3): 33 kB | 24/217 kB | 7.7/46 kBProgress (3): 33 kB | 24/217 kB | 10/46 kB Progress (3): 33 kB | 24/217 kB | 13/46 kBProgress (3): 33 kB | 24/217 kB | 16/46 kBProgress (3): 33 kB | 24/217 kB | 19/46 kBProgress (3): 33 kB | 24/217 kB | 21/46 kBProgress (3): 33 kB | 24/217 kB | 24/46 kBProgress (3): 33 kB | 24/217 kB | 27/46 kB                                          Downloaded from central: https://repo.maven.apache.org/maven2/org/apache/maven/maven-toolchain/1.0/maven-toolchain-1.0.jar (33 kB at 823 kB/s)
Progress (2): 28/217 kB | 27/46 kBProgress (2): 32/217 kB | 27/46 kBProgress (2): 36/217 kB | 27/46 kBProgress (2): 40/217 kB | 27/46 kBProgress (2): 45/217 kB | 27/46 kBProgress (2): 49/217 kB | 27/46 kBProgress (2): 53/217 kB | 27/46 kBProgress (2): 57/217 kB | 27/46 kBProgress (2): 61/217 kB | 27/46 kBProgress (2): 65/217 kB | 27/46 kBProgress (2): 69/217 kB | 27/46 kBProgress (2): 69/217 kB | 30/46 kBProgress (2): 69/217 kB | 32/46 kBProgress (2): 69/217 kB | 36/46 kBProgress (2): 69/217 kB | 40/46 kBProgress (2): 69/217 kB | 45/46 kBProgress (2): 69/217 kB | 46 kB   Progress (2): 73/217 kB | 46 kBProgress (2): 77/217 kB | 46 kBProgress (2): 81/217 kB | 46 kBProgress (2): 85/217 kB | 46 kBProgress (2): 90/217 kB | 46 kBProgress (2): 94/217 kB | 46 kBProgress (2): 98/217 kB | 46 kBProgress (2): 102/217 kB | 46 kBProgress (2): 106/217 kB | 46 kBProgress (2): 110/217 kB | 46 kBProgress (2): 114/217 kB | 46 kBProgress (2): 118/217 kB | 46 kBProgress (2): 122/217 kB | 46 kB                                Downloaded from central: https://repo.maven.apache.org/maven2/org/codehaus/plexus/plexus-classworlds/2.2.2/plexus-classworlds-2.2.2.jar (46 kB at 838 kB/s)
Progress (1): 126/217 kBProgress (1): 131/217 kBProgress (1): 135/217 kBProgress (1): 139/217 kBProgress (1): 143/217 kBProgress (1): 147/217 kBProgress (1): 151/217 kBProgress (1): 155/217 kBProgress (1): 159/217 kBProgress (1): 163/217 kBProgress (1): 167/217 kBProgress (1): 171/217 kBProgress (1): 176/217 kBProgress (1): 180/217 kBProgress (1): 184/217 kBProgress (1): 188/217 kBProgress (1): 192/217 kBProgress (1): 196/217 kBProgress (1): 200/217 kBProgress (1): 204/217 kBProgress (1): 208/217 kBProgress (1): 212/217 kBProgress (1): 217/217 kBProgress (1): 217 kB                        Downloaded from central: https://repo.maven.apache.org/maven2/org/codehaus/plexus/plexus-container-default/1.5.5/plexus-container-default-1.5.5.jar (217 kB at 1.9 MB/s)
[INFO] No sources to compile
[INFO] 
[8mha:////4I7OkuK2YxHRoXTPSGVv5puu/rO5ZsjsQ8OiEgeZY1PEAAAAYB+LCAAAAAAAAP9b85aBtbiIQSmjNKU4P0+vJLE4u1gvPjexLDVPzxdEGvvmZ+X75ZekLlOVfvTjc8FPJgaGiiIGKaiG5Py84vycVD1nCA1SyAABjCCFBQCV27OjYAAAAA==[0m[INFO] --- maven-enforcer-plugin:1.0:enforce (enforce-versions) @ gameoflife-build ---
[INFO] 
[8mha:////4I7OkuK2YxHRoXTPSGVv5puu/rO5ZsjsQ8OiEgeZY1PEAAAAYB+LCAAAAAAAAP9b85aBtbiIQSmjNKU4P0+vJLE4u1gvPjexLDVPzxdEGvvmZ+X75ZekLlOVfvTjc8FPJgaGiiIGKaiG5Py84vycVD1nCA1SyAABjCCFBQCV27OjYAAAAA==[0m[INFO] --- maven-resources-plugin:2.6:resources (default-resources) @ gameoflife-build ---
[INFO] Using 'UTF-8' encoding to copy filtered resources.
[INFO] Copying 2 resources
[INFO] 
[8mha:////4I7OkuK2YxHRoXTPSGVv5puu/rO5ZsjsQ8OiEgeZY1PEAAAAYB+LCAAAAAAAAP9b85aBtbiIQSmjNKU4P0+vJLE4u1gvPjexLDVPzxdEGvvmZ+X75ZekLlOVfvTjc8FPJgaGiiIGKaiG5Py84vycVD1nCA1SyAABjCCFBQCV27OjYAAAAA==[0m[INFO] --- jacoco-maven-plugin:0.7.2.201409121644:prepare-agent (jacoco-initialize) @ gameoflife-build ---
[INFO] argLine set to -javaagent:/home/jenkins/.m2/repository/org/jacoco/org.jacoco.agent/0.7.2.201409121644/org.jacoco.agent-0.7.2.201409121644-runtime.jar=destfile=/var/lib/jenkins/workspace/1_mvn_GameOfLife_Build_Package-PublishS3/gameoflife-build/target/jacoco.exec
[INFO] 
[8mha:////4I7OkuK2YxHRoXTPSGVv5puu/rO5ZsjsQ8OiEgeZY1PEAAAAYB+LCAAAAAAAAP9b85aBtbiIQSmjNKU4P0+vJLE4u1gvPjexLDVPzxdEGvvmZ+X75ZekLlOVfvTjc8FPJgaGiiIGKaiG5Py84vycVD1nCA1SyAABjCCFBQCV27OjYAAAAA==[0m[INFO] --- maven-compiler-plugin:3.1:compile (default-compile) @ gameoflife-build ---
[INFO] No sources to compile
[INFO] 
[8mha:////4I7OkuK2YxHRoXTPSGVv5puu/rO5ZsjsQ8OiEgeZY1PEAAAAYB+LCAAAAAAAAP9b85aBtbiIQSmjNKU4P0+vJLE4u1gvPjexLDVPzxdEGvvmZ+X75ZekLlOVfvTjc8FPJgaGiiIGKaiG5Py84vycVD1nCA1SyAABjCCFBQCV27OjYAAAAA==[0m[INFO] --- maven-resources-plugin:2.6:testResources (default-testResources) @ gameoflife-build ---
[INFO] Using 'UTF-8' encoding to copy filtered resources.
[INFO] skip non existing resourceDirectory /var/lib/jenkins/workspace/1_mvn_GameOfLife_Build_Package-PublishS3/gameoflife-build/src/test/resources
[INFO] 
[8mha:////4I7OkuK2YxHRoXTPSGVv5puu/rO5ZsjsQ8OiEgeZY1PEAAAAYB+LCAAAAAAAAP9b85aBtbiIQSmjNKU4P0+vJLE4u1gvPjexLDVPzxdEGvvmZ+X75ZekLlOVfvTjc8FPJgaGiiIGKaiG5Py84vycVD1nCA1SyAABjCCFBQCV27OjYAAAAA==[0m[INFO] --- maven-compiler-plugin:3.1:testCompile (default-testCompile) @ gameoflife-build ---
[INFO] No sources to compile
[INFO] 
[8mha:////4I7OkuK2YxHRoXTPSGVv5puu/rO5ZsjsQ8OiEgeZY1PEAAAAYB+LCAAAAAAAAP9b85aBtbiIQSmjNKU4P0+vJLE4u1gvPjexLDVPzxdEGvvmZ+X75ZekLlOVfvTjc8FPJgaGiiIGKaiG5Py84vycVD1nCA1SyAABjCCFBQCV27OjYAAAAA==[0m[INFO] --- maven-surefire-plugin:2.11:test (default-test) @ gameoflife-build ---
[INFO] Tests are skipped.
[INFO] 
[8mha:////4I7OkuK2YxHRoXTPSGVv5puu/rO5ZsjsQ8OiEgeZY1PEAAAAYB+LCAAAAAAAAP9b85aBtbiIQSmjNKU4P0+vJLE4u1gvPjexLDVPzxdEGvvmZ+X75ZekLlOVfvTjc8FPJgaGiiIGKaiG5Py84vycVD1nCA1SyAABjCCFBQCV27OjYAAAAA==[0m[INFO] --- maven-surefire-plugin:2.11:test (unit-tests) @ gameoflife-build ---
[INFO] No tests to run.
[INFO] Surefire report directory: /var/lib/jenkins/workspace/1_mvn_GameOfLife_Build_Package-PublishS3/gameoflife-build/target/surefire-reports

-------------------------------------------------------
 T E S T S
-------------------------------------------------------

Results :

Tests run: 0, Failures: 0, Errors: 0, Skipped: 0

[INFO] 
[8mha:////4I7OkuK2YxHRoXTPSGVv5puu/rO5ZsjsQ8OiEgeZY1PEAAAAYB+LCAAAAAAAAP9b85aBtbiIQSmjNKU4P0+vJLE4u1gvPjexLDVPzxdEGvvmZ+X75ZekLlOVfvTjc8FPJgaGiiIGKaiG5Py84vycVD1nCA1SyAABjCCFBQCV27OjYAAAAA==[0m[INFO] --- maven-easyb-plugin:1.4:test (default) @ gameoflife-build ---
[INFO] /var/lib/jenkins/workspace/1_mvn_GameOfLife_Build_Package-PublishS3/gameoflife-build/src/test/stories does not exists.  Skipping easyb testing
[INFO] 
[8mha:////4I7OkuK2YxHRoXTPSGVv5puu/rO5ZsjsQ8OiEgeZY1PEAAAAYB+LCAAAAAAAAP9b85aBtbiIQSmjNKU4P0+vJLE4u1gvPjexLDVPzxdEGvvmZ+X75ZekLlOVfvTjc8FPJgaGiiIGKaiG5Py84vycVD1nCA1SyAABjCCFBQCV27OjYAAAAA==[0m[INFO] --- maven-jar-plugin:2.4:jar (default-jar) @ gameoflife-build ---
Downloading from central: https://repo.maven.apache.org/maven2/org/apache/maven/maven-archiver/2.5/maven-archiver-2.5.pom
Progress (1): 2.2/4.5 kBProgress (1): 4.5 kB                        Downloaded from central: https://repo.maven.apache.org/maven2/org/apache/maven/maven-archiver/2.5/maven-archiver-2.5.pom (4.5 kB at 146 kB/s)
Downloading from central: https://repo.maven.apache.org/maven2/org/codehaus/plexus/plexus-archiver/2.1/plexus-archiver-2.1.pom
Progress (1): 2.2/2.8 kBProgress (1): 2.8 kB                        Downloaded from central: https://repo.maven.apache.org/maven2/org/codehaus/plexus/plexus-archiver/2.1/plexus-archiver-2.1.pom (2.8 kB at 117 kB/s)
Downloading from central: https://repo.maven.apache.org/maven2/org/codehaus/plexus/plexus-io/2.0.2/plexus-io-2.0.2.pom
Progress (1): 1.7 kB                    Downloaded from central: https://repo.maven.apache.org/maven2/org/codehaus/plexus/plexus-io/2.0.2/plexus-io-2.0.2.pom (1.7 kB at 83 kB/s)
Downloading from central: https://repo.maven.apache.org/maven2/org/codehaus/plexus/plexus-interpolation/1.15/plexus-interpolation-1.15.pom
Progress (1): 1.0 kB                    Downloaded from central: https://repo.maven.apache.org/maven2/org/codehaus/plexus/plexus-interpolation/1.15/plexus-interpolation-1.15.pom (1.0 kB at 57 kB/s)
Downloading from central: https://repo.maven.apache.org/maven2/org/apache/maven/maven-archiver/2.5/maven-archiver-2.5.jar
Downloading from central: https://repo.maven.apache.org/maven2/org/codehaus/plexus/plexus-interpolation/1.15/plexus-interpolation-1.15.jar
Downloading from central: https://repo.maven.apache.org/maven2/org/codehaus/plexus/plexus-archiver/2.1/plexus-archiver-2.1.jar
Downloading from central: https://repo.maven.apache.org/maven2/org/codehaus/plexus/plexus-io/2.0.2/plexus-io-2.0.2.jar
Progress (1): 2.2/22 kBProgress (1): 5.0/22 kBProgress (1): 7.7/22 kBProgress (2): 7.7/22 kB | 2.2/58 kBProgress (2): 7.7/22 kB | 5.0/58 kBProgress (2): 7.7/22 kB | 7.7/58 kBProgress (2): 7.7/22 kB | 10/58 kB Progress (2): 7.7/22 kB | 13/58 kBProgress (2): 7.7/22 kB | 16/58 kBProgress (2): 7.7/22 kB | 19/58 kBProgress (2): 7.7/22 kB | 21/58 kBProgress (2): 7.7/22 kB | 24/58 kBProgress (2): 7.7/22 kB | 27/58 kBProgress (2): 7.7/22 kB | 30/58 kBProgress (2): 7.7/22 kB | 32/58 kBProgress (2): 7.7/22 kB | 36/58 kBProgress (2): 7.7/22 kB | 40/58 kBProgress (3): 7.7/22 kB | 40/58 kB | 2.2/184 kBProgress (3): 7.7/22 kB | 40/58 kB | 5.0/184 kBProgress (3): 7.7/22 kB | 40/58 kB | 7.7/184 kBProgress (3): 7.7/22 kB | 40/58 kB | 10/184 kB Progress (3): 7.7/22 kB | 40/58 kB | 13/184 kBProgress (3): 7.7/22 kB | 40/58 kB | 16/184 kBProgress (3): 7.7/22 kB | 40/58 kB | 19/184 kBProgress (3): 7.7/22 kB | 40/58 kB | 21/184 kBProgress (3): 7.7/22 kB | 40/58 kB | 24/184 kBProgress (3): 7.7/22 kB | 40/58 kB | 27/184 kBProgress (3): 7.7/22 kB | 40/58 kB | 30/184 kBProgress (3): 7.7/22 kB | 40/58 kB | 32/184 kBProgress (3): 7.7/22 kB | 40/58 kB | 36/184 kBProgress (3): 7.7/22 kB | 40/58 kB | 40/184 kBProgress (3): 7.7/22 kB | 40/58 kB | 45/184 kBProgress (3): 7.7/22 kB | 40/58 kB | 49/184 kBProgress (3): 7.7/22 kB | 40/58 kB | 53/184 kBProgress (3): 7.7/22 kB | 40/58 kB | 57/184 kBProgress (3): 7.7/22 kB | 40/58 kB | 61/184 kBProgress (4): 7.7/22 kB | 40/58 kB | 61/184 kB | 2.2/60 kBProgress (4): 7.7/22 kB | 40/58 kB | 61/184 kB | 5.0/60 kBProgress (4): 7.7/22 kB | 40/58 kB | 61/184 kB | 7.7/60 kBProgress (4): 7.7/22 kB | 40/58 kB | 61/184 kB | 10/60 kB Progress (4): 7.7/22 kB | 40/58 kB | 61/184 kB | 13/60 kBProgress (4): 7.7/22 kB | 40/58 kB | 61/184 kB | 16/60 kBProgress (4): 7.7/22 kB | 40/58 kB | 61/184 kB | 19/60 kBProgress (4): 7.7/22 kB | 40/58 kB | 61/184 kB | 21/60 kBProgress (4): 7.7/22 kB | 40/58 kB | 61/184 kB | 24/60 kBProgress (4): 7.7/22 kB | 40/58 kB | 61/184 kB | 27/60 kBProgress (4): 7.7/22 kB | 40/58 kB | 61/184 kB | 30/60 kBProgress (4): 7.7/22 kB | 40/58 kB | 61/184 kB | 32/60 kBProgress (4): 7.7/22 kB | 40/58 kB | 61/184 kB | 36/60 kBProgress (4): 7.7/22 kB | 40/58 kB | 61/184 kB | 40/60 kBProgress (4): 7.7/22 kB | 40/58 kB | 61/184 kB | 45/60 kBProgress (4): 7.7/22 kB | 40/58 kB | 61/184 kB | 49/60 kBProgress (4): 7.7/22 kB | 40/58 kB | 61/184 kB | 53/60 kBProgress (4): 7.7/22 kB | 40/58 kB | 61/184 kB | 57/60 kBProgress (4): 7.7/22 kB | 40/58 kB | 61/184 kB | 60 kB   Progress (4): 10/22 kB | 40/58 kB | 61/184 kB | 60 kB Progress (4): 13/22 kB | 40/58 kB | 61/184 kB | 60 kBProgress (4): 16/22 kB | 40/58 kB | 61/184 kB | 60 kBProgress (4): 19/22 kB | 40/58 kB | 61/184 kB | 60 kBProgress (4): 21/22 kB | 40/58 kB | 61/184 kB | 60 kBProgress (4): 22 kB | 40/58 kB | 61/184 kB | 60 kB   Progress (4): 22 kB | 40/58 kB | 65/184 kB | 60 kBProgress (4): 22 kB | 45/58 kB | 65/184 kB | 60 kBProgress (4): 22 kB | 49/58 kB | 65/184 kB | 60 kBProgress (4): 22 kB | 53/58 kB | 65/184 kB | 60 kBProgress (4): 22 kB | 57/58 kB | 65/184 kB | 60 kBProgress (4): 22 kB | 58 kB | 65/184 kB | 60 kB                                                  Downloaded from central: https://repo.maven.apache.org/maven2/org/codehaus/plexus/plexus-io/2.0.2/plexus-io-2.0.2.jar (58 kB at 405 kB/s)
Downloaded from central: https://repo.maven.apache.org/maven2/org/apache/maven/maven-archiver/2.5/maven-archiver-2.5.jar (22 kB at 138 kB/s)
Progress (2): 69/184 kB | 60 kBProgress (2): 73/184 kB | 60 kBProgress (2): 77/184 kB | 60 kBProgress (2): 81/184 kB | 60 kBProgress (2): 85/184 kB | 60 kBProgress (2): 90/184 kB | 60 kBProgress (2): 94/184 kB | 60 kBProgress (2): 98/184 kB | 60 kBProgress (2): 102/184 kB | 60 kBProgress (2): 106/184 kB | 60 kBProgress (2): 110/184 kB | 60 kBProgress (2): 114/184 kB | 60 kBProgress (2): 118/184 kB | 60 kBProgress (2): 122/184 kB | 60 kBProgress (2): 126/184 kB | 60 kBProgress (2): 131/184 kB | 60 kBProgress (2): 135/184 kB | 60 kBProgress (2): 139/184 kB | 60 kBProgress (2): 143/184 kB | 60 kBProgress (2): 147/184 kB | 60 kBProgress (2): 151/184 kB | 60 kBProgress (2): 155/184 kB | 60 kBProgress (2): 159/184 kB | 60 kBProgress (2): 163/184 kB | 60 kBProgress (2): 167/184 kB | 60 kBProgress (2): 171/184 kB | 60 kBProgress (2): 176/184 kB | 60 kBProgress (2): 180/184 kB | 60 kBProgress (2): 184/184 kB | 60 kB                                Downloaded from central: https://repo.maven.apache.org/maven2/org/codehaus/plexus/plexus-interpolation/1.15/plexus-interpolation-1.15.jar (60 kB at 354 kB/s)
Progress (1): 184 kB                    Downloaded from central: https://repo.maven.apache.org/maven2/org/codehaus/plexus/plexus-archiver/2.1/plexus-archiver-2.1.jar (184 kB at 1.1 MB/s)
[INFO] Building jar: /var/lib/jenkins/workspace/1_mvn_GameOfLife_Build_Package-PublishS3/gameoflife-build/target/gameoflife-build-1.0-SNAPSHOT.jar
[INFO] 
[INFO] ---------------< com.wakaleo.gameoflife:gameoflife-core >---------------
[INFO] Building gameoflife-core 1.0-SNAPSHOT                              [3/4]
[INFO] --------------------------------[ jar ]---------------------------------
[INFO] 
[8mha:////4I7OkuK2YxHRoXTPSGVv5puu/rO5ZsjsQ8OiEgeZY1PEAAAAYB+LCAAAAAAAAP9b85aBtbiIQSmjNKU4P0+vJLE4u1gvPjexLDVPzxdEGvvmZ+X75ZekLlOVfvTjc8FPJgaGiiIGKaiG5Py84vycVD1nCA1SyAABjCCFBQCV27OjYAAAAA==[0m[INFO] --- maven-clean-plugin:2.5:clean (default-clean) @ gameoflife-core ---
[INFO] 
[8mha:////4I7OkuK2YxHRoXTPSGVv5puu/rO5ZsjsQ8OiEgeZY1PEAAAAYB+LCAAAAAAAAP9b85aBtbiIQSmjNKU4P0+vJLE4u1gvPjexLDVPzxdEGvvmZ+X75ZekLlOVfvTjc8FPJgaGiiIGKaiG5Py84vycVD1nCA1SyAABjCCFBQCV27OjYAAAAA==[0m[INFO] --- maven-enforcer-plugin:1.0:enforce (enforce-versions) @ gameoflife-core ---
[INFO] 
[8mha:////4I7OkuK2YxHRoXTPSGVv5puu/rO5ZsjsQ8OiEgeZY1PEAAAAYB+LCAAAAAAAAP9b85aBtbiIQSmjNKU4P0+vJLE4u1gvPjexLDVPzxdEGvvmZ+X75ZekLlOVfvTjc8FPJgaGiiIGKaiG5Py84vycVD1nCA1SyAABjCCFBQCV27OjYAAAAA==[0m[INFO] --- maven-resources-plugin:2.6:resources (default-resources) @ gameoflife-core ---
[INFO] Using 'UTF-8' encoding to copy filtered resources.
[INFO] skip non existing resourceDirectory /var/lib/jenkins/workspace/1_mvn_GameOfLife_Build_Package-PublishS3/gameoflife-core/src/main/resources
[INFO] 
[8mha:////4I7OkuK2YxHRoXTPSGVv5puu/rO5ZsjsQ8OiEgeZY1PEAAAAYB+LCAAAAAAAAP9b85aBtbiIQSmjNKU4P0+vJLE4u1gvPjexLDVPzxdEGvvmZ+X75ZekLlOVfvTjc8FPJgaGiiIGKaiG5Py84vycVD1nCA1SyAABjCCFBQCV27OjYAAAAA==[0m[INFO] --- jacoco-maven-plugin:0.7.2.201409121644:prepare-agent (jacoco-initialize) @ gameoflife-core ---
[INFO] argLine set to -javaagent:/home/jenkins/.m2/repository/org/jacoco/org.jacoco.agent/0.7.2.201409121644/org.jacoco.agent-0.7.2.201409121644-runtime.jar=destfile=/var/lib/jenkins/workspace/1_mvn_GameOfLife_Build_Package-PublishS3/gameoflife-core/target/jacoco.exec
[INFO] 
[8mha:////4I7OkuK2YxHRoXTPSGVv5puu/rO5ZsjsQ8OiEgeZY1PEAAAAYB+LCAAAAAAAAP9b85aBtbiIQSmjNKU4P0+vJLE4u1gvPjexLDVPzxdEGvvmZ+X75ZekLlOVfvTjc8FPJgaGiiIGKaiG5Py84vycVD1nCA1SyAABjCCFBQCV27OjYAAAAA==[0m[INFO] --- maven-compiler-plugin:3.1:compile (default-compile) @ gameoflife-core ---
[INFO] Changes detected - recompiling the module!
[INFO] Compiling 5 source files to /var/lib/jenkins/workspace/1_mvn_GameOfLife_Build_Package-PublishS3/gameoflife-core/target/classes
[INFO] 
[8mha:////4I7OkuK2YxHRoXTPSGVv5puu/rO5ZsjsQ8OiEgeZY1PEAAAAYB+LCAAAAAAAAP9b85aBtbiIQSmjNKU4P0+vJLE4u1gvPjexLDVPzxdEGvvmZ+X75ZekLlOVfvTjc8FPJgaGiiIGKaiG5Py84vycVD1nCA1SyAABjCCFBQCV27OjYAAAAA==[0m[INFO] --- maven-enforcer-plugin:1.0:enforce (enforce-versions) @ gameoflife-core ---
[INFO] 
[8mha:////4I7OkuK2YxHRoXTPSGVv5puu/rO5ZsjsQ8OiEgeZY1PEAAAAYB+LCAAAAAAAAP9b85aBtbiIQSmjNKU4P0+vJLE4u1gvPjexLDVPzxdEGvvmZ+X75ZekLlOVfvTjc8FPJgaGiiIGKaiG5Py84vycVD1nCA1SyAABjCCFBQCV27OjYAAAAA==[0m[INFO] --- maven-resources-plugin:2.6:resources (default-resources) @ gameoflife-core ---
[INFO] Using 'UTF-8' encoding to copy filtered resources.
[INFO] skip non existing resourceDirectory /var/lib/jenkins/workspace/1_mvn_GameOfLife_Build_Package-PublishS3/gameoflife-core/src/main/resources
[INFO] 
[8mha:////4I7OkuK2YxHRoXTPSGVv5puu/rO5ZsjsQ8OiEgeZY1PEAAAAYB+LCAAAAAAAAP9b85aBtbiIQSmjNKU4P0+vJLE4u1gvPjexLDVPzxdEGvvmZ+X75ZekLlOVfvTjc8FPJgaGiiIGKaiG5Py84vycVD1nCA1SyAABjCCFBQCV27OjYAAAAA==[0m[INFO] --- jacoco-maven-plugin:0.7.2.201409121644:prepare-agent (jacoco-initialize) @ gameoflife-core ---
[INFO] argLine set to -javaagent:/home/jenkins/.m2/repository/org/jacoco/org.jacoco.agent/0.7.2.201409121644/org.jacoco.agent-0.7.2.201409121644-runtime.jar=destfile=/var/lib/jenkins/workspace/1_mvn_GameOfLife_Build_Package-PublishS3/gameoflife-core/target/jacoco.exec
[INFO] 
[8mha:////4I7OkuK2YxHRoXTPSGVv5puu/rO5ZsjsQ8OiEgeZY1PEAAAAYB+LCAAAAAAAAP9b85aBtbiIQSmjNKU4P0+vJLE4u1gvPjexLDVPzxdEGvvmZ+X75ZekLlOVfvTjc8FPJgaGiiIGKaiG5Py84vycVD1nCA1SyAABjCCFBQCV27OjYAAAAA==[0m[INFO] --- maven-compiler-plugin:3.1:compile (default-compile) @ gameoflife-core ---
[INFO] Nothing to compile - all classes are up to date
[INFO] 
[8mha:////4I7OkuK2YxHRoXTPSGVv5puu/rO5ZsjsQ8OiEgeZY1PEAAAAYB+LCAAAAAAAAP9b85aBtbiIQSmjNKU4P0+vJLE4u1gvPjexLDVPzxdEGvvmZ+X75ZekLlOVfvTjc8FPJgaGiiIGKaiG5Py84vycVD1nCA1SyAABjCCFBQCV27OjYAAAAA==[0m[INFO] --- maven-resources-plugin:2.6:testResources (default-testResources) @ gameoflife-core ---
[INFO] Using 'UTF-8' encoding to copy filtered resources.
[INFO] skip non existing resourceDirectory /var/lib/jenkins/workspace/1_mvn_GameOfLife_Build_Package-PublishS3/gameoflife-core/src/test/resources
[INFO] 
[8mha:////4I7OkuK2YxHRoXTPSGVv5puu/rO5ZsjsQ8OiEgeZY1PEAAAAYB+LCAAAAAAAAP9b85aBtbiIQSmjNKU4P0+vJLE4u1gvPjexLDVPzxdEGvvmZ+X75ZekLlOVfvTjc8FPJgaGiiIGKaiG5Py84vycVD1nCA1SyAABjCCFBQCV27OjYAAAAA==[0m[INFO] --- maven-compiler-plugin:3.1:testCompile (default-testCompile) @ gameoflife-core ---
[INFO] Changes detected - recompiling the module!
[INFO] Compiling 10 source files to /var/lib/jenkins/workspace/1_mvn_GameOfLife_Build_Package-PublishS3/gameoflife-core/target/test-classes
[INFO] 
[8mha:////4I7OkuK2YxHRoXTPSGVv5puu/rO5ZsjsQ8OiEgeZY1PEAAAAYB+LCAAAAAAAAP9b85aBtbiIQSmjNKU4P0+vJLE4u1gvPjexLDVPzxdEGvvmZ+X75ZekLlOVfvTjc8FPJgaGiiIGKaiG5Py84vycVD1nCA1SyAABjCCFBQCV27OjYAAAAA==[0m[INFO] --- maven-surefire-plugin:2.11:test (default-test) @ gameoflife-core ---
[INFO] Tests are skipped.
[INFO] 
[8mha:////4I7OkuK2YxHRoXTPSGVv5puu/rO5ZsjsQ8OiEgeZY1PEAAAAYB+LCAAAAAAAAP9b85aBtbiIQSmjNKU4P0+vJLE4u1gvPjexLDVPzxdEGvvmZ+X75ZekLlOVfvTjc8FPJgaGiiIGKaiG5Py84vycVD1nCA1SyAABjCCFBQCV27OjYAAAAA==[0m[INFO] --- maven-surefire-plugin:2.11:test (unit-tests) @ gameoflife-core ---
[INFO] Surefire report directory: /var/lib/jenkins/workspace/1_mvn_GameOfLife_Build_Package-PublishS3/gameoflife-core/target/surefire-reports

-------------------------------------------------------
 T E S T S
-------------------------------------------------------
Running com.wakaleo.gameoflife.domain.WhenYouPlayTheGameOfLife
Tests run: 5, Failures: 0, Errors: 0, Skipped: 0, Time elapsed: 0.239 sec
Running com.wakaleo.gameoflife.domain.WhenYouCreateAGrid
Tests run: 16, Failures: 0, Errors: 0, Skipped: 0, Time elapsed: 0.038 sec
Running com.wakaleo.gameoflife.domain.WhenYouCreateANewUniverse
Tests run: 11, Failures: 0, Errors: 0, Skipped: 0, Time elapsed: 0.021 sec
Running com.wakaleo.gameoflife.domain.WhenYouReadAGridFromAString
Tests run: 8, Failures: 0, Errors: 0, Skipped: 0, Time elapsed: 0.021 sec
Running com.wakaleo.gameoflife.domain.WhenYouCreateACell
Tests run: 6, Failures: 0, Errors: 0, Skipped: 0, Time elapsed: 0.012 sec
Running com.wakaleo.gameoflife.domain.WhenYouPrintAGrid
Tests run: 3, Failures: 0, Errors: 0, Skipped: 0, Time elapsed: 0.006 sec

Results :

Tests run: 49, Failures: 0, Errors: 0, Skipped: 0

[INFO] 
[8mha:////4I7OkuK2YxHRoXTPSGVv5puu/rO5ZsjsQ8OiEgeZY1PEAAAAYB+LCAAAAAAAAP9b85aBtbiIQSmjNKU4P0+vJLE4u1gvPjexLDVPzxdEGvvmZ+X75ZekLlOVfvTjc8FPJgaGiiIGKaiG5Py84vycVD1nCA1SyAABjCCFBQCV27OjYAAAAA==[0m[INFO] --- maven-easyb-plugin:1.4:test (default) @ gameoflife-core ---
[INFO] artifact org.easyb:easyb-composite-groovy: checking for updates from central
[INFO] artifact org.easyb:easyb-ast: checking for updates from central
[INFO] Using easyb dependency org.easyb:easyb-core:jar:1.6:compile
[INFO] Using easyb dependency org.easyb:easyb-composite-groovy:pom:1.2:compile
[INFO] Using easyb dependency org.codehaus.groovy:groovy-all:jar:2.3.6:compile
[INFO] Using easyb dependency org.easyb:easyb-ast:jar:1.1:compile
[INFO] Using easyb dependency commons-cli:commons-cli:jar:1.2:compile
[INFO] Using easyb dependency commons-lang:commons-lang:jar:2.5:compile
     [java] Running counting things story (/var/lib/jenkins/workspace/1_mvn_GameOfLife_Build_Package-PublishS3/gameoflife-core/src/test/stories/CountingThings.story)
     [java] Scenarios run: 1, Failures: 0, Pending: 0, Time elapsed: 0.933 sec
     [java] Running multiplying things story (/var/lib/jenkins/workspace/1_mvn_GameOfLife_Build_Package-PublishS3/gameoflife-core/src/test/stories/MultiplyingThings.story)
     [java] Scenarios run: 1, Failures: 0, Pending: 1, Time elapsed: 0.073 sec
     [java] 2 total behaviors ran with no failures
     [java] Writing JUnit report to /var/lib/jenkins/workspace/1_mvn_GameOfLife_Build_Package-PublishS3/gameoflife-core/target/surefire-reports/TEST-behavior.CountingThings.xml
     [java] JUnit report written to /var/lib/jenkins/workspace/1_mvn_GameOfLife_Build_Package-PublishS3/gameoflife-core/target/surefire-reports/TEST-behavior.CountingThings.xml
     [java] Writing JUnit report to /var/lib/jenkins/workspace/1_mvn_GameOfLife_Build_Package-PublishS3/gameoflife-core/target/surefire-reports/TEST-behavior.MultiplyingThings.xml
     [java] JUnit report written to /var/lib/jenkins/workspace/1_mvn_GameOfLife_Build_Package-PublishS3/gameoflife-core/target/surefire-reports/TEST-behavior.MultiplyingThings.xml
[INFO] 
[8mha:////4I7OkuK2YxHRoXTPSGVv5puu/rO5ZsjsQ8OiEgeZY1PEAAAAYB+LCAAAAAAAAP9b85aBtbiIQSmjNKU4P0+vJLE4u1gvPjexLDVPzxdEGvvmZ+X75ZekLlOVfvTjc8FPJgaGiiIGKaiG5Py84vycVD1nCA1SyAABjCCFBQCV27OjYAAAAA==[0m[INFO] --- maven-jar-plugin:2.4:jar (default-jar) @ gameoflife-core ---
[INFO] Building jar: /var/lib/jenkins/workspace/1_mvn_GameOfLife_Build_Package-PublishS3/gameoflife-core/target/gameoflife-core-1.0-SNAPSHOT.jar
[INFO] 
[INFO] ---------------< com.wakaleo.gameoflife:gameoflife-web >----------------
[INFO] Building gameoflife-web 1.0-SNAPSHOT                               [4/4]
[INFO] --------------------------------[ war ]---------------------------------
[INFO] 
[8mha:////4I7OkuK2YxHRoXTPSGVv5puu/rO5ZsjsQ8OiEgeZY1PEAAAAYB+LCAAAAAAAAP9b85aBtbiIQSmjNKU4P0+vJLE4u1gvPjexLDVPzxdEGvvmZ+X75ZekLlOVfvTjc8FPJgaGiiIGKaiG5Py84vycVD1nCA1SyAABjCCFBQCV27OjYAAAAA==[0m[INFO] --- maven-clean-plugin:2.5:clean (default-clean) @ gameoflife-web ---
[INFO] 
[8mha:////4I7OkuK2YxHRoXTPSGVv5puu/rO5ZsjsQ8OiEgeZY1PEAAAAYB+LCAAAAAAAAP9b85aBtbiIQSmjNKU4P0+vJLE4u1gvPjexLDVPzxdEGvvmZ+X75ZekLlOVfvTjc8FPJgaGiiIGKaiG5Py84vycVD1nCA1SyAABjCCFBQCV27OjYAAAAA==[0m[INFO] --- maven-enforcer-plugin:1.0:enforce (enforce-versions) @ gameoflife-web ---
[INFO] 
[8mha:////4I7OkuK2YxHRoXTPSGVv5puu/rO5ZsjsQ8OiEgeZY1PEAAAAYB+LCAAAAAAAAP9b85aBtbiIQSmjNKU4P0+vJLE4u1gvPjexLDVPzxdEGvvmZ+X75ZekLlOVfvTjc8FPJgaGiiIGKaiG5Py84vycVD1nCA1SyAABjCCFBQCV27OjYAAAAA==[0m[INFO] --- maven-resources-plugin:2.6:resources (default-resources) @ gameoflife-web ---
[INFO] Using 'UTF-8' encoding to copy filtered resources.
[INFO] Copying 1 resource
[INFO] 
[8mha:////4I7OkuK2YxHRoXTPSGVv5puu/rO5ZsjsQ8OiEgeZY1PEAAAAYB+LCAAAAAAAAP9b85aBtbiIQSmjNKU4P0+vJLE4u1gvPjexLDVPzxdEGvvmZ+X75ZekLlOVfvTjc8FPJgaGiiIGKaiG5Py84vycVD1nCA1SyAABjCCFBQCV27OjYAAAAA==[0m[INFO] --- jacoco-maven-plugin:0.7.2.201409121644:prepare-agent (jacoco-initialize) @ gameoflife-web ---
[INFO] argLine set to -javaagent:/home/jenkins/.m2/repository/org/jacoco/org.jacoco.agent/0.7.2.201409121644/org.jacoco.agent-0.7.2.201409121644-runtime.jar=destfile=/var/lib/jenkins/workspace/1_mvn_GameOfLife_Build_Package-PublishS3/gameoflife-web/target/jacoco.exec
[INFO] 
[8mha:////4I7OkuK2YxHRoXTPSGVv5puu/rO5ZsjsQ8OiEgeZY1PEAAAAYB+LCAAAAAAAAP9b85aBtbiIQSmjNKU4P0+vJLE4u1gvPjexLDVPzxdEGvvmZ+X75ZekLlOVfvTjc8FPJgaGiiIGKaiG5Py84vycVD1nCA1SyAABjCCFBQCV27OjYAAAAA==[0m[INFO] --- maven-compiler-plugin:3.1:compile (default-compile) @ gameoflife-web ---
[INFO] Changes detected - recompiling the module!
[INFO] Compiling 2 source files to /var/lib/jenkins/workspace/1_mvn_GameOfLife_Build_Package-PublishS3/gameoflife-web/target/classes
[INFO] 
[8mha:////4I7OkuK2YxHRoXTPSGVv5puu/rO5ZsjsQ8OiEgeZY1PEAAAAYB+LCAAAAAAAAP9b85aBtbiIQSmjNKU4P0+vJLE4u1gvPjexLDVPzxdEGvvmZ+X75ZekLlOVfvTjc8FPJgaGiiIGKaiG5Py84vycVD1nCA1SyAABjCCFBQCV27OjYAAAAA==[0m[INFO] --- maven-enforcer-plugin:1.0:enforce (enforce-versions) @ gameoflife-web ---
[INFO] 
[8mha:////4I7OkuK2YxHRoXTPSGVv5puu/rO5ZsjsQ8OiEgeZY1PEAAAAYB+LCAAAAAAAAP9b85aBtbiIQSmjNKU4P0+vJLE4u1gvPjexLDVPzxdEGvvmZ+X75ZekLlOVfvTjc8FPJgaGiiIGKaiG5Py84vycVD1nCA1SyAABjCCFBQCV27OjYAAAAA==[0m[INFO] --- maven-resources-plugin:2.6:resources (default-resources) @ gameoflife-web ---
[INFO] Using 'UTF-8' encoding to copy filtered resources.
[INFO] Copying 1 resource
[INFO] 
[8mha:////4I7OkuK2YxHRoXTPSGVv5puu/rO5ZsjsQ8OiEgeZY1PEAAAAYB+LCAAAAAAAAP9b85aBtbiIQSmjNKU4P0+vJLE4u1gvPjexLDVPzxdEGvvmZ+X75ZekLlOVfvTjc8FPJgaGiiIGKaiG5Py84vycVD1nCA1SyAABjCCFBQCV27OjYAAAAA==[0m[INFO] --- jacoco-maven-plugin:0.7.2.201409121644:prepare-agent (jacoco-initialize) @ gameoflife-web ---
[INFO] argLine set to -javaagent:/home/jenkins/.m2/repository/org/jacoco/org.jacoco.agent/0.7.2.201409121644/org.jacoco.agent-0.7.2.201409121644-runtime.jar=destfile=/var/lib/jenkins/workspace/1_mvn_GameOfLife_Build_Package-PublishS3/gameoflife-web/target/jacoco.exec
[INFO] 
[8mha:////4I7OkuK2YxHRoXTPSGVv5puu/rO5ZsjsQ8OiEgeZY1PEAAAAYB+LCAAAAAAAAP9b85aBtbiIQSmjNKU4P0+vJLE4u1gvPjexLDVPzxdEGvvmZ+X75ZekLlOVfvTjc8FPJgaGiiIGKaiG5Py84vycVD1nCA1SyAABjCCFBQCV27OjYAAAAA==[0m[INFO] --- maven-compiler-plugin:3.1:compile (default-compile) @ gameoflife-web ---
[INFO] Nothing to compile - all classes are up to date
[INFO] 
[8mha:////4I7OkuK2YxHRoXTPSGVv5puu/rO5ZsjsQ8OiEgeZY1PEAAAAYB+LCAAAAAAAAP9b85aBtbiIQSmjNKU4P0+vJLE4u1gvPjexLDVPzxdEGvvmZ+X75ZekLlOVfvTjc8FPJgaGiiIGKaiG5Py84vycVD1nCA1SyAABjCCFBQCV27OjYAAAAA==[0m[INFO] --- maven-resources-plugin:2.6:testResources (default-testResources) @ gameoflife-web ---
[INFO] Using 'UTF-8' encoding to copy filtered resources.
[INFO] skip non existing resourceDirectory /var/lib/jenkins/workspace/1_mvn_GameOfLife_Build_Package-PublishS3/gameoflife-web/src/test/resources
[INFO] 
[8mha:////4I7OkuK2YxHRoXTPSGVv5puu/rO5ZsjsQ8OiEgeZY1PEAAAAYB+LCAAAAAAAAP9b85aBtbiIQSmjNKU4P0+vJLE4u1gvPjexLDVPzxdEGvvmZ+X75ZekLlOVfvTjc8FPJgaGiiIGKaiG5Py84vycVD1nCA1SyAABjCCFBQCV27OjYAAAAA==[0m[INFO] --- maven-compiler-plugin:3.1:testCompile (default-testCompile) @ gameoflife-web ---
[INFO] Changes detected - recompiling the module!
[INFO] Compiling 3 source files to /var/lib/jenkins/workspace/1_mvn_GameOfLife_Build_Package-PublishS3/gameoflife-web/target/test-classes
[INFO] 
[8mha:////4I7OkuK2YxHRoXTPSGVv5puu/rO5ZsjsQ8OiEgeZY1PEAAAAYB+LCAAAAAAAAP9b85aBtbiIQSmjNKU4P0+vJLE4u1gvPjexLDVPzxdEGvvmZ+X75ZekLlOVfvTjc8FPJgaGiiIGKaiG5Py84vycVD1nCA1SyAABjCCFBQCV27OjYAAAAA==[0m[INFO] --- maven-surefire-plugin:2.11:test (default-test) @ gameoflife-web ---
[INFO] Tests are skipped.
[INFO] 
[8mha:////4I7OkuK2YxHRoXTPSGVv5puu/rO5ZsjsQ8OiEgeZY1PEAAAAYB+LCAAAAAAAAP9b85aBtbiIQSmjNKU4P0+vJLE4u1gvPjexLDVPzxdEGvvmZ+X75ZekLlOVfvTjc8FPJgaGiiIGKaiG5Py84vycVD1nCA1SyAABjCCFBQCV27OjYAAAAA==[0m[INFO] --- maven-surefire-plugin:2.11:test (unit-tests) @ gameoflife-web ---
[INFO] Surefire report directory: /var/lib/jenkins/workspace/1_mvn_GameOfLife_Build_Package-PublishS3/gameoflife-web/target/surefire-reports

-------------------------------------------------------
 T E S T S
-------------------------------------------------------
Running com.wakaleo.gameoflife.webtests.controllers.WhenDisplayingTheHomePage
Tests run: 2, Failures: 0, Errors: 0, Skipped: 0, Time elapsed: 0.219 sec
Running com.wakaleo.gameoflife.webtests.controllers.WhenCreatingANewGame
Tests run: 3, Failures: 0, Errors: 0, Skipped: 0, Time elapsed: 0.581 sec
Running com.wakaleo.gameoflife.webtests.controllers.WhenSpawningANewGeneration
Tests run: 2, Failures: 0, Errors: 0, Skipped: 0, Time elapsed: 0.056 sec

Results :

Tests run: 7, Failures: 0, Errors: 0, Skipped: 0

[INFO] 
[8mha:////4I7OkuK2YxHRoXTPSGVv5puu/rO5ZsjsQ8OiEgeZY1PEAAAAYB+LCAAAAAAAAP9b85aBtbiIQSmjNKU4P0+vJLE4u1gvPjexLDVPzxdEGvvmZ+X75ZekLlOVfvTjc8FPJgaGiiIGKaiG5Py84vycVD1nCA1SyAABjCCFBQCV27OjYAAAAA==[0m[INFO] --- maven-easyb-plugin:1.4:test (default) @ gameoflife-web ---
[INFO] /var/lib/jenkins/workspace/1_mvn_GameOfLife_Build_Package-PublishS3/gameoflife-web/src/test/stories does not exists.  Skipping easyb testing
[INFO] 
[8mha:////4I7OkuK2YxHRoXTPSGVv5puu/rO5ZsjsQ8OiEgeZY1PEAAAAYB+LCAAAAAAAAP9b85aBtbiIQSmjNKU4P0+vJLE4u1gvPjexLDVPzxdEGvvmZ+X75ZekLlOVfvTjc8FPJgaGiiIGKaiG5Py84vycVD1nCA1SyAABjCCFBQCV27OjYAAAAA==[0m[INFO] --- maven-war-plugin:2.1.1:war (default-war) @ gameoflife-web ---
[INFO] Packaging webapp
[INFO] Assembling webapp [gameoflife-web] in [/var/lib/jenkins/workspace/1_mvn_GameOfLife_Build_Package-PublishS3/gameoflife-web/target/gameoflife]
[INFO] Processing war project
[INFO] Copying webapp resources [/var/lib/jenkins/workspace/1_mvn_GameOfLife_Build_Package-PublishS3/gameoflife-web/src/main/webapp]
[INFO] Webapp assembled in [100 msecs]
[INFO] Building war: /var/lib/jenkins/workspace/1_mvn_GameOfLife_Build_Package-PublishS3/gameoflife-web/target/gameoflife.war
[INFO] WEB-INF/web.xml already added, skipping
[INFO] ------------------------------------------------------------------------
[INFO] Reactor Summary for gameoflife 1.0-SNAPSHOT:
[INFO] 
[INFO] gameoflife ......................................... SUCCESS [  5.304 s]
[INFO] gameoflife-build ................................... SUCCESS [  2.437 s]
[INFO] gameoflife-core .................................... SUCCESS [  7.690 s]
[INFO] gameoflife-web ..................................... SUCCESS [  3.358 s]
[INFO] ------------------------------------------------------------------------
[INFO] BUILD SUCCESS
[INFO] ------------------------------------------------------------------------
[INFO] Total time:  20.815 s
[INFO] Finished at: 2020-03-21T12:10:18Z
[INFO] ------------------------------------------------------------------------
Publish artifacts to S3 Bucket Build is still running
Publish artifacts to S3 Bucket Using S3 profile: AWS_S3-Role-Artif
Publish artifacts to S3 Bucket bucket=artifact-s3-ks, file=gameoflife.war region=us-west-2, will be uploaded from slave=false managed=false , server encryption false
Started calculate disk usage of build
Finished Calculation of disk usage of build in 0 seconds
Started calculate disk usage of workspace
Finished Calculation of disk usage of workspace in 0 seconds
Finished: SUCCESS
