Started by user [8mha:////4Fk1k7e+48rHXUzmlNpYSU0RU1syiePVtwyB//KweiJrAAAAmR+LCAAAAAAAAP9b85aBtbiIQTGjNKU4P08vOT+vOD8nVc83PyU1x6OyILUoJzMv2y+/JJUBAhiZGBgqihhk0NSjKDWzXb3RdlLBUSYGJk8GtpzUvPSSDB8G5tKinBIGIZ+sxLJE/ZzEvHT94JKizLx0a6BxUmjGOUNodHsLgAz2EgZe/dLi1CL9rNS87My8YgDGtiJjwgAAAA==[0mjenkins
[EnvInject] - Loading node environment variables.
Building remotely on [8mha:////4DJf+k8qCy1S4a5ZKYq9zLhtCWqWT9vTkErxEwG2to2cAAAAnR+LCAAAAAAAAP9b85aBtbiIQTGjNKU4P08vOT+vOD8nVc83PyU1x6OyILUoJzMv2y+/JJUBAhiZGBgqihhk0NSjKDWzXb3RdlLBUSYGJk8GtpzUvPSSDB8G5tKinBIGIZ+sxLJE/ZzEvHT94JKizLx0a6BxUmjGOUNodHsLgAwOoBn6yfm5BaUlqUX6uZXFOYllqYYANV7kNscAAAA=[0mmyslave1 (myslavenode) in workspace /home/jenkins/workspace/GameOfLife-mvnPackageManualTomcat
[WS-CLEANUP] Deleting project workspace...
[WS-CLEANUP] Deferred wipeout is used...
[WS-CLEANUP] Done
Cloning the remote Git repository
Cloning repository https://github.com/KS-Organization/game-of-life.git
 > git init /home/jenkins/workspace/GameOfLife-mvnPackageManualTomcat # timeout=10
Fetching upstream changes from https://github.com/KS-Organization/game-of-life.git
 > git --version # timeout=10
 > git fetch --tags --progress https://github.com/KS-Organization/game-of-life.git +refs/heads/*:refs/remotes/origin/*
 > git config remote.origin.url https://github.com/KS-Organization/game-of-life.git # timeout=10
 > git config --add remote.origin.fetch +refs/heads/*:refs/remotes/origin/* # timeout=10
 > git config remote.origin.url https://github.com/KS-Organization/game-of-life.git # timeout=10
Fetching upstream changes from https://github.com/KS-Organization/game-of-life.git
 > git fetch --tags --progress https://github.com/KS-Organization/game-of-life.git +refs/heads/*:refs/remotes/origin/*
 > git rev-parse refs/remotes/origin/master^{commit} # timeout=10
 > git rev-parse refs/remotes/origin/origin/master^{commit} # timeout=10
Checking out Revision c24bb1ae41bfd5980ce9f0aa8b9a636b920c71fd (refs/remotes/origin/master)
 > git config core.sparsecheckout # timeout=10
 > git checkout -f c24bb1ae41bfd5980ce9f0aa8b9a636b920c71fd
Commit message: "Merge pull request #198 from GeraldScott/master"
 > git rev-list --no-walk c24bb1ae41bfd5980ce9f0aa8b9a636b920c71fd # timeout=10
[GameOfLife-mvnPackageManualTomcat] $ /home/jenkins/tools/hudson.tasks.Maven_MavenInstallation/LocalMaven/bin/mvn package
[INFO] Scanning for projects...
[8mha:////4B9hiNTi7UKoGwe6I08zfcchzFvqwNxs8N4lFpG4HptVAAAAYx+LCAAAAAAAAP9b85aBtbiIQSWjNKU4P0+vJLE4u1gvPjexLDVPzxdEhicW5WXmpfvll6S2fNly5fzGzauYGBgqihikoFqS8/OK83NS9ZwhNEghAwQwghQWAACwxA+XYgAAAA==[0m[WARNING] 
[8mha:////4B9hiNTi7UKoGwe6I08zfcchzFvqwNxs8N4lFpG4HptVAAAAYx+LCAAAAAAAAP9b85aBtbiIQSWjNKU4P0+vJLE4u1gvPjexLDVPzxdEhicW5WXmpfvll6S2fNly5fzGzauYGBgqihikoFqS8/OK83NS9ZwhNEghAwQwghQWAACwxA+XYgAAAA==[0m[WARNING] Some problems were encountered while building the effective model for com.wakaleo.gameoflife:gameoflife-build:jar:1.0-SNAPSHOT
[8mha:////4B9hiNTi7UKoGwe6I08zfcchzFvqwNxs8N4lFpG4HptVAAAAYx+LCAAAAAAAAP9b85aBtbiIQSWjNKU4P0+vJLE4u1gvPjexLDVPzxdEhicW5WXmpfvll6S2fNly5fzGzauYGBgqihikoFqS8/OK83NS9ZwhNEghAwQwghQWAACwxA+XYgAAAA==[0m[WARNING] Reporting configuration should be done in <reporting> section, not in maven-site-plugin <configuration> as reportPlugins parameter.
[8mha:////4B9hiNTi7UKoGwe6I08zfcchzFvqwNxs8N4lFpG4HptVAAAAYx+LCAAAAAAAAP9b85aBtbiIQSWjNKU4P0+vJLE4u1gvPjexLDVPzxdEhicW5WXmpfvll6S2fNly5fzGzauYGBgqihikoFqS8/OK83NS9ZwhNEghAwQwghQWAACwxA+XYgAAAA==[0m[WARNING] 
[8mha:////4B9hiNTi7UKoGwe6I08zfcchzFvqwNxs8N4lFpG4HptVAAAAYx+LCAAAAAAAAP9b85aBtbiIQSWjNKU4P0+vJLE4u1gvPjexLDVPzxdEhicW5WXmpfvll6S2fNly5fzGzauYGBgqihikoFqS8/OK83NS9ZwhNEghAwQwghQWAACwxA+XYgAAAA==[0m[WARNING] Some problems were encountered while building the effective model for com.wakaleo.gameoflife:gameoflife-core:jar:1.0-SNAPSHOT
[8mha:////4B9hiNTi7UKoGwe6I08zfcchzFvqwNxs8N4lFpG4HptVAAAAYx+LCAAAAAAAAP9b85aBtbiIQSWjNKU4P0+vJLE4u1gvPjexLDVPzxdEhicW5WXmpfvll6S2fNly5fzGzauYGBgqihikoFqS8/OK83NS9ZwhNEghAwQwghQWAACwxA+XYgAAAA==[0m[WARNING] Reporting configuration should be done in <reporting> section, not in maven-site-plugin <configuration> as reportPlugins parameter.
[8mha:////4B9hiNTi7UKoGwe6I08zfcchzFvqwNxs8N4lFpG4HptVAAAAYx+LCAAAAAAAAP9b85aBtbiIQSWjNKU4P0+vJLE4u1gvPjexLDVPzxdEhicW5WXmpfvll6S2fNly5fzGzauYGBgqihikoFqS8/OK83NS9ZwhNEghAwQwghQWAACwxA+XYgAAAA==[0m[WARNING] 
[8mha:////4B9hiNTi7UKoGwe6I08zfcchzFvqwNxs8N4lFpG4HptVAAAAYx+LCAAAAAAAAP9b85aBtbiIQSWjNKU4P0+vJLE4u1gvPjexLDVPzxdEhicW5WXmpfvll6S2fNly5fzGzauYGBgqihikoFqS8/OK83NS9ZwhNEghAwQwghQWAACwxA+XYgAAAA==[0m[WARNING] Some problems were encountered while building the effective model for com.wakaleo.gameoflife:gameoflife-web:war:1.0-SNAPSHOT
[8mha:////4B9hiNTi7UKoGwe6I08zfcchzFvqwNxs8N4lFpG4HptVAAAAYx+LCAAAAAAAAP9b85aBtbiIQSWjNKU4P0+vJLE4u1gvPjexLDVPzxdEhicW5WXmpfvll6S2fNly5fzGzauYGBgqihikoFqS8/OK83NS9ZwhNEghAwQwghQWAACwxA+XYgAAAA==[0m[WARNING] Reporting configuration should be done in <reporting> section, not in maven-site-plugin <configuration> as reportPlugins parameter.
[8mha:////4B9hiNTi7UKoGwe6I08zfcchzFvqwNxs8N4lFpG4HptVAAAAYx+LCAAAAAAAAP9b85aBtbiIQSWjNKU4P0+vJLE4u1gvPjexLDVPzxdEhicW5WXmpfvll6S2fNly5fzGzauYGBgqihikoFqS8/OK83NS9ZwhNEghAwQwghQWAACwxA+XYgAAAA==[0m[WARNING] 
[8mha:////4B9hiNTi7UKoGwe6I08zfcchzFvqwNxs8N4lFpG4HptVAAAAYx+LCAAAAAAAAP9b85aBtbiIQSWjNKU4P0+vJLE4u1gvPjexLDVPzxdEhicW5WXmpfvll6S2fNly5fzGzauYGBgqihikoFqS8/OK83NS9ZwhNEghAwQwghQWAACwxA+XYgAAAA==[0m[WARNING] Some problems were encountered while building the effective model for com.wakaleo.gameoflife:gameoflife:pom:1.0-SNAPSHOT
[8mha:////4B9hiNTi7UKoGwe6I08zfcchzFvqwNxs8N4lFpG4HptVAAAAYx+LCAAAAAAAAP9b85aBtbiIQSWjNKU4P0+vJLE4u1gvPjexLDVPzxdEhicW5WXmpfvll6S2fNly5fzGzauYGBgqihikoFqS8/OK83NS9ZwhNEghAwQwghQWAACwxA+XYgAAAA==[0m[WARNING] Reporting configuration should be done in <reporting> section, not in maven-site-plugin <configuration> as reportPlugins parameter. @ line 302, column 40
[8mha:////4B9hiNTi7UKoGwe6I08zfcchzFvqwNxs8N4lFpG4HptVAAAAYx+LCAAAAAAAAP9b85aBtbiIQSWjNKU4P0+vJLE4u1gvPjexLDVPzxdEhicW5WXmpfvll6S2fNly5fzGzauYGBgqihikoFqS8/OK83NS9ZwhNEghAwQwghQWAACwxA+XYgAAAA==[0m[WARNING] 
[8mha:////4B9hiNTi7UKoGwe6I08zfcchzFvqwNxs8N4lFpG4HptVAAAAYx+LCAAAAAAAAP9b85aBtbiIQSWjNKU4P0+vJLE4u1gvPjexLDVPzxdEhicW5WXmpfvll6S2fNly5fzGzauYGBgqihikoFqS8/OK83NS9ZwhNEghAwQwghQWAACwxA+XYgAAAA==[0m[WARNING] It is highly recommended to fix these problems because they threaten the stability of your build.
[8mha:////4B9hiNTi7UKoGwe6I08zfcchzFvqwNxs8N4lFpG4HptVAAAAYx+LCAAAAAAAAP9b85aBtbiIQSWjNKU4P0+vJLE4u1gvPjexLDVPzxdEhicW5WXmpfvll6S2fNly5fzGzauYGBgqihikoFqS8/OK83NS9ZwhNEghAwQwghQWAACwxA+XYgAAAA==[0m[WARNING] 
[8mha:////4B9hiNTi7UKoGwe6I08zfcchzFvqwNxs8N4lFpG4HptVAAAAYx+LCAAAAAAAAP9b85aBtbiIQSWjNKU4P0+vJLE4u1gvPjexLDVPzxdEhicW5WXmpfvll6S2fNly5fzGzauYGBgqihikoFqS8/OK83NS9ZwhNEghAwQwghQWAACwxA+XYgAAAA==[0m[WARNING] For this reason, future Maven versions might no longer support building such malformed projects.
[8mha:////4B9hiNTi7UKoGwe6I08zfcchzFvqwNxs8N4lFpG4HptVAAAAYx+LCAAAAAAAAP9b85aBtbiIQSWjNKU4P0+vJLE4u1gvPjexLDVPzxdEhicW5WXmpfvll6S2fNly5fzGzauYGBgqihikoFqS8/OK83NS9ZwhNEghAwQwghQWAACwxA+XYgAAAA==[0m[WARNING] 
[INFO] ------------------------------------------------------------------------
[INFO] Reactor Build Order:
[INFO] 
[INFO] gameoflife                                                         [pom]
[INFO] gameoflife-build                                                   [jar]
[INFO] gameoflife-core                                                    [jar]
[INFO] gameoflife-web                                                     [war]
[INFO] 
[INFO] -----------------< com.wakaleo.gameoflife:gameoflife >------------------
[INFO] Building gameoflife 1.0-SNAPSHOT                                   [1/4]
[INFO] --------------------------------[ pom ]---------------------------------
[INFO] 
[8mha:////4NK5HW032uYpPQBABfv+KGcywHRcygNvzSr49p5IQPOWAAAAYB+LCAAAAAAAAP9b85aBtbiIQSmjNKU4P0+vJLE4u1gvPjexLDVPzxdEGvvmZ+X75ZekLlOVfvTjc8FPJgaGiiIGKaiG5Py84vycVD1nCA1SyAABjCCFBQCV27OjYAAAAA==[0m[INFO] --- maven-enforcer-plugin:1.0:enforce (enforce-versions) @ gameoflife ---
[INFO] 
[8mha:////4NK5HW032uYpPQBABfv+KGcywHRcygNvzSr49p5IQPOWAAAAYB+LCAAAAAAAAP9b85aBtbiIQSmjNKU4P0+vJLE4u1gvPjexLDVPzxdEGvvmZ+X75ZekLlOVfvTjc8FPJgaGiiIGKaiG5Py84vycVD1nCA1SyAABjCCFBQCV27OjYAAAAA==[0m[INFO] --- jacoco-maven-plugin:0.7.2.201409121644:prepare-agent (jacoco-initialize) @ gameoflife ---
[INFO] argLine set to -javaagent:/home/jenkins/.m2/repository/org/jacoco/org.jacoco.agent/0.7.2.201409121644/org.jacoco.agent-0.7.2.201409121644-runtime.jar=destfile=/home/jenkins/workspace/GameOfLife-mvnPackageManualTomcat/target/jacoco.exec
[INFO] 
[8mha:////4NK5HW032uYpPQBABfv+KGcywHRcygNvzSr49p5IQPOWAAAAYB+LCAAAAAAAAP9b85aBtbiIQSmjNKU4P0+vJLE4u1gvPjexLDVPzxdEGvvmZ+X75ZekLlOVfvTjc8FPJgaGiiIGKaiG5Py84vycVD1nCA1SyAABjCCFBQCV27OjYAAAAA==[0m[INFO] --- maven-surefire-plugin:2.11:test (unit-tests) @ gameoflife ---
[INFO] No tests to run.
[INFO] Surefire report directory: /home/jenkins/workspace/GameOfLife-mvnPackageManualTomcat/target/surefire-reports

-------------------------------------------------------
 T E S T S
-------------------------------------------------------

Results :

Tests run: 0, Failures: 0, Errors: 0, Skipped: 0

[INFO] 
[8mha:////4NK5HW032uYpPQBABfv+KGcywHRcygNvzSr49p5IQPOWAAAAYB+LCAAAAAAAAP9b85aBtbiIQSmjNKU4P0+vJLE4u1gvPjexLDVPzxdEGvvmZ+X75ZekLlOVfvTjc8FPJgaGiiIGKaiG5Py84vycVD1nCA1SyAABjCCFBQCV27OjYAAAAA==[0m[INFO] --- maven-easyb-plugin:1.4:test (default) @ gameoflife ---
[INFO] /home/jenkins/workspace/GameOfLife-mvnPackageManualTomcat/src/test/stories does not exists.  Skipping easyb testing
[INFO] 
[INFO] --------------< com.wakaleo.gameoflife:gameoflife-build >---------------
[INFO] Building gameoflife-build 1.0-SNAPSHOT                             [2/4]
[INFO] --------------------------------[ jar ]---------------------------------
Downloading from central: https://repo.maven.apache.org/maven2/org/apache/maven/plugins/maven-jar-plugin/2.4/maven-jar-plugin-2.4.pom
Progress (1): 2.2/5.8 kBProgress (1): 5.0/5.8 kBProgress (1): 5.8 kB                        Downloaded from central: https://repo.maven.apache.org/maven2/org/apache/maven/plugins/maven-jar-plugin/2.4/maven-jar-plugin-2.4.pom (5.8 kB at 4.9 kB/s)
Downloading from central: https://repo.maven.apache.org/maven2/org/apache/maven/plugins/maven-plugins/22/maven-plugins-22.pom
Downloaded from central: https://repo.maven.apache.org/maven2/org/apache/maven/plugins/maven-plugins/22/maven-plugins-22.pom (0 B at 0 B/s)
Downloading from central: https://repo.maven.apache.org/maven2/org/apache/maven/plugins/maven-jar-plugin/2.4/maven-jar-plugin-2.4.jar
Progress (1): 2.2/34 kBProgress (1): 5.0/34 kBProgress (1): 7.7/34 kBProgress (1): 10/34 kB Progress (1): 13/34 kBProgress (1): 16/34 kBProgress (1): 19/34 kBProgress (1): 21/34 kBProgress (1): 24/34 kBProgress (1): 27/34 kBProgress (1): 30/34 kBProgress (1): 32/34 kBProgress (1): 34 kB                      Downloaded from central: https://repo.maven.apache.org/maven2/org/apache/maven/plugins/maven-jar-plugin/2.4/maven-jar-plugin-2.4.jar (34 kB at 214 kB/s)
[INFO] 
[8mha:////4NK5HW032uYpPQBABfv+KGcywHRcygNvzSr49p5IQPOWAAAAYB+LCAAAAAAAAP9b85aBtbiIQSmjNKU4P0+vJLE4u1gvPjexLDVPzxdEGvvmZ+X75ZekLlOVfvTjc8FPJgaGiiIGKaiG5Py84vycVD1nCA1SyAABjCCFBQCV27OjYAAAAA==[0m[INFO] --- maven-enforcer-plugin:1.0:enforce (enforce-versions) @ gameoflife-build ---
[INFO] 
[8mha:////4NK5HW032uYpPQBABfv+KGcywHRcygNvzSr49p5IQPOWAAAAYB+LCAAAAAAAAP9b85aBtbiIQSmjNKU4P0+vJLE4u1gvPjexLDVPzxdEGvvmZ+X75ZekLlOVfvTjc8FPJgaGiiIGKaiG5Py84vycVD1nCA1SyAABjCCFBQCV27OjYAAAAA==[0m[INFO] --- maven-resources-plugin:2.6:resources (default-resources) @ gameoflife-build ---
[INFO] Using 'UTF-8' encoding to copy filtered resources.
[INFO] Copying 2 resources
[INFO] 
[8mha:////4NK5HW032uYpPQBABfv+KGcywHRcygNvzSr49p5IQPOWAAAAYB+LCAAAAAAAAP9b85aBtbiIQSmjNKU4P0+vJLE4u1gvPjexLDVPzxdEGvvmZ+X75ZekLlOVfvTjc8FPJgaGiiIGKaiG5Py84vycVD1nCA1SyAABjCCFBQCV27OjYAAAAA==[0m[INFO] --- jacoco-maven-plugin:0.7.2.201409121644:prepare-agent (jacoco-initialize) @ gameoflife-build ---
[INFO] argLine set to -javaagent:/home/jenkins/.m2/repository/org/jacoco/org.jacoco.agent/0.7.2.201409121644/org.jacoco.agent-0.7.2.201409121644-runtime.jar=destfile=/home/jenkins/workspace/GameOfLife-mvnPackageManualTomcat/gameoflife-build/target/jacoco.exec
[INFO] 
[8mha:////4NK5HW032uYpPQBABfv+KGcywHRcygNvzSr49p5IQPOWAAAAYB+LCAAAAAAAAP9b85aBtbiIQSmjNKU4P0+vJLE4u1gvPjexLDVPzxdEGvvmZ+X75ZekLlOVfvTjc8FPJgaGiiIGKaiG5Py84vycVD1nCA1SyAABjCCFBQCV27OjYAAAAA==[0m[INFO] --- maven-compiler-plugin:3.1:compile (default-compile) @ gameoflife-build ---
[INFO] No sources to compile
[INFO] 
[8mha:////4NK5HW032uYpPQBABfv+KGcywHRcygNvzSr49p5IQPOWAAAAYB+LCAAAAAAAAP9b85aBtbiIQSmjNKU4P0+vJLE4u1gvPjexLDVPzxdEGvvmZ+X75ZekLlOVfvTjc8FPJgaGiiIGKaiG5Py84vycVD1nCA1SyAABjCCFBQCV27OjYAAAAA==[0m[INFO] --- maven-resources-plugin:2.6:testResources (default-testResources) @ gameoflife-build ---
[INFO] Using 'UTF-8' encoding to copy filtered resources.
[INFO] skip non existing resourceDirectory /home/jenkins/workspace/GameOfLife-mvnPackageManualTomcat/gameoflife-build/src/test/resources
[INFO] 
[8mha:////4NK5HW032uYpPQBABfv+KGcywHRcygNvzSr49p5IQPOWAAAAYB+LCAAAAAAAAP9b85aBtbiIQSmjNKU4P0+vJLE4u1gvPjexLDVPzxdEGvvmZ+X75ZekLlOVfvTjc8FPJgaGiiIGKaiG5Py84vycVD1nCA1SyAABjCCFBQCV27OjYAAAAA==[0m[INFO] --- maven-compiler-plugin:3.1:testCompile (default-testCompile) @ gameoflife-build ---
[INFO] No sources to compile
[INFO] 
[8mha:////4NK5HW032uYpPQBABfv+KGcywHRcygNvzSr49p5IQPOWAAAAYB+LCAAAAAAAAP9b85aBtbiIQSmjNKU4P0+vJLE4u1gvPjexLDVPzxdEGvvmZ+X75ZekLlOVfvTjc8FPJgaGiiIGKaiG5Py84vycVD1nCA1SyAABjCCFBQCV27OjYAAAAA==[0m[INFO] --- maven-surefire-plugin:2.11:test (default-test) @ gameoflife-build ---
[INFO] Tests are skipped.
[INFO] 
[8mha:////4NK5HW032uYpPQBABfv+KGcywHRcygNvzSr49p5IQPOWAAAAYB+LCAAAAAAAAP9b85aBtbiIQSmjNKU4P0+vJLE4u1gvPjexLDVPzxdEGvvmZ+X75ZekLlOVfvTjc8FPJgaGiiIGKaiG5Py84vycVD1nCA1SyAABjCCFBQCV27OjYAAAAA==[0m[INFO] --- maven-surefire-plugin:2.11:test (unit-tests) @ gameoflife-build ---
[INFO] No tests to run.
[INFO] Surefire report directory: /home/jenkins/workspace/GameOfLife-mvnPackageManualTomcat/gameoflife-build/target/surefire-reports

-------------------------------------------------------
 T E S T S
-------------------------------------------------------

Results :

Tests run: 0, Failures: 0, Errors: 0, Skipped: 0

[INFO] 
[8mha:////4NK5HW032uYpPQBABfv+KGcywHRcygNvzSr49p5IQPOWAAAAYB+LCAAAAAAAAP9b85aBtbiIQSmjNKU4P0+vJLE4u1gvPjexLDVPzxdEGvvmZ+X75ZekLlOVfvTjc8FPJgaGiiIGKaiG5Py84vycVD1nCA1SyAABjCCFBQCV27OjYAAAAA==[0m[INFO] --- maven-easyb-plugin:1.4:test (default) @ gameoflife-build ---
[INFO] /home/jenkins/workspace/GameOfLife-mvnPackageManualTomcat/gameoflife-build/src/test/stories does not exists.  Skipping easyb testing
[INFO] 
[8mha:////4NK5HW032uYpPQBABfv+KGcywHRcygNvzSr49p5IQPOWAAAAYB+LCAAAAAAAAP9b85aBtbiIQSmjNKU4P0+vJLE4u1gvPjexLDVPzxdEGvvmZ+X75ZekLlOVfvTjc8FPJgaGiiIGKaiG5Py84vycVD1nCA1SyAABjCCFBQCV27OjYAAAAA==[0m[INFO] --- maven-jar-plugin:2.4:jar (default-jar) @ gameoflife-build ---
Downloading from central: https://repo.maven.apache.org/maven2/org/apache/maven/maven-archiver/2.5/maven-archiver-2.5.pom
Progress (1): 2.8/4.5 kBProgress (1): 4.5 kB                        Downloaded from central: https://repo.maven.apache.org/maven2/org/apache/maven/maven-archiver/2.5/maven-archiver-2.5.pom (4.5 kB at 66 kB/s)
Downloading from central: https://repo.maven.apache.org/maven2/org/codehaus/plexus/plexus-archiver/2.1/plexus-archiver-2.1.pom
Progress (1): 2.0/2.8 kBProgress (1): 2.8 kB                        Downloaded from central: https://repo.maven.apache.org/maven2/org/codehaus/plexus/plexus-archiver/2.1/plexus-archiver-2.1.pom (2.8 kB at 36 kB/s)
Downloading from central: https://repo.maven.apache.org/maven2/org/codehaus/plexus/plexus-io/2.0.2/plexus-io-2.0.2.pom
Progress (1): 1.7 kB                    Downloaded from central: https://repo.maven.apache.org/maven2/org/codehaus/plexus/plexus-io/2.0.2/plexus-io-2.0.2.pom (1.7 kB at 40 kB/s)
Downloading from central: https://repo.maven.apache.org/maven2/org/codehaus/plexus/plexus-components/1.1.19/plexus-components-1.1.19.pom
Progress (1): 2.2/2.7 kBProgress (1): 2.7 kB                        Downloaded from central: https://repo.maven.apache.org/maven2/org/codehaus/plexus/plexus-components/1.1.19/plexus-components-1.1.19.pom (2.7 kB at 44 kB/s)
Downloading from central: https://repo.maven.apache.org/maven2/org/codehaus/plexus/plexus/3.0.1/plexus-3.0.1.pom
Progress (1): 2.2/19 kBProgress (1): 5.0/19 kBProgress (1): 7.7/19 kBProgress (1): 11/19 kB Progress (1): 13/19 kBProgress (1): 16/19 kBProgress (1): 19 kB                      Downloaded from central: https://repo.maven.apache.org/maven2/org/codehaus/plexus/plexus/3.0.1/plexus-3.0.1.pom (19 kB at 188 kB/s)
Downloading from central: https://repo.maven.apache.org/maven2/org/codehaus/plexus/plexus-interpolation/1.15/plexus-interpolation-1.15.pom
Progress (1): 1.0 kB                    Downloaded from central: https://repo.maven.apache.org/maven2/org/codehaus/plexus/plexus-interpolation/1.15/plexus-interpolation-1.15.pom (1.0 kB at 18 kB/s)
Downloading from central: https://repo.maven.apache.org/maven2/org/apache/maven/maven-archiver/2.5/maven-archiver-2.5.jar
Downloading from central: https://repo.maven.apache.org/maven2/org/codehaus/plexus/plexus-interpolation/1.15/plexus-interpolation-1.15.jar
Downloading from central: https://repo.maven.apache.org/maven2/org/codehaus/plexus/plexus-archiver/2.1/plexus-archiver-2.1.jar
Downloading from central: https://repo.maven.apache.org/maven2/org/codehaus/plexus/plexus-io/2.0.2/plexus-io-2.0.2.jar
Downloading from central: https://repo.maven.apache.org/maven2/commons-lang/commons-lang/2.1/commons-lang-2.1.jar
Progress (1): 2.2/60 kBProgress (1): 5.0/60 kBProgress (1): 7.7/60 kBProgress (1): 10/60 kB Progress (1): 13/60 kBProgress (1): 16/60 kBProgress (1): 19/60 kBProgress (1): 21/60 kBProgress (1): 24/60 kBProgress (2): 24/60 kB | 2.2/208 kBProgress (2): 24/60 kB | 5.0/208 kBProgress (2): 24/60 kB | 7.7/208 kBProgress (3): 24/60 kB | 7.7/208 kB | 2.2/58 kBProgress (4): 24/60 kB | 7.7/208 kB | 2.2/58 kB | 2.2/22 kBProgress (4): 24/60 kB | 7.7/208 kB | 2.2/58 kB | 5.0/22 kBProgress (4): 24/60 kB | 7.7/208 kB | 2.2/58 kB | 7.7/22 kBProgress (5): 24/60 kB | 7.7/208 kB | 2.2/58 kB | 7.7/22 kB | 2.8/184 kBProgress (5): 24/60 kB | 7.7/208 kB | 2.2/58 kB | 7.7/22 kB | 5.5/184 kBProgress (5): 24/60 kB | 7.7/208 kB | 2.2/58 kB | 7.7/22 kB | 8.3/184 kBProgress (5): 24/60 kB | 7.7/208 kB | 2.2/58 kB | 7.7/22 kB | 11/184 kB Progress (5): 24/60 kB | 7.7/208 kB | 2.2/58 kB | 7.7/22 kB | 14/184 kBProgress (5): 24/60 kB | 7.7/208 kB | 5.0/58 kB | 7.7/22 kB | 14/184 kBProgress (5): 24/60 kB | 7.7/208 kB | 7.7/58 kB | 7.7/22 kB | 14/184 kBProgress (5): 24/60 kB | 7.7/208 kB | 10/58 kB | 7.7/22 kB | 14/184 kB Progress (5): 24/60 kB | 7.7/208 kB | 13/58 kB | 7.7/22 kB | 14/184 kBProgress (5): 24/60 kB | 7.7/208 kB | 16/58 kB | 7.7/22 kB | 14/184 kBProgress (5): 24/60 kB | 7.7/208 kB | 19/58 kB | 7.7/22 kB | 14/184 kBProgress (5): 27/60 kB | 7.7/208 kB | 19/58 kB | 7.7/22 kB | 14/184 kBProgress (5): 27/60 kB | 7.7/208 kB | 19/58 kB | 7.7/22 kB | 16/184 kBProgress (5): 27/60 kB | 7.7/208 kB | 19/58 kB | 7.7/22 kB | 19/184 kBProgress (5): 27/60 kB | 7.7/208 kB | 19/58 kB | 7.7/22 kB | 22/184 kBProgress (5): 27/60 kB | 7.7/208 kB | 19/58 kB | 7.7/22 kB | 25/184 kBProgress (5): 27/60 kB | 7.7/208 kB | 19/58 kB | 7.7/22 kB | 27/184 kBProgress (5): 27/60 kB | 7.7/208 kB | 19/58 kB | 7.7/22 kB | 30/184 kBProgress (5): 27/60 kB | 10/208 kB | 19/58 kB | 7.7/22 kB | 30/184 kB Progress (5): 27/60 kB | 13/208 kB | 19/58 kB | 7.7/22 kB | 30/184 kBProgress (5): 27/60 kB | 13/208 kB | 19/58 kB | 10/22 kB | 30/184 kB Progress (5): 27/60 kB | 13/208 kB | 19/58 kB | 13/22 kB | 30/184 kBProgress (5): 27/60 kB | 13/208 kB | 19/58 kB | 16/22 kB | 30/184 kBProgress (5): 27/60 kB | 13/208 kB | 19/58 kB | 19/22 kB | 30/184 kBProgress (5): 27/60 kB | 13/208 kB | 19/58 kB | 21/22 kB | 30/184 kBProgress (5): 27/60 kB | 13/208 kB | 19/58 kB | 22 kB | 30/184 kB   Progress (5): 27/60 kB | 13/208 kB | 21/58 kB | 22 kB | 30/184 kBProgress (5): 30/60 kB | 13/208 kB | 21/58 kB | 22 kB | 30/184 kBProgress (5): 32/60 kB | 13/208 kB | 21/58 kB | 22 kB | 30/184 kBProgress (5): 36/60 kB | 13/208 kB | 21/58 kB | 22 kB | 30/184 kBProgress (5): 40/60 kB | 13/208 kB | 21/58 kB | 22 kB | 30/184 kBProgress (5): 45/60 kB | 13/208 kB | 21/58 kB | 22 kB | 30/184 kBProgress (5): 45/60 kB | 16/208 kB | 21/58 kB | 22 kB | 30/184 kBProgress (5): 45/60 kB | 19/208 kB | 21/58 kB | 22 kB | 30/184 kBProgress (5): 45/60 kB | 21/208 kB | 21/58 kB | 22 kB | 30/184 kBProgress (5): 45/60 kB | 21/208 kB | 21/58 kB | 22 kB | 33/184 kBProgress (5): 45/60 kB | 21/208 kB | 24/58 kB | 22 kB | 33/184 kBProgress (5): 45/60 kB | 21/208 kB | 27/58 kB | 22 kB | 33/184 kBProgress (5): 45/60 kB | 21/208 kB | 30/58 kB | 22 kB | 33/184 kBProgress (5): 45/60 kB | 21/208 kB | 32/58 kB | 22 kB | 33/184 kBProgress (5): 45/60 kB | 21/208 kB | 32/58 kB | 22 kB | 37/184 kBProgress (5): 45/60 kB | 24/208 kB | 32/58 kB | 22 kB | 37/184 kBProgress (5): 45/60 kB | 27/208 kB | 32/58 kB | 22 kB | 37/184 kBProgress (5): 45/60 kB | 30/208 kB | 32/58 kB | 22 kB | 37/184 kBProgress (5): 49/60 kB | 30/208 kB | 32/58 kB | 22 kB | 37/184 kBProgress (5): 53/60 kB | 30/208 kB | 32/58 kB | 22 kB | 37/184 kBProgress (5): 57/60 kB | 30/208 kB | 32/58 kB | 22 kB | 37/184 kBProgress (5): 60 kB | 30/208 kB | 32/58 kB | 22 kB | 37/184 kB   Progress (5): 60 kB | 30/208 kB | 32/58 kB | 22 kB | 41/184 kBProgress (5): 60 kB | 30/208 kB | 32/58 kB | 22 kB | 45/184 kB                                                              Downloaded from central: https://repo.maven.apache.org/maven2/org/apache/maven/maven-archiver/2.5/maven-archiver-2.5.jar (22 kB at 76 kB/s)
Progress (4): 60 kB | 32/208 kB | 32/58 kB | 45/184 kBProgress (4): 60 kB | 36/208 kB | 32/58 kB | 45/184 kBProgress (4): 60 kB | 40/208 kB | 32/58 kB | 45/184 kBProgress (4): 60 kB | 45/208 kB | 32/58 kB | 45/184 kBProgress (4): 60 kB | 49/208 kB | 32/58 kB | 45/184 kBProgress (4): 60 kB | 49/208 kB | 36/58 kB | 45/184 kBProgress (4): 60 kB | 49/208 kB | 40/58 kB | 45/184 kBProgress (4): 60 kB | 49/208 kB | 45/58 kB | 45/184 kBProgress (4): 60 kB | 49/208 kB | 49/58 kB | 45/184 kBProgress (4): 60 kB | 49/208 kB | 53/58 kB | 45/184 kBProgress (4): 60 kB | 49/208 kB | 57/58 kB | 45/184 kBProgress (4): 60 kB | 49/208 kB | 58 kB | 45/184 kB   Progress (4): 60 kB | 49/208 kB | 58 kB | 49/184 kBProgress (4): 60 kB | 49/208 kB | 58 kB | 53/184 kBProgress (4): 60 kB | 49/208 kB | 58 kB | 57/184 kB                                                   Downloaded from central: https://repo.maven.apache.org/maven2/org/codehaus/plexus/plexus-interpolation/1.15/plexus-interpolation-1.15.jar (60 kB at 181 kB/s)
Progress (3): 49/208 kB | 58 kB | 61/184 kBProgress (3): 49/208 kB | 58 kB | 66/184 kB                                           Downloaded from central: https://repo.maven.apache.org/maven2/org/codehaus/plexus/plexus-io/2.0.2/plexus-io-2.0.2.jar (58 kB at 168 kB/s)
Progress (2): 53/208 kB | 66/184 kBProgress (2): 57/208 kB | 66/184 kBProgress (2): 61/208 kB | 66/184 kBProgress (2): 65/208 kB | 66/184 kBProgress (2): 65/208 kB | 70/184 kBProgress (2): 65/208 kB | 74/184 kBProgress (2): 65/208 kB | 78/184 kBProgress (2): 65/208 kB | 82/184 kBProgress (2): 69/208 kB | 82/184 kBProgress (2): 73/208 kB | 82/184 kBProgress (2): 77/208 kB | 82/184 kBProgress (2): 81/208 kB | 82/184 kBProgress (2): 81/208 kB | 86/184 kBProgress (2): 81/208 kB | 90/184 kBProgress (2): 81/208 kB | 94/184 kBProgress (2): 85/208 kB | 94/184 kBProgress (2): 90/208 kB | 94/184 kBProgress (2): 94/208 kB | 94/184 kBProgress (2): 98/208 kB | 94/184 kBProgress (2): 102/208 kB | 94/184 kBProgress (2): 102/208 kB | 98/184 kBProgress (2): 102/208 kB | 102/184 kBProgress (2): 102/208 kB | 106/184 kBProgress (2): 106/208 kB | 106/184 kBProgress (2): 110/208 kB | 106/184 kBProgress (2): 114/208 kB | 106/184 kBProgress (2): 114/208 kB | 111/184 kBProgress (2): 114/208 kB | 115/184 kBProgress (2): 118/208 kB | 115/184 kBProgress (2): 122/208 kB | 115/184 kBProgress (2): 126/208 kB | 115/184 kBProgress (2): 131/208 kB | 115/184 kBProgress (2): 131/208 kB | 119/184 kBProgress (2): 131/208 kB | 123/184 kBProgress (2): 131/208 kB | 127/184 kBProgress (2): 131/208 kB | 131/184 kBProgress (2): 135/208 kB | 131/184 kBProgress (2): 139/208 kB | 131/184 kBProgress (2): 143/208 kB | 131/184 kBProgress (2): 147/208 kB | 131/184 kBProgress (2): 147/208 kB | 135/184 kBProgress (2): 147/208 kB | 139/184 kBProgress (2): 147/208 kB | 143/184 kBProgress (2): 147/208 kB | 147/184 kBProgress (2): 147/208 kB | 152/184 kBProgress (2): 147/208 kB | 156/184 kBProgress (2): 147/208 kB | 160/184 kBProgress (2): 147/208 kB | 164/184 kBProgress (2): 151/208 kB | 164/184 kBProgress (2): 155/208 kB | 164/184 kBProgress (2): 159/208 kB | 164/184 kBProgress (2): 163/208 kB | 164/184 kBProgress (2): 167/208 kB | 164/184 kBProgress (2): 171/208 kB | 164/184 kBProgress (2): 176/208 kB | 164/184 kBProgress (2): 180/208 kB | 164/184 kBProgress (2): 180/208 kB | 168/184 kBProgress (2): 180/208 kB | 172/184 kBProgress (2): 180/208 kB | 176/184 kBProgress (2): 180/208 kB | 180/184 kBProgress (2): 180/208 kB | 184/184 kBProgress (2): 180/208 kB | 184 kB    Progress (2): 184/208 kB | 184 kBProgress (2): 188/208 kB | 184 kBProgress (2): 192/208 kB | 184 kBProgress (2): 196/208 kB | 184 kBProgress (2): 200/208 kB | 184 kBProgress (2): 204/208 kB | 184 kBProgress (2): 208 kB | 184 kB                                 Downloaded from central: https://repo.maven.apache.org/maven2/org/codehaus/plexus/plexus-archiver/2.1/plexus-archiver-2.1.jar (184 kB at 290 kB/s)
Downloaded from central: https://repo.maven.apache.org/maven2/commons-lang/commons-lang/2.1/commons-lang-2.1.jar (208 kB at 328 kB/s)
[INFO] Building jar: /home/jenkins/workspace/GameOfLife-mvnPackageManualTomcat/gameoflife-build/target/gameoflife-build-1.0-SNAPSHOT.jar
[INFO] 
[INFO] ---------------< com.wakaleo.gameoflife:gameoflife-core >---------------
[INFO] Building gameoflife-core 1.0-SNAPSHOT                              [3/4]
[INFO] --------------------------------[ jar ]---------------------------------
[INFO] 
[8mha:////4NK5HW032uYpPQBABfv+KGcywHRcygNvzSr49p5IQPOWAAAAYB+LCAAAAAAAAP9b85aBtbiIQSmjNKU4P0+vJLE4u1gvPjexLDVPzxdEGvvmZ+X75ZekLlOVfvTjc8FPJgaGiiIGKaiG5Py84vycVD1nCA1SyAABjCCFBQCV27OjYAAAAA==[0m[INFO] --- maven-enforcer-plugin:1.0:enforce (enforce-versions) @ gameoflife-core ---
[INFO] 
[8mha:////4NK5HW032uYpPQBABfv+KGcywHRcygNvzSr49p5IQPOWAAAAYB+LCAAAAAAAAP9b85aBtbiIQSmjNKU4P0+vJLE4u1gvPjexLDVPzxdEGvvmZ+X75ZekLlOVfvTjc8FPJgaGiiIGKaiG5Py84vycVD1nCA1SyAABjCCFBQCV27OjYAAAAA==[0m[INFO] --- maven-resources-plugin:2.6:resources (default-resources) @ gameoflife-core ---
[INFO] Using 'UTF-8' encoding to copy filtered resources.
[INFO] skip non existing resourceDirectory /home/jenkins/workspace/GameOfLife-mvnPackageManualTomcat/gameoflife-core/src/main/resources
[INFO] 
[8mha:////4NK5HW032uYpPQBABfv+KGcywHRcygNvzSr49p5IQPOWAAAAYB+LCAAAAAAAAP9b85aBtbiIQSmjNKU4P0+vJLE4u1gvPjexLDVPzxdEGvvmZ+X75ZekLlOVfvTjc8FPJgaGiiIGKaiG5Py84vycVD1nCA1SyAABjCCFBQCV27OjYAAAAA==[0m[INFO] --- jacoco-maven-plugin:0.7.2.201409121644:prepare-agent (jacoco-initialize) @ gameoflife-core ---
[INFO] argLine set to -javaagent:/home/jenkins/.m2/repository/org/jacoco/org.jacoco.agent/0.7.2.201409121644/org.jacoco.agent-0.7.2.201409121644-runtime.jar=destfile=/home/jenkins/workspace/GameOfLife-mvnPackageManualTomcat/gameoflife-core/target/jacoco.exec
[INFO] 
[8mha:////4NK5HW032uYpPQBABfv+KGcywHRcygNvzSr49p5IQPOWAAAAYB+LCAAAAAAAAP9b85aBtbiIQSmjNKU4P0+vJLE4u1gvPjexLDVPzxdEGvvmZ+X75ZekLlOVfvTjc8FPJgaGiiIGKaiG5Py84vycVD1nCA1SyAABjCCFBQCV27OjYAAAAA==[0m[INFO] --- maven-compiler-plugin:3.1:compile (default-compile) @ gameoflife-core ---
[INFO] Changes detected - recompiling the module!
[INFO] Compiling 5 source files to /home/jenkins/workspace/GameOfLife-mvnPackageManualTomcat/gameoflife-core/target/classes
[INFO] 
[8mha:////4NK5HW032uYpPQBABfv+KGcywHRcygNvzSr49p5IQPOWAAAAYB+LCAAAAAAAAP9b85aBtbiIQSmjNKU4P0+vJLE4u1gvPjexLDVPzxdEGvvmZ+X75ZekLlOVfvTjc8FPJgaGiiIGKaiG5Py84vycVD1nCA1SyAABjCCFBQCV27OjYAAAAA==[0m[INFO] --- maven-resources-plugin:2.6:testResources (default-testResources) @ gameoflife-core ---
[INFO] Using 'UTF-8' encoding to copy filtered resources.
[INFO] skip non existing resourceDirectory /home/jenkins/workspace/GameOfLife-mvnPackageManualTomcat/gameoflife-core/src/test/resources
[INFO] 
[8mha:////4NK5HW032uYpPQBABfv+KGcywHRcygNvzSr49p5IQPOWAAAAYB+LCAAAAAAAAP9b85aBtbiIQSmjNKU4P0+vJLE4u1gvPjexLDVPzxdEGvvmZ+X75ZekLlOVfvTjc8FPJgaGiiIGKaiG5Py84vycVD1nCA1SyAABjCCFBQCV27OjYAAAAA==[0m[INFO] --- maven-compiler-plugin:3.1:testCompile (default-testCompile) @ gameoflife-core ---
[INFO] Changes detected - recompiling the module!
[INFO] Compiling 10 source files to /home/jenkins/workspace/GameOfLife-mvnPackageManualTomcat/gameoflife-core/target/test-classes
[INFO] 
[8mha:////4NK5HW032uYpPQBABfv+KGcywHRcygNvzSr49p5IQPOWAAAAYB+LCAAAAAAAAP9b85aBtbiIQSmjNKU4P0+vJLE4u1gvPjexLDVPzxdEGvvmZ+X75ZekLlOVfvTjc8FPJgaGiiIGKaiG5Py84vycVD1nCA1SyAABjCCFBQCV27OjYAAAAA==[0m[INFO] --- maven-surefire-plugin:2.11:test (default-test) @ gameoflife-core ---
[INFO] Tests are skipped.
[INFO] 
[8mha:////4NK5HW032uYpPQBABfv+KGcywHRcygNvzSr49p5IQPOWAAAAYB+LCAAAAAAAAP9b85aBtbiIQSmjNKU4P0+vJLE4u1gvPjexLDVPzxdEGvvmZ+X75ZekLlOVfvTjc8FPJgaGiiIGKaiG5Py84vycVD1nCA1SyAABjCCFBQCV27OjYAAAAA==[0m[INFO] --- maven-surefire-plugin:2.11:test (unit-tests) @ gameoflife-core ---
[INFO] Surefire report directory: /home/jenkins/workspace/GameOfLife-mvnPackageManualTomcat/gameoflife-core/target/surefire-reports

-------------------------------------------------------
 T E S T S
-------------------------------------------------------
Running com.wakaleo.gameoflife.domain.WhenYouReadAGridFromAString
Tests run: 8, Failures: 0, Errors: 0, Skipped: 0, Time elapsed: 0.402 sec
Running com.wakaleo.gameoflife.domain.WhenYouCreateACell
Tests run: 6, Failures: 0, Errors: 0, Skipped: 0, Time elapsed: 0.022 sec
Running com.wakaleo.gameoflife.domain.WhenYouPrintAGrid
Tests run: 3, Failures: 0, Errors: 0, Skipped: 0, Time elapsed: 0.018 sec
Running com.wakaleo.gameoflife.domain.WhenYouCreateAGrid
Tests run: 16, Failures: 0, Errors: 0, Skipped: 0, Time elapsed: 0.072 sec
Running com.wakaleo.gameoflife.domain.WhenYouCreateANewUniverse
Tests run: 11, Failures: 0, Errors: 0, Skipped: 0, Time elapsed: 0.051 sec
Running com.wakaleo.gameoflife.domain.WhenYouPlayTheGameOfLife
Tests run: 5, Failures: 0, Errors: 0, Skipped: 0, Time elapsed: 0.029 sec

Results :

Tests run: 49, Failures: 0, Errors: 0, Skipped: 0

[INFO] 
[8mha:////4NK5HW032uYpPQBABfv+KGcywHRcygNvzSr49p5IQPOWAAAAYB+LCAAAAAAAAP9b85aBtbiIQSmjNKU4P0+vJLE4u1gvPjexLDVPzxdEGvvmZ+X75ZekLlOVfvTjc8FPJgaGiiIGKaiG5Py84vycVD1nCA1SyAABjCCFBQCV27OjYAAAAA==[0m[INFO] --- maven-easyb-plugin:1.4:test (default) @ gameoflife-core ---
[INFO] Using easyb dependency org.easyb:easyb-core:jar:1.6:compile
[INFO] Using easyb dependency org.easyb:easyb-composite-groovy:pom:1.2:compile
[INFO] Using easyb dependency org.codehaus.groovy:groovy-all:jar:2.3.6:compile
[INFO] Using easyb dependency org.easyb:easyb-ast:jar:1.1:compile
[INFO] Using easyb dependency commons-cli:commons-cli:jar:1.2:compile
[INFO] Using easyb dependency commons-lang:commons-lang:jar:2.5:compile
     [java] Running counting things story (/home/jenkins/workspace/GameOfLife-mvnPackageManualTomcat/gameoflife-core/src/test/stories/CountingThings.story)
     [java] Scenarios run: 1, Failures: 0, Pending: 0, Time elapsed: 1.499 sec
     [java] Running multiplying things story (/home/jenkins/workspace/GameOfLife-mvnPackageManualTomcat/gameoflife-core/src/test/stories/MultiplyingThings.story)
     [java] Scenarios run: 1, Failures: 0, Pending: 1, Time elapsed: 0.122 sec
     [java] 2 total behaviors ran with no failures
     [java] Writing JUnit report to /home/jenkins/workspace/GameOfLife-mvnPackageManualTomcat/gameoflife-core/target/surefire-reports/TEST-behavior.CountingThings.xml
     [java] JUnit report written to /home/jenkins/workspace/GameOfLife-mvnPackageManualTomcat/gameoflife-core/target/surefire-reports/TEST-behavior.CountingThings.xml
     [java] Writing JUnit report to /home/jenkins/workspace/GameOfLife-mvnPackageManualTomcat/gameoflife-core/target/surefire-reports/TEST-behavior.MultiplyingThings.xml
     [java] JUnit report written to /home/jenkins/workspace/GameOfLife-mvnPackageManualTomcat/gameoflife-core/target/surefire-reports/TEST-behavior.MultiplyingThings.xml
[INFO] 
[8mha:////4NK5HW032uYpPQBABfv+KGcywHRcygNvzSr49p5IQPOWAAAAYB+LCAAAAAAAAP9b85aBtbiIQSmjNKU4P0+vJLE4u1gvPjexLDVPzxdEGvvmZ+X75ZekLlOVfvTjc8FPJgaGiiIGKaiG5Py84vycVD1nCA1SyAABjCCFBQCV27OjYAAAAA==[0m[INFO] --- maven-jar-plugin:2.4:jar (default-jar) @ gameoflife-core ---
[INFO] Building jar: /home/jenkins/workspace/GameOfLife-mvnPackageManualTomcat/gameoflife-core/target/gameoflife-core-1.0-SNAPSHOT.jar
[INFO] 
[INFO] ---------------< com.wakaleo.gameoflife:gameoflife-web >----------------
[INFO] Building gameoflife-web 1.0-SNAPSHOT                               [4/4]
[INFO] --------------------------------[ war ]---------------------------------
Downloading from central: https://repo.maven.apache.org/maven2/org/apache/maven/plugins/maven-war-plugin/2.1.1/maven-war-plugin-2.1.1.pom
Progress (1): 2.2/6.6 kBProgress (1): 5.0/6.6 kBProgress (1): 6.6 kB                        Downloaded from central: https://repo.maven.apache.org/maven2/org/apache/maven/plugins/maven-war-plugin/2.1.1/maven-war-plugin-2.1.1.pom (6.6 kB at 93 kB/s)
Downloading from central: https://repo.maven.apache.org/maven2/org/apache/maven/plugins/maven-plugins/18/maven-plugins-18.pom
Progress (1): 2.2/13 kBProgress (1): 5.0/13 kBProgress (1): 7.8/13 kBProgress (1): 11/13 kB Progress (1): 13 kB                      Downloaded from central: https://repo.maven.apache.org/maven2/org/apache/maven/plugins/maven-plugins/18/maven-plugins-18.pom (13 kB at 148 kB/s)
Downloading from central: https://repo.maven.apache.org/maven2/org/apache/maven/plugins/maven-war-plugin/2.1.1/maven-war-plugin-2.1.1.jar
Progress (1): 2.2/77 kBProgress (1): 5.0/77 kBProgress (1): 7.7/77 kBProgress (1): 10/77 kB Progress (1): 13/77 kBProgress (1): 16/77 kBProgress (1): 19/77 kBProgress (1): 21/77 kBProgress (1): 24/77 kBProgress (1): 27/77 kBProgress (1): 30/77 kBProgress (1): 32/77 kBProgress (1): 36/77 kBProgress (1): 40/77 kBProgress (1): 45/77 kBProgress (1): 49/77 kBProgress (1): 53/77 kBProgress (1): 57/77 kBProgress (1): 61/77 kBProgress (1): 65/77 kBProgress (1): 69/77 kBProgress (1): 73/77 kBProgress (1): 77/77 kBProgress (1): 77 kB                      Downloaded from central: https://repo.maven.apache.org/maven2/org/apache/maven/plugins/maven-war-plugin/2.1.1/maven-war-plugin-2.1.1.jar (77 kB at 335 kB/s)
[INFO] 
[8mha:////4NK5HW032uYpPQBABfv+KGcywHRcygNvzSr49p5IQPOWAAAAYB+LCAAAAAAAAP9b85aBtbiIQSmjNKU4P0+vJLE4u1gvPjexLDVPzxdEGvvmZ+X75ZekLlOVfvTjc8FPJgaGiiIGKaiG5Py84vycVD1nCA1SyAABjCCFBQCV27OjYAAAAA==[0m[INFO] --- maven-enforcer-plugin:1.0:enforce (enforce-versions) @ gameoflife-web ---
[INFO] 
[8mha:////4NK5HW032uYpPQBABfv+KGcywHRcygNvzSr49p5IQPOWAAAAYB+LCAAAAAAAAP9b85aBtbiIQSmjNKU4P0+vJLE4u1gvPjexLDVPzxdEGvvmZ+X75ZekLlOVfvTjc8FPJgaGiiIGKaiG5Py84vycVD1nCA1SyAABjCCFBQCV27OjYAAAAA==[0m[INFO] --- maven-resources-plugin:2.6:resources (default-resources) @ gameoflife-web ---
[INFO] Using 'UTF-8' encoding to copy filtered resources.
[INFO] Copying 1 resource
[INFO] 
[8mha:////4NK5HW032uYpPQBABfv+KGcywHRcygNvzSr49p5IQPOWAAAAYB+LCAAAAAAAAP9b85aBtbiIQSmjNKU4P0+vJLE4u1gvPjexLDVPzxdEGvvmZ+X75ZekLlOVfvTjc8FPJgaGiiIGKaiG5Py84vycVD1nCA1SyAABjCCFBQCV27OjYAAAAA==[0m[INFO] --- jacoco-maven-plugin:0.7.2.201409121644:prepare-agent (jacoco-initialize) @ gameoflife-web ---
[INFO] argLine set to -javaagent:/home/jenkins/.m2/repository/org/jacoco/org.jacoco.agent/0.7.2.201409121644/org.jacoco.agent-0.7.2.201409121644-runtime.jar=destfile=/home/jenkins/workspace/GameOfLife-mvnPackageManualTomcat/gameoflife-web/target/jacoco.exec
[INFO] 
[8mha:////4NK5HW032uYpPQBABfv+KGcywHRcygNvzSr49p5IQPOWAAAAYB+LCAAAAAAAAP9b85aBtbiIQSmjNKU4P0+vJLE4u1gvPjexLDVPzxdEGvvmZ+X75ZekLlOVfvTjc8FPJgaGiiIGKaiG5Py84vycVD1nCA1SyAABjCCFBQCV27OjYAAAAA==[0m[INFO] --- maven-compiler-plugin:3.1:compile (default-compile) @ gameoflife-web ---
[INFO] Changes detected - recompiling the module!
[INFO] Compiling 2 source files to /home/jenkins/workspace/GameOfLife-mvnPackageManualTomcat/gameoflife-web/target/classes
[INFO] 
[8mha:////4NK5HW032uYpPQBABfv+KGcywHRcygNvzSr49p5IQPOWAAAAYB+LCAAAAAAAAP9b85aBtbiIQSmjNKU4P0+vJLE4u1gvPjexLDVPzxdEGvvmZ+X75ZekLlOVfvTjc8FPJgaGiiIGKaiG5Py84vycVD1nCA1SyAABjCCFBQCV27OjYAAAAA==[0m[INFO] --- maven-resources-plugin:2.6:testResources (default-testResources) @ gameoflife-web ---
[INFO] Using 'UTF-8' encoding to copy filtered resources.
[INFO] skip non existing resourceDirectory /home/jenkins/workspace/GameOfLife-mvnPackageManualTomcat/gameoflife-web/src/test/resources
[INFO] 
[8mha:////4NK5HW032uYpPQBABfv+KGcywHRcygNvzSr49p5IQPOWAAAAYB+LCAAAAAAAAP9b85aBtbiIQSmjNKU4P0+vJLE4u1gvPjexLDVPzxdEGvvmZ+X75ZekLlOVfvTjc8FPJgaGiiIGKaiG5Py84vycVD1nCA1SyAABjCCFBQCV27OjYAAAAA==[0m[INFO] --- maven-compiler-plugin:3.1:testCompile (default-testCompile) @ gameoflife-web ---
[INFO] Changes detected - recompiling the module!
[INFO] Compiling 3 source files to /home/jenkins/workspace/GameOfLife-mvnPackageManualTomcat/gameoflife-web/target/test-classes
[INFO] 
[8mha:////4NK5HW032uYpPQBABfv+KGcywHRcygNvzSr49p5IQPOWAAAAYB+LCAAAAAAAAP9b85aBtbiIQSmjNKU4P0+vJLE4u1gvPjexLDVPzxdEGvvmZ+X75ZekLlOVfvTjc8FPJgaGiiIGKaiG5Py84vycVD1nCA1SyAABjCCFBQCV27OjYAAAAA==[0m[INFO] --- maven-surefire-plugin:2.11:test (default-test) @ gameoflife-web ---
[INFO] Tests are skipped.
[INFO] 
[8mha:////4NK5HW032uYpPQBABfv+KGcywHRcygNvzSr49p5IQPOWAAAAYB+LCAAAAAAAAP9b85aBtbiIQSmjNKU4P0+vJLE4u1gvPjexLDVPzxdEGvvmZ+X75ZekLlOVfvTjc8FPJgaGiiIGKaiG5Py84vycVD1nCA1SyAABjCCFBQCV27OjYAAAAA==[0m[INFO] --- maven-surefire-plugin:2.11:test (unit-tests) @ gameoflife-web ---
[INFO] Surefire report directory: /home/jenkins/workspace/GameOfLife-mvnPackageManualTomcat/gameoflife-web/target/surefire-reports

-------------------------------------------------------
 T E S T S
-------------------------------------------------------
Running com.wakaleo.gameoflife.webtests.controllers.WhenDisplayingTheHomePage
Tests run: 2, Failures: 0, Errors: 0, Skipped: 0, Time elapsed: 0.221 sec
Running com.wakaleo.gameoflife.webtests.controllers.WhenSpawningANewGeneration
Tests run: 2, Failures: 0, Errors: 0, Skipped: 0, Time elapsed: 0.591 sec
Running com.wakaleo.gameoflife.webtests.controllers.WhenCreatingANewGame
Tests run: 3, Failures: 0, Errors: 0, Skipped: 0, Time elapsed: 0.135 sec

Results :

Tests run: 7, Failures: 0, Errors: 0, Skipped: 0

[INFO] 
[8mha:////4NK5HW032uYpPQBABfv+KGcywHRcygNvzSr49p5IQPOWAAAAYB+LCAAAAAAAAP9b85aBtbiIQSmjNKU4P0+vJLE4u1gvPjexLDVPzxdEGvvmZ+X75ZekLlOVfvTjc8FPJgaGiiIGKaiG5Py84vycVD1nCA1SyAABjCCFBQCV27OjYAAAAA==[0m[INFO] --- maven-easyb-plugin:1.4:test (default) @ gameoflife-web ---
[INFO] /home/jenkins/workspace/GameOfLife-mvnPackageManualTomcat/gameoflife-web/src/test/stories does not exists.  Skipping easyb testing
[INFO] 
[8mha:////4NK5HW032uYpPQBABfv+KGcywHRcygNvzSr49p5IQPOWAAAAYB+LCAAAAAAAAP9b85aBtbiIQSmjNKU4P0+vJLE4u1gvPjexLDVPzxdEGvvmZ+X75ZekLlOVfvTjc8FPJgaGiiIGKaiG5Py84vycVD1nCA1SyAABjCCFBQCV27OjYAAAAA==[0m[INFO] --- maven-war-plugin:2.1.1:war (default-war) @ gameoflife-web ---
Downloading from central: https://repo.maven.apache.org/maven2/org/apache/maven/maven-archiver/2.4.1/maven-archiver-2.4.1.pom
Progress (1): 2.2/4.0 kBProgress (1): 4.0 kB                        Downloaded from central: https://repo.maven.apache.org/maven2/org/apache/maven/maven-archiver/2.4.1/maven-archiver-2.4.1.pom (4.0 kB at 88 kB/s)
Downloading from central: https://repo.maven.apache.org/maven2/org/codehaus/plexus/plexus-archiver/1.0/plexus-archiver-1.0.pom
Progress (1): 1.6 kB                    Downloaded from central: https://repo.maven.apache.org/maven2/org/codehaus/plexus/plexus-archiver/1.0/plexus-archiver-1.0.pom (1.6 kB at 31 kB/s)
Downloading from central: https://repo.maven.apache.org/maven2/org/codehaus/plexus/plexus-components/1.1.17/plexus-components-1.1.17.pom
Progress (1): 2.2/5.2 kBProgress (1): 5.0/5.2 kBProgress (1): 5.2 kB                        Downloaded from central: https://repo.maven.apache.org/maven2/org/codehaus/plexus/plexus-components/1.1.17/plexus-components-1.1.17.pom (5.2 kB at 113 kB/s)
Downloading from central: https://repo.maven.apache.org/maven2/org/codehaus/plexus/plexus/2.0.5/plexus-2.0.5.pom
Progress (1): 2.2/17 kBProgress (1): 5.0/17 kBProgress (1): 7.8/17 kBProgress (1): 11/17 kB Progress (1): 13/17 kBProgress (1): 16/17 kBProgress (1): 17 kB                      Downloaded from central: https://repo.maven.apache.org/maven2/org/codehaus/plexus/plexus/2.0.5/plexus-2.0.5.pom (17 kB at 315 kB/s)
Downloading from central: https://repo.maven.apache.org/maven2/org/codehaus/plexus/plexus-io/1.0/plexus-io-1.0.pom
Progress (1): 1.2 kB                    Downloaded from central: https://repo.maven.apache.org/maven2/org/codehaus/plexus/plexus-io/1.0/plexus-io-1.0.pom (1.2 kB at 31 kB/s)
Downloading from central: https://repo.maven.apache.org/maven2/org/codehaus/plexus/plexus-archiver/1.2/plexus-archiver-1.2.pom
Progress (1): 2.0 kB                    Downloaded from central: https://repo.maven.apache.org/maven2/org/codehaus/plexus/plexus-archiver/1.2/plexus-archiver-1.2.pom (2.0 kB at 68 kB/s)
Downloading from central: https://repo.maven.apache.org/maven2/org/codehaus/plexus/plexus-components/1.1.18/plexus-components-1.1.18.pom
Progress (1): 2.8/5.4 kBProgress (1): 5.4 kB                        Downloaded from central: https://repo.maven.apache.org/maven2/org/codehaus/plexus/plexus-components/1.1.18/plexus-components-1.1.18.pom (5.4 kB at 119 kB/s)
Downloading from central: https://repo.maven.apache.org/maven2/org/codehaus/plexus/plexus-io/1.0.1/plexus-io-1.0.1.pom
Progress (1): 1.2 kB                    Downloaded from central: https://repo.maven.apache.org/maven2/org/codehaus/plexus/plexus-io/1.0.1/plexus-io-1.0.1.pom (1.2 kB at 29 kB/s)
Downloading from central: https://repo.maven.apache.org/maven2/com/thoughtworks/xstream/xstream/1.3.1/xstream-1.3.1.pom
Progress (1): 2.2/11 kBProgress (1): 5.0/11 kBProgress (1): 7.8/11 kBProgress (1): 11/11 kB Progress (1): 11 kB                      Downloaded from central: https://repo.maven.apache.org/maven2/com/thoughtworks/xstream/xstream/1.3.1/xstream-1.3.1.pom (11 kB at 327 kB/s)
Downloading from central: https://repo.maven.apache.org/maven2/com/thoughtworks/xstream/xstream-parent/1.3.1/xstream-parent-1.3.1.pom
Progress (1): 2.2/14 kBProgress (1): 5.0/14 kBProgress (1): 7.8/14 kBProgress (1): 11/14 kB Progress (1): 13/14 kBProgress (1): 14 kB                      Downloaded from central: https://repo.maven.apache.org/maven2/com/thoughtworks/xstream/xstream-parent/1.3.1/xstream-parent-1.3.1.pom (14 kB at 341 kB/s)
Downloading from central: https://repo.maven.apache.org/maven2/xpp3/xpp3_min/1.1.4c/xpp3_min-1.1.4c.pom
Progress (1): 1.6 kB                    Downloaded from central: https://repo.maven.apache.org/maven2/xpp3/xpp3_min/1.1.4c/xpp3_min-1.1.4c.pom (1.6 kB at 49 kB/s)
Downloading from central: https://repo.maven.apache.org/maven2/org/apache/maven/shared/maven-filtering/1.0-beta-2/maven-filtering-1.0-beta-2.pom
Progress (1): 2.2/4.0 kBProgress (1): 4.0 kB                        Downloaded from central: https://repo.maven.apache.org/maven2/org/apache/maven/shared/maven-filtering/1.0-beta-2/maven-filtering-1.0-beta-2.pom (4.0 kB at 112 kB/s)
Downloading from central: https://repo.maven.apache.org/maven2/org/codehaus/plexus/plexus-interpolation/1.6/plexus-interpolation-1.6.pom
Progress (1): 2.2/2.9 kBProgress (1): 2.9 kB                        Downloaded from central: https://repo.maven.apache.org/maven2/org/codehaus/plexus/plexus-interpolation/1.6/plexus-interpolation-1.6.pom (2.9 kB at 76 kB/s)
Downloading from central: https://repo.maven.apache.org/maven2/org/apache/maven/maven-archiver/2.4.1/maven-archiver-2.4.1.jar
Downloading from central: https://repo.maven.apache.org/maven2/org/codehaus/plexus/plexus-archiver/1.2/plexus-archiver-1.2.jar
Downloading from central: https://repo.maven.apache.org/maven2/org/codehaus/plexus/plexus-io/1.0.1/plexus-io-1.0.1.jar
Downloading from central: https://repo.maven.apache.org/maven2/com/thoughtworks/xstream/xstream/1.3.1/xstream-1.3.1.jar
Downloading from central: https://repo.maven.apache.org/maven2/xpp3/xpp3_min/1.1.4c/xpp3_min-1.1.4c.jar
Progress (1): 2.2/182 kBProgress (1): 5.0/182 kBProgress (1): 7.7/182 kBProgress (1): 10/182 kB Progress (1): 13/182 kBProgress (1): 16/182 kBProgress (1): 19/182 kBProgress (1): 21/182 kBProgress (1): 24/182 kBProgress (1): 27/182 kBProgress (1): 30/182 kBProgress (1): 32/182 kBProgress (1): 36/182 kBProgress (2): 36/182 kB | 2.8/20 kBProgress (2): 36/182 kB | 5.5/20 kBProgress (2): 36/182 kB | 8.3/20 kBProgress (2): 36/182 kB | 11/20 kB Progress (2): 36/182 kB | 14/20 kBProgress (2): 36/182 kB | 16/20 kBProgress (2): 36/182 kB | 19/20 kBProgress (2): 36/182 kB | 20 kB   Progress (3): 36/182 kB | 20 kB | 2.8/431 kBProgress (4): 36/182 kB | 20 kB | 2.8/431 kB | 2.2/51 kBProgress (4): 36/182 kB | 20 kB | 2.8/431 kB | 5.0/51 kBProgress (4): 36/182 kB | 20 kB | 2.8/431 kB | 7.7/51 kBProgress (4): 36/182 kB | 20 kB | 2.8/431 kB | 10/51 kB Progress (4): 36/182 kB | 20 kB | 2.8/431 kB | 13/51 kBProgress (4): 36/182 kB | 20 kB | 2.8/431 kB | 16/51 kBProgress (4): 36/182 kB | 20 kB | 2.8/431 kB | 19/51 kBProgress (4): 36/182 kB | 20 kB | 2.8/431 kB | 21/51 kBProgress (4): 36/182 kB | 20 kB | 2.8/431 kB | 24/51 kBProgress (4): 36/182 kB | 20 kB | 2.8/431 kB | 27/51 kBProgress (4): 36/182 kB | 20 kB | 2.8/431 kB | 30/51 kBProgress (4): 36/182 kB | 20 kB | 5.5/431 kB | 30/51 kBProgress (4): 36/182 kB | 20 kB | 8.3/431 kB | 30/51 kBProgress (4): 36/182 kB | 20 kB | 11/431 kB | 30/51 kB Progress (4): 36/182 kB | 20 kB | 14/431 kB | 30/51 kBProgress (4): 36/182 kB | 20 kB | 16/431 kB | 30/51 kBProgress (4): 40/182 kB | 20 kB | 16/431 kB | 30/51 kBProgress (4): 45/182 kB | 20 kB | 16/431 kB | 30/51 kBProgress (4): 49/182 kB | 20 kB | 16/431 kB | 30/51 kBProgress (4): 53/182 kB | 20 kB | 16/431 kB | 30/51 kBProgress (4): 57/182 kB | 20 kB | 16/431 kB | 30/51 kBProgress (4): 61/182 kB | 20 kB | 16/431 kB | 30/51 kBProgress (4): 65/182 kB | 20 kB | 16/431 kB | 30/51 kBProgress (4): 69/182 kB | 20 kB | 16/431 kB | 30/51 kB                                                      Downloaded from central: https://repo.maven.apache.org/maven2/org/apache/maven/maven-archiver/2.4.1/maven-archiver-2.4.1.jar (20 kB at 226 kB/s)
Progress (3): 69/182 kB | 19/431 kB | 30/51 kBProgress (3): 69/182 kB | 22/431 kB | 30/51 kBProgress (3): 69/182 kB | 25/431 kB | 30/51 kBProgress (3): 69/182 kB | 27/431 kB | 30/51 kBProgress (3): 69/182 kB | 30/431 kB | 30/51 kBProgress (3): 69/182 kB | 33/431 kB | 30/51 kBProgress (3): 69/182 kB | 37/431 kB | 30/51 kBProgress (3): 69/182 kB | 41/431 kB | 30/51 kBProgress (3): 69/182 kB | 45/431 kB | 30/51 kBProgress (3): 69/182 kB | 49/431 kB | 30/51 kBProgress (3): 69/182 kB | 53/431 kB | 30/51 kBProgress (3): 69/182 kB | 57/431 kB | 30/51 kBProgress (3): 69/182 kB | 61/431 kB | 30/51 kBProgress (3): 69/182 kB | 66/431 kB | 30/51 kBProgress (4): 69/182 kB | 66/431 kB | 30/51 kB | 2.2/25 kBProgress (4): 69/182 kB | 66/431 kB | 30/51 kB | 5.0/25 kBProgress (4): 69/182 kB | 66/431 kB | 30/51 kB | 7.7/25 kBProgress (4): 69/182 kB | 66/431 kB | 30/51 kB | 10/25 kB Progress (4): 69/182 kB | 66/431 kB | 30/51 kB | 13/25 kBProgress (4): 69/182 kB | 66/431 kB | 30/51 kB | 16/25 kBProgress (4): 69/182 kB | 66/431 kB | 30/51 kB | 19/25 kBProgress (4): 69/182 kB | 66/431 kB | 30/51 kB | 21/25 kBProgress (4): 69/182 kB | 66/431 kB | 30/51 kB | 24/25 kBProgress (4): 69/182 kB | 66/431 kB | 30/51 kB | 25 kB                                                         Downloading from central: https://repo.maven.apache.org/maven2/org/apache/maven/shared/maven-filtering/1.0-beta-2/maven-filtering-1.0-beta-2.jar
Progress (4): 69/182 kB | 66/431 kB | 32/51 kB | 25 kBProgress (4): 69/182 kB | 66/431 kB | 36/51 kB | 25 kBProgress (4): 69/182 kB | 66/431 kB | 40/51 kB | 25 kBProgress (4): 69/182 kB | 66/431 kB | 45/51 kB | 25 kBProgress (4): 69/182 kB | 66/431 kB | 49/51 kB | 25 kBProgress (4): 69/182 kB | 66/431 kB | 51 kB | 25 kB   Progress (4): 73/182 kB | 66/431 kB | 51 kB | 25 kBProgress (4): 77/182 kB | 66/431 kB | 51 kB | 25 kBProgress (4): 81/182 kB | 66/431 kB | 51 kB | 25 kBProgress (4): 85/182 kB | 66/431 kB | 51 kB | 25 kBProgress (4): 90/182 kB | 66/431 kB | 51 kB | 25 kBProgress (4): 94/182 kB | 66/431 kB | 51 kB | 25 kBProgress (4): 98/182 kB | 66/431 kB | 51 kB | 25 kBProgress (4): 102/182 kB | 66/431 kB | 51 kB | 25 kBProgress (4): 106/182 kB | 66/431 kB | 51 kB | 25 kBProgress (4): 110/182 kB | 66/431 kB | 51 kB | 25 kBProgress (4): 114/182 kB | 66/431 kB | 51 kB | 25 kBProgress (4): 118/182 kB | 66/431 kB | 51 kB | 25 kBProgress (4): 122/182 kB | 66/431 kB | 51 kB | 25 kB                                                    Downloaded from central: https://repo.maven.apache.org/maven2/org/codehaus/plexus/plexus-io/1.0.1/plexus-io-1.0.1.jar (51 kB at 442 kB/s)
Progress (3): 122/182 kB | 70/431 kB | 25 kBProgress (3): 122/182 kB | 74/431 kB | 25 kBProgress (3): 122/182 kB | 78/431 kB | 25 kBProgress (3): 122/182 kB | 82/431 kB | 25 kBProgress (3): 122/182 kB | 86/431 kB | 25 kBProgress (3): 122/182 kB | 90/431 kB | 25 kBProgress (3): 122/182 kB | 94/431 kB | 25 kBProgress (3): 122/182 kB | 98/431 kB | 25 kBProgress (3): 122/182 kB | 102/431 kB | 25 kBProgress (3): 122/182 kB | 106/431 kB | 25 kBProgress (3): 122/182 kB | 111/431 kB | 25 kBProgress (3): 122/182 kB | 115/431 kB | 25 kBProgress (3): 122/182 kB | 119/431 kB | 25 kBProgress (3): 122/182 kB | 123/431 kB | 25 kBProgress (3): 122/182 kB | 127/431 kB | 25 kBProgress (3): 122/182 kB | 131/431 kB | 25 kBProgress (3): 122/182 kB | 135/431 kB | 25 kBProgress (3): 122/182 kB | 139/431 kB | 25 kBProgress (3): 122/182 kB | 143/431 kB | 25 kBProgress (3): 122/182 kB | 147/431 kB | 25 kB                                             Downloaded from central: https://repo.maven.apache.org/maven2/xpp3/xpp3_min/1.1.4c/xpp3_min-1.1.4c.jar (25 kB at 238 kB/s)
Progress (3): 122/182 kB | 147/431 kB | 4.1/33 kBProgress (3): 122/182 kB | 147/431 kB | 7.7/33 kBProgress (3): 122/182 kB | 147/431 kB | 12/33 kB Progress (3): 122/182 kB | 147/431 kB | 16/33 kBProgress (3): 122/182 kB | 147/431 kB | 20/33 kBProgress (3): 122/182 kB | 147/431 kB | 24/33 kBProgress (3): 122/182 kB | 147/431 kB | 28/33 kBProgress (3): 122/182 kB | 147/431 kB | 32/33 kBProgress (3): 122/182 kB | 147/431 kB | 33 kB   Progress (3): 126/182 kB | 147/431 kB | 33 kBProgress (3): 131/182 kB | 147/431 kB | 33 kBProgress (3): 135/182 kB | 147/431 kB | 33 kBProgress (3): 139/182 kB | 147/431 kB | 33 kBProgress (3): 143/182 kB | 147/431 kB | 33 kBProgress (3): 147/182 kB | 147/431 kB | 33 kBProgress (3): 151/182 kB | 147/431 kB | 33 kBProgress (3): 155/182 kB | 147/431 kB | 33 kB                                             Downloaded from central: https://repo.maven.apache.org/maven2/org/apache/maven/shared/maven-filtering/1.0-beta-2/maven-filtering-1.0-beta-2.jar (33 kB at 263 kB/s)
Progress (2): 159/182 kB | 147/431 kBProgress (2): 163/182 kB | 147/431 kBProgress (2): 167/182 kB | 147/431 kBProgress (2): 171/182 kB | 147/431 kBProgress (2): 176/182 kB | 147/431 kBProgress (2): 180/182 kB | 147/431 kBProgress (2): 182 kB | 147/431 kB    Progress (2): 182 kB | 152/431 kBProgress (2): 182 kB | 156/431 kBProgress (2): 182 kB | 160/431 kBProgress (2): 182 kB | 164/431 kBProgress (2): 182 kB | 168/431 kBProgress (2): 182 kB | 172/431 kBProgress (2): 182 kB | 176/431 kBProgress (2): 182 kB | 180/431 kBProgress (2): 182 kB | 184/431 kBProgress (2): 182 kB | 188/431 kBProgress (2): 182 kB | 193/431 kBProgress (2): 182 kB | 197/431 kBProgress (2): 182 kB | 201/431 kB                                 Downloaded from central: https://repo.maven.apache.org/maven2/org/codehaus/plexus/plexus-archiver/1.2/plexus-archiver-1.2.jar (182 kB at 947 kB/s)
Progress (1): 205/431 kBProgress (1): 209/431 kBProgress (1): 213/431 kBProgress (1): 217/431 kBProgress (1): 221/431 kBProgress (1): 225/431 kBProgress (1): 229/431 kBProgress (1): 233/431 kBProgress (1): 238/431 kBProgress (1): 242/431 kBProgress (1): 246/431 kBProgress (1): 250/431 kBProgress (1): 254/431 kBProgress (1): 258/431 kBProgress (1): 262/431 kBProgress (1): 266/431 kBProgress (1): 270/431 kBProgress (1): 274/431 kBProgress (1): 278/431 kBProgress (1): 282/431 kBProgress (1): 286/431 kBProgress (1): 290/431 kBProgress (1): 294/431 kBProgress (1): 298/431 kBProgress (1): 302/431 kBProgress (1): 307/431 kBProgress (1): 311/431 kBProgress (1): 315/431 kBProgress (1): 319/431 kBProgress (1): 323/431 kBProgress (1): 327/431 kBProgress (1): 331/431 kBProgress (1): 335/431 kBProgress (1): 339/431 kBProgress (1): 343/431 kBProgress (1): 347/431 kBProgress (1): 352/431 kBProgress (1): 356/431 kBProgress (1): 360/431 kBProgress (1): 364/431 kBProgress (1): 368/431 kBProgress (1): 372/431 kBProgress (1): 376/431 kBProgress (1): 380/431 kBProgress (1): 384/431 kBProgress (1): 388/431 kBProgress (1): 393/431 kBProgress (1): 397/431 kBProgress (1): 401/431 kBProgress (1): 405/431 kBProgress (1): 409/431 kBProgress (1): 413/431 kBProgress (1): 417/431 kBProgress (1): 421/431 kBProgress (1): 425/431 kBProgress (1): 429/431 kBProgress (1): 431 kB                        Downloaded from central: https://repo.maven.apache.org/maven2/com/thoughtworks/xstream/xstream/1.3.1/xstream-1.3.1.jar (431 kB at 1.7 MB/s)
[INFO] Packaging webapp
[INFO] Assembling webapp [gameoflife-web] in [/home/jenkins/workspace/GameOfLife-mvnPackageManualTomcat/gameoflife-web/target/gameoflife]
[INFO] Processing war project
[INFO] Copying webapp resources [/home/jenkins/workspace/GameOfLife-mvnPackageManualTomcat/gameoflife-web/src/main/webapp]
[INFO] Webapp assembled in [146 msecs]
[INFO] Building war: /home/jenkins/workspace/GameOfLife-mvnPackageManualTomcat/gameoflife-web/target/gameoflife.war
[INFO] WEB-INF/web.xml already added, skipping
[INFO] ------------------------------------------------------------------------
[INFO] Reactor Summary for gameoflife 1.0-SNAPSHOT:
[INFO] 
[INFO] gameoflife ......................................... SUCCESS [  8.315 s]
[INFO] gameoflife-build ................................... SUCCESS [  7.495 s]
[INFO] gameoflife-core .................................... SUCCESS [ 13.512 s]
[INFO] gameoflife-web ..................................... SUCCESS [  6.741 s]
[INFO] ------------------------------------------------------------------------
[INFO] BUILD SUCCESS
[INFO] ------------------------------------------------------------------------
[INFO] Total time:  37.902 s
[INFO] Finished at: 2019-01-10T13:20:06Z
[INFO] ------------------------------------------------------------------------
[GameOfLife-mvnPackageManualTomcat] $ /bin/sh -xe /tmp/jenkins5520371411924170119.sh
+ cd
+ sudo /usr/local/tomcat/bin/shutdown.sh
Jan 10, 2019 1:20:07 PM org.apache.catalina.startup.Catalina stopServer
SEVERE: Could not contact [localhost:[8005]]. Tomcat may not be running.
Jan 10, 2019 1:20:07 PM org.apache.catalina.startup.Catalina stopServer
SEVERE: Catalina.stop: 
java.net.ConnectException: Connection refused (Connection refused)
	at java.net.PlainSocketImpl.socketConnect(Native Method)
	at java.net.AbstractPlainSocketImpl.doConnect(AbstractPlainSocketImpl.java:350)
	at java.net.AbstractPlainSocketImpl.connectToAddress(AbstractPlainSocketImpl.java:206)
	at java.net.AbstractPlainSocketImpl.connect(AbstractPlainSocketImpl.java:188)
	at java.net.SocksSocketImpl.connect(SocksSocketImpl.java:392)
	at java.net.Socket.connect(Socket.java:589)
	at java.net.Socket.connect(Socket.java:538)
	at java.net.Socket.<init>(Socket.java:434)
	at java.net.Socket.<init>(Socket.java:211)
	at org.apache.catalina.startup.Catalina.stopServer(Catalina.java:503)
	at sun.reflect.NativeMethodAccessorImpl.invoke0(Native Method)
	at sun.reflect.NativeMethodAccessorImpl.invoke(NativeMethodAccessorImpl.java:62)
	at sun.reflect.DelegatingMethodAccessorImpl.invoke(DelegatingMethodAccessorImpl.java:43)
	at java.lang.reflect.Method.invoke(Method.java:498)
	at org.apache.catalina.startup.Bootstrap.stopServer(Bootstrap.java:406)
	at org.apache.catalina.startup.Bootstrap.main(Bootstrap.java:498)

+ sudo cp -r '/var/lib/jenkins/workspace/GameOfLife-mvnPackageManualTomcat/gameoflife-web/target/*.war' /usr/local/tomcat/webapps/
cp: cannot stat ‘/var/lib/jenkins/workspace/GameOfLife-mvnPackageManualTomcat/gameoflife-web/target/*.war’: No such file or directory
Build step 'Execute shell' marked build as failure
Sending e-mails to: knowledgeshare99@gmail.com
Finished: FAILURE
